<?xml version="1.0" encoding="UTF-8"?>
<!-- Generated by org.testng.reporters.JUnitReportReporter -->
<testsuite hostname="IN-PF42S2RF" failures="0" tests="180" name="src.in.valtech.cl.scenarios.TC_Scenario_07" time="4569.032" errors="0" timestamp="19 Feb 2024 13:52:16 GMT">
  <testcase classname="src.in.valtech.cl.scenarios.TC_Scenario_07" name="step74_EnteredEmailField" time="4.364"/>
  <testcase classname="src.in.valtech.cl.scenarios.TC_Scenario_07" name="step39_VerifyInitialSaleableStock" time="12.189"/>
  <testcase classname="src.in.valtech.cl.scenarios.TC_Scenario_07" name="step109_NavigatedIntoWMSAndClickOnPackingBtn" time="7.522"/>
  <testcase classname="src.in.valtech.cl.scenarios.TC_Scenario_07" name="step31_VerifiedGiftOptionsHeaderInCP" time="0.056"/>
  <testcase classname="src.in.valtech.cl.scenarios.TC_Scenario_07" name="step77_VerifiedPaypalLogo" time="0.001"/>
  <testcase classname="src.in.valtech.cl.scenarios.TC_Scenario_07" name="step89_LoggedIntoAdyen" time="42.801"/>
  <testcase classname="src.in.valtech.cl.scenarios.TC_Scenario_07" name="step28_ClickonAddToCartButton" time="11.751"/>
  <testcase classname="src.in.valtech.cl.scenarios.TC_Scenario_07" name="step73_NavigatedToPPPandCloseAcceptCookiesPopUp" time="0.000"/>
  <testcase classname="src.in.valtech.cl.scenarios.TC_Scenario_07" name="step128_EditExistShippingAddressWithNewShippingAddressForRMA" time="50.234"/>
  <testcase classname="src.in.valtech.cl.scenarios.TC_Scenario_07" name="step71_CheckedOnPrivacyPolicyAndReturnPolicyCheckbox" time="12.391"/>
  <testcase classname="src.in.valtech.cl.scenarios.TC_Scenario_07" name="step08_ClickOnWishlistLink" time="14.426"/>
  <testcase classname="src.in.valtech.cl.scenarios.TC_Scenario_07" name="step137_SelectOptionFromItemConditionDropdown" time="4.541"/>
  <testcase classname="src.in.valtech.cl.scenarios.TC_Scenario_07" name="step154_ClickonViewOptioninOrderGrid" time="8.862"/>
  <testcase classname="src.in.valtech.cl.scenarios.TC_Scenario_07" name="step167_ClickOnRefundOrExchangeButton" time="9.000"/>
  <testcase classname="src.in.valtech.cl.scenarios.TC_Scenario_07" name="step97_ClickOnMyOrdersLink" time="9.350"/>
  <testcase classname="src.in.valtech.cl.scenarios.TC_Scenario_07" name="step37_EnterSearchableSKUAndClickOnSubmitFilter" time="21.844"/>
  <testcase classname="src.in.valtech.cl.scenarios.TC_Scenario_07" name="step145_VerifiedOrderStatusInOrdersPage" time="56.928"/>
  <testcase classname="src.in.valtech.cl.scenarios.TC_Scenario_07" name="step118_ClickOnMyOrdersLink" time="10.969"/>
  <testcase classname="src.in.valtech.cl.scenarios.TC_Scenario_07" name="step140_VerifySuccessMsgForRMARequest" time="0.085"/>
  <testcase classname="src.in.valtech.cl.scenarios.TC_Scenario_07" name="step104_NaviagtedIntoMangetoAndVerifiedOrderStatusInOrdersPage" time="190.067"/>
  <testcase classname="src.in.valtech.cl.scenarios.TC_Scenario_07" name="step63_ClickOnSHIPHEREButton" time="7.278"/>
  <testcase classname="src.in.valtech.cl.scenarios.TC_Scenario_07" name="step57_EnteredFirstNameField" time="1.430"/>
  <testcase classname="src.in.valtech.cl.scenarios.TC_Scenario_07" name="step87_VerifiedOrderStatusInOrderspage" time="340.250"/>
  <testcase classname="src.in.valtech.cl.scenarios.TC_Scenario_07" name="step164_ReturnstxtFromSalesIconClick" time="16.934"/>
  <testcase classname="src.in.valtech.cl.scenarios.TC_Scenario_07" name="step19_VerifiedProductBrandNameAndProductPriceinPDP" time="4.495"/>
  <testcase classname="src.in.valtech.cl.scenarios.TC_Scenario_07" name="step47_ClickProductstxtFromCatalogIcon" time="23.635"/>
  <testcase classname="src.in.valtech.cl.scenarios.TC_Scenario_07" name="step62_EnteredPhoneNumberField" time="1.188"/>
  <testcase classname="src.in.valtech.cl.scenarios.TC_Scenario_07" name="step40_VerifyReservedStock" time="10.046"/>
  <testcase classname="src.in.valtech.cl.scenarios.TC_Scenario_07" name="step113_EnteredQuantityInAnyRow" time="4.292"/>
  <testcase classname="src.in.valtech.cl.scenarios.TC_Scenario_07" name="step44_ClickOnSignInButton" time="42.429"/>
  <testcase classname="src.in.valtech.cl.scenarios.TC_Scenario_07" name="step162_VerifiedOrderStatusInOrdersPage" time="77.709"/>
  <testcase classname="src.in.valtech.cl.scenarios.TC_Scenario_07" name="step106_ClickOnMyOrdersLink" time="10.257"/>
  <testcase classname="src.in.valtech.cl.scenarios.TC_Scenario_07" name="step120_NavigatedIntoWMSAndProcessedwithShippingProcess" time="68.618"/>
  <testcase classname="src.in.valtech.cl.scenarios.TC_Scenario_07" name="step157_SelectApprovedOptionFromStatusDropdown" time="4.317"/>
  <testcase classname="src.in.valtech.cl.scenarios.TC_Scenario_07" name="step111_CopySKUIDAndEnterinSearchFeildForScanningProductsInPacking" time="12.874"/>
  <testcase classname="src.in.valtech.cl.scenarios.TC_Scenario_07" name="step143_ClickOnSalesIcon" time="10.202"/>
  <testcase classname="src.in.valtech.cl.scenarios.TC_Scenario_07" name="step51EnteredMsgInYourMsgFieldInCP" time="0.030"/>
  <testcase classname="src.in.valtech.cl.scenarios.TC_Scenario_07" name="step149_ExecuteRMAProcessinWMS" time="126.284"/>
  <testcase classname="src.in.valtech.cl.scenarios.TC_Scenario_07" name="step56_VerifiedPrefixNameDpdIsAutoSelectedOrNot" time="1.125"/>
  <testcase classname="src.in.valtech.cl.scenarios.TC_Scenario_07" name="step134_ClickOnAddSelProdToReturnsBtn" time="15.234"/>
  <testcase classname="src.in.valtech.cl.scenarios.TC_Scenario_07" name="step161_ClickOrderstxtFromSalesIcon" time="13.484"/>
  <testcase classname="src.in.valtech.cl.scenarios.TC_Scenario_07" name="step102_PickingOrderProcess" time="70.108"/>
  <testcase classname="src.in.valtech.cl.scenarios.TC_Scenario_07" name="step110_EnteredBarcodeAndSearchForPacking" time="19.581"/>
  <testcase classname="src.in.valtech.cl.scenarios.TC_Scenario_07" name="step61_EnteredCityField" time="1.185"/>
  <testcase classname="src.in.valtech.cl.scenarios.TC_Scenario_07" name="step10_VerifiedProductImgInMWLP" time="0.046"/>
  <testcase classname="src.in.valtech.cl.scenarios.TC_Scenario_07" name="step17_VerifiedProductImageAndThumbnailImageinPDP" time="0.186"/>
  <testcase classname="src.in.valtech.cl.scenarios.TC_Scenario_07" name="step148_EnterRMAID_SearchForOrderDetails_ClickOnReceptionButton" time="394.841"/>
  <testcase classname="src.in.valtech.cl.scenarios.TC_Scenario_07" name="step131_ClickOnReturnItems" time="9.421"/>
  <testcase classname="src.in.valtech.cl.scenarios.TC_Scenario_07" name="step13_ClickOnAddtoCartButtonInMWLP" time="5.175"/>
  <testcase classname="src.in.valtech.cl.scenarios.TC_Scenario_07" name="step93_ClickOnAcceptBtn" time="56.078"/>
  <testcase classname="src.in.valtech.cl.scenarios.TC_Scenario_07" name="step78_SelectBankOfVisaCard" time="0.009"/>
  <testcase classname="src.in.valtech.cl.scenarios.TC_Scenario_07" name="step107_VerifiedOrderStatusInMyOrdersPage" time="0.137"/>
  <testcase classname="src.in.valtech.cl.scenarios.TC_Scenario_07" name="step58_EnteredLastNameField" time="1.315"/>
  <testcase classname="src.in.valtech.cl.scenarios.TC_Scenario_07" name="step175_VerifiedOrderStatusInReturnsPage" time="39.188"/>
  <testcase classname="src.in.valtech.cl.scenarios.TC_Scenario_07" name="step126_ClickOnOrderGridAndVerifiedOrderDetailsPage" time="73.102"/>
  <testcase classname="src.in.valtech.cl.scenarios.TC_Scenario_07" name="step15_VerifiedAllElementInMiniCart" time="23.359"/>
  <testcase classname="src.in.valtech.cl.scenarios.TC_Scenario_07" name="step68_ClickOnPaypalCardRadioBtn" time="5.298"/>
  <testcase classname="src.in.valtech.cl.scenarios.TC_Scenario_07" name="step171_ClickOrderstxtFromSalesIcon" time="13.760"/>
  <testcase classname="src.in.valtech.cl.scenarios.TC_Scenario_07" name="step66_ClickOnContinueToPayemntButton" time="7.253"/>
  <testcase classname="src.in.valtech.cl.scenarios.TC_Scenario_07" name="step04_EnteredPasswordField" time="5.442"/>
  <testcase classname="src.in.valtech.cl.scenarios.TC_Scenario_07" name="step27_ClickonShippingAndVerifiedContent" time="5.328"/>
  <testcase classname="src.in.valtech.cl.scenarios.TC_Scenario_07" name="step133_ClickOnCheckboxToSelectTheProduct" time="14.921"/>
  <testcase classname="src.in.valtech.cl.scenarios.TC_Scenario_07" name="step123_ClickOnMyOrdersLink" time="22.896"/>
  <testcase classname="src.in.valtech.cl.scenarios.TC_Scenario_07" name="step88_OpenNewTabAndNavigatedtoAdyen" time="7.378"/>
  <testcase classname="src.in.valtech.cl.scenarios.TC_Scenario_07" name="step18_VerifiedProductNameinPDP" time="2.150"/>
  <testcase classname="src.in.valtech.cl.scenarios.TC_Scenario_07" name="step166_ClickonViewOptioninOrderGrid" time="9.195"/>
  <testcase classname="src.in.valtech.cl.scenarios.TC_Scenario_07" name="step25_ClickonProductInfoAndVerifiedContent" time="13.268"/>
  <testcase classname="src.in.valtech.cl.scenarios.TC_Scenario_07" name="step67_VerifiedPaymentoptions" time="3.334"/>
  <testcase classname="src.in.valtech.cl.scenarios.TC_Scenario_07" name="step183_VerifyReturnReceptionConfirmationMailContents" time="5.772"/>
  <testcase classname="src.in.valtech.cl.scenarios.TC_Scenario_07" name="step24_VerifiedContactUslinkAndColourSwatchesInPDP" time="22.147"/>
  <testcase classname="src.in.valtech.cl.scenarios.TC_Scenario_07" name="step60_EnteredPostCodeField" time="1.175"/>
  <testcase classname="src.in.valtech.cl.scenarios.TC_Scenario_07" name="step136_SelectAnyOptionFromReturnReasonDropdown" time="4.374"/>
  <testcase classname="src.in.valtech.cl.scenarios.TC_Scenario_07" name="step169_VerifySuccessMsgForCreateCreditMemo" time="0.060"/>
  <testcase classname="src.in.valtech.cl.scenarios.TC_Scenario_07" name="step55_EnteredAddressNameField" time="1.188"/>
  <testcase classname="src.in.valtech.cl.scenarios.TC_Scenario_07" name="step76_ClickOnSignInButton" time="16.862"/>
  <testcase classname="src.in.valtech.cl.scenarios.TC_Scenario_07" name="step142_VerifiedOrderStatusInReturnsPage" time="305.709"/>
  <testcase classname="src.in.valtech.cl.scenarios.TC_Scenario_07" name="step69_VerifiedMyBAandSABothSame_CheckboxIsAutoSelected" time="0.001"/>
  <testcase classname="src.in.valtech.cl.scenarios.TC_Scenario_07" name="step72_ClickOnProceedButton" time="13.558"/>
  <testcase classname="src.in.valtech.cl.scenarios.TC_Scenario_07" name="step79_PayButtonClick" time="31.011"/>
  <testcase classname="src.in.valtech.cl.scenarios.TC_Scenario_07" name="step30_ClickonOrderNowButton" time="36.525"/>
  <testcase classname="src.in.valtech.cl.scenarios.TC_Scenario_07" name="step114_ClickOnValidateBtn" time="16.064"/>
  <testcase classname="src.in.valtech.cl.scenarios.TC_Scenario_07" name="step03_EnteredEmailField" time="4.482"/>
  <testcase classname="src.in.valtech.cl.scenarios.TC_Scenario_07" name="step41_OpenNewTabAndNavigatedtoMagentoBO" time="9.451"/>
  <testcase classname="src.in.valtech.cl.scenarios.TC_Scenario_07" name="step65_ClickOnFirstShipMethodRadioButton" time="12.274"/>
  <testcase classname="src.in.valtech.cl.scenarios.TC_Scenario_07" name="step122_SwitchToFOTabAndClickOnMyAccountIcon" time="2.215"/>
  <testcase classname="src.in.valtech.cl.scenarios.TC_Scenario_07" name="step163_ClickOnSalesIcon" time="10.121"/>
  <testcase classname="src.in.valtech.cl.scenarios.TC_Scenario_07" name="step98_VerifiedOrderStatusInMyOrdersPage" time="0.093"/>
  <testcase classname="src.in.valtech.cl.scenarios.TC_Scenario_07" name="step172_VerifiedOrderStatusInOrdersPage" time="156.018"/>
  <testcase classname="src.in.valtech.cl.scenarios.TC_Scenario_07" name="step152_ReturnstxtFromSalesIconClick" time="16.725"/>
  <testcase classname="src.in.valtech.cl.scenarios.TC_Scenario_07" name="step29_VerifiedContentInConfirmationOverlay" time="6.798"/>
  <testcase classname="src.in.valtech.cl.scenarios.TC_Scenario_07" name="step129_VerifySuccessMsgForRMAAddressUpdate" time="0.092"/>
  <testcase classname="src.in.valtech.cl.scenarios.TC_Scenario_07" name="step170_ClickOnSalesIcon" time="10.173"/>
  <testcase classname="src.in.valtech.cl.scenarios.TC_Scenario_07" name="step35_MouseOverElementOnDataListsMenu" time="12.088"/>
  <testcase classname="src.in.valtech.cl.scenarios.TC_Scenario_07" name="step105_SwitchToFOTabAndClickOnMyAccountIcon" time="27.366"/>
  <testcase classname="src.in.valtech.cl.scenarios.TC_Scenario_07" name="step43_EnteredPasswordField" time="4.266"/>
  <testcase classname="src.in.valtech.cl.scenarios.TC_Scenario_07" name="step178_VerifiedOrderStatusInMyOrdersPage" time="0.095"/>
  <testcase classname="src.in.valtech.cl.scenarios.TC_Scenario_07" name="step182_VerifyReturnRequestConfirmationMailContents" time="5.744"/>
  <testcase classname="src.in.valtech.cl.scenarios.TC_Scenario_07" name="step144_ClickOrderstxtFromSalesIcon" time="14.182"/>
  <testcase classname="src.in.valtech.cl.scenarios.TC_Scenario_07" name="step46_ClickOnCatalogIcon" time="15.263"/>
  <testcase classname="src.in.valtech.cl.scenarios.TC_Scenario_07" name="step64_VerifiedShippingMethodsHeaderInCP" time="0.059"/>
  <testcase classname="src.in.valtech.cl.scenarios.TC_Scenario_07" name="step59_EnteredAddressField" time="1.324"/>
  <testcase classname="src.in.valtech.cl.scenarios.TC_Scenario_07" name="step75_EnteredPasswordField" time="2.217"/>
  <testcase classname="src.in.valtech.cl.scenarios.TC_Scenario_07" name="step179_ComparedSeleableStockInWMSAndBOBothAreSameAfterRefundTheOrder" time="134.025"/>
  <testcase classname="src.in.valtech.cl.scenarios.TC_Scenario_07" name="step159_VerifySuccessMsgForSavedRMARequest" time="0.047"/>
  <testcase classname="src.in.valtech.cl.scenarios.TC_Scenario_07" name="step38_ClickOnDetailsButton" time="14.227"/>
  <testcase classname="src.in.valtech.cl.scenarios.TC_Scenario_07" name="step86_VerifiedOrdersHeaderInBO" time="15.150"/>
  <testcase classname="src.in.valtech.cl.scenarios.TC_Scenario_07" name="step11_VerifiedProductNameInMWLP" time="2.282"/>
  <testcase classname="src.in.valtech.cl.scenarios.TC_Scenario_07" name="step153_VerifiedOrderStatusInReturnsPage" time="68.136"/>
  <testcase classname="src.in.valtech.cl.scenarios.TC_Scenario_07" name="step14_ClickonCartIcon" time="7.312"/>
  <testcase classname="src.in.valtech.cl.scenarios.TC_Scenario_07" name="step05_ClickOnSignInButtonAndVerifiedUserIsRedirectedToHomePage" time="15.595"/>
  <testcase classname="src.in.valtech.cl.scenarios.TC_Scenario_07" name="step94_NavigatedBackToMagentoAndVerifiedOrderStatusInOrdersPage" time="123.162"/>
  <testcase classname="src.in.valtech.cl.scenarios.TC_Scenario_07" name="step70_UncheckedMyBAandSABothSameCheckbox" time="0.000"/>
  <testcase classname="src.in.valtech.cl.scenarios.TC_Scenario_07" name="step100_VerifySaleableStockDecBy1InWMSAferPlacingTheOrder" time="35.956"/>
  <testcase classname="src.in.valtech.cl.scenarios.TC_Scenario_07" name="step124_VerifiedOrderStatusInMyOrdersPage" time="0.090"/>
  <testcase classname="src.in.valtech.cl.scenarios.TC_Scenario_07" name="step92_ClickOrderIDCheckbox" time="20.066"/>
  <testcase classname="src.in.valtech.cl.scenarios.TC_Scenario_07" name="step176_SwitchToFOTabAndClickOnMyAccountIcon" time="16.987"/>
  <testcase classname="src.in.valtech.cl.scenarios.TC_Scenario_07" name="step180_VerifyOrderConfirmationMailContents" time="5.843"/>
  <testcase classname="src.in.valtech.cl.scenarios.TC_Scenario_07" name="step45_VerifiedDashboardHeaderInBO" time="15.172"/>
  <testcase classname="src.in.valtech.cl.scenarios.TC_Scenario_07" name="step117_SwitchToFOTabAndClickOnMyAccountIcon" time="10.158"/>
  <testcase classname="src.in.valtech.cl.scenarios.TC_Scenario_07" name="step184_VerifyCreditMemoConfirmationMailContents" time="5.764"/>
  <testcase classname="src.in.valtech.cl.scenarios.TC_Scenario_07" name="step177_ClickOnMyOrdersLink" time="37.142"/>
  <testcase classname="src.in.valtech.cl.scenarios.TC_Scenario_07" name="step125_ComparedSeleableStockInWMSAndBOBothAreSameAfterShippingTheOrder" time="132.276"/>
  <testcase classname="src.in.valtech.cl.scenarios.TC_Scenario_07" name="step151_NavigatedIntoMangetoAndVerifiedOrderStatusInOrdersPage" time="22.238"/>
  <testcase classname="src.in.valtech.cl.scenarios.TC_Scenario_07" name="step160_ClickOnSalesIcon" time="10.128"/>
  <testcase classname="src.in.valtech.cl.scenarios.TC_Scenario_07" name="step07_VerifiedMyFavoriteAddressAndNewsLetterHeaders_FootersInMAP" time="2.244"/>
  <testcase classname="src.in.valtech.cl.scenarios.TC_Scenario_07" name="step112_ClickOnCompletePackingBtn" time="22.265"/>
  <testcase classname="src.in.valtech.cl.scenarios.TC_Scenario_07" name="step01_NavigatedtoCLHomePage" time="99.880"/>
  <testcase classname="src.in.valtech.cl.scenarios.TC_Scenario_07" name="step99_VerifiedSaleableStockQntyDecBy1InBOAferPlacingTheOrder" time="65.088"/>
  <testcase classname="src.in.valtech.cl.scenarios.TC_Scenario_07" name="step155_ClickOnReturnItems" time="9.347"/>
  <testcase classname="src.in.valtech.cl.scenarios.TC_Scenario_07" name="step127_ClickOnCreateReturnsButton" time="8.113"/>
  <testcase classname="src.in.valtech.cl.scenarios.TC_Scenario_07" name="step81_VerifiedContinueShoppingButton" time="0.045"/>
  <testcase classname="src.in.valtech.cl.scenarios.TC_Scenario_07" name="step83_InitialisedOrderID" time="0.000"/>
  <testcase classname="src.in.valtech.cl.scenarios.TC_Scenario_07" name="step158_ClickOnSaveButton" time="12.502"/>
  <testcase classname="src.in.valtech.cl.scenarios.TC_Scenario_07" name="step34_ClickOnOKbutton" time="12.199"/>
  <testcase classname="src.in.valtech.cl.scenarios.TC_Scenario_07" name="step119_VerifiedOrderStatusInMyOrdersPage" time="0.164"/>
  <testcase classname="src.in.valtech.cl.scenarios.TC_Scenario_07" name="step96_SwitchToFOTabAndClickOnMyAccountIcon" time="11.525"/>
  <testcase classname="src.in.valtech.cl.scenarios.TC_Scenario_07" name="step54_ClickOnNewAddressButtonInSAP" time="7.347"/>
  <testcase classname="src.in.valtech.cl.scenarios.TC_Scenario_07" name="step32_OpenNewTabAndNavigatedtoWMS" time="6.029"/>
  <testcase classname="src.in.valtech.cl.scenarios.TC_Scenario_07" name="step80_VerifiedSuccessMsgAfterPlacingOrder" time="2.132"/>
  <testcase classname="src.in.valtech.cl.scenarios.TC_Scenario_07" name="step116_NavigatedIntoMangetoAndVerifiedOrderStatusInOrdersPage" time="76.146"/>
  <testcase classname="src.in.valtech.cl.scenarios.TC_Scenario_07" name="step132_ClickOnAddProductButton" time="7.268"/>
  <testcase classname="src.in.valtech.cl.scenarios.TC_Scenario_07" name="step06_ClickOnMyAccountIcon" time="40.088"/>
  <testcase classname="src.in.valtech.cl.scenarios.TC_Scenario_07" name="step49_VerifyInitialSaleableStock" time="2.306"/>
  <testcase classname="src.in.valtech.cl.scenarios.TC_Scenario_07" name="step108_NavigatedIntoWMSAndGetBarcodeFromPickingProcess" time="17.352"/>
  <testcase classname="src.in.valtech.cl.scenarios.TC_Scenario_07" name="step147_ClickOnRMALink" time="14.622"/>
  <testcase classname="src.in.valtech.cl.scenarios.TC_Scenario_07" name="step16_ClickOnProductImginMiniCart" time="20.209"/>
  <testcase classname="src.in.valtech.cl.scenarios.TC_Scenario_07" name="step09_VerifiedMyWishListHeaderInMWLP" time="0.064"/>
  <testcase classname="src.in.valtech.cl.scenarios.TC_Scenario_07" name="step85_ClickOrderstxtFromSalesIcon" time="19.757"/>
  <testcase classname="src.in.valtech.cl.scenarios.TC_Scenario_07" name="step156_EnterValueInApprovedField" time="4.281"/>
  <testcase classname="src.in.valtech.cl.scenarios.TC_Scenario_07" name="step90_ClickOnAdyenRiskTab" time="13.662"/>
  <testcase classname="src.in.valtech.cl.scenarios.TC_Scenario_07" name="step174_ReturnstxtFromSalesIconClick" time="19.597"/>
  <testcase classname="src.in.valtech.cl.scenarios.TC_Scenario_07" name="step52_ClickOnUpdateButtonInCP" time="5.362"/>
  <testcase classname="src.in.valtech.cl.scenarios.TC_Scenario_07" name="step21_ClickOnSizeGuideAndCloseOverlay" time="9.535"/>
  <testcase classname="src.in.valtech.cl.scenarios.TC_Scenario_07" name="step42_EnteredUsernameField" time="4.353"/>
  <testcase classname="src.in.valtech.cl.scenarios.TC_Scenario_07" name="step173_ClickOnSalesIcon" time="10.290"/>
  <testcase classname="src.in.valtech.cl.scenarios.TC_Scenario_07" name="step135_EnterValueInRequestedField" time="4.396"/>
  <testcase classname="src.in.valtech.cl.scenarios.TC_Scenario_07" name="step36_ClickOnProductsFromDataLists" time="10.182"/>
  <testcase classname="src.in.valtech.cl.scenarios.TC_Scenario_07" name="step84_NavigatedBackToBOAndClickOnSalesIcon" time="12.256"/>
  <testcase classname="src.in.valtech.cl.scenarios.TC_Scenario_07" name="step50_ScrollDownTillGiftWrappingImgAndSelectedInCP" time="2.105"/>
  <testcase classname="src.in.valtech.cl.scenarios.TC_Scenario_07" name="step103_VerifiedPickingOrderSuccessMsg" time="2.767"/>
  <testcase classname="src.in.valtech.cl.scenarios.TC_Scenario_07" name="step115_ClickOnHomePopupBtn" time="7.217"/>
  <testcase classname="src.in.valtech.cl.scenarios.TC_Scenario_07" name="step20_VerifiedWishlistIconinPDP" time="1.255"/>
  <testcase classname="src.in.valtech.cl.scenarios.TC_Scenario_07" name="step82_VerifiedYourOrderID" time="2.121"/>
  <testcase classname="src.in.valtech.cl.scenarios.TC_Scenario_07" name="step139_ClickOnSubmitReturnsButton" time="13.365"/>
  <testcase classname="src.in.valtech.cl.scenarios.TC_Scenario_07" name="step130_SelectPickupDate" time="9.770"/>
  <testcase classname="src.in.valtech.cl.scenarios.TC_Scenario_07" name="step02_ClickOnMyAccountIcon" time="63.308"/>
  <testcase classname="src.in.valtech.cl.scenarios.TC_Scenario_07" name="step121_NavigatedIntoMangetoAndVerifiedOrderStatusInOrdersPage" time="158.336"/>
  <testcase classname="src.in.valtech.cl.scenarios.TC_Scenario_07" name="step23_ClickOnInStoreAvailabilityButtonAndCloseOverlay" time="7.219"/>
  <testcase classname="src.in.valtech.cl.scenarios.TC_Scenario_07" name="step33_LoggedIntoWMS" time="24.059"/>
  <testcase classname="src.in.valtech.cl.scenarios.TC_Scenario_07" name="step53_VerifiedShippingAddressHeaderInCP" time="0.167"/>
  <testcase classname="src.in.valtech.cl.scenarios.TC_Scenario_07" name="step165_VerifiedOrderStatusInReturnsPage" time="38.001"/>
  <testcase classname="src.in.valtech.cl.scenarios.TC_Scenario_07" name="step181_VerifyShippingConfirmationMailContents" time="5.993"/>
  <testcase classname="src.in.valtech.cl.scenarios.TC_Scenario_07" name="step48_SearchForProductSeleableStockInBO" time="31.326"/>
  <testcase classname="src.in.valtech.cl.scenarios.TC_Scenario_07" name="step26_ClickonProductCareAndVerifiedContent" time="5.899"/>
  <testcase classname="src.in.valtech.cl.scenarios.TC_Scenario_07" name="step91_ClickCaseMgmtOPtionINAdyen" time="7.712"/>
  <testcase classname="src.in.valtech.cl.scenarios.TC_Scenario_07" name="step22_ClickOnSelectYourSizeButtonAndSelectAnySize" time="18.106"/>
  <testcase classname="src.in.valtech.cl.scenarios.TC_Scenario_07" name="step101_ComparedSeleableStockInWMSAndBOBothAreSame" time="77.558"/>
  <testcase classname="src.in.valtech.cl.scenarios.TC_Scenario_07" name="step168_ClickOnRefundButtonInNewMemoPage" time="14.860"/>
  <testcase classname="src.in.valtech.cl.scenarios.TC_Scenario_07" name="step12_VerifiedProductPriceInMWLP" time="2.139"/>
  <testcase classname="src.in.valtech.cl.scenarios.TC_Scenario_07" name="step138_SelectOptionFromResolutionDropdown" time="4.449"/>
</testsuite> <!-- src.in.valtech.cl.scenarios.TC_Scenario_07 -->
