<?xml version="1.0" encoding="UTF-8"?>
<!-- Generated by org.testng.reporters.JUnitReportReporter -->
<testsuite hostname="IN-PF42S2RF" failures="0" tests="94" name="src.in.valtech.cl.scenarios.TC_Scenario_06" time="1306.960" errors="0" timestamp="19 Feb 2024 13:52:16 GMT">
  <testcase classname="src.in.valtech.cl.scenarios.TC_Scenario_06" name="step81_EnteredCVVField" time="2.287"/>
  <testcase classname="src.in.valtech.cl.scenarios.TC_Scenario_06" name="step84_ClickOnProceedButtonAtPaymentSection" time="6.903"/>
  <testcase classname="src.in.valtech.cl.scenarios.TC_Scenario_06" name="step73_EnteredAddressField" time="0.000"/>
  <testcase classname="src.in.valtech.cl.scenarios.TC_Scenario_06" name="step35_VerifiedColorSwatches" time="0.028"/>
  <testcase classname="src.in.valtech.cl.scenarios.TC_Scenario_06" name="step11_DeletedExistCustomerAccountFromCustomerGridResultInBO" time="50.589"/>
  <testcase classname="src.in.valtech.cl.scenarios.TC_Scenario_06" name="step19_EnterConfirmPasswordField" time="5.757"/>
  <testcase classname="src.in.valtech.cl.scenarios.TC_Scenario_06" name="step55_EnteredLastNameField" time="2.643"/>
  <testcase classname="src.in.valtech.cl.scenarios.TC_Scenario_06" name="step29_VerifiedProductNameinPDP" time="2.146"/>
  <testcase classname="src.in.valtech.cl.scenarios.TC_Scenario_06" name="step45_VerifyProductDetailsInMainCart" time="21.857"/>
  <testcase classname="src.in.valtech.cl.scenarios.TC_Scenario_06" name="step18_EnterPasswordField" time="4.411"/>
  <testcase classname="src.in.valtech.cl.scenarios.TC_Scenario_06" name="step16_EnterFirstNameField" time="4.514"/>
  <testcase classname="src.in.valtech.cl.scenarios.TC_Scenario_06" name="step42_ClickonAddToCartButton" time="7.551"/>
  <testcase classname="src.in.valtech.cl.scenarios.TC_Scenario_06" name="step67_VerifiedMyBAandSABothSame_CheckboxIsAutoSelected" time="0.000"/>
  <testcase classname="src.in.valtech.cl.scenarios.TC_Scenario_06" name="step93_ClickPaymentOPtionINAdyen" time="14.409"/>
  <testcase classname="src.in.valtech.cl.scenarios.TC_Scenario_06" name="step41_VerifyMainThumbnailImgAndColorSwatches" time="0.149"/>
  <testcase classname="src.in.valtech.cl.scenarios.TC_Scenario_06" name="step75_EnteredCityField" time="0.001"/>
  <testcase classname="src.in.valtech.cl.scenarios.TC_Scenario_06" name="step60_EnteredPhoneNumberField" time="4.597"/>
  <testcase classname="src.in.valtech.cl.scenarios.TC_Scenario_06" name="step79_EnteredCreditNumberField" time="2.450"/>
  <testcase classname="src.in.valtech.cl.scenarios.TC_Scenario_06" name="step87_ClickOnSalesIcon" time="12.251"/>
  <testcase classname="src.in.valtech.cl.scenarios.TC_Scenario_06" name="step96_VerifyAccountCreationConfirmationMailContents" time="6.540"/>
  <testcase classname="src.in.valtech.cl.scenarios.TC_Scenario_06" name="step13_ClickAccountCreateBtn" time="12.609"/>
  <testcase classname="src.in.valtech.cl.scenarios.TC_Scenario_06" name="step20_ClickTermsConditionCheckbox" time="20.882"/>
  <testcase classname="src.in.valtech.cl.scenarios.TC_Scenario_06" name="step62_ClickOnContinueToPayemntButton" time="7.300"/>
  <testcase classname="src.in.valtech.cl.scenarios.TC_Scenario_06" name="step06_VerifiedDashboardHeaderInBO" time="10.080"/>
  <testcase classname="src.in.valtech.cl.scenarios.TC_Scenario_06" name="step68_UncheckMyBAandSABothSame_Checkbox" time="0.001"/>
  <testcase classname="src.in.valtech.cl.scenarios.TC_Scenario_06" name="step71_EnteredFirstNameField" time="0.001"/>
  <testcase classname="src.in.valtech.cl.scenarios.TC_Scenario_06" name="step89_NavigatedIntoMangetoAndVerifiedOrderStatusInOrdersPage" time="365.045"/>
  <testcase classname="src.in.valtech.cl.scenarios.TC_Scenario_06" name="step36_ClickOnSizeGuideAndCloseOverlay" time="8.475"/>
  <testcase classname="src.in.valtech.cl.scenarios.TC_Scenario_06" name="step58_EnteredCityField" time="4.368"/>
  <testcase classname="src.in.valtech.cl.scenarios.TC_Scenario_06" name="step74_EnteredPostCodeField" time="0.000"/>
  <testcase classname="src.in.valtech.cl.scenarios.TC_Scenario_06" name="step21_ClickCreateCustomerAccountBtn" time="6.291"/>
  <testcase classname="src.in.valtech.cl.scenarios.TC_Scenario_06" name="step23_VerifyUserNameInMYAccount" time="5.118"/>
  <testcase classname="src.in.valtech.cl.scenarios.TC_Scenario_06" name="step57_EnteredPostCodeField" time="4.272"/>
  <testcase classname="src.in.valtech.cl.scenarios.TC_Scenario_06" name="step78_ClickOnUpdateBtn" time="0.014"/>
  <testcase classname="src.in.valtech.cl.scenarios.TC_Scenario_06" name="step30_VerifiedProductPriceinPDP" time="2.158"/>
  <testcase classname="src.in.valtech.cl.scenarios.TC_Scenario_06" name="step02_OpenNewTabAndNavigatedtoMagentoBO" time="19.804"/>
  <testcase classname="src.in.valtech.cl.scenarios.TC_Scenario_06" name="step32_VerifiedAddtoCartbtnInPDP" time="22.150"/>
  <testcase classname="src.in.valtech.cl.scenarios.TC_Scenario_06" name="step85_ClickOnProceedButtonAndEntered3DSCredentials" time="21.925"/>
  <testcase classname="src.in.valtech.cl.scenarios.TC_Scenario_06" name="step43_VerifiedPDPConfirmationMessagePopUPModal" time="6.943"/>
  <testcase classname="src.in.valtech.cl.scenarios.TC_Scenario_06" name="step51_VerifiedShippingAddressHeaderInCP" time="0.195"/>
  <testcase classname="src.in.valtech.cl.scenarios.TC_Scenario_06" name="step34_VerifiedContactUslink" time="0.001"/>
  <testcase classname="src.in.valtech.cl.scenarios.TC_Scenario_06" name="step22_VerifyRegisteredSuccessMsgTxt" time="7.439"/>
  <testcase classname="src.in.valtech.cl.scenarios.TC_Scenario_06" name="step09_VerifyCustomersHeadertxtInBO" time="10.170"/>
  <testcase classname="src.in.valtech.cl.scenarios.TC_Scenario_06" name="step76_VerifiedCountryField" time="0.000"/>
  <testcase classname="src.in.valtech.cl.scenarios.TC_Scenario_06" name="step38_ClickonProductInfoAndVerifiedContent" time="13.413"/>
  <testcase classname="src.in.valtech.cl.scenarios.TC_Scenario_06" name="step15_EnterLastNameField" time="4.605"/>
  <testcase classname="src.in.valtech.cl.scenarios.TC_Scenario_06" name="step08_ClickAllCustomerstxtFromCustomersIcon" time="14.709"/>
  <testcase classname="src.in.valtech.cl.scenarios.TC_Scenario_06" name="step27_ClickOnL3KateLadiesCategory" time="9.132"/>
  <testcase classname="src.in.valtech.cl.scenarios.TC_Scenario_06" name="step52_EnteredAddressNameField" time="2.420"/>
  <testcase classname="src.in.valtech.cl.scenarios.TC_Scenario_06" name="step53_VerifiedPrefixNameDpdIsAutoSelectedOrNot" time="0.409"/>
  <testcase classname="src.in.valtech.cl.scenarios.TC_Scenario_06" name="step56_EnteredAddressField" time="5.563"/>
  <testcase classname="src.in.valtech.cl.scenarios.TC_Scenario_06" name="step14_SelectValFromPrefixDropdown" time="24.563"/>
  <testcase classname="src.in.valtech.cl.scenarios.TC_Scenario_06" name="step82_EnteredCardHolderField" time="0.453"/>
  <testcase classname="src.in.valtech.cl.scenarios.TC_Scenario_06" name="step26_MouseOverElementOnLadiesL1Category" time="2.776"/>
  <testcase classname="src.in.valtech.cl.scenarios.TC_Scenario_06" name="step10_SearchForCustomerAccount" time="10.624"/>
  <testcase classname="src.in.valtech.cl.scenarios.TC_Scenario_06" name="step63_VerifyPaymentOptions" time="2.429"/>
  <testcase classname="src.in.valtech.cl.scenarios.TC_Scenario_06" name="step77_EnterPhoneNumField" time="0.001"/>
  <testcase classname="src.in.valtech.cl.scenarios.TC_Scenario_06" name="step91_LoggedIntoAdyen" time="43.462"/>
  <testcase classname="src.in.valtech.cl.scenarios.TC_Scenario_06" name="step03_EnteredUsernameField" time="5.961"/>
  <testcase classname="src.in.valtech.cl.scenarios.TC_Scenario_06" name="step31_VerifiedProductBrandNametxtInPDP" time="2.157"/>
  <testcase classname="src.in.valtech.cl.scenarios.TC_Scenario_06" name="step49_EnterMsgInGiftMsgFld" time="0.015"/>
  <testcase classname="src.in.valtech.cl.scenarios.TC_Scenario_06" name="step86_VerifyUnsuccesfullOrderplacedWithInvalid3DSCardMsg" time="5.147"/>
  <testcase classname="src.in.valtech.cl.scenarios.TC_Scenario_06" name="step94_EnterOrderIDinPaymentTab_adyen" time="14.444"/>
  <testcase classname="src.in.valtech.cl.scenarios.TC_Scenario_06" name="step12_ClickMyAccountBtn" time="55.805"/>
  <testcase classname="src.in.valtech.cl.scenarios.TC_Scenario_06" name="step39_ClickonProductCareAndVerifiedContent" time="5.589"/>
  <testcase classname="src.in.valtech.cl.scenarios.TC_Scenario_06" name="step65_VerifyCreditCardDetailsInPayment" time="20.181"/>
  <testcase classname="src.in.valtech.cl.scenarios.TC_Scenario_06" name="step37_ClickOnSelectYourSizeButtonAndSelectAnySize" time="44.903"/>
  <testcase classname="src.in.valtech.cl.scenarios.TC_Scenario_06" name="step04_EnteredPasswordField" time="5.282"/>
  <testcase classname="src.in.valtech.cl.scenarios.TC_Scenario_06" name="step83_CheckedOnPrivacyPolicyAndReturnPolicyCheckbox" time="14.420"/>
  <testcase classname="src.in.valtech.cl.scenarios.TC_Scenario_06" name="step17_EnterEmailAddressField" time="4.445"/>
  <testcase classname="src.in.valtech.cl.scenarios.TC_Scenario_06" name="step01_NavigatedtoCLHomePage" time="84.794"/>
  <testcase classname="src.in.valtech.cl.scenarios.TC_Scenario_06" name="step48_VerifyGiftHeadertextAndDefaultGiftWrapSelected" time="0.137"/>
  <testcase classname="src.in.valtech.cl.scenarios.TC_Scenario_06" name="step95_VerifyOrderStatusIN_Adyen" time="5.155"/>
  <testcase classname="src.in.valtech.cl.scenarios.TC_Scenario_06" name="step88_ClickOrderstxtFromSalesIcon" time="30.784"/>
  <testcase classname="src.in.valtech.cl.scenarios.TC_Scenario_06" name="step90_OpenNewTabAndNavigatedtoAdyen" time="6.854"/>
  <testcase classname="src.in.valtech.cl.scenarios.TC_Scenario_06" name="step44_ClickonYourCartLnk" time="19.570"/>
  <testcase classname="src.in.valtech.cl.scenarios.TC_Scenario_06" name="step59_VerifiedCountryField" time="2.216"/>
  <testcase classname="src.in.valtech.cl.scenarios.TC_Scenario_06" name="step61_VerifyAndClickOnSecondShippingMethod" time="12.278"/>
  <testcase classname="src.in.valtech.cl.scenarios.TC_Scenario_06" name="step47_ClickOnProceedToCheckOutCTA" time="20.949"/>
  <testcase classname="src.in.valtech.cl.scenarios.TC_Scenario_06" name="step72_EnteredLastNameField" time="0.001"/>
  <testcase classname="src.in.valtech.cl.scenarios.TC_Scenario_06" name="step70_SelectPrefixNameDpdn" time="0.000"/>
  <testcase classname="src.in.valtech.cl.scenarios.TC_Scenario_06" name="step07_ClickOnCustomersIcon" time="12.219"/>
  <testcase classname="src.in.valtech.cl.scenarios.TC_Scenario_06" name="step24_VerifiedMyAccountPageContents" time="2.534"/>
  <testcase classname="src.in.valtech.cl.scenarios.TC_Scenario_06" name="step33_ClickOnInStoreAvailabilityButtonAndCloseOverlay" time="0.017"/>
  <testcase classname="src.in.valtech.cl.scenarios.TC_Scenario_06" name="step80_EnteredExpiryDateField" time="4.296"/>
  <testcase classname="src.in.valtech.cl.scenarios.TC_Scenario_06" name="step28_ClickOnProductImg" time="15.477"/>
  <testcase classname="src.in.valtech.cl.scenarios.TC_Scenario_06" name="step05_ClickOnSignInButton" time="52.840"/>
  <testcase classname="src.in.valtech.cl.scenarios.TC_Scenario_06" name="step46_ClickOnIncrIconforProductInMainCart" time="0.108"/>
  <testcase classname="src.in.valtech.cl.scenarios.TC_Scenario_06" name="step64_ClickOnCreditCardRadioBtn" time="7.209"/>
  <testcase classname="src.in.valtech.cl.scenarios.TC_Scenario_06" name="step54_EnteredFirstNameField" time="2.865"/>
  <testcase classname="src.in.valtech.cl.scenarios.TC_Scenario_06" name="step69_EnteredAddressNameField" time="0.018"/>
  <testcase classname="src.in.valtech.cl.scenarios.TC_Scenario_06" name="step92_ClickTransactionINAdyen" time="18.557"/>
  <testcase classname="src.in.valtech.cl.scenarios.TC_Scenario_06" name="step50_ClickUpdateBtn" time="5.234"/>
  <testcase classname="src.in.valtech.cl.scenarios.TC_Scenario_06" name="step40_ClickonShippingAndVerifiedContent" time="5.616"/>
</testsuite> <!-- src.in.valtech.cl.scenarios.TC_Scenario_06 -->
