<?xml version="1.0" encoding="UTF-8"?>
<!-- Generated by org.testng.reporters.JUnitReportReporter -->
<testsuite hostname="IN-PF42S2RF" failures="0" tests="135" name="src.in.valtech.cl.scenarios.TC_Scenario_10" time="3245.548" errors="0" timestamp="19 Feb 2024 13:52:16 GMT">
  <testcase classname="src.in.valtech.cl.scenarios.TC_Scenario_10" name="step73_CheckedOnPrivacyPolicyAndReturnPolicyCheckbox" time="14.509"/>
  <testcase classname="src.in.valtech.cl.scenarios.TC_Scenario_10" name="step48_VerifiedShippingAddressHeaderInCP" time="0.187"/>
  <testcase classname="src.in.valtech.cl.scenarios.TC_Scenario_10" name="step132_ClickOnSubmitReturnsButton" time="12.996"/>
  <testcase classname="src.in.valtech.cl.scenarios.TC_Scenario_10" name="step27_LoggedIntoWMS" time="24.340"/>
  <testcase classname="src.in.valtech.cl.scenarios.TC_Scenario_10" name="step89_NavigateBackToFO" time="2.064"/>
  <testcase classname="src.in.valtech.cl.scenarios.TC_Scenario_10" name="step135_VerifiedRMAErrorMailAndSubjectLineInCustomerGmailAccount" time="0.000"/>
  <testcase classname="src.in.valtech.cl.scenarios.TC_Scenario_10" name="step88_ComparedSeleableStockInWMSAndBOBothAreSame" time="88.547"/>
  <testcase classname="src.in.valtech.cl.scenarios.TC_Scenario_10" name="step43_VerifyInitialSaleableStock" time="2.173"/>
  <testcase classname="src.in.valtech.cl.scenarios.TC_Scenario_10" name="step57_EnteredCityField" time="1.196"/>
  <testcase classname="src.in.valtech.cl.scenarios.TC_Scenario_10" name="step70_EnteredExpiryDateField" time="4.632"/>
  <testcase classname="src.in.valtech.cl.scenarios.TC_Scenario_10" name="step92_PickingOrderProcess" time="69.469"/>
  <testcase classname="src.in.valtech.cl.scenarios.TC_Scenario_10" name="step122_VerifySuccessMsgForRMAAddressUpdate" time="0.076"/>
  <testcase classname="src.in.valtech.cl.scenarios.TC_Scenario_10" name="step15_VerifiedContactUslink" time="0.040"/>
  <testcase classname="src.in.valtech.cl.scenarios.TC_Scenario_10" name="step95_NaviagtedIntoMangetoAndVerifiedOrderStatusInOrdersPage" time="190.467"/>
  <testcase classname="src.in.valtech.cl.scenarios.TC_Scenario_10" name="step83_ClickOnSalesIcon" time="12.276"/>
  <testcase classname="src.in.valtech.cl.scenarios.TC_Scenario_10" name="step113_EditExistShippingAndBillingAddressWithNewShippingAddressForRMA" time="107.860"/>
  <testcase classname="src.in.valtech.cl.scenarios.TC_Scenario_10" name="step118_NaviagtedIntoFOAndVerifiedOrderStatusInMyOrdersPage" time="78.266"/>
  <testcase classname="src.in.valtech.cl.scenarios.TC_Scenario_10" name="step100_ClickOnCompletePackingBtn" time="22.370"/>
  <testcase classname="src.in.valtech.cl.scenarios.TC_Scenario_10" name="step36_EnteredUsernameField" time="4.298"/>
  <testcase classname="src.in.valtech.cl.scenarios.TC_Scenario_10" name="step109_SwitchToFOTabAndClickOnMyAccountIcon" time="7.296"/>
  <testcase classname="src.in.valtech.cl.scenarios.TC_Scenario_10" name="step09_VerifiedProductNameinPDP" time="2.123"/>
  <testcase classname="src.in.valtech.cl.scenarios.TC_Scenario_10" name="step91_VerifiedOrderStatusInMyOrdersPage" time="136.943"/>
  <testcase classname="src.in.valtech.cl.scenarios.TC_Scenario_10" name="step50_VerifyShippingAddressPopupInSAP" time="6.203"/>
  <testcase classname="src.in.valtech.cl.scenarios.TC_Scenario_10" name="step129_SelectAnyOptionFromReturnReasonDropdown" time="2.192"/>
  <testcase classname="src.in.valtech.cl.scenarios.TC_Scenario_10" name="step85_NavigatedIntoMangetoAndVerifiedOrderStatusInOrdersPage" time="293.787"/>
  <testcase classname="src.in.valtech.cl.scenarios.TC_Scenario_10" name="step68_VerifyCreditCardFieldsAndCheckbox" time="2.479"/>
  <testcase classname="src.in.valtech.cl.scenarios.TC_Scenario_10" name="step21_VerifyMainThumbnailImg" time="0.230"/>
  <testcase classname="src.in.valtech.cl.scenarios.TC_Scenario_10" name="step45_VerifyDefaultGiftWrapSelected" time="0.046"/>
  <testcase classname="src.in.valtech.cl.scenarios.TC_Scenario_10" name="step33_VerifyInitialSaleableStock" time="12.156"/>
  <testcase classname="src.in.valtech.cl.scenarios.TC_Scenario_10" name="step69_EnteredCreditNumberField" time="2.575"/>
  <testcase classname="src.in.valtech.cl.scenarios.TC_Scenario_10" name="step19_ClickonProductCareAndVerifiedContent" time="5.886"/>
  <testcase classname="src.in.valtech.cl.scenarios.TC_Scenario_10" name="step22_ClickonAddToCartButton" time="7.723"/>
  <testcase classname="src.in.valtech.cl.scenarios.TC_Scenario_10" name="step115_NavigatedIntoMangetoAndClickOnSalesIcon" time="12.293"/>
  <testcase classname="src.in.valtech.cl.scenarios.TC_Scenario_10" name="step24_VerifiedContinueShoppingAndOrderNowBTn" time="0.078"/>
  <testcase classname="src.in.valtech.cl.scenarios.TC_Scenario_10" name="step31_EnterSearchableSKUAndClickOnSubmitFilter" time="23.586"/>
  <testcase classname="src.in.valtech.cl.scenarios.TC_Scenario_10" name="step119_NavigatedIntoMangetoAndClickOnOrderGrid" time="62.810"/>
  <testcase classname="src.in.valtech.cl.scenarios.TC_Scenario_10" name="step114_GenerateOrdersWithLabelReadyToBeReprintedInWMS" time="27.441"/>
  <testcase classname="src.in.valtech.cl.scenarios.TC_Scenario_10" name="step72_EnteredCardHolderField" time="0.786"/>
  <testcase classname="src.in.valtech.cl.scenarios.TC_Scenario_10" name="step11_VerifiedBrandnameinPDP" time="2.144"/>
  <testcase classname="src.in.valtech.cl.scenarios.TC_Scenario_10" name="step59_EnteredPhoneNumberField" time="1.303"/>
  <testcase classname="src.in.valtech.cl.scenarios.TC_Scenario_10" name="step40_ClickOnCatalogIcon" time="10.432"/>
  <testcase classname="src.in.valtech.cl.scenarios.TC_Scenario_10" name="step79_ClickMyAccountBtn" time="10.004"/>
  <testcase classname="src.in.valtech.cl.scenarios.TC_Scenario_10" name="step111_NavigatedIntoMangetoAndRefreshThePage" time="11.366"/>
  <testcase classname="src.in.valtech.cl.scenarios.TC_Scenario_10" name="step74_ClickOnProceedButton" time="10.244"/>
  <testcase classname="src.in.valtech.cl.scenarios.TC_Scenario_10" name="step86_VerifiedSaleableStockQntyDecBy1InBOAferPlacingTheOrder" time="76.653"/>
  <testcase classname="src.in.valtech.cl.scenarios.TC_Scenario_10" name="step06_MouseOverElementOnLadiesL1Category" time="2.859"/>
  <testcase classname="src.in.valtech.cl.scenarios.TC_Scenario_10" name="step58_VerifiedCountryField" time="2.460"/>
  <testcase classname="src.in.valtech.cl.scenarios.TC_Scenario_10" name="step65_ClickOnCreditCardRadioBtn" time="7.290"/>
  <testcase classname="src.in.valtech.cl.scenarios.TC_Scenario_10" name="step32_ClickOnDetailsButton" time="14.240"/>
  <testcase classname="src.in.valtech.cl.scenarios.TC_Scenario_10" name="step16_ClickOnSizeGuideAndCloseOverlay" time="8.677"/>
  <testcase classname="src.in.valtech.cl.scenarios.TC_Scenario_10" name="step30_ClickOnProductsFromDataLists" time="10.283"/>
  <testcase classname="src.in.valtech.cl.scenarios.TC_Scenario_10" name="step112_ClickonViewOptioninOrderGrid" time="70.966"/>
  <testcase classname="src.in.valtech.cl.scenarios.TC_Scenario_10" name="step76_VerifiedContinueShoppingButton" time="0.079"/>
  <testcase classname="src.in.valtech.cl.scenarios.TC_Scenario_10" name="step98_EnteredBarcodeAndSearchForPacking" time="19.395"/>
  <testcase classname="src.in.valtech.cl.scenarios.TC_Scenario_10" name="step67_VerifiedMyBAandSABothSame_CheckboxIsAutoSelected" time="0.000"/>
  <testcase classname="src.in.valtech.cl.scenarios.TC_Scenario_10" name="step62_ClickOnThirdShippingMethodRadioButton" time="12.329"/>
  <testcase classname="src.in.valtech.cl.scenarios.TC_Scenario_10" name="step17_ClickOnSelectYourSizeButtonAndSelectAnySize" time="17.653"/>
  <testcase classname="src.in.valtech.cl.scenarios.TC_Scenario_10" name="step34_VerifyReservedStock" time="10.046"/>
  <testcase classname="src.in.valtech.cl.scenarios.TC_Scenario_10" name="step103_ClickOnHomePopupBtn" time="7.279"/>
  <testcase classname="src.in.valtech.cl.scenarios.TC_Scenario_10" name="step18_ClickonProductInfoAndVerifiedContent" time="18.430"/>
  <testcase classname="src.in.valtech.cl.scenarios.TC_Scenario_10" name="step29_MouseOverElementOnDataListsMenu" time="11.417"/>
  <testcase classname="src.in.valtech.cl.scenarios.TC_Scenario_10" name="step07_ClickOnL3KateLadiesCategory" time="13.314"/>
  <testcase classname="src.in.valtech.cl.scenarios.TC_Scenario_10" name="step02_ClickMyAccountBtn" time="49.468"/>
  <testcase classname="src.in.valtech.cl.scenarios.TC_Scenario_10" name="step104_NavigatedIntoMangetoAndVerifiedOrderStatusInOrdersPage" time="74.901"/>
  <testcase classname="src.in.valtech.cl.scenarios.TC_Scenario_10" name="step105_NaviagtedIntoFOAndVerifiedOrderStatusInMyOrdersPage" time="19.438"/>
  <testcase classname="src.in.valtech.cl.scenarios.TC_Scenario_10" name="step106_NavigatedIntoWMSAndProcessedwithShippingProcess" time="76.550"/>
  <testcase classname="src.in.valtech.cl.scenarios.TC_Scenario_10" name="step38_ClickOnSignInButton" time="42.598"/>
  <testcase classname="src.in.valtech.cl.scenarios.TC_Scenario_10" name="step131_SelectOptionFromResolutionDropdown" time="2.196"/>
  <testcase classname="src.in.valtech.cl.scenarios.TC_Scenario_10" name="step52_VerifiedPrefixNameDpdIsAutoSelectedOrNot" time="0.203"/>
  <testcase classname="src.in.valtech.cl.scenarios.TC_Scenario_10" name="step127_ClickOnAddSelProdToReturnsBtn" time="15.165"/>
  <testcase classname="src.in.valtech.cl.scenarios.TC_Scenario_10" name="step117_VerifiedOrderStatusInOrdersPage" time="130.638"/>
  <testcase classname="src.in.valtech.cl.scenarios.TC_Scenario_10" name="step124_ClickOnReturnItems" time="9.482"/>
  <testcase classname="src.in.valtech.cl.scenarios.TC_Scenario_10" name="step61_VerifyNewlyAddedShippingAddressRadioBtnAndEditLnkTxtAndShippingHeaderTxt" time="12.745"/>
  <testcase classname="src.in.valtech.cl.scenarios.TC_Scenario_10" name="step110_VerifiedOrderStatusInMyOrdersPage" time="0.274"/>
  <testcase classname="src.in.valtech.cl.scenarios.TC_Scenario_10" name="step37_EnteredPasswordField" time="4.208"/>
  <testcase classname="src.in.valtech.cl.scenarios.TC_Scenario_10" name="step28_ClickOnOKbutton" time="12.203"/>
  <testcase classname="src.in.valtech.cl.scenarios.TC_Scenario_10" name="step81_VerifyOrderStatus" time="149.390"/>
  <testcase classname="src.in.valtech.cl.scenarios.TC_Scenario_10" name="step93_VerifiedPickingOrderSuccessMsg" time="5.485"/>
  <testcase classname="src.in.valtech.cl.scenarios.TC_Scenario_10" name="step133_VerifySuccessMsgForRMARequest" time="0.046"/>
  <testcase classname="src.in.valtech.cl.scenarios.TC_Scenario_10" name="step134_SearchFORRMAIDAndVerifyErrorStatus" time="326.649"/>
  <testcase classname="src.in.valtech.cl.scenarios.TC_Scenario_10" name="step25_ClickOnOrdernowBtn" time="30.962"/>
  <testcase classname="src.in.valtech.cl.scenarios.TC_Scenario_10" name="step80_ClickMyOrdersLink" time="8.609"/>
  <testcase classname="src.in.valtech.cl.scenarios.TC_Scenario_10" name="step123_SelectPickupDate" time="9.547"/>
  <testcase classname="src.in.valtech.cl.scenarios.TC_Scenario_10" name="step35_OpenNewTabAndNavigatedtoMagentoBO" time="9.506"/>
  <testcase classname="src.in.valtech.cl.scenarios.TC_Scenario_10" name="step77_VerifiedYourOrderID" time="2.198"/>
  <testcase classname="src.in.valtech.cl.scenarios.TC_Scenario_10" name="step47_ClickUpdateBtn" time="5.185"/>
  <testcase classname="src.in.valtech.cl.scenarios.TC_Scenario_10" name="step42_SearchForProductSeleableStockInBO" time="31.495"/>
  <testcase classname="src.in.valtech.cl.scenarios.TC_Scenario_10" name="step41_ClickProductstxtFromCatalogIcon" time="19.471"/>
  <testcase classname="src.in.valtech.cl.scenarios.TC_Scenario_10" name="step87_VerifySaleableStockDecBy1InWMSAferPlacingTheOrder" time="36.096"/>
  <testcase classname="src.in.valtech.cl.scenarios.TC_Scenario_10" name="step94_NavigatedIntoWMSAndGetBarcodeFromPickingProcess" time="15.066"/>
  <testcase classname="src.in.valtech.cl.scenarios.TC_Scenario_10" name="step136_VerifyOrderConfirmationMailContents" time="6.216"/>
  <testcase classname="src.in.valtech.cl.scenarios.TC_Scenario_10" name="step60_ClickOnSHIPHEREButton" time="8.545"/>
  <testcase classname="src.in.valtech.cl.scenarios.TC_Scenario_10" name="step12_VerifiedColorSwatches" time="2.126"/>
  <testcase classname="src.in.valtech.cl.scenarios.TC_Scenario_10" name="step64_ClickOnContinueToPayemntButton" time="2.280"/>
  <testcase classname="src.in.valtech.cl.scenarios.TC_Scenario_10" name="step53_EnteredFirstNameField" time="2.334"/>
  <testcase classname="src.in.valtech.cl.scenarios.TC_Scenario_10" name="step120_ClickOnCreateReturnsButton" time="8.281"/>
  <testcase classname="src.in.valtech.cl.scenarios.TC_Scenario_10" name="step26_OpenNewTabAndNavigatedtoWMS" time="6.202"/>
  <testcase classname="src.in.valtech.cl.scenarios.TC_Scenario_10" name="step84_ClickOrderstxtFromSalesIcon" time="30.185"/>
  <testcase classname="src.in.valtech.cl.scenarios.TC_Scenario_10" name="step99_CopySKUIDAndEnterinSearchFeildForScanningProductsInPacking" time="8.786"/>
  <testcase classname="src.in.valtech.cl.scenarios.TC_Scenario_10" name="step13_VerifiedAddtoCartbtnInPDP" time="0.046"/>
  <testcase classname="src.in.valtech.cl.scenarios.TC_Scenario_10" name="step08_ScrollDownTillLastSealableProdAndClickOnLastSealableProductInCategoryLandingPage" time="24.691"/>
  <testcase classname="src.in.valtech.cl.scenarios.TC_Scenario_10" name="step63_ClickOnContinueToPayemntButton" time="7.312"/>
  <testcase classname="src.in.valtech.cl.scenarios.TC_Scenario_10" name="step49_ClickOnNewAddressButtonInSAP" time="7.313"/>
  <testcase classname="src.in.valtech.cl.scenarios.TC_Scenario_10" name="step56_EnteredPostCodeField" time="4.646"/>
  <testcase classname="src.in.valtech.cl.scenarios.TC_Scenario_10" name="step66_VerifyCreditCardDetailsInPayment" time="20.176"/>
  <testcase classname="src.in.valtech.cl.scenarios.TC_Scenario_10" name="step3_EnterEmailAddressInLogin" time="4.383"/>
  <testcase classname="src.in.valtech.cl.scenarios.TC_Scenario_10" name="step96_NaviagtedIntoFOAndVerifiedOrderStatusInMyOrdersPage" time="24.142"/>
  <testcase classname="src.in.valtech.cl.scenarios.TC_Scenario_10" name="step128_EnterValueInRequestedField" time="2.167"/>
  <testcase classname="src.in.valtech.cl.scenarios.TC_Scenario_10" name="step78_InitialisedOrderID" time="0.001"/>
  <testcase classname="src.in.valtech.cl.scenarios.TC_Scenario_10" name="step121_EditExistShippingAddressWithWrongZipCodeForRMA" time="41.924"/>
  <testcase classname="src.in.valtech.cl.scenarios.TC_Scenario_10" name="step39_VerifiedDashboardHeaderInBO" time="15.347"/>
  <testcase classname="src.in.valtech.cl.scenarios.TC_Scenario_10" name="step125_ClickOnAddProductButton" time="7.798"/>
  <testcase classname="src.in.valtech.cl.scenarios.TC_Scenario_10" name="step5_ClickOnSignInBtnAndVerifyUserIsInMyAccountPage" time="47.714"/>
  <testcase classname="src.in.valtech.cl.scenarios.TC_Scenario_10" name="step71_EnteredCVVField" time="2.350"/>
  <testcase classname="src.in.valtech.cl.scenarios.TC_Scenario_10" name="step101_EnteredQuantityInAnyRow" time="4.360"/>
  <testcase classname="src.in.valtech.cl.scenarios.TC_Scenario_10" name="step55_EnteredAddressField" time="5.772"/>
  <testcase classname="src.in.valtech.cl.scenarios.TC_Scenario_10" name="step97_NavigatedIntoWMSAndClickOnPackingBtn" time="9.354"/>
  <testcase classname="src.in.valtech.cl.scenarios.TC_Scenario_10" name="step01_NavigatedtoCLHomePage" time="79.507"/>
  <testcase classname="src.in.valtech.cl.scenarios.TC_Scenario_10" name="step130_SelectOptionFromItemConditionDropdown" time="2.256"/>
  <testcase classname="src.in.valtech.cl.scenarios.TC_Scenario_10" name="step4_EnterPasswordInLogin" time="6.130"/>
  <testcase classname="src.in.valtech.cl.scenarios.TC_Scenario_10" name="step44_VerifyNOWrapAndWRapGiftImg" time="2.209"/>
  <testcase classname="src.in.valtech.cl.scenarios.TC_Scenario_10" name="step20_ClickonShippingAndVerifiedContent" time="6.382"/>
  <testcase classname="src.in.valtech.cl.scenarios.TC_Scenario_10" name="step108_NaviagtedIntoMangetoAndVerifiedOrderStatusInOrdersPage" time="70.069"/>
  <testcase classname="src.in.valtech.cl.scenarios.TC_Scenario_10" name="step75_VerifiedSuccessMsgAfterPlacingOrder" time="14.129"/>
  <testcase classname="src.in.valtech.cl.scenarios.TC_Scenario_10" name="step102_ClickOnValidateBtn" time="16.001"/>
  <testcase classname="src.in.valtech.cl.scenarios.TC_Scenario_10" name="step10_VerifiedProductPriceinPDP" time="2.208"/>
  <testcase classname="src.in.valtech.cl.scenarios.TC_Scenario_10" name="step107_VerifiedLabelGenerationErrorMessageMsg" time="2.115"/>
  <testcase classname="src.in.valtech.cl.scenarios.TC_Scenario_10" name="step116_ClickOrderstxtFromSalesIcon" time="14.805"/>
  <testcase classname="src.in.valtech.cl.scenarios.TC_Scenario_10" name="step54_EnteredLastNameField" time="2.251"/>
  <testcase classname="src.in.valtech.cl.scenarios.TC_Scenario_10" name="step51_EnteredAddressNameField" time="2.589"/>
  <testcase classname="src.in.valtech.cl.scenarios.TC_Scenario_10" name="step90_NavigateBackToFOAndClickOnMyOrdersLnk" time="14.519"/>
  <testcase classname="src.in.valtech.cl.scenarios.TC_Scenario_10" name="step14_ClickOnInStoreAvailabilityButtonAndCloseOverlay" time="0.017"/>
  <testcase classname="src.in.valtech.cl.scenarios.TC_Scenario_10" name="step23_VerifiedPDPConfirmationMessagePopUPModal" time="7.662"/>
  <testcase classname="src.in.valtech.cl.scenarios.TC_Scenario_10" name="step46_EnterMsgInGiftMsgFld" time="0.016"/>
  <testcase classname="src.in.valtech.cl.scenarios.TC_Scenario_10" name="step126_ClickOnCheckboxToSelectTheProduct" time="7.196"/>
</testsuite> <!-- src.in.valtech.cl.scenarios.TC_Scenario_10 -->
