<?xml version="1.0" encoding="UTF-8"?>
<!-- Generated by org.testng.reporters.JUnitReportReporter -->
<testsuite hostname="IN-PF42S2RF" failures="2" tests="202" name="src.in.valtech.cl.scenarios.TC_Scenario_08" time="5020.956" errors="0" timestamp="19 Feb 2024 13:52:16 GMT">
  <testcase classname="src.in.valtech.cl.scenarios.TC_Scenario_08" name="step29_VerifiedProductNameinPDP" time="2.126"/>
  <testcase classname="src.in.valtech.cl.scenarios.TC_Scenario_08" name="step67_VerifiedShippingAddressHeaderInCP" time="0.219"/>
  <testcase classname="src.in.valtech.cl.scenarios.TC_Scenario_08" name="step202_ComparedSeleableStockInWMSAndBOBothAreSameAfterRefundTheOrder" time="121.526"/>
  <testcase classname="src.in.valtech.cl.scenarios.TC_Scenario_08" name="step54_MouseOverElementOnDataListsMenu" time="12.529"/>
  <testcase classname="src.in.valtech.cl.scenarios.TC_Scenario_08" name="step153_SelectOptionFromItemConditionDropdown" time="4.634"/>
  <testcase classname="src.in.valtech.cl.scenarios.TC_Scenario_08" name="step188_ClickOrderstxtFromSalesIcon" time="14.863"/>
  <testcase classname="src.in.valtech.cl.scenarios.TC_Scenario_08" name="step209_VerifyOrderConfirmationMailContentsForExchangeOrder" time="6.834"/>
  <testcase classname="src.in.valtech.cl.scenarios.TC_Scenario_08" name="step89_EnteredPostCodeField" time="0.001"/>
  <testcase classname="src.in.valtech.cl.scenarios.TC_Scenario_08" name="step25_MouseoverOnL1BeautyCategory" time="0.697"/>
  <testcase classname="src.in.valtech.cl.scenarios.TC_Scenario_08" name="step157_VerifiedOrderStatusInReturnsPage" time="350.600"/>
  <testcase classname="src.in.valtech.cl.scenarios.TC_Scenario_08" name="step204_VerifyOrderConfirmationMailContents" time="6.350"/>
  <testcase classname="src.in.valtech.cl.scenarios.TC_Scenario_08" name="step121_VerifiedPickingOrderSuccessMsg" time="3.411"/>
  <testcase classname="src.in.valtech.cl.scenarios.TC_Scenario_08" name="step39_ClickonAddToCartButton" time="7.507"/>
  <testcase classname="src.in.valtech.cl.scenarios.TC_Scenario_08" name="step180_ClickOnSalesIcon" time="10.223"/>
  <testcase classname="src.in.valtech.cl.scenarios.TC_Scenario_08" name="step194_NavigatedIntoAdyenAndClickOnPaymentTab" time="77.538"/>
  <testcase classname="src.in.valtech.cl.scenarios.TC_Scenario_08" name="step172_EnterValueInApprovedField" time="4.261"/>
  <testcase classname="src.in.valtech.cl.scenarios.TC_Scenario_08" name="step26_ClickOnL2LipsCategory" time="15.549"/>
  <testcase classname="src.in.valtech.cl.scenarios.TC_Scenario_08" name="step120_PickingOrderProcess" time="69.314"/>
  <testcase classname="src.in.valtech.cl.scenarios.TC_Scenario_08" name="step63_VerifyInitialSaleableStock" time="2.269"/>
  <testcase classname="src.in.valtech.cl.scenarios.TC_Scenario_08" name="step02_OpenNewTabAndNavigatedtoMagentoBO" time="13.115"/>
  <testcase classname="src.in.valtech.cl.scenarios.TC_Scenario_08" name="step95_EnteredExpiryDateField" time="4.414"/>
  <testcase classname="src.in.valtech.cl.scenarios.TC_Scenario_08" name="step146_ClickOnReturnItems" time="9.292"/>
  <testcase classname="src.in.valtech.cl.scenarios.TC_Scenario_08" name="step31_VerifiedProductPriceinPDP" time="2.381"/>
  <testcase classname="src.in.valtech.cl.scenarios.TC_Scenario_08" name="step169_VerifiedOrderStatusInReturnsPage" time="68.132"/>
  <testcase classname="src.in.valtech.cl.scenarios.TC_Scenario_08" name="step94_EnteredCreditNumberField" time="2.841"/>
  <testcase classname="src.in.valtech.cl.scenarios.TC_Scenario_08" name="step181_ReturnstxtFromSalesIconClick" time="19.629"/>
  <testcase classname="src.in.valtech.cl.scenarios.TC_Scenario_08" name="step163_ClickOnRMALink" time="14.372"/>
  <testcase classname="src.in.valtech.cl.scenarios.TC_Scenario_08" name="step196_SwitchToFOTabAndClickOnMyAccountIcon" time="2.177"/>
  <testcase classname="src.in.valtech.cl.scenarios.TC_Scenario_08" name="step110_VerifyOrderDetailsInOrderPage" time="65.500"/>
  <testcase classname="src.in.valtech.cl.scenarios.TC_Scenario_08" name="step19_EnterConfirmPasswordField" time="5.524"/>
  <testcase classname="src.in.valtech.cl.scenarios.TC_Scenario_08" name="step152_SelectAnyOptionFromReturnReasonDropdown" time="4.377"/>
  <testcase classname="src.in.valtech.cl.scenarios.TC_Scenario_08" name="step35_VerifiedColorSwatches" time="2.101"/>
  <testcase classname="src.in.valtech.cl.scenarios.TC_Scenario_08" name="step179_VerifiedOrderStatusInOrdersPage" time="58.896"/>
  <testcase classname="src.in.valtech.cl.scenarios.TC_Scenario_08" name="step32_VerifiedAddtoCartbtnInPDP" time="0.095"/>
  <testcase classname="src.in.valtech.cl.scenarios.TC_Scenario_08" name="step41_VerifiedContinueShoppingAndOrderNowBTn" time="0.075"/>
  <testcase classname="src.in.valtech.cl.scenarios.TC_Scenario_08" name="step138_NavigatedIntoAdyenAndClickOnPaymentTab" time="80.117"/>
  <testcase classname="src.in.valtech.cl.scenarios.TC_Scenario_08" name="step149_ClickOnAddSelProdToReturnsBtn" time="20.383"/>
  <testcase classname="src.in.valtech.cl.scenarios.TC_Scenario_08" name="step69_VerifiedPrefixNameDpdIsAutoSelectedOrNot" time="0.177"/>
  <testcase classname="src.in.valtech.cl.scenarios.TC_Scenario_08" name="step128_CopySKUIDAndEnterinSearchFeildForScanningProductsInPacking" time="12.887"/>
  <testcase classname="src.in.valtech.cl.scenarios.TC_Scenario_08" name="step201_VerifyUserIsInHomepage" time="0.044"/>
  <testcase classname="src.in.valtech.cl.scenarios.TC_Scenario_08" name="step150_EnterValueInRequestedField" time="4.359"/>
  <testcase classname="src.in.valtech.cl.scenarios.TC_Scenario_08" name="step84_EnteredAddressNameField" time="0.000"/>
  <testcase classname="src.in.valtech.cl.scenarios.TC_Scenario_08" name="step12_ClickMyAccountBtn" time="58.618"/>
  <testcase classname="src.in.valtech.cl.scenarios.TC_Scenario_08" name="step175_ClickOnSaveButton" time="13.910"/>
  <testcase classname="src.in.valtech.cl.scenarios.TC_Scenario_08" name="step47_ClickonAddToCartButton" time="7.246"/>
  <testcase classname="src.in.valtech.cl.scenarios.TC_Scenario_08" name="step187_ClickOnSalesIcon" time="10.181"/>
  <testcase classname="src.in.valtech.cl.scenarios.TC_Scenario_08" name="step55_ClickOnProductsFromDataLists" time="10.233"/>
  <testcase classname="src.in.valtech.cl.scenarios.TC_Scenario_08" name="step85_SelectPrefixNameDpdn" time="0.000"/>
  <testcase classname="src.in.valtech.cl.scenarios.TC_Scenario_08" name="step64_VerifyGiftHeadertextAndDefaultGiftWrapSelected" time="2.241"/>
  <testcase classname="src.in.valtech.cl.scenarios.TC_Scenario_08" name="step09_VerifyCustomersHeadertxtInBO" time="10.755"/>
  <testcase classname="src.in.valtech.cl.scenarios.TC_Scenario_08" name="step51_OpenNewTabAndNavigatedtoWMS" time="5.323"/>
  <testcase classname="src.in.valtech.cl.scenarios.TC_Scenario_08" name="step93_ClickOnUpdateBtn" time="0.036"/>
  <testcase classname="src.in.valtech.cl.scenarios.TC_Scenario_08" name="step17_EnterEmailAddressField" time="4.314"/>
  <testcase classname="src.in.valtech.cl.scenarios.TC_Scenario_08" name="step147_ClickOnAddProductButton" time="7.221"/>
  <testcase classname="src.in.valtech.cl.scenarios.TC_Scenario_08" name="step43_MouseOverOnMenHeaderNavigation" time="2.830"/>
  <testcase classname="src.in.valtech.cl.scenarios.TC_Scenario_08" name="step08_ClickAllCustomerstxtFromCustomersIcon" time="14.876"/>
  <testcase classname="src.in.valtech.cl.scenarios.TC_Scenario_08" name="step81_VerifyCreditCardDetailsInPayment" time="20.558"/>
  <testcase classname="src.in.valtech.cl.scenarios.TC_Scenario_08" name="step112_LoggedIntoAdyen" time="43.869"/>
  <testcase classname="src.in.valtech.cl.scenarios.TC_Scenario_08" name="step145_SelectPickupDate" time="9.349"/>
  <testcase classname="src.in.valtech.cl.scenarios.TC_Scenario_08" name="step30_VerifiedProductBrandNametxtInPDP" time="2.152"/>
  <testcase classname="src.in.valtech.cl.scenarios.TC_Scenario_08" name="step23_VerifyUserNameInMYAccount" time="16.374"/>
  <testcase classname="src.in.valtech.cl.scenarios.TC_Scenario_08" name="step159_ClickOnSalesIcon" time="10.164"/>
  <testcase classname="src.in.valtech.cl.scenarios.TC_Scenario_08" name="step162_NaviagtedIntoFOAndVerifiedOrderStatusInMyOrdersPage" time="23.338"/>
  <testcase classname="src.in.valtech.cl.scenarios.TC_Scenario_08" name="step71_EnteredLastNameField" time="2.296"/>
  <testcase classname="src.in.valtech.cl.scenarios.TC_Scenario_08" name="step170_ClickonViewOptioninOrderGrid" time="8.901"/>
  <testcase classname="src.in.valtech.cl.scenarios.TC_Scenario_08" name="step102_VerifiedYourOrderID" time="2.139"/>
  <testcase classname="src.in.valtech.cl.scenarios.TC_Scenario_08" name="step186_VerifySuccessMsgForCreateCreditMemo" time="0.055"/>
  <testcase classname="src.in.valtech.cl.scenarios.TC_Scenario_08" name="step124_NaviagtedIntoMangetoAndVerifiedOrderStatusInOrdersPage" time="191.489"/>
  <testcase classname="src.in.valtech.cl.scenarios.TC_Scenario_08" name="step135_NavigatedIntoWMSAndProcessedwithShippingProcess" time="66.929"/>
  <testcase classname="src.in.valtech.cl.scenarios.TC_Scenario_08" name="step99_ClickOnProceedButtonAtPaymentSection" time="5.553"/>
  <testcase classname="src.in.valtech.cl.scenarios.TC_Scenario_08" name="step129_ClickOnCompletePackingBtn" time="22.202"/>
  <testcase classname="src.in.valtech.cl.scenarios.TC_Scenario_08" name="step136_NavigatedIntoMangetoAndVerifiedOrderStatusInOrdersPage" time="125.505"/>
  <testcase classname="src.in.valtech.cl.scenarios.TC_Scenario_08" name="step92_EnterPhoneNumField" time="0.000"/>
  <testcase classname="src.in.valtech.cl.scenarios.TC_Scenario_08" name="step40_VerifiedPDPConfirmationMessagePopUPModal" time="6.736"/>
  <testcase classname="src.in.valtech.cl.scenarios.TC_Scenario_08" name="step156_VerifySuccessMsgForRMARequest" time="0.048"/>
  <testcase classname="src.in.valtech.cl.scenarios.TC_Scenario_08" name="step38_VerifyMainThumbnailImg" time="0.139"/>
  <testcase classname="src.in.valtech.cl.scenarios.TC_Scenario_08" name="step189_VerifiedOrderStatusInOrdersPage" time="145.353"/>
  <testcase classname="src.in.valtech.cl.scenarios.TC_Scenario_08" name="step192_VerifiedOrderStatusInReturnsPage" time="38.250"/>
  <testcase classname="src.in.valtech.cl.scenarios.TC_Scenario_08" name="step127_EnteredBarcodeAndSearchForPacking" time="19.390"/>
  <testcase classname="src.in.valtech.cl.scenarios.TC_Scenario_08" name="step168_ReturnstxtFromSalesIconClick" time="16.998"/>
  <testcase classname="src.in.valtech.cl.scenarios.TC_Scenario_08" name="step58_VerifyInitialSaleableStock" time="12.152"/>
  <testcase classname="src.in.valtech.cl.scenarios.TC_Scenario_08" name="step122_VerifiedGiftMsg_INPicking" time="0.000"/>
  <testcase classname="src.in.valtech.cl.scenarios.TC_Scenario_08" name="step07_ClickOnCustomersIcon" time="12.341"/>
  <testcase classname="src.in.valtech.cl.scenarios.TC_Scenario_08" name="step119_ComparedSeleableStockInWMSAndBOBothAreSame" time="124.553"/>
  <testcase classname="src.in.valtech.cl.scenarios.TC_Scenario_08" name="step78_ClickOnContinueToPayemntButton" time="8.293"/>
  <testcase classname="src.in.valtech.cl.scenarios.TC_Scenario_08" name="step72_EnteredAddressField" time="5.513"/>
  <testcase classname="src.in.valtech.cl.scenarios.TC_Scenario_08" name="step68_EnteredAddressNameField" time="2.384"/>
  <testcase classname="src.in.valtech.cl.scenarios.TC_Scenario_08" name="step109_VerifiedOrderStatusInOrdersPage" time="439.052"/>
  <testcase classname="src.in.valtech.cl.scenarios.TC_Scenario_08" name="step28_ClickOnProductImg" time="11.644"/>
  <testcase classname="src.in.valtech.cl.scenarios.TC_Scenario_08" name="step104_VerifyOrderdetailsInOrderspage" time="9.793"/>
  <testcase classname="src.in.valtech.cl.scenarios.TC_Scenario_08" name="step185_ClickOnRefundButtonInNewMemoPage" time="21.513"/>
  <testcase classname="src.in.valtech.cl.scenarios.TC_Scenario_08" name="step15_EnterLastNameField" time="4.868"/>
  <testcase classname="src.in.valtech.cl.scenarios.TC_Scenario_08" name="step117_VerifiedSaleableStockQntyDecBy1InBOAferPlacingTheOrder" time="77.667"/>
  <testcase classname="src.in.valtech.cl.scenarios.TC_Scenario_08" name="step206_VerifyReturnRequestConfirmationMailContents" time="6.136"/>
  <testcase classname="src.in.valtech.cl.scenarios.TC_Scenario_08" name="step56_EnterSearchableSKUAndClickOnSubmitFilter" time="28.486"/>
  <testcase classname="src.in.valtech.cl.scenarios.TC_Scenario_08" name="step191_ReturnstxtFromSalesIconClick" time="16.204"/>
  <testcase classname="src.in.valtech.cl.scenarios.TC_Scenario_08" name="step77_VerifyAndClickOnSecondShippingMethod" time="12.696"/>
  <testcase classname="src.in.valtech.cl.scenarios.TC_Scenario_08" name="step06_VerifiedDashboardHeaderInBO" time="10.100"/>
  <testcase classname="src.in.valtech.cl.scenarios.TC_Scenario_08" name="step101_VerifiedSuccessMsgAfterPlacingOrder" time="7.156"/>
  <testcase classname="src.in.valtech.cl.scenarios.TC_Scenario_08" name="step18_EnterPasswordField" time="4.392"/>
  <testcase classname="src.in.valtech.cl.scenarios.TC_Scenario_08" name="step143_ClickOnOrderGridAndVerifiedOrderDetailsPage" time="75.829"/>
  <testcase classname="src.in.valtech.cl.scenarios.TC_Scenario_08" name="step22_VerifyRegisteredSuccessMsgTxt" time="18.251"/>
  <testcase classname="src.in.valtech.cl.scenarios.TC_Scenario_08" name="step139_EnterOrderIDinPaymentTab_adyen" time="42.170"/>
  <testcase classname="src.in.valtech.cl.scenarios.TC_Scenario_08" name="step144_ClickOnCreateReturnsButton" time="7.513"/>
  <testcase classname="src.in.valtech.cl.scenarios.TC_Scenario_08" name="step203_VerifyAccountCreationConfirmationMailContents" time="6.422"/>
  <testcase classname="src.in.valtech.cl.scenarios.TC_Scenario_08" name="step171_ClickOnReturnItems" time="9.338"/>
  <testcase classname="src.in.valtech.cl.scenarios.TC_Scenario_08" name="step148_ClickOnCheckboxToSelectTheProduct" time="14.499"/>
  <testcase classname="src.in.valtech.cl.scenarios.TC_Scenario_08" name="step70_EnteredFirstNameField" time="2.289"/>
  <testcase classname="src.in.valtech.cl.scenarios.TC_Scenario_08" name="step111_OpenNewTabAndNavigatedtoAdyen" time="6.340"/>
  <testcase classname="src.in.valtech.cl.scenarios.TC_Scenario_08" name="step165_ExecuteRMAProcessinWMS" time="36.234"/>
  <testcase classname="src.in.valtech.cl.scenarios.TC_Scenario_08" name="step33_ClickOnInStoreAvailabilityButtonAndCloseOverlay" time="0.010"/>
  <testcase classname="src.in.valtech.cl.scenarios.TC_Scenario_08" name="step133_NavigatedIntoMangetoAndVerifiedOrderStatusInOrdersPage" time="78.018"/>
  <testcase classname="src.in.valtech.cl.scenarios.TC_Scenario_08" name="step173_SelectApprovedOptionFromStatusDropdown" time="0.123"/>
  <testcase classname="src.in.valtech.cl.scenarios.TC_Scenario_08" name="step97_EnteredCardHolderField" time="0.339"/>
  <testcase classname="src.in.valtech.cl.scenarios.TC_Scenario_08" name="step65_EnterMsgInGiftMsgFld" time="0.013"/>
  <testcase classname="src.in.valtech.cl.scenarios.TC_Scenario_08" name="step88_EnteredAddressField" time="0.001"/>
  <testcase classname="src.in.valtech.cl.scenarios.TC_Scenario_08" name="step167_NavigatedIntoMangetoAndClickONSalesIcon" time="12.268"/>
  <testcase classname="src.in.valtech.cl.scenarios.TC_Scenario_08" name="step208_VerifyCreditMemoConfirmationMailContents" time="5.748"/>
  <testcase classname="src.in.valtech.cl.scenarios.TC_Scenario_08" name="step103_ClickMyAccountBtn" time="3.004"/>
  <testcase classname="src.in.valtech.cl.scenarios.TC_Scenario_08" name="step195_VerifyOrderTotalAmtIN_adyen" time="20.044">
    <failure message="no such element: Unable to locate element: {&quot;method&quot;:&quot;xpath&quot;,&quot;selector&quot;:&quot;//td[contains(text(),&#039;11000341327&#039;)]//following-sibling::td[3]&quot;}
  (Session info: chrome=121.0.6167.185)
For documentation on this error, please visit: https://www.seleniumhq.org/exceptions/no_such_element.html
Build info: version: &#039;3.141.59&#039;, revision: &#039;e82be7d358&#039;, time: &#039;2018-11-14T08:17:03&#039;
System info: host: &#039;IN-PF42S2RF&#039;, ip: &#039;192.168.85.57&#039;, os.name: &#039;Windows 10&#039;, os.arch: &#039;amd64&#039;, os.version: &#039;10.0&#039;, java.version: &#039;11.0.2&#039;
Driver info: org.openqa.selenium.chrome.ChromeDriver
Capabilities {acceptInsecureCerts: false, browserName: chrome, browserVersion: 121.0.6167.185, chrome: {chromedriverVersion: 121.0.6167.85 (3f98d690ad7e..., userDataDir: C:\Users\CHAITR~1.BAB\AppDa...}, fedcm:accounts: true, goog:chromeOptions: {debuggerAddress: localhost:62941}, javascriptEnabled: true, networkConnectionEnabled: false, pageLoadStrategy: normal, platform: WINDOWS, platformName: WINDOWS, proxy: Proxy(), setWindowRect: true, strictFileInteractability: false, timeouts: {implicit: 0, pageLoad: 300000, script: 30000}, unhandledPromptBehavior: dismiss and notify, webauthn:extension:credBlob: true, webauthn:extension:largeBlob: true, webauthn:extension:minPinLength: true, webauthn:extension:prf: true, webauthn:virtualAuthenticators: true}
Session ID: 2aa2ccc108631a59febde80d069b4421
*** Element info: {Using=xpath, value=//td[contains(text(),&#039;11000341327&#039;)]//following-sibling::td[3]}" type="org.openqa.selenium.NoSuchElementException">
      <![CDATA[org.openqa.selenium.NoSuchElementException: no such element: Unable to locate element: {"method":"xpath","selector":"//td[contains(text(),'11000341327')]//following-sibling::td[3]"}
  (Session info: chrome=121.0.6167.185)
For documentation on this error, please visit: https://www.seleniumhq.org/exceptions/no_such_element.html
Build info: version: '3.141.59', revision: 'e82be7d358', time: '2018-11-14T08:17:03'
System info: host: 'IN-PF42S2RF', ip: '192.168.85.57', os.name: 'Windows 10', os.arch: 'amd64', os.version: '10.0', java.version: '11.0.2'
Driver info: org.openqa.selenium.chrome.ChromeDriver
Capabilities {acceptInsecureCerts: false, browserName: chrome, browserVersion: 121.0.6167.185, chrome: {chromedriverVersion: 121.0.6167.85 (3f98d690ad7e..., userDataDir: C:\Users\CHAITR~1.BAB\AppDa...}, fedcm:accounts: true, goog:chromeOptions: {debuggerAddress: localhost:62941}, javascriptEnabled: true, networkConnectionEnabled: false, pageLoadStrategy: normal, platform: WINDOWS, platformName: WINDOWS, proxy: Proxy(), setWindowRect: true, strictFileInteractability: false, timeouts: {implicit: 0, pageLoad: 300000, script: 30000}, unhandledPromptBehavior: dismiss and notify, webauthn:extension:credBlob: true, webauthn:extension:largeBlob: true, webauthn:extension:minPinLength: true, webauthn:extension:prf: true, webauthn:virtualAuthenticators: true}
Session ID: 2aa2ccc108631a59febde80d069b4421
*** Element info: {Using=xpath, value=//td[contains(text(),'11000341327')]//following-sibling::td[3]}
	at jdk.internal.reflect.GeneratedConstructorAccessor74.newInstance(Unknown Source)
	at java.base/jdk.internal.reflect.DelegatingConstructorAccessorImpl.newInstance(DelegatingConstructorAccessorImpl.java:45)
	at java.base/java.lang.reflect.Constructor.newInstance(Constructor.java:490)
	at org.openqa.selenium.remote.http.W3CHttpResponseCodec.createException(W3CHttpResponseCodec.java:185)
	at org.openqa.selenium.remote.http.W3CHttpResponseCodec.decode(W3CHttpResponseCodec.java:120)
	at org.openqa.selenium.remote.http.W3CHttpResponseCodec.decode(W3CHttpResponseCodec.java:49)
	at org.openqa.selenium.remote.HttpCommandExecutor.execute(HttpCommandExecutor.java:164)
	at org.openqa.selenium.remote.service.DriverCommandExecutor.execute(DriverCommandExecutor.java:83)
	at org.openqa.selenium.remote.RemoteWebDriver.execute(RemoteWebDriver.java:586)
	at org.openqa.selenium.remote.RemoteWebDriver.findElement(RemoteWebDriver.java:356)
	at org.openqa.selenium.remote.RemoteWebDriver.findElementByXPath(RemoteWebDriver.java:458)
	at org.openqa.selenium.By$ByXPath.findElement(By.java:353)
	at org.openqa.selenium.remote.RemoteWebDriver.findElement(RemoteWebDriver.java:348)
	at src.in.valtech.cl.back.pages.AdyenPage.Verify_AdyenOrderAmount(AdyenPage.java:279)
	at src.in.valtech.cl.scenarios.TC_Scenario_08.step195_VerifyOrderTotalAmtIN_adyen(TC_Scenario_08.java:1799)
	at java.base/jdk.internal.reflect.NativeMethodAccessorImpl.invoke0(Native Method)
	at java.base/jdk.internal.reflect.NativeMethodAccessorImpl.invoke(NativeMethodAccessorImpl.java:62)
	at java.base/jdk.internal.reflect.DelegatingMethodAccessorImpl.invoke(DelegatingMethodAccessorImpl.java:43)
	at java.base/java.lang.reflect.Method.invoke(Method.java:566)
	at org.testng.internal.MethodInvocationHelper.invokeMethod(MethodInvocationHelper.java:80)
	at org.testng.internal.Invoker.invokeMethod(Invoker.java:714)
	at org.testng.internal.Invoker.invokeTestMethod(Invoker.java:901)
	at org.testng.internal.Invoker.invokeTestMethods(Invoker.java:1231)
	at org.testng.internal.TestMethodWorker.invokeTestMethods(TestMethodWorker.java:127)
	at org.testng.internal.TestMethodWorker.run(TestMethodWorker.java:111)
	at org.testng.TestRunner.privateRun(TestRunner.java:767)
	at org.testng.TestRunner.run(TestRunner.java:617)
	at org.testng.SuiteRunner.runTest(SuiteRunner.java:334)
	at org.testng.SuiteRunner.access$000(SuiteRunner.java:37)
	at org.testng.SuiteRunner$SuiteWorker.run(SuiteRunner.java:368)
	at org.testng.internal.thread.ThreadUtil$2.call(ThreadUtil.java:64)
	at java.base/java.util.concurrent.FutureTask.run(FutureTask.java:264)
	at java.base/java.util.concurrent.ThreadPoolExecutor.runWorker(ThreadPoolExecutor.java:1128)
	at java.base/java.util.concurrent.ThreadPoolExecutor$Worker.run(ThreadPoolExecutor.java:628)
	at java.base/java.lang.Thread.run(Thread.java:834)
]]>
    </failure>
  </testcase> <!-- step195_VerifyOrderTotalAmtIN_adyen -->
  <testcase classname="src.in.valtech.cl.scenarios.TC_Scenario_08" name="step13_ClickAccountCreateBtn" time="13.546"/>
  <testcase classname="src.in.valtech.cl.scenarios.TC_Scenario_08" name="step200_VerifySignOutMsg" time="7.186"/>
  <testcase classname="src.in.valtech.cl.scenarios.TC_Scenario_08" name="step86_EnteredFirstNameField" time="0.000"/>
  <testcase classname="src.in.valtech.cl.scenarios.TC_Scenario_08" name="step183_ClickonViewOptioninOrderGrid" time="10.307"/>
  <testcase classname="src.in.valtech.cl.scenarios.TC_Scenario_08" name="step87_EnteredLastNameField" time="0.000"/>
  <testcase classname="src.in.valtech.cl.scenarios.TC_Scenario_08" name="step11_DeletedExistCustomerAccountFromCustomerGridResultInBO" time="50.409"/>
  <testcase classname="src.in.valtech.cl.scenarios.TC_Scenario_08" name="step24_VerifiedMyAccountPageContents" time="13.762"/>
  <testcase classname="src.in.valtech.cl.scenarios.TC_Scenario_08" name="step164_EnterRMAID_SearchForOrderDetails_ClickOnReceptionButton" time="322.592"/>
  <testcase classname="src.in.valtech.cl.scenarios.TC_Scenario_08" name="step49_VerifyProductDetailsInMainCart" time="8.932"/>
  <testcase classname="src.in.valtech.cl.scenarios.TC_Scenario_08" name="step161_VerifiedOrderStatusInOrdersPage" time="56.978"/>
  <testcase classname="src.in.valtech.cl.scenarios.TC_Scenario_08" name="step118_VerifySaleableStockDecBy1InWMSAferPlacingTheOrder" time="36.139"/>
  <testcase classname="src.in.valtech.cl.scenarios.TC_Scenario_08" name="step207_VerifyReturnReceptionConfirmationMailContents" time="5.937"/>
  <testcase classname="src.in.valtech.cl.scenarios.TC_Scenario_08" name="step46_ClickOnSelectYourSizeButtonAndSelectAnySize" time="17.562"/>
  <testcase classname="src.in.valtech.cl.scenarios.TC_Scenario_08" name="step90_EnteredCityField" time="0.000"/>
  <testcase classname="src.in.valtech.cl.scenarios.TC_Scenario_08" name="step05_ClickOnSignInButton" time="45.339"/>
  <testcase classname="src.in.valtech.cl.scenarios.TC_Scenario_08" name="step52_LoggedIntoWMS" time="23.688"/>
  <testcase classname="src.in.valtech.cl.scenarios.TC_Scenario_08" name="step48_ClickonYourCartLnk" time="19.565"/>
  <testcase classname="src.in.valtech.cl.scenarios.TC_Scenario_08" name="step114_ClickOrderIDCheckbox" time="20.075"/>
  <testcase classname="src.in.valtech.cl.scenarios.TC_Scenario_08" name="step82_VerifiedMyBAandSABothSame_CheckboxIsAutoSelected" time="0.051"/>
  <testcase classname="src.in.valtech.cl.scenarios.TC_Scenario_08" name="step34_VerifiedContactUslink" time="0.047"/>
  <testcase classname="src.in.valtech.cl.scenarios.TC_Scenario_08" name="step198_VerifiedOrderStatusInMyOrdersPage" time="44.179"/>
  <testcase classname="src.in.valtech.cl.scenarios.TC_Scenario_08" name="step134_NaviagtedIntoFOAndVerifiedOrderStatusInMyOrdersPage" time="19.490"/>
  <testcase classname="src.in.valtech.cl.scenarios.TC_Scenario_08" name="step108_EnterOrderIDInBOSearchFld" time="16.456"/>
  <testcase classname="src.in.valtech.cl.scenarios.TC_Scenario_08" name="step184_ClickOnRefundOrExchangeButton" time="14.978"/>
  <testcase classname="src.in.valtech.cl.scenarios.TC_Scenario_08" name="step178_ClickOrderstxtFromSalesIcon" time="14.884"/>
  <testcase classname="src.in.valtech.cl.scenarios.TC_Scenario_08" name="step14_SelectValFromPrefixDropdown" time="24.279"/>
  <testcase classname="src.in.valtech.cl.scenarios.TC_Scenario_08" name="step60_OpenNewTabAndNavigatedtoMagentoBO" time="12.328"/>
  <testcase classname="src.in.valtech.cl.scenarios.TC_Scenario_08" name="step44_ClickOnShoesSubcategory" time="24.114"/>
  <testcase classname="src.in.valtech.cl.scenarios.TC_Scenario_08" name="step115_ClickOnAcceptBtn" time="44.240"/>
  <testcase classname="src.in.valtech.cl.scenarios.TC_Scenario_08" name="step80_ClickOnCreditCardRadioBtn" time="7.176"/>
  <testcase classname="src.in.valtech.cl.scenarios.TC_Scenario_08" name="step53_ClickOnOKbutton" time="12.273"/>
  <testcase classname="src.in.valtech.cl.scenarios.TC_Scenario_08" name="step66_ClickUpdateBtn" time="5.406"/>
  <testcase classname="src.in.valtech.cl.scenarios.TC_Scenario_08" name="step107_ClickOrderstxtFromSalesIcon" time="14.225"/>
  <testcase classname="src.in.valtech.cl.scenarios.TC_Scenario_08" name="step59_VerifyReservedStock" time="10.029"/>
  <testcase classname="src.in.valtech.cl.scenarios.TC_Scenario_08" name="step03_EnteredUsernameField" time="6.115"/>
  <testcase classname="src.in.valtech.cl.scenarios.TC_Scenario_08" name="step199_ClickOnSignOutBtn" time="9.480"/>
  <testcase classname="src.in.valtech.cl.scenarios.TC_Scenario_08" name="step174_SelectRejectedOptionFromStatusDropdown" time="0.127"/>
  <testcase classname="src.in.valtech.cl.scenarios.TC_Scenario_08" name="step205_VerifyShippingConfirmationMailContents" time="6.552"/>
  <testcase classname="src.in.valtech.cl.scenarios.TC_Scenario_08" name="step76_EnteredPhoneNumberField" time="4.432"/>
  <testcase classname="src.in.valtech.cl.scenarios.TC_Scenario_08" name="step100_ClickOnProceedButtonAndEntered3DSCredentials" time="33.165"/>
  <testcase classname="src.in.valtech.cl.scenarios.TC_Scenario_08" name="step01_NavigatedtoCLHomePage" time="100.707"/>
  <testcase classname="src.in.valtech.cl.scenarios.TC_Scenario_08" name="step125_NaviagtedIntoFOAndVerifiedOrderStatusInMyOrdersPage" time="29.864"/>
  <testcase classname="src.in.valtech.cl.scenarios.TC_Scenario_08" name="step57_ClickOnDetailsButton" time="12.362"/>
  <testcase classname="src.in.valtech.cl.scenarios.TC_Scenario_08" name="step190_ClickOnSalesIcon" time="10.151"/>
  <testcase classname="src.in.valtech.cl.scenarios.TC_Scenario_08" name="step131_ClickOnValidateBtn" time="15.365"/>
  <testcase classname="src.in.valtech.cl.scenarios.TC_Scenario_08" name="step10_SearchForCustomerAccount" time="10.735"/>
  <testcase classname="src.in.valtech.cl.scenarios.TC_Scenario_08" name="step116_NavigatedIntoMangetoAndVerifiedOrderStatusInOrdersPage" time="162.852"/>
  <testcase classname="src.in.valtech.cl.scenarios.TC_Scenario_08" name="step155_ClickOnSubmitReturnsButton" time="17.689"/>
  <testcase classname="src.in.valtech.cl.scenarios.TC_Scenario_08" name="step113_ClickCaseMgmtOPtionINAdyen" time="22.325"/>
  <testcase classname="src.in.valtech.cl.scenarios.TC_Scenario_08" name="step61_ClickProductstxtFromCatalogIcon" time="25.140"/>
  <testcase classname="src.in.valtech.cl.scenarios.TC_Scenario_08" name="step83_UncheckMyBAandSABothSame_Checkbox" time="0.001"/>
  <testcase classname="src.in.valtech.cl.scenarios.TC_Scenario_08" name="step16_EnterFirstNameField" time="4.269"/>
  <testcase classname="src.in.valtech.cl.scenarios.TC_Scenario_08" name="step96_EnteredCVVField" time="2.368"/>
  <testcase classname="src.in.valtech.cl.scenarios.TC_Scenario_08" name="step177_ClickOnSalesIcon" time="10.158"/>
  <testcase classname="src.in.valtech.cl.scenarios.TC_Scenario_08" name="step36_ClickonProductInfoAndVerifiedContent" time="10.538"/>
  <testcase classname="src.in.valtech.cl.scenarios.TC_Scenario_08" name="step140_VerifyOrderTotalAmtIN_adyen" time="20.098">
    <failure message="no such element: Unable to locate element: {&quot;method&quot;:&quot;xpath&quot;,&quot;selector&quot;:&quot;//td[contains(text(),&#039;11000341327&#039;)]//following-sibling::td[3]&quot;}
  (Session info: chrome=121.0.6167.185)
For documentation on this error, please visit: https://www.seleniumhq.org/exceptions/no_such_element.html
Build info: version: &#039;3.141.59&#039;, revision: &#039;e82be7d358&#039;, time: &#039;2018-11-14T08:17:03&#039;
System info: host: &#039;IN-PF42S2RF&#039;, ip: &#039;192.168.85.57&#039;, os.name: &#039;Windows 10&#039;, os.arch: &#039;amd64&#039;, os.version: &#039;10.0&#039;, java.version: &#039;11.0.2&#039;
Driver info: org.openqa.selenium.chrome.ChromeDriver
Capabilities {acceptInsecureCerts: false, browserName: chrome, browserVersion: 121.0.6167.185, chrome: {chromedriverVersion: 121.0.6167.85 (3f98d690ad7e..., userDataDir: C:\Users\CHAITR~1.BAB\AppDa...}, fedcm:accounts: true, goog:chromeOptions: {debuggerAddress: localhost:62941}, javascriptEnabled: true, networkConnectionEnabled: false, pageLoadStrategy: normal, platform: WINDOWS, platformName: WINDOWS, proxy: Proxy(), setWindowRect: true, strictFileInteractability: false, timeouts: {implicit: 0, pageLoad: 300000, script: 30000}, unhandledPromptBehavior: dismiss and notify, webauthn:extension:credBlob: true, webauthn:extension:largeBlob: true, webauthn:extension:minPinLength: true, webauthn:extension:prf: true, webauthn:virtualAuthenticators: true}
Session ID: 2aa2ccc108631a59febde80d069b4421
*** Element info: {Using=xpath, value=//td[contains(text(),&#039;11000341327&#039;)]//following-sibling::td[3]}" type="org.openqa.selenium.NoSuchElementException">
      <![CDATA[org.openqa.selenium.NoSuchElementException: no such element: Unable to locate element: {"method":"xpath","selector":"//td[contains(text(),'11000341327')]//following-sibling::td[3]"}
  (Session info: chrome=121.0.6167.185)
For documentation on this error, please visit: https://www.seleniumhq.org/exceptions/no_such_element.html
Build info: version: '3.141.59', revision: 'e82be7d358', time: '2018-11-14T08:17:03'
System info: host: 'IN-PF42S2RF', ip: '192.168.85.57', os.name: 'Windows 10', os.arch: 'amd64', os.version: '10.0', java.version: '11.0.2'
Driver info: org.openqa.selenium.chrome.ChromeDriver
Capabilities {acceptInsecureCerts: false, browserName: chrome, browserVersion: 121.0.6167.185, chrome: {chromedriverVersion: 121.0.6167.85 (3f98d690ad7e..., userDataDir: C:\Users\CHAITR~1.BAB\AppDa...}, fedcm:accounts: true, goog:chromeOptions: {debuggerAddress: localhost:62941}, javascriptEnabled: true, networkConnectionEnabled: false, pageLoadStrategy: normal, platform: WINDOWS, platformName: WINDOWS, proxy: Proxy(), setWindowRect: true, strictFileInteractability: false, timeouts: {implicit: 0, pageLoad: 300000, script: 30000}, unhandledPromptBehavior: dismiss and notify, webauthn:extension:credBlob: true, webauthn:extension:largeBlob: true, webauthn:extension:minPinLength: true, webauthn:extension:prf: true, webauthn:virtualAuthenticators: true}
Session ID: 2aa2ccc108631a59febde80d069b4421
*** Element info: {Using=xpath, value=//td[contains(text(),'11000341327')]//following-sibling::td[3]}
	at jdk.internal.reflect.GeneratedConstructorAccessor74.newInstance(Unknown Source)
	at java.base/jdk.internal.reflect.DelegatingConstructorAccessorImpl.newInstance(DelegatingConstructorAccessorImpl.java:45)
	at java.base/java.lang.reflect.Constructor.newInstance(Constructor.java:490)
	at org.openqa.selenium.remote.http.W3CHttpResponseCodec.createException(W3CHttpResponseCodec.java:185)
	at org.openqa.selenium.remote.http.W3CHttpResponseCodec.decode(W3CHttpResponseCodec.java:120)
	at org.openqa.selenium.remote.http.W3CHttpResponseCodec.decode(W3CHttpResponseCodec.java:49)
	at org.openqa.selenium.remote.HttpCommandExecutor.execute(HttpCommandExecutor.java:164)
	at org.openqa.selenium.remote.service.DriverCommandExecutor.execute(DriverCommandExecutor.java:83)
	at org.openqa.selenium.remote.RemoteWebDriver.execute(RemoteWebDriver.java:586)
	at org.openqa.selenium.remote.RemoteWebDriver.findElement(RemoteWebDriver.java:356)
	at org.openqa.selenium.remote.RemoteWebDriver.findElementByXPath(RemoteWebDriver.java:458)
	at org.openqa.selenium.By$ByXPath.findElement(By.java:353)
	at org.openqa.selenium.remote.RemoteWebDriver.findElement(RemoteWebDriver.java:348)
	at src.in.valtech.cl.back.pages.AdyenPage.Verify_AdyenOrderAmount(AdyenPage.java:279)
	at src.in.valtech.cl.scenarios.TC_Scenario_08.step140_VerifyOrderTotalAmtIN_adyen(TC_Scenario_08.java:1345)
	at java.base/jdk.internal.reflect.NativeMethodAccessorImpl.invoke0(Native Method)
	at java.base/jdk.internal.reflect.NativeMethodAccessorImpl.invoke(NativeMethodAccessorImpl.java:62)
	at java.base/jdk.internal.reflect.DelegatingMethodAccessorImpl.invoke(DelegatingMethodAccessorImpl.java:43)
	at java.base/java.lang.reflect.Method.invoke(Method.java:566)
	at org.testng.internal.MethodInvocationHelper.invokeMethod(MethodInvocationHelper.java:80)
	at org.testng.internal.Invoker.invokeMethod(Invoker.java:714)
	at org.testng.internal.Invoker.invokeTestMethod(Invoker.java:901)
	at org.testng.internal.Invoker.invokeTestMethods(Invoker.java:1231)
	at org.testng.internal.TestMethodWorker.invokeTestMethods(TestMethodWorker.java:127)
	at org.testng.internal.TestMethodWorker.run(TestMethodWorker.java:111)
	at org.testng.TestRunner.privateRun(TestRunner.java:767)
	at org.testng.TestRunner.run(TestRunner.java:617)
	at org.testng.SuiteRunner.runTest(SuiteRunner.java:334)
	at org.testng.SuiteRunner.access$000(SuiteRunner.java:37)
	at org.testng.SuiteRunner$SuiteWorker.run(SuiteRunner.java:368)
	at org.testng.internal.thread.ThreadUtil$2.call(ThreadUtil.java:64)
	at java.base/java.util.concurrent.FutureTask.run(FutureTask.java:264)
	at java.base/java.util.concurrent.ThreadPoolExecutor.runWorker(ThreadPoolExecutor.java:1128)
	at java.base/java.util.concurrent.ThreadPoolExecutor$Worker.run(ThreadPoolExecutor.java:628)
	at java.base/java.lang.Thread.run(Thread.java:834)
]]>
    </failure>
  </testcase> <!-- step140_VerifyOrderTotalAmtIN_adyen -->
  <testcase classname="src.in.valtech.cl.scenarios.TC_Scenario_08" name="step141_ComparedSeleableStockInWMSAndBOBothAreSameAfterShippingTheOrder" time="126.161"/>
  <testcase classname="src.in.valtech.cl.scenarios.TC_Scenario_08" name="step37_ClickonShippingAndVerifiedContent" time="5.423"/>
  <testcase classname="src.in.valtech.cl.scenarios.TC_Scenario_08" name="step62_SearchForProductSeleableStockInBO" time="31.043"/>
  <testcase classname="src.in.valtech.cl.scenarios.TC_Scenario_08" name="step91_VerifiedCountryField" time="0.002"/>
  <testcase classname="src.in.valtech.cl.scenarios.TC_Scenario_08" name="step79_VerifyPaymentOptions" time="2.692"/>
  <testcase classname="src.in.valtech.cl.scenarios.TC_Scenario_08" name="step74_EnteredCityField" time="4.275"/>
  <testcase classname="src.in.valtech.cl.scenarios.TC_Scenario_08" name="step176_VerifySuccessMsgForSavedRMARequest" time="0.062"/>
  <testcase classname="src.in.valtech.cl.scenarios.TC_Scenario_08" name="step182_VerifiedOrderStatusInReturnsPage" time="38.468"/>
  <testcase classname="src.in.valtech.cl.scenarios.TC_Scenario_08" name="step42_ClickOnContinueShoppingBtn" time="10.183"/>
  <testcase classname="src.in.valtech.cl.scenarios.TC_Scenario_08" name="step04_EnteredPasswordField" time="5.532"/>
  <testcase classname="src.in.valtech.cl.scenarios.TC_Scenario_08" name="step160_ClickOrderstxtFromSalesIcon" time="13.783"/>
  <testcase classname="src.in.valtech.cl.scenarios.TC_Scenario_08" name="step73_EnteredPostCodeField" time="4.261"/>
  <testcase classname="src.in.valtech.cl.scenarios.TC_Scenario_08" name="step132_ClickOnHomePopupBtn" time="7.182"/>
  <testcase classname="src.in.valtech.cl.scenarios.TC_Scenario_08" name="step106_ClickOnSalesIcon" time="12.238"/>
  <testcase classname="src.in.valtech.cl.scenarios.TC_Scenario_08" name="step123_NavigatedIntoWMSAndGetBarcodeFromPickingProcess" time="15.090"/>
  <testcase classname="src.in.valtech.cl.scenarios.TC_Scenario_08" name="step197_ClickOnMyOrdersLink" time="13.967"/>
  <testcase classname="src.in.valtech.cl.scenarios.TC_Scenario_08" name="step75_VerifiedCountryField" time="2.156"/>
  <testcase classname="src.in.valtech.cl.scenarios.TC_Scenario_08" name="step21_ClickCreateCustomerAccountBtn" time="6.714"/>
  <testcase classname="src.in.valtech.cl.scenarios.TC_Scenario_08" name="step130_EnteredQuantityInAnyRow" time="4.208"/>
  <testcase classname="src.in.valtech.cl.scenarios.TC_Scenario_08" name="step20_ClickTermsConditionCheckbox" time="20.601"/>
  <testcase classname="src.in.valtech.cl.scenarios.TC_Scenario_08" name="step126_NavigatedIntoWMSAndClickOnPackingBtn" time="10.068"/>
  <testcase classname="src.in.valtech.cl.scenarios.TC_Scenario_08" name="step137_NaviagtedIntoFOAndVerifiedOrderStatusInMyOrdersPage" time="21.053"/>
  <testcase classname="src.in.valtech.cl.scenarios.TC_Scenario_08" name="step45_ClickOnProductImg" time="15.578"/>
  <testcase classname="src.in.valtech.cl.scenarios.TC_Scenario_08" name="step50_ClickOnProceedToCheckOutCTA" time="20.529"/>
  <testcase classname="src.in.valtech.cl.scenarios.TC_Scenario_08" name="step154_SelectOptionFromResolutionDropdown" time="4.333"/>
  <testcase classname="src.in.valtech.cl.scenarios.TC_Scenario_08" name="step98_CheckedOnPrivacyPolicyAndReturnPolicyCheckbox" time="14.383"/>
</testsuite> <!-- src.in.valtech.cl.scenarios.TC_Scenario_08 -->
