<?xml version="1.0" encoding="UTF-8"?>
<!-- Generated by org.testng.reporters.JUnitReportReporter -->
<testsuite hostname="IN-PF42S2RF" failures="0" tests="137" name="src.in.valtech.cl.scenarios.TC_Scenario_05" time="3015.098" errors="0" timestamp="19 Feb 2024 13:52:16 GMT">
  <testcase classname="src.in.valtech.cl.scenarios.TC_Scenario_05" name="step98_VerifiedOrderStatusInMyOrdersPage" time="135.108"/>
  <testcase classname="src.in.valtech.cl.scenarios.TC_Scenario_05" name="step17_VerifiedProductImageAndThumbnailImageinPDP" time="0.119"/>
  <testcase classname="src.in.valtech.cl.scenarios.TC_Scenario_05" name="step61_VerifiedProductPriceinPDP" time="2.473"/>
  <testcase classname="src.in.valtech.cl.scenarios.TC_Scenario_05" name="step58_SearchForProductSeleableStockInBO" time="31.041"/>
  <testcase classname="src.in.valtech.cl.scenarios.TC_Scenario_05" name="step138_VerifyShippingConfirmationMailContents" time="5.989"/>
  <testcase classname="src.in.valtech.cl.scenarios.TC_Scenario_05" name="step28_ClickonAddToCartButton" time="7.625"/>
  <testcase classname="src.in.valtech.cl.scenarios.TC_Scenario_05" name="step76_ClickOnCreditCardRadioBtn" time="7.356"/>
  <testcase classname="src.in.valtech.cl.scenarios.TC_Scenario_05" name="step111_CopySKUIDAndEnterinSearchFeildForScanningProductsInPacking" time="8.592"/>
  <testcase classname="src.in.valtech.cl.scenarios.TC_Scenario_05" name="step20_VerifiedWishlistIconinPDP" time="1.066"/>
  <testcase classname="src.in.valtech.cl.scenarios.TC_Scenario_05" name="step50_VerifyReservedStock" time="10.050"/>
  <testcase classname="src.in.valtech.cl.scenarios.TC_Scenario_05" name="step115_ClickOnHomePopupBtn" time="7.315"/>
  <testcase classname="src.in.valtech.cl.scenarios.TC_Scenario_05" name="step84_VerifiedSuccessMsgAfterPlacingOrder" time="15.753"/>
  <testcase classname="src.in.valtech.cl.scenarios.TC_Scenario_05" name="step62_ClickOnNewAddressButtonInSAP" time="7.982"/>
  <testcase classname="src.in.valtech.cl.scenarios.TC_Scenario_05" name="step04_VerificationOfFooterHeaderText" time="1.052"/>
  <testcase classname="src.in.valtech.cl.scenarios.TC_Scenario_05" name="step125_NavigatedIntoMangetoAndClickOnSaleIcon" time="16.625"/>
  <testcase classname="src.in.valtech.cl.scenarios.TC_Scenario_05" name="step27_ClickonProductCareAndVerifiedContent" time="5.600"/>
  <testcase classname="src.in.valtech.cl.scenarios.TC_Scenario_05" name="step97_ClickOnMyOrdersLink" time="11.276"/>
  <testcase classname="src.in.valtech.cl.scenarios.TC_Scenario_05" name="step112_ClickOnCompletePackingBtn" time="22.268"/>
  <testcase classname="src.in.valtech.cl.scenarios.TC_Scenario_05" name="step41_VerifiedShippingAddressHeaderInCP" time="0.121"/>
  <testcase classname="src.in.valtech.cl.scenarios.TC_Scenario_05" name="step110_EnteredBarcodeAndSearchForPacking" time="19.866"/>
  <testcase classname="src.in.valtech.cl.scenarios.TC_Scenario_05" name="step22_ClickOnSelectYourSizeButtonAndSelectAnySize" time="17.779"/>
  <testcase classname="src.in.valtech.cl.scenarios.TC_Scenario_05" name="step107_VerifiedOrderStatusInMyOrdersPage" time="0.090"/>
  <testcase classname="src.in.valtech.cl.scenarios.TC_Scenario_05" name="step02_VerificationOfHomepageLogo" time="75.914"/>
  <testcase classname="src.in.valtech.cl.scenarios.TC_Scenario_05" name="step12_ClickOnSignInBtn" time="9.345"/>
  <testcase classname="src.in.valtech.cl.scenarios.TC_Scenario_05" name="step14_MouseOverElementOnGentlemenL1Category" time="0.744"/>
  <testcase classname="src.in.valtech.cl.scenarios.TC_Scenario_05" name="step08_ClickMyAccountBtn" time="5.560"/>
  <testcase classname="src.in.valtech.cl.scenarios.TC_Scenario_05" name="step127_EditExistShippingAndBillingAddressWithNewShippingAddressForRMA" time="112.376"/>
  <testcase classname="src.in.valtech.cl.scenarios.TC_Scenario_05" name="step40_ClickOnUpdateButtonInCP" time="5.225"/>
  <testcase classname="src.in.valtech.cl.scenarios.TC_Scenario_05" name="step81_EnteredCardHolderField" time="0.322"/>
  <testcase classname="src.in.valtech.cl.scenarios.TC_Scenario_05" name="step82_CheckedOnPrivacyPolicyAndReturnPolicyCheckbox" time="14.444"/>
  <testcase classname="src.in.valtech.cl.scenarios.TC_Scenario_05" name="step99_NavigatedIntoMagentoAndVerifiedSaleableStockQntyDecBy1InBOAferPlacingTheOrder" time="65.020"/>
  <testcase classname="src.in.valtech.cl.scenarios.TC_Scenario_05" name="step36_ClickOnProceedToCheckOutCTA" time="24.940"/>
  <testcase classname="src.in.valtech.cl.scenarios.TC_Scenario_05" name="step31_ClickonYourCartLinkInConfirmationOverlay" time="15.463"/>
  <testcase classname="src.in.valtech.cl.scenarios.TC_Scenario_05" name="step83_ClickOnProceedButton" time="5.167"/>
  <testcase classname="src.in.valtech.cl.scenarios.TC_Scenario_05" name="step30_ClickonAddToCartButton" time="35.731"/>
  <testcase classname="src.in.valtech.cl.scenarios.TC_Scenario_05" name="step72_VerifiedShippingMethodsHeaderInCP" time="0.075"/>
  <testcase classname="src.in.valtech.cl.scenarios.TC_Scenario_05" name="step05_VerificationOfFooterLinks" time="1.261"/>
  <testcase classname="src.in.valtech.cl.scenarios.TC_Scenario_05" name="step51_OpenNewTabAndNavigatedtoMagentoBO" time="9.760"/>
  <testcase classname="src.in.valtech.cl.scenarios.TC_Scenario_05" name="step47_EnterSearchableSKUAndClickOnSubmitFilter" time="21.978"/>
  <testcase classname="src.in.valtech.cl.scenarios.TC_Scenario_05" name="step11_EnterPasswordInLogin" time="4.289"/>
  <testcase classname="src.in.valtech.cl.scenarios.TC_Scenario_05" name="step74_ClickOnContinueToPayemntButton" time="7.188"/>
  <testcase classname="src.in.valtech.cl.scenarios.TC_Scenario_05" name="step117_SwitchToFOTabAndClickOnMyAccountIcon" time="8.857"/>
  <testcase classname="src.in.valtech.cl.scenarios.TC_Scenario_05" name="step44_ClickOnOKbutton" time="12.171"/>
  <testcase classname="src.in.valtech.cl.scenarios.TC_Scenario_05" name="step88_ClickOnMyAccountIcon" time="4.671"/>
  <testcase classname="src.in.valtech.cl.scenarios.TC_Scenario_05" name="step123_SwitchToFOTabAndClickOnMyAccountIcon" time="8.747"/>
  <testcase classname="src.in.valtech.cl.scenarios.TC_Scenario_05" name="step53_EnteredPasswordField" time="4.382"/>
  <testcase classname="src.in.valtech.cl.scenarios.TC_Scenario_05" name="step128_GenerateOrdersWithLabelReadyToBeReprintedInWMS" time="27.507"/>
  <testcase classname="src.in.valtech.cl.scenarios.TC_Scenario_05" name="step52_EnteredUsernameField" time="4.283"/>
  <testcase classname="src.in.valtech.cl.scenarios.TC_Scenario_05" name="step63_EnteredAddressNameField" time="2.284"/>
  <testcase classname="src.in.valtech.cl.scenarios.TC_Scenario_05" name="step34_ClickOnDecreaseQtyIcon" time="18.789"/>
  <testcase classname="src.in.valtech.cl.scenarios.TC_Scenario_05" name="step75_VerifiedPaymentoptions" time="2.292"/>
  <testcase classname="src.in.valtech.cl.scenarios.TC_Scenario_05" name="step100_VerifySaleableStockDecBy1InWMSAferPlacingTheOrder" time="50.728"/>
  <testcase classname="src.in.valtech.cl.scenarios.TC_Scenario_05" name="step24_VerifiedContactUslinkAndColourSwatchesInPDP" time="23.192"/>
  <testcase classname="src.in.valtech.cl.scenarios.TC_Scenario_05" name="step109_NavigatedIntoWMSAndClickOnPackingBtn" time="7.206"/>
  <testcase classname="src.in.valtech.cl.scenarios.TC_Scenario_05" name="step29_VerifiedContentInConfirmationOverlay" time="11.732"/>
  <testcase classname="src.in.valtech.cl.scenarios.TC_Scenario_05" name="step78_EnteredCreditNumberField" time="4.945"/>
  <testcase classname="src.in.valtech.cl.scenarios.TC_Scenario_05" name="step133_SwitchToFOTabAndClickOnMyAccountIcon" time="21.867"/>
  <testcase classname="src.in.valtech.cl.scenarios.TC_Scenario_05" name="step23_ClickOnInStoreAvailabilityButtonAndCloseOverlay" time="6.343"/>
  <testcase classname="src.in.valtech.cl.scenarios.TC_Scenario_05" name="step122_NaviagtedIntoMangetoAndVerifiedOrderStatusInOrdersPage" time="70.496"/>
  <testcase classname="src.in.valtech.cl.scenarios.TC_Scenario_05" name="step15_ClickOnL3LouisGentlemenCategory" time="11.843"/>
  <testcase classname="src.in.valtech.cl.scenarios.TC_Scenario_05" name="step126_ClickonViewOptioninOrderGrid" time="52.779"/>
  <testcase classname="src.in.valtech.cl.scenarios.TC_Scenario_05" name="step19_VerifiedProductBrandNameAndProductPriceinPDP" time="4.249"/>
  <testcase classname="src.in.valtech.cl.scenarios.TC_Scenario_05" name="step66_EnteredLastNameField" time="2.345"/>
  <testcase classname="src.in.valtech.cl.scenarios.TC_Scenario_05" name="step104_NaviagtedIntoMangetoAndVerifiedOrderStatusInOrdersPage" time="189.927"/>
  <testcase classname="src.in.valtech.cl.scenarios.TC_Scenario_05" name="step69_EnteredCityField" time="1.139"/>
  <testcase classname="src.in.valtech.cl.scenarios.TC_Scenario_05" name="step56_ClickOnCatalogIcon" time="10.296"/>
  <testcase classname="src.in.valtech.cl.scenarios.TC_Scenario_05" name="step96_NavigatedIntoFOAndClickOnMyAccountIcon" time="2.769"/>
  <testcase classname="src.in.valtech.cl.scenarios.TC_Scenario_05" name="step07_VerificationOfFooterSocialIcons" time="0.253"/>
  <testcase classname="src.in.valtech.cl.scenarios.TC_Scenario_05" name="step116_NavigatedIntoMangetoAndVerifiedOrderStatusInOrdersPage" time="73.303"/>
  <testcase classname="src.in.valtech.cl.scenarios.TC_Scenario_05" name="step131_VerifiedOrdersHeaderInBO" time="10.120"/>
  <testcase classname="src.in.valtech.cl.scenarios.TC_Scenario_05" name="step118_ClickOnMyOrdersLink" time="9.279"/>
  <testcase classname="src.in.valtech.cl.scenarios.TC_Scenario_05" name="step46_ClickOnProductsFromDataLists" time="10.280"/>
  <testcase classname="src.in.valtech.cl.scenarios.TC_Scenario_05" name="step130_ClickOrderstxtFromSalesIcon" time="19.757"/>
  <testcase classname="src.in.valtech.cl.scenarios.TC_Scenario_05" name="step16_ScrollDownTillLastSealableProdAndClickOnLastSealableProductInCategoryLandingPage" time="25.084"/>
  <testcase classname="src.in.valtech.cl.scenarios.TC_Scenario_05" name="step103_VerifiedPickingOrderSuccessMsg" time="3.413"/>
  <testcase classname="src.in.valtech.cl.scenarios.TC_Scenario_05" name="step79_EnteredExpiryDateField" time="4.669"/>
  <testcase classname="src.in.valtech.cl.scenarios.TC_Scenario_05" name="step129_NavigatedIntoMangetoAndClickOnSalesIcon" time="12.383"/>
  <testcase classname="src.in.valtech.cl.scenarios.TC_Scenario_05" name="step38_VerifiedGiftOptionsHeaderInCP" time="0.062"/>
  <testcase classname="src.in.valtech.cl.scenarios.TC_Scenario_05" name="step92_NavigatedBackToMagentoAndClickOnSalesIcon" time="12.274"/>
  <testcase classname="src.in.valtech.cl.scenarios.TC_Scenario_05" name="step48_ClickOnDetailsButton" time="14.227"/>
  <testcase classname="src.in.valtech.cl.scenarios.TC_Scenario_05" name="step120_NavigatedIntoWMSAndProcessedwithShippingProcess" time="76.279"/>
  <testcase classname="src.in.valtech.cl.scenarios.TC_Scenario_05" name="step01_NavigatedtoCLHomePage" time="88.281"/>
  <testcase classname="src.in.valtech.cl.scenarios.TC_Scenario_05" name="step26_ClickonShippingAndVerifiedContent" time="5.392"/>
  <testcase classname="src.in.valtech.cl.scenarios.TC_Scenario_05" name="step39_ScrollDownTillGiftWrappingImgAndSelectedInCP" time="0.063"/>
  <testcase classname="src.in.valtech.cl.scenarios.TC_Scenario_05" name="step90_VerifiedOrderStatusInMyOrdersPage" time="46.248"/>
  <testcase classname="src.in.valtech.cl.scenarios.TC_Scenario_05" name="step119_VerifiedOrderStatusInMyOrdersPage" time="0.078"/>
  <testcase classname="src.in.valtech.cl.scenarios.TC_Scenario_05" name="step21_ClickOnSizeGuideAndCloseOverlay" time="8.663"/>
  <testcase classname="src.in.valtech.cl.scenarios.TC_Scenario_05" name="step32_VerifiedMyCartHeaderInMCP" time="0.048"/>
  <testcase classname="src.in.valtech.cl.scenarios.TC_Scenario_05" name="step09_VerificationOfAllTxtLnkBtn_InMyAccountModal" time="6.182"/>
  <testcase classname="src.in.valtech.cl.scenarios.TC_Scenario_05" name="step89_ClickOnMyOrdersLink" time="9.479"/>
  <testcase classname="src.in.valtech.cl.scenarios.TC_Scenario_05" name="step64_VerifiedPrefixNameDpdIsAutoSelectedOrNot" time="1.104"/>
  <testcase classname="src.in.valtech.cl.scenarios.TC_Scenario_05" name="step113_EnteredQuantityInAnyRow" time="4.204"/>
  <testcase classname="src.in.valtech.cl.scenarios.TC_Scenario_05" name="step73_ClickOnThirdShippingMethodRadioButton" time="12.326"/>
  <testcase classname="src.in.valtech.cl.scenarios.TC_Scenario_05" name="step59_VerifyInitialSaleableStock" time="2.273"/>
  <testcase classname="src.in.valtech.cl.scenarios.TC_Scenario_05" name="step77_VerifiedMyBAandSABothSame_CheckboxIsAutoSelected" time="0.000"/>
  <testcase classname="src.in.valtech.cl.scenarios.TC_Scenario_05" name="step68_EnteredPostCodeField" time="4.336"/>
  <testcase classname="src.in.valtech.cl.scenarios.TC_Scenario_05" name="step10_EnterEmailAddressInLogin" time="3.833"/>
  <testcase classname="src.in.valtech.cl.scenarios.TC_Scenario_05" name="step13_VerifiedMyAccountInfoInMAP" time="33.347"/>
  <testcase classname="src.in.valtech.cl.scenarios.TC_Scenario_05" name="step105_NavigatedIntoFOAndClickOnMyAccountIcon" time="18.253"/>
  <testcase classname="src.in.valtech.cl.scenarios.TC_Scenario_05" name="step37_VerifyLoginSectionAtCheckoutStep1" time="6.403"/>
  <testcase classname="src.in.valtech.cl.scenarios.TC_Scenario_05" name="step101_ComparedSeleableStockInWMSAndBOBothAreSame" time="90.290"/>
  <testcase classname="src.in.valtech.cl.scenarios.TC_Scenario_05" name="step33_VerifyDetails_MainCart" time="22.668"/>
  <testcase classname="src.in.valtech.cl.scenarios.TC_Scenario_05" name="step94_VerifiedOrdersHeaderInBO" time="10.201"/>
  <testcase classname="src.in.valtech.cl.scenarios.TC_Scenario_05" name="step71_ClickOnSHIPHEREButton" time="7.331"/>
  <testcase classname="src.in.valtech.cl.scenarios.TC_Scenario_05" name="step54_ClickOnSignInButton" time="42.442"/>
  <testcase classname="src.in.valtech.cl.scenarios.TC_Scenario_05" name="step108_NavigatedIntoWMSAndGetBarcodeFromPickingProcess" time="17.070"/>
  <testcase classname="src.in.valtech.cl.scenarios.TC_Scenario_05" name="step121_VerifiedLabelGenerationErrorMessageMsg" time="2.142"/>
  <testcase classname="src.in.valtech.cl.scenarios.TC_Scenario_05" name="step70_EnteredPhoneNumberField" time="1.113"/>
  <testcase classname="src.in.valtech.cl.scenarios.TC_Scenario_05" name="step134_ClickOnMyOrdersLink" time="9.191"/>
  <testcase classname="src.in.valtech.cl.scenarios.TC_Scenario_05" name="step124_VerifiedOrderStatusInMyOrdersPage" time="0.280"/>
  <testcase classname="src.in.valtech.cl.scenarios.TC_Scenario_05" name="step132_VerifiedOrderStatusInOrdersPage" time="132.961"/>
  <testcase classname="src.in.valtech.cl.scenarios.TC_Scenario_05" name="step06_VerificationOfFooterSocialIconText" time="2.280"/>
  <testcase classname="src.in.valtech.cl.scenarios.TC_Scenario_05" name="step57_ClickProductstxtFromCatalogIcon" time="19.395"/>
  <testcase classname="src.in.valtech.cl.scenarios.TC_Scenario_05" name="step55_VerifiedDashboardHeaderInBO" time="15.168"/>
  <testcase classname="src.in.valtech.cl.scenarios.TC_Scenario_05" name="step135_VerifiedOrderStatusInMyOrdersPage" time="45.941"/>
  <testcase classname="src.in.valtech.cl.scenarios.TC_Scenario_05" name="step67_EnteredAddressField" time="5.914"/>
  <testcase classname="src.in.valtech.cl.scenarios.TC_Scenario_05" name="step25_ClickonProductInfoAndVerifiedContent" time="13.893"/>
  <testcase classname="src.in.valtech.cl.scenarios.TC_Scenario_05" name="step85_VerifiedContinueShoppingButton" time="0.665"/>
  <testcase classname="src.in.valtech.cl.scenarios.TC_Scenario_05" name="step18_VerifiedProductNameinPDP" time="2.113"/>
  <testcase classname="src.in.valtech.cl.scenarios.TC_Scenario_05" name="step86_VerifiedYourOrderID" time="2.241"/>
  <testcase classname="src.in.valtech.cl.scenarios.TC_Scenario_05" name="step137_VerifyOrderConfirmationMailContents" time="5.919"/>
  <testcase classname="src.in.valtech.cl.scenarios.TC_Scenario_05" name="step136_ComparedSeleableStockInWMSAndBOBothAreSameAfterShippingTheOrder" time="130.584"/>
  <testcase classname="src.in.valtech.cl.scenarios.TC_Scenario_05" name="step49_VerifyInitialSaleableStock" time="12.218"/>
  <testcase classname="src.in.valtech.cl.scenarios.TC_Scenario_05" name="step35_ComparingTotalCorrectSummaryAmountAfterRemovingOneProductQnty" time="0.176"/>
  <testcase classname="src.in.valtech.cl.scenarios.TC_Scenario_05" name="step95_VerifiedOrderStatusInOrdersPage" time="425.312"/>
  <testcase classname="src.in.valtech.cl.scenarios.TC_Scenario_05" name="step03_VerificationOfProductWidgets" time="0.466"/>
  <testcase classname="src.in.valtech.cl.scenarios.TC_Scenario_05" name="step42_OpenNewTabAndNavigatedtoWMS" time="6.037"/>
  <testcase classname="src.in.valtech.cl.scenarios.TC_Scenario_05" name="step43_LoggedIntoWMS" time="23.614"/>
  <testcase classname="src.in.valtech.cl.scenarios.TC_Scenario_05" name="step87_InitialisedOrderID" time="0.008"/>
  <testcase classname="src.in.valtech.cl.scenarios.TC_Scenario_05" name="step106_ClickOnMyOrdersLink" time="8.488"/>
  <testcase classname="src.in.valtech.cl.scenarios.TC_Scenario_05" name="step114_ClickOnValidateBtn" time="15.371"/>
  <testcase classname="src.in.valtech.cl.scenarios.TC_Scenario_05" name="step45_MouseOverElementOnDataListsMenu" time="12.465"/>
  <testcase classname="src.in.valtech.cl.scenarios.TC_Scenario_05" name="step93_ClickOrderstxtFromSalesIcon" time="14.827"/>
  <testcase classname="src.in.valtech.cl.scenarios.TC_Scenario_05" name="step65_EnteredFirstNameField" time="2.360"/>
  <testcase classname="src.in.valtech.cl.scenarios.TC_Scenario_05" name="step80_EnteredCVVField" time="2.297"/>
  <testcase classname="src.in.valtech.cl.scenarios.TC_Scenario_05" name="step102_NavigatedIntoWMSAndPickingOrderProcess" time="69.706"/>
  <testcase classname="src.in.valtech.cl.scenarios.TC_Scenario_05" name="step60_NavigatedIntoFOAndVerifiedProductNameinPDP" time="4.268"/>
</testsuite> <!-- src.in.valtech.cl.scenarios.TC_Scenario_05 -->
