<?xml version="1.0" encoding="UTF-8"?>
<testsuite xmlns:xsi="http://www.w3.org/2001/XMLSchema-instance" xsi:noNamespaceSchemaLocation="https://maven.apache.org/surefire/maven-surefire-plugin/xsd/surefire-test-report.xsd" name="TestSuite" time="5,212.556" tests="1576" errors="0" skipped="0" failures="71">
  <properties>
    <property name="sun.desktop" value="windows"/>
    <property name="awt.toolkit" value="sun.awt.windows.WToolkit"/>
    <property name="java.specification.version" value="11"/>
    <property name="sun.cpu.isalist" value="amd64"/>
    <property name="sun.jnu.encoding" value="Cp1252"/>
    <property name="java.class.path" value="C:\Users\Chaitra.Babar\.m2\repository\org\apache\maven\surefire\surefire-booter\2.21.0\surefire-booter-2.21.0.jar;C:\Users\Chaitra.Babar\.m2\repository\org\apache\maven\surefire\surefire-api\2.21.0\surefire-api-2.21.0.jar;C:\Users\Chaitra.Babar\.m2\repository\org\apache\maven\surefire\surefire-logger-api\2.21.0\surefire-logger-api-2.21.0.jar;C:\Users\Chaitra.Babar\Desktop\CL Automation_2024\ChristianLouboutinFramework\target\test-classes;C:\Users\Chaitra.Babar\Desktop\CL Automation_2024\ChristianLouboutinFramework\target\classes;C:\Users\Chaitra.Babar\.m2\repository\junit\junit\4.11\junit-4.11.jar;C:\Users\Chaitra.Babar\.m2\repository\org\hamcrest\hamcrest-core\1.3\hamcrest-core-1.3.jar;C:\Users\Chaitra.Babar\.m2\repository\org\testng\testng\6.8\testng-6.8.jar;C:\Users\Chaitra.Babar\.m2\repository\org\beanshell\bsh\2.0b4\bsh-2.0b4.jar;C:\Users\Chaitra.Babar\.m2\repository\com\beust\jcommander\1.27\jcommander-1.27.jar;C:\Users\Chaitra.Babar\.m2\repository\org\yaml\snakeyaml\1.6\snakeyaml-1.6.jar;C:\Users\Chaitra.Babar\.m2\repository\org\seleniumhq\selenium\selenium-remote-driver\3.6.0\selenium-remote-driver-3.6.0.jar;C:\Users\Chaitra.Babar\.m2\repository\net\bytebuddy\byte-buddy\1.7.5\byte-buddy-1.7.5.jar;C:\Users\Chaitra.Babar\.m2\repository\org\apache\commons\commons-exec\1.3\commons-exec-1.3.jar;C:\Users\Chaitra.Babar\.m2\repository\commons-codec\commons-codec\1.10\commons-codec-1.10.jar;C:\Users\Chaitra.Babar\.m2\repository\commons-logging\commons-logging\1.2\commons-logging-1.2.jar;C:\Users\Chaitra.Babar\.m2\repository\com\google\code\gson\gson\2.8.0\gson-2.8.0.jar;C:\Users\Chaitra.Babar\.m2\repository\org\apache\httpcomponents\httpclient\4.5.3\httpclient-4.5.3.jar;C:\Users\Chaitra.Babar\.m2\repository\org\apache\httpcomponents\httpcore\4.4.6\httpcore-4.4.6.jar;C:\Users\Chaitra.Babar\.m2\repository\net\java\dev\jna\jna\4.1.0\jna-4.1.0.jar;C:\Users\Chaitra.Babar\.m2\repository\net\java\dev\jna\jna-platform\4.1.0\jna-platform-4.1.0.jar;C:\Users\Chaitra.Babar\.m2\repository\log4j\log4j\1.2.17\log4j-1.2.17.jar;C:\Users\Chaitra.Babar\.m2\repository\org\apache\logging\log4j\log4j-core\2.14.1\log4j-core-2.14.1.jar;C:\Users\Chaitra.Babar\.m2\repository\org\apache\logging\log4j\log4j-api\2.14.1\log4j-api-2.14.1.jar;C:\Users\Chaitra.Babar\.m2\repository\org\slf4j\slf4j-jdk14\2.0.0-alpha0\slf4j-jdk14-2.0.0-alpha0.jar;C:\Users\Chaitra.Babar\.m2\repository\org\slf4j\slf4j-api\2.0.0-alpha0\slf4j-api-2.0.0-alpha0.jar;C:\Users\Chaitra.Babar\.m2\repository\com\codoid\products\fillo\1.18\fillo-1.18.jar;C:\Users\Chaitra.Babar\.m2\repository\com\browserstack\browserstack-local-java\1.0.6\browserstack-local-java-1.0.6.jar;C:\Users\Chaitra.Babar\.m2\repository\commons-io\commons-io\1.3.2\commons-io-1.3.2.jar;C:\Users\Chaitra.Babar\.m2\repository\org\json\json\20160212\json-20160212.jar;C:\Users\Chaitra.Babar\.m2\repository\org\seleniumhq\selenium\selenium-java\3.141.59\selenium-java-3.141.59.jar;C:\Users\Chaitra.Babar\.m2\repository\org\seleniumhq\selenium\selenium-chrome-driver\3.141.59\selenium-chrome-driver-3.141.59.jar;C:\Users\Chaitra.Babar\.m2\repository\org\seleniumhq\selenium\selenium-edge-driver\3.141.59\selenium-edge-driver-3.141.59.jar;C:\Users\Chaitra.Babar\.m2\repository\org\seleniumhq\selenium\selenium-firefox-driver\3.141.59\selenium-firefox-driver-3.141.59.jar;C:\Users\Chaitra.Babar\.m2\repository\org\seleniumhq\selenium\selenium-ie-driver\3.141.59\selenium-ie-driver-3.141.59.jar;C:\Users\Chaitra.Babar\.m2\repository\org\seleniumhq\selenium\selenium-opera-driver\3.141.59\selenium-opera-driver-3.141.59.jar;C:\Users\Chaitra.Babar\.m2\repository\org\seleniumhq\selenium\selenium-safari-driver\3.141.59\selenium-safari-driver-3.141.59.jar;C:\Users\Chaitra.Babar\.m2\repository\org\seleniumhq\selenium\selenium-support\3.141.59\selenium-support-3.141.59.jar;C:\Users\Chaitra.Babar\.m2\repository\com\squareup\okhttp3\okhttp\3.11.0\okhttp-3.11.0.jar;C:\Users\Chaitra.Babar\.m2\repository\com\squareup\okio\okio\1.14.0\okio-1.14.0.jar;C:\Users\Chaitra.Babar\.m2\repository\org\seleniumhq\selenium\selenium-api\3.141.59\selenium-api-3.141.59.jar;C:\Users\Chaitra.Babar\.m2\repository\io\appium\java-client\3.4.1\java-client-3.4.1.jar;C:\Users\Chaitra.Babar\.m2\repository\cglib\cglib\3.2.1\cglib-3.2.1.jar;C:\Users\Chaitra.Babar\.m2\repository\org\ow2\asm\asm\5.0.3\asm-5.0.3.jar;C:\Users\Chaitra.Babar\.m2\repository\org\apache\ant\ant\1.9.4\ant-1.9.4.jar;C:\Users\Chaitra.Babar\.m2\repository\org\apache\ant\ant-launcher\1.9.4\ant-launcher-1.9.4.jar;C:\Users\Chaitra.Babar\.m2\repository\commons-validator\commons-validator\1.5.0\commons-validator-1.5.0.jar;C:\Users\Chaitra.Babar\.m2\repository\commons-beanutils\commons-beanutils\1.9.2\commons-beanutils-1.9.2.jar;C:\Users\Chaitra.Babar\.m2\repository\commons-digester\commons-digester\1.8.1\commons-digester-1.8.1.jar;C:\Users\Chaitra.Babar\.m2\repository\commons-collections\commons-collections\3.2.2\commons-collections-3.2.2.jar;C:\Users\Chaitra.Babar\.m2\repository\com\aventstack\extentreports\5.1.1\extentreports-5.1.1.jar;C:\Users\Chaitra.Babar\.m2\repository\io\reactivex\rxjava3\rxjava\3.1.6\rxjava-3.1.6.jar;C:\Users\Chaitra.Babar\.m2\repository\org\reactivestreams\reactive-streams\1.0.4\reactive-streams-1.0.4.jar;C:\Users\Chaitra.Babar\.m2\repository\org\freemarker\freemarker\2.3.32\freemarker-2.3.32.jar;C:\Users\Chaitra.Babar\.m2\repository\com\sun\mail\javax.mail\1.6.2\javax.mail-1.6.2.jar;C:\Users\Chaitra.Babar\.m2\repository\javax\activation\activation\1.1\activation-1.1.jar;C:\Users\Chaitra.Babar\.m2\repository\org\apache\commons\commons-lang3\3.0\commons-lang3-3.0.jar;C:\Users\Chaitra.Babar\.m2\repository\com\google\guava\guava\31.0.1-jre\guava-31.0.1-jre.jar;C:\Users\Chaitra.Babar\.m2\repository\com\google\guava\failureaccess\1.0.1\failureaccess-1.0.1.jar;C:\Users\Chaitra.Babar\.m2\repository\com\google\guava\listenablefuture\9999.0-empty-to-avoid-conflict-with-guava\listenablefuture-9999.0-empty-to-avoid-conflict-with-guava.jar;C:\Users\Chaitra.Babar\.m2\repository\com\google\code\findbugs\jsr305\3.0.2\jsr305-3.0.2.jar;C:\Users\Chaitra.Babar\.m2\repository\org\checkerframework\checker-qual\3.12.0\checker-qual-3.12.0.jar;C:\Users\Chaitra.Babar\.m2\repository\com\google\errorprone\error_prone_annotations\2.7.1\error_prone_annotations-2.7.1.jar;C:\Users\Chaitra.Babar\.m2\repository\com\google\j2objc\j2objc-annotations\1.3\j2objc-annotations-1.3.jar;C:\Users\Chaitra.Babar\.m2\repository\org\projectlombok\lombok\1.18.24\lombok-1.18.24.jar;C:\Users\Chaitra.Babar\.m2\repository\org\apache\maven\surefire\surefire-testng-utils\2.21.0\surefire-testng-utils-2.21.0.jar;C:\Users\Chaitra.Babar\.m2\repository\org\apache\maven\surefire\surefire-grouper\2.21.0\surefire-grouper-2.21.0.jar;C:\Users\Chaitra.Babar\.m2\repository\org\apache\maven\surefire\surefire-testng\2.21.0\surefire-testng-2.21.0.jar;C:\Users\Chaitra.Babar\.m2\repository\org\apache\maven\surefire\common-java5\2.21.0\common-java5-2.21.0.jar"/>
    <property name="java.vm.vendor" value="Oracle Corporation"/>
    <property name="sun.arch.data.model" value="64"/>
    <property name="user.variant" value=""/>
    <property name="java.vendor.url" value="http://java.oracle.com/"/>
    <property name="user.timezone" value=""/>
    <property name="java.vm.specification.version" value="11"/>
    <property name="os.name" value="Windows 10"/>
    <property name="sun.java.launcher" value="SUN_STANDARD"/>
    <property name="user.country" value="IN"/>
    <property name="sun.boot.library.path" value="C:\Program Files (x86)\Java\jdk-11.0.2\bin"/>
    <property name="sun.java.command" value="org.apache.maven.surefire.booter.ForkedBooter C:\Users\Chaitra.Babar\AppData\Local\Temp\surefire3659471193626023227 2024-02-19T17-55-23_300-jvmRun1 surefire11160686816586260111tmp surefire_02707765035690588405tmp"/>
    <property name="jdk.debug" value="release"/>
    <property name="surefire.test.class.path" value="C:\Users\Chaitra.Babar\Desktop\CL Automation_2024\ChristianLouboutinFramework\target\test-classes;C:\Users\Chaitra.Babar\Desktop\CL Automation_2024\ChristianLouboutinFramework\target\classes;C:\Users\Chaitra.Babar\.m2\repository\junit\junit\4.11\junit-4.11.jar;C:\Users\Chaitra.Babar\.m2\repository\org\hamcrest\hamcrest-core\1.3\hamcrest-core-1.3.jar;C:\Users\Chaitra.Babar\.m2\repository\org\testng\testng\6.8\testng-6.8.jar;C:\Users\Chaitra.Babar\.m2\repository\org\beanshell\bsh\2.0b4\bsh-2.0b4.jar;C:\Users\Chaitra.Babar\.m2\repository\com\beust\jcommander\1.27\jcommander-1.27.jar;C:\Users\Chaitra.Babar\.m2\repository\org\yaml\snakeyaml\1.6\snakeyaml-1.6.jar;C:\Users\Chaitra.Babar\.m2\repository\org\seleniumhq\selenium\selenium-remote-driver\3.6.0\selenium-remote-driver-3.6.0.jar;C:\Users\Chaitra.Babar\.m2\repository\net\bytebuddy\byte-buddy\1.7.5\byte-buddy-1.7.5.jar;C:\Users\Chaitra.Babar\.m2\repository\org\apache\commons\commons-exec\1.3\commons-exec-1.3.jar;C:\Users\Chaitra.Babar\.m2\repository\commons-codec\commons-codec\1.10\commons-codec-1.10.jar;C:\Users\Chaitra.Babar\.m2\repository\commons-logging\commons-logging\1.2\commons-logging-1.2.jar;C:\Users\Chaitra.Babar\.m2\repository\com\google\code\gson\gson\2.8.0\gson-2.8.0.jar;C:\Users\Chaitra.Babar\.m2\repository\org\apache\httpcomponents\httpclient\4.5.3\httpclient-4.5.3.jar;C:\Users\Chaitra.Babar\.m2\repository\org\apache\httpcomponents\httpcore\4.4.6\httpcore-4.4.6.jar;C:\Users\Chaitra.Babar\.m2\repository\net\java\dev\jna\jna\4.1.0\jna-4.1.0.jar;C:\Users\Chaitra.Babar\.m2\repository\net\java\dev\jna\jna-platform\4.1.0\jna-platform-4.1.0.jar;C:\Users\Chaitra.Babar\.m2\repository\log4j\log4j\1.2.17\log4j-1.2.17.jar;C:\Users\Chaitra.Babar\.m2\repository\org\apache\logging\log4j\log4j-core\2.14.1\log4j-core-2.14.1.jar;C:\Users\Chaitra.Babar\.m2\repository\org\apache\logging\log4j\log4j-api\2.14.1\log4j-api-2.14.1.jar;C:\Users\Chaitra.Babar\.m2\repository\org\slf4j\slf4j-jdk14\2.0.0-alpha0\slf4j-jdk14-2.0.0-alpha0.jar;C:\Users\Chaitra.Babar\.m2\repository\org\slf4j\slf4j-api\2.0.0-alpha0\slf4j-api-2.0.0-alpha0.jar;C:\Users\Chaitra.Babar\.m2\repository\com\codoid\products\fillo\1.18\fillo-1.18.jar;C:\Users\Chaitra.Babar\.m2\repository\com\browserstack\browserstack-local-java\1.0.6\browserstack-local-java-1.0.6.jar;C:\Users\Chaitra.Babar\.m2\repository\commons-io\commons-io\1.3.2\commons-io-1.3.2.jar;C:\Users\Chaitra.Babar\.m2\repository\org\json\json\20160212\json-20160212.jar;C:\Users\Chaitra.Babar\.m2\repository\org\seleniumhq\selenium\selenium-java\3.141.59\selenium-java-3.141.59.jar;C:\Users\Chaitra.Babar\.m2\repository\org\seleniumhq\selenium\selenium-chrome-driver\3.141.59\selenium-chrome-driver-3.141.59.jar;C:\Users\Chaitra.Babar\.m2\repository\org\seleniumhq\selenium\selenium-edge-driver\3.141.59\selenium-edge-driver-3.141.59.jar;C:\Users\Chaitra.Babar\.m2\repository\org\seleniumhq\selenium\selenium-firefox-driver\3.141.59\selenium-firefox-driver-3.141.59.jar;C:\Users\Chaitra.Babar\.m2\repository\org\seleniumhq\selenium\selenium-ie-driver\3.141.59\selenium-ie-driver-3.141.59.jar;C:\Users\Chaitra.Babar\.m2\repository\org\seleniumhq\selenium\selenium-opera-driver\3.141.59\selenium-opera-driver-3.141.59.jar;C:\Users\Chaitra.Babar\.m2\repository\org\seleniumhq\selenium\selenium-safari-driver\3.141.59\selenium-safari-driver-3.141.59.jar;C:\Users\Chaitra.Babar\.m2\repository\org\seleniumhq\selenium\selenium-support\3.141.59\selenium-support-3.141.59.jar;C:\Users\Chaitra.Babar\.m2\repository\com\squareup\okhttp3\okhttp\3.11.0\okhttp-3.11.0.jar;C:\Users\Chaitra.Babar\.m2\repository\com\squareup\okio\okio\1.14.0\okio-1.14.0.jar;C:\Users\Chaitra.Babar\.m2\repository\org\seleniumhq\selenium\selenium-api\3.141.59\selenium-api-3.141.59.jar;C:\Users\Chaitra.Babar\.m2\repository\io\appium\java-client\3.4.1\java-client-3.4.1.jar;C:\Users\Chaitra.Babar\.m2\repository\cglib\cglib\3.2.1\cglib-3.2.1.jar;C:\Users\Chaitra.Babar\.m2\repository\org\ow2\asm\asm\5.0.3\asm-5.0.3.jar;C:\Users\Chaitra.Babar\.m2\repository\org\apache\ant\ant\1.9.4\ant-1.9.4.jar;C:\Users\Chaitra.Babar\.m2\repository\org\apache\ant\ant-launcher\1.9.4\ant-launcher-1.9.4.jar;C:\Users\Chaitra.Babar\.m2\repository\commons-validator\commons-validator\1.5.0\commons-validator-1.5.0.jar;C:\Users\Chaitra.Babar\.m2\repository\commons-beanutils\commons-beanutils\1.9.2\commons-beanutils-1.9.2.jar;C:\Users\Chaitra.Babar\.m2\repository\commons-digester\commons-digester\1.8.1\commons-digester-1.8.1.jar;C:\Users\Chaitra.Babar\.m2\repository\commons-collections\commons-collections\3.2.2\commons-collections-3.2.2.jar;C:\Users\Chaitra.Babar\.m2\repository\com\aventstack\extentreports\5.1.1\extentreports-5.1.1.jar;C:\Users\Chaitra.Babar\.m2\repository\io\reactivex\rxjava3\rxjava\3.1.6\rxjava-3.1.6.jar;C:\Users\Chaitra.Babar\.m2\repository\org\reactivestreams\reactive-streams\1.0.4\reactive-streams-1.0.4.jar;C:\Users\Chaitra.Babar\.m2\repository\org\freemarker\freemarker\2.3.32\freemarker-2.3.32.jar;C:\Users\Chaitra.Babar\.m2\repository\com\sun\mail\javax.mail\1.6.2\javax.mail-1.6.2.jar;C:\Users\Chaitra.Babar\.m2\repository\javax\activation\activation\1.1\activation-1.1.jar;C:\Users\Chaitra.Babar\.m2\repository\org\apache\commons\commons-lang3\3.0\commons-lang3-3.0.jar;C:\Users\Chaitra.Babar\.m2\repository\com\google\guava\guava\31.0.1-jre\guava-31.0.1-jre.jar;C:\Users\Chaitra.Babar\.m2\repository\com\google\guava\failureaccess\1.0.1\failureaccess-1.0.1.jar;C:\Users\Chaitra.Babar\.m2\repository\com\google\guava\listenablefuture\9999.0-empty-to-avoid-conflict-with-guava\listenablefuture-9999.0-empty-to-avoid-conflict-with-guava.jar;C:\Users\Chaitra.Babar\.m2\repository\com\google\code\findbugs\jsr305\3.0.2\jsr305-3.0.2.jar;C:\Users\Chaitra.Babar\.m2\repository\org\checkerframework\checker-qual\3.12.0\checker-qual-3.12.0.jar;C:\Users\Chaitra.Babar\.m2\repository\com\google\errorprone\error_prone_annotations\2.7.1\error_prone_annotations-2.7.1.jar;C:\Users\Chaitra.Babar\.m2\repository\com\google\j2objc\j2objc-annotations\1.3\j2objc-annotations-1.3.jar;C:\Users\Chaitra.Babar\.m2\repository\org\projectlombok\lombok\1.18.24\lombok-1.18.24.jar;C:\Users\Chaitra.Babar\.m2\repository\org\apache\maven\surefire\surefire-testng-utils\2.21.0\surefire-testng-utils-2.21.0.jar;C:\Users\Chaitra.Babar\.m2\repository\org\apache\maven\surefire\surefire-grouper\2.21.0\surefire-grouper-2.21.0.jar;"/>
    <property name="sun.cpu.endian" value="little"/>
    <property name="user.home" value="C:\Users\Chaitra.Babar"/>
    <property name="user.language" value="en"/>
    <property name="java.specification.vendor" value="Oracle Corporation"/>
    <property name="java.version.date" value="2019-01-15"/>
    <property name="java.home" value="C:\Program Files (x86)\Java\jdk-11.0.2"/>
    <property name="file.separator" value="\"/>
    <property name="basedir" value="C:\Users\Chaitra.Babar\Desktop\CL Automation_2024\ChristianLouboutinFramework"/>
    <property name="java.vm.compressedOopsMode" value="Zero based"/>
    <property name="line.separator" value="&#10;"/>
    <property name="java.specification.name" value="Java Platform API Specification"/>
    <property name="java.vm.specification.vendor" value="Oracle Corporation"/>
    <property name="java.awt.graphicsenv" value="sun.awt.Win32GraphicsEnvironment"/>
    <property name="user.script" value=""/>
    <property name="sun.management.compiler" value="HotSpot 64-Bit Tiered Compilers"/>
    <property name="java.runtime.version" value="11.0.2+9"/>
    <property name="user.name" value="Chaitra.Babar"/>
    <property name="path.separator" value=";"/>
    <property name="os.version" value="10.0"/>
    <property name="java.runtime.name" value="OpenJDK Runtime Environment"/>
    <property name="file.encoding" value="Cp1252"/>
    <property name="java.vm.name" value="OpenJDK 64-Bit Server VM"/>
    <property name="java.vendor.version" value="18.9"/>
    <property name="localRepository" value="C:\Users\Chaitra.Babar\.m2\repository"/>
    <property name="java.vendor.url.bug" value="http://bugreport.java.com/bugreport/"/>
    <property name="java.io.tmpdir" value="C:\Users\CHAITR~1.BAB\AppData\Local\Temp\"/>
    <property name="java.version" value="11.0.2"/>
    <property name="user.dir" value="C:\Users\Chaitra.Babar\Desktop\CL Automation_2024\ChristianLouboutinFramework"/>
    <property name="os.arch" value="amd64"/>
    <property name="java.vm.specification.name" value="Java Virtual Machine Specification"/>
    <property name="java.awt.printerjob" value="sun.awt.windows.WPrinterJob"/>
    <property name="sun.os.patch.level" value=""/>
    <property name="java.library.path" value="C:\Program Files (x86)\Java\jdk-11.0.2\bin;C:\Windows\Sun\Java\bin;C:\Windows\system32;C:\Windows;C:/Program Files (x86)/Java/jdk-11.0.2/bin/server;C:/Program Files (x86)/Java/jdk-11.0.2/bin;C:\Windows\system32;C:\Windows;C:\Windows\System32\Wbem;C:\Windows\System32\WindowsPowerShell\v1.0\;C:\Windows\System32\OpenSSH\;C:\Program Files\TortoiseSVN\bin;C:\Program Files\nodejs\;C:\Program Files\Git\cmd;C:\Program Files (x86)\Java\jdk-11.0.2\bin;C:\Maven\apache-maven-3.9.6-bin\apache-maven-3.9.6\bin;C:\Program Files\TortoiseGit\bin;C:\Users\Chaitra.Babar\AppData\Local\Microsoft\WindowsApps;C:\Users\Chaitra.Babar\AppData\Roaming\npm;C:\Users\Chaitra.Babar\AppData\Local\Programs\Microsoft VS Code\bin;C:\Users\Chaitra.Babar\Downloads\eclipse-java-2020-06-R-win32-x86_64\eclipse;;."/>
    <property name="java.vendor" value="Oracle Corporation"/>
    <property name="java.vm.info" value="mixed mode"/>
    <property name="java.vm.version" value="11.0.2+9"/>
    <property name="sun.io.unicode.encoding" value="UnicodeLittle"/>
    <property name="java.class.version" value="55.0"/>
  </properties>
  <testcase name="step01_NavigatedtoCLHomePage" classname="src.in.valtech.cl.scenarios.TC_Scenario_10" time="72.988"/>
  <testcase name="step01_NavigatedtoCLHomePage" classname="src.in.valtech.cl.scenarios.TC_Scenario_02" time="73.134"/>
  <testcase name="step01_NavigatedtoCLHomePage" classname="src.in.valtech.cl.scenarios.TC_Scenario_05" time="0.001"/>
  <testcase name="step01_NavigatetoCLHomePage" classname="src.in.valtech.cl.scenarios.TC_Scenario_01" time="2.35"/>
  <testcase name="step02_VerificationOfHomepageLogo" classname="src.in.valtech.cl.scenarios.TC_Scenario_01" time="1.21"/>
  <testcase name="step01_NavigatetoCLHomePage" classname="src.in.valtech.cl.scenarios.TC_Scenario_04" time="1.141"/>
  <testcase name="step01_NavigatedtoCLHomePage" classname="src.in.valtech.cl.scenarios.TC_Scenario_06" time="6.685"/>
  <testcase name="step01_NavigatedtoCLHomePage" classname="src.in.valtech.cl.scenarios.TC_Scenario_07" time="0.797"/>
  <testcase name="step01_NavigatedtoCLHomePage" classname="src.in.valtech.cl.scenarios.TC_Scenario_09" time="10.967"/>
  <testcase name="step01_NavigatedtoCLHomePage" classname="src.in.valtech.cl.scenarios.TC_Scenario_03" time="3.679"/>
  <testcase name="step01_NavigatedtoCLHomePage" classname="src.in.valtech.cl.scenarios.TC_Scenario_08" time="0.734"/>
  <testcase name="step02_OpenNewTabAndNavigatedtoMagentoBO" classname="src.in.valtech.cl.scenarios.TC_Scenario_06" time="3.623"/>
  <testcase name="step03_EnteredUsernameField" classname="src.in.valtech.cl.scenarios.TC_Scenario_06" time="5.96"/>
  <testcase name="step02_OpenNewTabAndNavigatedtoMagentoBO" classname="src.in.valtech.cl.scenarios.TC_Scenario_08" time="3.53"/>
  <testcase name="step04_EnteredPasswordField" classname="src.in.valtech.cl.scenarios.TC_Scenario_06" time="1.75"/>
  <testcase name="step03_EnteredUsernameField" classname="src.in.valtech.cl.scenarios.TC_Scenario_08" time="4.364"/>
  <testcase name="step02_ClickMyAccountBtn" classname="src.in.valtech.cl.scenarios.TC_Scenario_10" time="2.33"/>
  <testcase name="step04_EnteredPasswordField" classname="src.in.valtech.cl.scenarios.TC_Scenario_08" time="3.194"/>
  <testcase name="step3_EnterEmailAddressInLogin" classname="src.in.valtech.cl.scenarios.TC_Scenario_10" time="1.191"/>
  <testcase name="step4_EnterPasswordInLogin" classname="src.in.valtech.cl.scenarios.TC_Scenario_10" time="6.127"/>
  <testcase name="step03_VerificationOfHomepagePictures" classname="src.in.valtech.cl.scenarios.TC_Scenario_01" time="1.152"/>
  <testcase name="step04_VerificationOfProductWidgets" classname="src.in.valtech.cl.scenarios.TC_Scenario_01" time="0.395"/>
  <testcase name="step05_VerificationOfHeaderNavigationText" classname="src.in.valtech.cl.scenarios.TC_Scenario_01" time="3.456"/>
  <testcase name="step06_VerificationOfHeaderRightIcons" classname="src.in.valtech.cl.scenarios.TC_Scenario_01" time="0.408"/>
  <testcase name="step07_VerificationOfFooterHeaderText" classname="src.in.valtech.cl.scenarios.TC_Scenario_01" time="1.232"/>
  <testcase name="step02_MouseOverElementOnBeautyL1Category" classname="src.in.valtech.cl.scenarios.TC_Scenario_02" time="0.549"/>
  <testcase name="step08_VerificationOfFooterLinks" classname="src.in.valtech.cl.scenarios.TC_Scenario_01" time="0.235"/>
  <testcase name="step02_MouseoverOnL1Category" classname="src.in.valtech.cl.scenarios.TC_Scenario_09" time="2.108"/>
  <testcase name="step09_VerificationOfFooterSocialIconText" classname="src.in.valtech.cl.scenarios.TC_Scenario_01" time="0.134"/>
  <testcase name="step10_VerificationOfFooterSocialIcons" classname="src.in.valtech.cl.scenarios.TC_Scenario_01" time="0.317"/>
  <testcase name="step02_VerificationOfHomepageLogo" classname="src.in.valtech.cl.scenarios.TC_Scenario_03" time="5.446"/>
  <testcase name="step11_ClickMyAccountBtn" classname="src.in.valtech.cl.scenarios.TC_Scenario_01" time="0.091"/>
  <testcase name="step02_ClickOnMyAccountIcon" classname="src.in.valtech.cl.scenarios.TC_Scenario_07" time="0.303"/>
  <testcase name="step03_VerificationOfProductWidgets" classname="src.in.valtech.cl.scenarios.TC_Scenario_03" time="0.197"/>
  <testcase name="step02_VerificationOfHomepageLogo" classname="src.in.valtech.cl.scenarios.TC_Scenario_05" time="0.192"/>
  <testcase name="step03_VerificationOfProductWidgets" classname="src.in.valtech.cl.scenarios.TC_Scenario_05" time="0.467"/>
  <testcase name="step04_VerificationOfFooterHeaderText" classname="src.in.valtech.cl.scenarios.TC_Scenario_03" time="0.316"/>
  <testcase name="step04_VerificationOfFooterHeaderText" classname="src.in.valtech.cl.scenarios.TC_Scenario_05" time="0.736"/>
  <testcase name="step05_VerificationOfFooterLinks" classname="src.in.valtech.cl.scenarios.TC_Scenario_03" time="0.831"/>
  <testcase name="step05_VerificationOfFooterLinks" classname="src.in.valtech.cl.scenarios.TC_Scenario_05" time="0.43"/>
  <testcase name="step03_ClickOnL2EyesBeautyCategory" classname="src.in.valtech.cl.scenarios.TC_Scenario_02" time="0.597"/>
  <testcase name="step03_EnteredEmailField" classname="src.in.valtech.cl.scenarios.TC_Scenario_07" time="0.706"/>
  <testcase name="step06_VerificationOfFooterSocialIconText" classname="src.in.valtech.cl.scenarios.TC_Scenario_03" time="0.484"/>
  <testcase name="step07_VerificationOfFooterSocialIcons" classname="src.in.valtech.cl.scenarios.TC_Scenario_03" time="0.233"/>
  <testcase name="step12_VerificationOfAllTxtLnkBtn_InMyAccountModal" classname="src.in.valtech.cl.scenarios.TC_Scenario_01" time="0.025"/>
  <testcase name="step06_VerificationOfFooterSocialIconText" classname="src.in.valtech.cl.scenarios.TC_Scenario_05" time="0.231"/>
  <testcase name="step07_VerificationOfFooterSocialIcons" classname="src.in.valtech.cl.scenarios.TC_Scenario_05" time="0.253"/>
  <testcase name="step03_ClickOnL3KateLadiesCategory" classname="src.in.valtech.cl.scenarios.TC_Scenario_09" time="3.474"/>
  <testcase name="step04_ClickOnMyAccountIcon" classname="src.in.valtech.cl.scenarios.TC_Scenario_02" time="0.276"/>
  <testcase name="step13_EnterEmailAddressInLogin" classname="src.in.valtech.cl.scenarios.TC_Scenario_01" time="0.432"/>
  <testcase name="step04_EnteredPasswordField" classname="src.in.valtech.cl.scenarios.TC_Scenario_07" time="0.026"/>
  <testcase name="step08_ClickMyAccountBtn" classname="src.in.valtech.cl.scenarios.TC_Scenario_05" time="1.343"/>
  <testcase name="step05_EnteredEmailField" classname="src.in.valtech.cl.scenarios.TC_Scenario_02" time="2.636"/>
  <testcase name="step14_EnterPasswordInLogin" classname="src.in.valtech.cl.scenarios.TC_Scenario_01" time="0.885"/>
  <testcase name="step08_OpenNewTabAndNavigatedtoMagentoBO" classname="src.in.valtech.cl.scenarios.TC_Scenario_03" time="1.621"/>
  <testcase name="step09_VerificationOfAllTxtLnkBtn_InMyAccountModal" classname="src.in.valtech.cl.scenarios.TC_Scenario_05" time="1.036"/>
  <testcase name="step06_EnteredPasswordField" classname="src.in.valtech.cl.scenarios.TC_Scenario_02" time="0.349"/>
  <testcase name="step05_ClickOnSignInButton" classname="src.in.valtech.cl.scenarios.TC_Scenario_06" time="1.969"/>
  <testcase name="step09_EnteredUsernameField" classname="src.in.valtech.cl.scenarios.TC_Scenario_03" time="1.096"/>
  <testcase name="step10_EnterEmailAddressInLogin" classname="src.in.valtech.cl.scenarios.TC_Scenario_05" time="0.413"/>
  <testcase name="step05_ClickOnSignInButton" classname="src.in.valtech.cl.scenarios.TC_Scenario_08" time="0.882"/>
  <testcase name="step02_MouseoverOnL1CategoryAndClickL2KateCategory" classname="src.in.valtech.cl.scenarios.TC_Scenario_04" time="1.529"/>
  <testcase name="step10_EnteredPasswordField" classname="src.in.valtech.cl.scenarios.TC_Scenario_03" time="1.643"/>
  <testcase name="step05_ClickOnSignInButtonAndVerifiedUserIsRedirectedToHomePage" classname="src.in.valtech.cl.scenarios.TC_Scenario_07" time="0.168"/>
  <testcase name="step11_EnterPasswordInLogin" classname="src.in.valtech.cl.scenarios.TC_Scenario_05" time="0.058"/>
  <testcase name="step03_VerifiedCategoryPage" classname="src.in.valtech.cl.scenarios.TC_Scenario_04" time="0.301"/>
  <testcase name="step06_VerifiedDashboardHeaderInBO" classname="src.in.valtech.cl.scenarios.TC_Scenario_06" time="3.975"/>
  <testcase name="step5_ClickOnSignInBtnAndVerifyUserIsInMyAccountPage" classname="src.in.valtech.cl.scenarios.TC_Scenario_10" time="2.007"/>
  <testcase name="step06_VerifiedDashboardHeaderInBO" classname="src.in.valtech.cl.scenarios.TC_Scenario_08" time="0.409"/>
  <testcase name="step04_ClickOnProductImg" classname="src.in.valtech.cl.scenarios.TC_Scenario_09" time="1.87"/>
  <testcase name="step06_MouseOverElementOnLadiesL1Category" classname="src.in.valtech.cl.scenarios.TC_Scenario_10" time="0.575"/>
  <testcase name="step12_ClickOnSignInBtn" classname="src.in.valtech.cl.scenarios.TC_Scenario_05" time="0.202"/>
  <testcase name="step07_ClickOnSignInButtonAndVerifyLoginSuccessMsg" classname="src.in.valtech.cl.scenarios.TC_Scenario_02" time="0.014"/>
  <testcase name="step05_VerifiedProductNameinPDP" classname="src.in.valtech.cl.scenarios.TC_Scenario_09" time="1.407"/>
  <testcase name="step06_VerifiedProductBrandNameAndProductPriceinPDP" classname="src.in.valtech.cl.scenarios.TC_Scenario_09" time="4.217"/>
  <testcase name="step07_VerifiedWishlistIconinPDP" classname="src.in.valtech.cl.scenarios.TC_Scenario_09" time="1.05"/>
  <testcase name="step08_ClickOnInStoreAvailabilityButtonAndCloseOverlay" classname="src.in.valtech.cl.scenarios.TC_Scenario_09" time="0.015"/>
  <testcase name="step07_ClickOnCustomersIcon" classname="src.in.valtech.cl.scenarios.TC_Scenario_06" time="0.435"/>
  <testcase name="step4_ClickOnProductImg" classname="src.in.valtech.cl.scenarios.TC_Scenario_04" time="2.206"/>
  <testcase name="step07_ClickOnCustomersIcon" classname="src.in.valtech.cl.scenarios.TC_Scenario_08" time="0.326"/>
  <testcase name="step5_VerifiedProductNameinPDP" classname="src.in.valtech.cl.scenarios.TC_Scenario_04" time="1.857"/>
  <testcase name="step07_ClickOnL3KateLadiesCategory" classname="src.in.valtech.cl.scenarios.TC_Scenario_10" time="1.566"/>
  <testcase name="step6_VerifiedProductPriceinPDP" classname="src.in.valtech.cl.scenarios.TC_Scenario_04" time="0.57"/>
  <testcase name="step7_VerifiedProductBrandNametxtInPDP" classname="src.in.valtech.cl.scenarios.TC_Scenario_04" time="2.146"/>
  <testcase name="step8_VerifiedAddtoCartbtnInPDP" classname="src.in.valtech.cl.scenarios.TC_Scenario_04" time="0.047"/>
  <testcase name="step9_ClickOnInStoreAvailabilityButtonAndCloseOverlay" classname="src.in.valtech.cl.scenarios.TC_Scenario_04" time="0.013"/>
  <testcase name="step10_VerifiedContactUslink" classname="src.in.valtech.cl.scenarios.TC_Scenario_04" time="0.081"/>
  <testcase name="step08_ClickAllCustomerstxtFromCustomersIcon" classname="src.in.valtech.cl.scenarios.TC_Scenario_06" time="5.885"/>
  <testcase name="step08_ClickAllCustomerstxtFromCustomersIcon" classname="src.in.valtech.cl.scenarios.TC_Scenario_08" time="2.704"/>
  <testcase name="step06_ClickOnMyAccountIcon" classname="src.in.valtech.cl.scenarios.TC_Scenario_07" time="6.115"/>
  <testcase name="step09_VerifyCustomersHeadertxtInBO" classname="src.in.valtech.cl.scenarios.TC_Scenario_06" time="1.348"/>
  <testcase name="step07_VerifiedMyFavoriteAddressAndNewsLetterHeaders_FootersInMAP" classname="src.in.valtech.cl.scenarios.TC_Scenario_07" time="0.896"/>
  <testcase name="step13_VerifiedMyAccountInfoInMAP" classname="src.in.valtech.cl.scenarios.TC_Scenario_05" time="0.42"/>
  <testcase name="step11_ClickOnSignInButton" classname="src.in.valtech.cl.scenarios.TC_Scenario_03" time="0.217"/>
  <testcase name="step08_MouseOverElementOnLadiesL1Category" classname="src.in.valtech.cl.scenarios.TC_Scenario_02" time="0.295"/>
  <testcase name="step14_MouseOverElementOnGentlemenL1Category" classname="src.in.valtech.cl.scenarios.TC_Scenario_05" time="0.228"/>
  <testcase name="step09_VerifyCustomersHeadertxtInBO" classname="src.in.valtech.cl.scenarios.TC_Scenario_08" time="1.231"/>
  <testcase name="step08_ScrollDownTillLastSealableProdAndClickOnLastSealableProductInCategoryLandingPage" classname="src.in.valtech.cl.scenarios.TC_Scenario_10" time="2.479"/>
  <testcase name="step11_VerifiedColorSwatches" classname="src.in.valtech.cl.scenarios.TC_Scenario_04" time="0.26"/>
  <testcase name="step09_ClickOnL2AccessoiresLadiesCategory" classname="src.in.valtech.cl.scenarios.TC_Scenario_02" time="1.242"/>
  <testcase name="step09_VerifiedProductNameinPDP" classname="src.in.valtech.cl.scenarios.TC_Scenario_10" time="0.622"/>
  <testcase name="step15_ClickOnSignInBtn" classname="src.in.valtech.cl.scenarios.TC_Scenario_01" time="0.983"/>
  <testcase name="step16_VerifyConsentChecbox" classname="src.in.valtech.cl.scenarios.TC_Scenario_01" time="0.016"/>
  <testcase name="step17_VerifyAllRightSideProductSectionsDetailsINMAP" classname="src.in.valtech.cl.scenarios.TC_Scenario_01" time="0.246"/>
  <testcase name="step18_VerifyAllLeftSideProductSectionsDetailsINMAP" classname="src.in.valtech.cl.scenarios.TC_Scenario_01" time="0.442"/>
  <testcase name="step10_VerifiedProductPriceinPDP" classname="src.in.valtech.cl.scenarios.TC_Scenario_10" time="0.516"/>
  <testcase name="step19_MouseOverOnMenHeaderNavigation" classname="src.in.valtech.cl.scenarios.TC_Scenario_01" time="0.429"/>
  <testcase name="step10_SearchForCustomerAccount" classname="src.in.valtech.cl.scenarios.TC_Scenario_06" time="0.09"/>
  <testcase name="step12_VerifiedDashboardHeaderInBO" classname="src.in.valtech.cl.scenarios.TC_Scenario_03" time="1.067"/>
  <testcase name="step11_VerifiedBrandnameinPDP" classname="src.in.valtech.cl.scenarios.TC_Scenario_10" time="0.556"/>
  <testcase name="step15_ClickOnL3LouisGentlemenCategory" classname="src.in.valtech.cl.scenarios.TC_Scenario_05" time="1.65"/>
  <testcase name="step10_SearchForCustomerAccount" classname="src.in.valtech.cl.scenarios.TC_Scenario_08" time="0.123"/>
  <testcase name="step12_VerifiedColorSwatches" classname="src.in.valtech.cl.scenarios.TC_Scenario_10" time="0.352"/>
  <testcase name="step13_VerifiedAddtoCartbtnInPDP" classname="src.in.valtech.cl.scenarios.TC_Scenario_10" time="0.045"/>
  <testcase name="step14_ClickOnInStoreAvailabilityButtonAndCloseOverlay" classname="src.in.valtech.cl.scenarios.TC_Scenario_10" time="0.015"/>
  <testcase name="step15_VerifiedContactUslink" classname="src.in.valtech.cl.scenarios.TC_Scenario_10" time="0.039"/>
  <testcase name="step12_ClickOnSizeGuideAndCloseOverlay" classname="src.in.valtech.cl.scenarios.TC_Scenario_04" time="0.168"/>
  <testcase name="step08_ClickOnWishlistLink" classname="src.in.valtech.cl.scenarios.TC_Scenario_07" time="0.668"/>
  <testcase name="step09_VerifiedMyWishListHeaderInMWLP" classname="src.in.valtech.cl.scenarios.TC_Scenario_07" time="0.063"/>
  <testcase name="step10_VerifiedProductImgInMWLP" classname="src.in.valtech.cl.scenarios.TC_Scenario_07" time="0.046"/>
  <testcase name="step11_VerifiedProductNameInMWLP" classname="src.in.valtech.cl.scenarios.TC_Scenario_07" time="2.282"/>
  <testcase name="step12_VerifiedProductPriceInMWLP" classname="src.in.valtech.cl.scenarios.TC_Scenario_07" time="2.138"/>
  <testcase name="step16_ClickOnSizeGuideAndCloseOverlay" classname="src.in.valtech.cl.scenarios.TC_Scenario_10" time="3.308"/>
  <testcase name="step13_ClickOnCustomersIcon" classname="src.in.valtech.cl.scenarios.TC_Scenario_03" time="0.89"/>
  <testcase name="step20_ClickOnShoesSubcategory" classname="src.in.valtech.cl.scenarios.TC_Scenario_01" time="0.69"/>
  <testcase name="step13_ClickOnAddtoCartButtonInMWLP" classname="src.in.valtech.cl.scenarios.TC_Scenario_07" time="0.282"/>
  <testcase name="step9_VerifiedContactUslinkAndColourSwatchesInPDP" classname="src.in.valtech.cl.scenarios.TC_Scenario_09" time="4.011"/>
  <testcase name="step21_ClickOnFilterButtonFromPLP" classname="src.in.valtech.cl.scenarios.TC_Scenario_01" time="1.046"/>
  <testcase name="step14_ClickonCartIcon" classname="src.in.valtech.cl.scenarios.TC_Scenario_07" time="2.253"/>
  <testcase name="step13_ClickOnSelectYourSizeButtonAndSelectAnySize" classname="src.in.valtech.cl.scenarios.TC_Scenario_04" time="0.653"/>
  <testcase name="step14_ClickAllCustomerstxtFromCustomersIcon" classname="src.in.valtech.cl.scenarios.TC_Scenario_03" time="4.879"/>
  <testcase name="step16_ScrollDownTillLastSealableProdAndClickOnLastSealableProductInCategoryLandingPage" classname="src.in.valtech.cl.scenarios.TC_Scenario_05" time="1.113"/>
  <testcase name="step17_VerifiedProductImageAndThumbnailImageinPDP" classname="src.in.valtech.cl.scenarios.TC_Scenario_05" time="0.105"/>
  <testcase name="step17_ClickOnSelectYourSizeButtonAndSelectAnySize" classname="src.in.valtech.cl.scenarios.TC_Scenario_10" time="1.722"/>
  <testcase name="step18_VerifiedProductNameinPDP" classname="src.in.valtech.cl.scenarios.TC_Scenario_05" time="0.389"/>
  <testcase name="step10_ClickonProductInfoAndVerifiedContent" classname="src.in.valtech.cl.scenarios.TC_Scenario_09" time="1.042"/>
  <testcase name="step22_SelectColorFromFilter" classname="src.in.valtech.cl.scenarios.TC_Scenario_01" time="0.139"/>
  <testcase name="step19_VerifiedProductBrandNameAndProductPriceinPDP" classname="src.in.valtech.cl.scenarios.TC_Scenario_05" time="3.066"/>
  <testcase name="step20_VerifiedWishlistIconinPDP" classname="src.in.valtech.cl.scenarios.TC_Scenario_05" time="1.065"/>
  <testcase name="step11_ClickonProductCareAndVerifiedContent" classname="src.in.valtech.cl.scenarios.TC_Scenario_09" time="1.187"/>
  <testcase name="step15_VerifyCustomersHeadertxtInBO" classname="src.in.valtech.cl.scenarios.TC_Scenario_03" time="0.343"/>
  <testcase name="step14_ClickonProductInfoAndVerifiedContent" classname="src.in.valtech.cl.scenarios.TC_Scenario_04" time="3.217"/>
  <testcase name="step12_ClickonShippingAndVerifiedContent" classname="src.in.valtech.cl.scenarios.TC_Scenario_09" time="2.148"/>
  <testcase name="step21_ClickOnSizeGuideAndCloseOverlay" classname="src.in.valtech.cl.scenarios.TC_Scenario_05" time="1.765"/>
  <testcase name="step15_VerifiedAllElementInMiniCart" classname="src.in.valtech.cl.scenarios.TC_Scenario_07" time="0.515"/>
  <testcase name="step15_ClickonProductCareAndVerifiedContent" classname="src.in.valtech.cl.scenarios.TC_Scenario_04" time="1.094"/>
  <testcase name="step23_ClickOnProductImg" classname="src.in.valtech.cl.scenarios.TC_Scenario_01" time="0.351"/>
  <testcase name="step18_ClickonProductInfoAndVerifiedContent" classname="src.in.valtech.cl.scenarios.TC_Scenario_10" time="2.099"/>
  <testcase name="step24_VerifiedProductNameinPDP" classname="src.in.valtech.cl.scenarios.TC_Scenario_01" time="0.096"/>
  <testcase name="step13_ClickonAddToCartButton" classname="src.in.valtech.cl.scenarios.TC_Scenario_09" time="1.393"/>
  <testcase name="step11_DeletedExistCustomerAccountFromCustomerGridResultInBO" classname="src.in.valtech.cl.scenarios.TC_Scenario_06" time="0.477"/>
  <testcase name="step25_VerifiedProductPriceinPDP" classname="src.in.valtech.cl.scenarios.TC_Scenario_01" time="0.279"/>
  <testcase name="step16_ClickonShippingAndVerifiedContent" classname="src.in.valtech.cl.scenarios.TC_Scenario_04" time="1.008"/>
  <testcase name="step17_VerifyMainThumbnailImg" classname="src.in.valtech.cl.scenarios.TC_Scenario_04" time="0.2"/>
  <testcase name="step26_VerifiedProductBrandNametxtInPDP" classname="src.in.valtech.cl.scenarios.TC_Scenario_01" time="0.948"/>
  <testcase name="step27_VerifiedAddtoCartbtnInPDP" classname="src.in.valtech.cl.scenarios.TC_Scenario_01" time="0.108"/>
  <testcase name="step28_ClickOnInStoreAvailabilityButtonAndCloseOverlay" classname="src.in.valtech.cl.scenarios.TC_Scenario_01" time="0.014"/>
  <testcase name="step16_SearchForCustomerAccount" classname="src.in.valtech.cl.scenarios.TC_Scenario_03" time="0.084"/>
  <testcase name="step29_VerifiedContactUslink" classname="src.in.valtech.cl.scenarios.TC_Scenario_01" time="0.006"/>
  <testcase name="step11_DeletedExistCustomerAccountFromCustomerGridResultInBO" classname="src.in.valtech.cl.scenarios.TC_Scenario_08" time="0.566"/>
  <testcase name="step19_ClickonProductCareAndVerifiedContent" classname="src.in.valtech.cl.scenarios.TC_Scenario_10" time="0.694"/>
  <testcase name="step30_VerifiedColorSwatches" classname="src.in.valtech.cl.scenarios.TC_Scenario_01" time="0.941"/>
  <testcase name="step14_VerifiedContentInConfirmationOverlay" classname="src.in.valtech.cl.scenarios.TC_Scenario_09" time="1.854"/>
  <testcase name="step18_ClickonAddToCartButton" classname="src.in.valtech.cl.scenarios.TC_Scenario_04" time="2.754"/>
  <testcase name="step20_ClickonShippingAndVerifiedContent" classname="src.in.valtech.cl.scenarios.TC_Scenario_10" time="0.831"/>
  <testcase name="step21_VerifyMainThumbnailImg" classname="src.in.valtech.cl.scenarios.TC_Scenario_10" time="0.231"/>
  <testcase name="step22_ClickOnSelectYourSizeButtonAndSelectAnySize" classname="src.in.valtech.cl.scenarios.TC_Scenario_05" time="1.21"/>
  <testcase name="step31_ClickOnSizeGuideAndCloseOverlay" classname="src.in.valtech.cl.scenarios.TC_Scenario_01" time="2.77"/>
  <testcase name="step16_ClickOnProductImginMiniCart" classname="src.in.valtech.cl.scenarios.TC_Scenario_07" time="0.178"/>
  <testcase name="step17_VerifiedProductImageAndThumbnailImageinPDP" classname="src.in.valtech.cl.scenarios.TC_Scenario_07" time="0.187"/>
  <testcase name="step19_VerifiedPDPConfirmationMessagePopUPModal" classname="src.in.valtech.cl.scenarios.TC_Scenario_04" time="1.832"/>
  <testcase name="step18_VerifiedProductNameinPDP" classname="src.in.valtech.cl.scenarios.TC_Scenario_07" time="0.314"/>
  <testcase name="step23_ClickOnInStoreAvailabilityButtonAndCloseOverlay" classname="src.in.valtech.cl.scenarios.TC_Scenario_05" time="1.058"/>
  <testcase name="step22_ClickonAddToCartButton" classname="src.in.valtech.cl.scenarios.TC_Scenario_10" time="0.167"/>
  <testcase name="step19_VerifiedProductBrandNameAndProductPriceinPDP" classname="src.in.valtech.cl.scenarios.TC_Scenario_07" time="3.267"/>
  <testcase name="step20_ClosePDPConfirmationMessagePopUPModal" classname="src.in.valtech.cl.scenarios.TC_Scenario_04" time="0.413"/>
  <testcase name="step20_VerifiedWishlistIconinPDP" classname="src.in.valtech.cl.scenarios.TC_Scenario_07" time="0.842"/>
  <testcase name="step15_ClickonYourCartLinkInConfirmationOverlay" classname="src.in.valtech.cl.scenarios.TC_Scenario_09" time="2.554"/>
  <testcase name="step16_VerifiedMyCartHeaderInMCP" classname="src.in.valtech.cl.scenarios.TC_Scenario_09" time="0.079"/>
  <testcase name="step23_VerifiedPDPConfirmationMessagePopUPModal" classname="src.in.valtech.cl.scenarios.TC_Scenario_10" time="0.488"/>
  <testcase name="step24_VerifiedContinueShoppingAndOrderNowBTn" classname="src.in.valtech.cl.scenarios.TC_Scenario_10" time="0.079"/>
  <testcase name="step21_ClickOnSizeGuideAndCloseOverlay" classname="src.in.valtech.cl.scenarios.TC_Scenario_07" time="6.328"/>
  <testcase name="step10_AppliedColorFilterAndClickOnProductImg" classname="src.in.valtech.cl.scenarios.TC_Scenario_02" time="0.605"/>
  <testcase name="step32_ClickOnSelectYourSizeButtonAndSelectAnySize" classname="src.in.valtech.cl.scenarios.TC_Scenario_01" time="0.967"/>
  <testcase name="step11_VerifiedProductNameinPDP" classname="src.in.valtech.cl.scenarios.TC_Scenario_02" time="1.178"/>
  <testcase name="step12_VerifiedProductPriceAndCurrencySymbolInPDP" classname="src.in.valtech.cl.scenarios.TC_Scenario_02" time="2.145"/>
  <testcase name="step21_MouseoverOnL1Category" classname="src.in.valtech.cl.scenarios.TC_Scenario_04" time="0.538"/>
  <testcase name="step13_VerifiedWishlistIconinPDP" classname="src.in.valtech.cl.scenarios.TC_Scenario_02" time="0.538"/>
  <testcase name="step14_ClickOnInStoreAvailabilityButtonAndCloseOverlay" classname="src.in.valtech.cl.scenarios.TC_Scenario_02" time="0"/>
  <testcase name="step15_VerifiedContactUslink" classname="src.in.valtech.cl.scenarios.TC_Scenario_02" time="0.061"/>
  <testcase name="step33_ClosePDPConfirmationMessagePopUPModal" classname="src.in.valtech.cl.scenarios.TC_Scenario_01" time="0.785"/>
  <testcase name="step24_VerifiedContactUslinkAndColourSwatchesInPDP" classname="src.in.valtech.cl.scenarios.TC_Scenario_05" time="2.132"/>
  <testcase name="step17_ClickonProceedToCheckOutButtonInMyCart" classname="src.in.valtech.cl.scenarios.TC_Scenario_09" time="7.174"/>
  <testcase name="step18_VerifiedLoginPageOfCheckoutStep1" classname="src.in.valtech.cl.scenarios.TC_Scenario_09" time="0.082"/>
  <testcase name="step22_ClickOnSelectYourSizeButtonAndSelectAnySize" classname="src.in.valtech.cl.scenarios.TC_Scenario_07" time="1.893"/>
  <testcase name="step22_ClickOnProductImg" classname="src.in.valtech.cl.scenarios.TC_Scenario_04" time="1.408"/>
  <testcase name="step16_ClickonProductInfoAndVerifiedContent" classname="src.in.valtech.cl.scenarios.TC_Scenario_02" time="1.119"/>
  <testcase name="step34_ClickonProductInfoAndVerifiedContent" classname="src.in.valtech.cl.scenarios.TC_Scenario_01" time="0.092"/>
  <testcase name="step19_EnteredEmailField" classname="src.in.valtech.cl.scenarios.TC_Scenario_09" time="0.015"/>
  <testcase name="step17_DeletedExistCustomerAccountFromCustomerGridResultInBO" classname="src.in.valtech.cl.scenarios.TC_Scenario_03" time="0.481"/>
  <testcase name="step25_ClickonProductInfoAndVerifiedContent" classname="src.in.valtech.cl.scenarios.TC_Scenario_05" time="1.623"/>
  <testcase name="step12_ClickMyAccountBtn" classname="src.in.valtech.cl.scenarios.TC_Scenario_06" time="0.626"/>
  <testcase name="step25_ClickOnOrdernowBtn" classname="src.in.valtech.cl.scenarios.TC_Scenario_10" time="1.159"/>
  <testcase name="step20_EnteredPasswordField" classname="src.in.valtech.cl.scenarios.TC_Scenario_09" time="0.384"/>
  <testcase name="step23_ClickOnInStoreAvailabilityButtonAndCloseOverlay" classname="src.in.valtech.cl.scenarios.TC_Scenario_07" time="0.307"/>
  <testcase name="step17_ClickonProductCareAndVerifiedContent" classname="src.in.valtech.cl.scenarios.TC_Scenario_02" time="0.711"/>
  <testcase name="step35_ClickonProductCareAndVerifiedContent" classname="src.in.valtech.cl.scenarios.TC_Scenario_01" time="0.219"/>
  <testcase name="step26_ClickonShippingAndVerifiedContent" classname="src.in.valtech.cl.scenarios.TC_Scenario_05" time="1.982"/>
  <testcase name="step12_ClickMyAccountBtn" classname="src.in.valtech.cl.scenarios.TC_Scenario_08" time="1.272"/>
  <testcase name="step18_ClickMyAccountBtn" classname="src.in.valtech.cl.scenarios.TC_Scenario_03" time="1.15"/>
  <testcase name="step19_VerificationOfAllTxtLnkBtn_InMyAccountModal" classname="src.in.valtech.cl.scenarios.TC_Scenario_03" time="0.045"/>
  <testcase name="step26_OpenNewTabAndNavigatedtoWMS" classname="src.in.valtech.cl.scenarios.TC_Scenario_10" time="0.127"/>
  <testcase name="step18_ClickonShippingAndVerifiedContent" classname="src.in.valtech.cl.scenarios.TC_Scenario_02" time="0.669"/>
  <testcase name="step36_ClickonShippingAndVerifiedContent" classname="src.in.valtech.cl.scenarios.TC_Scenario_01" time="0.608"/>
  <testcase name="step37_VerifyMainThumbnailImg" classname="src.in.valtech.cl.scenarios.TC_Scenario_01" time="0.169"/>
  <testcase name="step27_ClickonProductCareAndVerifiedContent" classname="src.in.valtech.cl.scenarios.TC_Scenario_05" time="1.556"/>
  <testcase name="step13_ClickAccountCreateBtn" classname="src.in.valtech.cl.scenarios.TC_Scenario_06" time="2.238"/>
  <testcase name="step19_ClickonAddToCartButton" classname="src.in.valtech.cl.scenarios.TC_Scenario_02" time="3.046"/>
  <testcase name="step38_ClickonAddToCartButton" classname="src.in.valtech.cl.scenarios.TC_Scenario_01" time="1.087"/>
  <testcase name="step28_ClickonAddToCartButton" classname="src.in.valtech.cl.scenarios.TC_Scenario_05" time="1.247"/>
  <testcase name="step13_ClickAccountCreateBtn" classname="src.in.valtech.cl.scenarios.TC_Scenario_08" time="1.593"/>
  <testcase name="step21_ClickOnSignInButtonAndVerifyGiftSection" classname="src.in.valtech.cl.scenarios.TC_Scenario_09" time="0.046"/>
  <testcase name="step20_ClickAccountCreateBtn" classname="src.in.valtech.cl.scenarios.TC_Scenario_03" time="0.264"/>
  <testcase name="step21_VerifiedPrefixDropdownIsAutoSelected" classname="src.in.valtech.cl.scenarios.TC_Scenario_03" time="2.157"/>
  <testcase name="step20_VerifiedContentInConfirmationOverlay" classname="src.in.valtech.cl.scenarios.TC_Scenario_02" time="0.061"/>
  <testcase name="step24_VerifiedContactUslinkAndColourSwatchesInPDP" classname="src.in.valtech.cl.scenarios.TC_Scenario_07" time="1.883"/>
  <testcase name="step22_EnterMsgInGiftMsgFld" classname="src.in.valtech.cl.scenarios.TC_Scenario_09" time="0.823"/>
  <testcase name="step23_EnterLastNameField" classname="src.in.valtech.cl.scenarios.TC_Scenario_03" time="1.511"/>
  <testcase name="step39_VerifiedPDPConfirmationMessagePopUPModal" classname="src.in.valtech.cl.scenarios.TC_Scenario_01" time="2.333"/>
  <testcase name="step29_VerifiedContentInConfirmationOverlay" classname="src.in.valtech.cl.scenarios.TC_Scenario_05" time="1.057"/>
  <testcase name="step24_EnterFirstNameField" classname="src.in.valtech.cl.scenarios.TC_Scenario_03" time="1.013"/>
  <testcase name="step27_LoggedIntoWMS" classname="src.in.valtech.cl.scenarios.TC_Scenario_10" time="0.966"/>
  <testcase name="step21_ClickonContinueShoppingButtonAndVerifyRemainsInSamePage" classname="src.in.valtech.cl.scenarios.TC_Scenario_02" time="0.649"/>
  <testcase name="step40_OpenNewTabAndNavigatedtoWMS" classname="src.in.valtech.cl.scenarios.TC_Scenario_01" time="2.339"/>
  <testcase name="step25_EnterEmailAddressField" classname="src.in.valtech.cl.scenarios.TC_Scenario_03" time="0.834"/>
  <testcase name="step14_SelectValFromPrefixDropdown" classname="src.in.valtech.cl.scenarios.TC_Scenario_06" time="1.645"/>
  <testcase name="step25_ClickonProductInfoAndVerifiedContent" classname="src.in.valtech.cl.scenarios.TC_Scenario_07" time="0.091"/>
  <testcase name="step26_EnterPasswordField" classname="src.in.valtech.cl.scenarios.TC_Scenario_03" time="3.133"/>
  <testcase name="step15_EnterLastNameField" classname="src.in.valtech.cl.scenarios.TC_Scenario_06" time="1.379"/>
  <testcase name="step22_UpdatedProductQntyTillMaxLimitInMyCart" classname="src.in.valtech.cl.scenarios.TC_Scenario_02" time="0.821"/>
  <testcase name="step26_ClickonProductCareAndVerifiedContent" classname="src.in.valtech.cl.scenarios.TC_Scenario_07" time="0.563"/>
  <testcase name="step14_SelectValFromPrefixDropdown" classname="src.in.valtech.cl.scenarios.TC_Scenario_08" time="0.701"/>
  <testcase name="step28_ClickOnOKbutton" classname="src.in.valtech.cl.scenarios.TC_Scenario_10" time="0.036"/>
  <testcase name="step28_EnterConfirmPasswordField" classname="src.in.valtech.cl.scenarios.TC_Scenario_03" time="2.09"/>
  <testcase name="step16_EnterFirstNameField" classname="src.in.valtech.cl.scenarios.TC_Scenario_06" time="0.294"/>
  <testcase name="step27_ClickonShippingAndVerifiedContent" classname="src.in.valtech.cl.scenarios.TC_Scenario_07" time="2.192"/>
  <testcase name="step15_EnterLastNameField" classname="src.in.valtech.cl.scenarios.TC_Scenario_08" time="2.192"/>
  <testcase name="step23_ClickOnSelectYourSizeButtonAndSelectAnySizeAndVerifyPDP" classname="src.in.valtech.cl.scenarios.TC_Scenario_04" time="0.754"/>
  <testcase name="step17_EnterEmailAddressField" classname="src.in.valtech.cl.scenarios.TC_Scenario_06" time="1.498"/>
  <testcase name="step16_EnterFirstNameField" classname="src.in.valtech.cl.scenarios.TC_Scenario_08" time="2.016"/>
  <testcase name="step24_ClosePDPConfirmationMessagePopUPModal" classname="src.in.valtech.cl.scenarios.TC_Scenario_04" time="1.688"/>
  <testcase name="step18_EnterPasswordField" classname="src.in.valtech.cl.scenarios.TC_Scenario_06" time="0.705"/>
  <testcase name="step29_MouseOverElementOnDataListsMenu" classname="src.in.valtech.cl.scenarios.TC_Scenario_10" time="0.173"/>
  <testcase name="step17_EnterEmailAddressField" classname="src.in.valtech.cl.scenarios.TC_Scenario_08" time="1.746"/>
  <testcase name="step41_LoggedIntoWMS" classname="src.in.valtech.cl.scenarios.TC_Scenario_01" time="1.704"/>
  <testcase name="step25_OpenNewTabAndNavigatedtoWMS" classname="src.in.valtech.cl.scenarios.TC_Scenario_04" time="1.117"/>
  <testcase name="step28_ClickonAddToCartButton" classname="src.in.valtech.cl.scenarios.TC_Scenario_07" time="0.342"/>
  <testcase name="step19_EnterConfirmPasswordField" classname="src.in.valtech.cl.scenarios.TC_Scenario_06" time="0.669"/>
  <testcase name="step18_EnterPasswordField" classname="src.in.valtech.cl.scenarios.TC_Scenario_08" time="0.553"/>
  <testcase name="step23_ClickonOrderNowButton" classname="src.in.valtech.cl.scenarios.TC_Scenario_02" time="1.641"/>
  <testcase name="step24_VerifiedGiftOptionsHeaderInCP" classname="src.in.valtech.cl.scenarios.TC_Scenario_02" time="0.122"/>
  <testcase name="step30_ClickonAddToCartButton" classname="src.in.valtech.cl.scenarios.TC_Scenario_05" time="2.226"/>
  <testcase name="step30_ClickOnProductsFromDataLists" classname="src.in.valtech.cl.scenarios.TC_Scenario_10" time="0.154"/>
  <testcase name="step29_ClickTermsConditionCheckbox" classname="src.in.valtech.cl.scenarios.TC_Scenario_03" time="1.014"/>
  <testcase name="step19_EnterConfirmPasswordField" classname="src.in.valtech.cl.scenarios.TC_Scenario_08" time="0.366"/>
  <testcase name="step29_VerifiedContentInConfirmationOverlay" classname="src.in.valtech.cl.scenarios.TC_Scenario_07" time="0.047"/>
  <testcase name="step25_OpenNewTabAndNavigatedtoWMS" classname="src.in.valtech.cl.scenarios.TC_Scenario_02" time="2.863"/>
  <testcase name="step42_ClickOnOKbutton" classname="src.in.valtech.cl.scenarios.TC_Scenario_01" time="1.132"/>
  <testcase name="step30_ClickCreateCustomerAccountBtn" classname="src.in.valtech.cl.scenarios.TC_Scenario_03" time="6.141"/>
  <testcase name="step31_ClickonYourCartLinkInConfirmationOverlay" classname="src.in.valtech.cl.scenarios.TC_Scenario_05" time="3.741"/>
  <testcase name="step32_VerifiedMyCartHeaderInMCP" classname="src.in.valtech.cl.scenarios.TC_Scenario_05" time="0.048"/>
  <testcase name="step20_ClickTermsConditionCheckbox" classname="src.in.valtech.cl.scenarios.TC_Scenario_06" time="0.831"/>
  <testcase name="step43_MouseOverElementOnDataListsMenu" classname="src.in.valtech.cl.scenarios.TC_Scenario_01" time="1.898"/>
  <testcase name="step26_LoggedIntoWMS" classname="src.in.valtech.cl.scenarios.TC_Scenario_04" time="0.219"/>
  <testcase name="step31_VerifyRegisteredSuccessMsgTxt" classname="src.in.valtech.cl.scenarios.TC_Scenario_03" time="0.443"/>
  <testcase name="step20_ClickTermsConditionCheckbox" classname="src.in.valtech.cl.scenarios.TC_Scenario_08" time="3.231"/>
  <testcase name="step21_ClickCreateCustomerAccountBtn" classname="src.in.valtech.cl.scenarios.TC_Scenario_06" time="0.493"/>
  <testcase name="step31_EnterSearchableSKUAndClickOnSubmitFilter" classname="src.in.valtech.cl.scenarios.TC_Scenario_10" time="1.11"/>
  <testcase name="step32_VerifyUserNameInMYAccount" classname="src.in.valtech.cl.scenarios.TC_Scenario_03" time="0.244"/>
  <testcase name="step23_MouseOverElementOnLadiesL1Category" classname="src.in.valtech.cl.scenarios.TC_Scenario_09" time="1.785"/>
  <testcase name="step33_VerifiedMyAccountPageContents" classname="src.in.valtech.cl.scenarios.TC_Scenario_03" time="0.736"/>
  <testcase name="step35_MouseoverOnL1Category" classname="src.in.valtech.cl.scenarios.TC_Scenario_03" time="0.867"/>
  <testcase name="step44_ClickOnProductsFromDataLists" classname="src.in.valtech.cl.scenarios.TC_Scenario_01" time="1.053"/>
  <testcase name="step21_ClickCreateCustomerAccountBtn" classname="src.in.valtech.cl.scenarios.TC_Scenario_08" time="0.403"/>
  <testcase name="step22_VerifyRegisteredSuccessMsgTxt" classname="src.in.valtech.cl.scenarios.TC_Scenario_06" time="1.236"/>
  <testcase name="step26_LoggedIntoWMS" classname="src.in.valtech.cl.scenarios.TC_Scenario_02" time="0.182"/>
  <testcase name="step27_ClickOnOKbutton" classname="src.in.valtech.cl.scenarios.TC_Scenario_04" time="0.339"/>
  <testcase name="step24_ClickOnL2AccessoiresLadiesCategory" classname="src.in.valtech.cl.scenarios.TC_Scenario_09" time="0.348"/>
  <testcase name="step23_VerifyUserNameInMYAccount" classname="src.in.valtech.cl.scenarios.TC_Scenario_06" time="4.248"/>
  <testcase name="step24_VerifiedMyAccountPageContents" classname="src.in.valtech.cl.scenarios.TC_Scenario_06" time="2.533"/>
  <testcase name="step32_ClickOnDetailsButton" classname="src.in.valtech.cl.scenarios.TC_Scenario_10" time="0.259"/>
  <testcase name="step30_ClickonOrderNowButton" classname="src.in.valtech.cl.scenarios.TC_Scenario_07" time="0.126"/>
  <testcase name="step31_VerifiedGiftOptionsHeaderInCP" classname="src.in.valtech.cl.scenarios.TC_Scenario_07" time="0.055"/>
  <testcase name="step33_VerifyDetails_MainCart" classname="src.in.valtech.cl.scenarios.TC_Scenario_05" time="0.015"/>
  <testcase name="step26_MouseOverElementOnLadiesL1Category" classname="src.in.valtech.cl.scenarios.TC_Scenario_06" time="2.317"/>
  <testcase name="step27_ClickOnOKbutton" classname="src.in.valtech.cl.scenarios.TC_Scenario_02" time="1.926"/>
  <testcase name="step28_MouseOverElementOnDataListsMenu" classname="src.in.valtech.cl.scenarios.TC_Scenario_04" time="0.398"/>
  <testcase name="step32_OpenNewTabAndNavigatedtoWMS" classname="src.in.valtech.cl.scenarios.TC_Scenario_07" time="1.371"/>
  <testcase name="step36_ClickOnL2KateLadiesCategory" classname="src.in.valtech.cl.scenarios.TC_Scenario_03" time="0.593"/>
  <testcase name="step37_VerificationOfCategoryPage" classname="src.in.valtech.cl.scenarios.TC_Scenario_03" time="0.288"/>
  <testcase name="step22_VerifyRegisteredSuccessMsgTxt" classname="src.in.valtech.cl.scenarios.TC_Scenario_08" time="2.008"/>
  <testcase name="step27_ClickOnL3KateLadiesCategory" classname="src.in.valtech.cl.scenarios.TC_Scenario_06" time="2.545"/>
  <testcase name="step33_VerifyInitialSaleableStock" classname="src.in.valtech.cl.scenarios.TC_Scenario_10" time="0.508"/>
  <testcase name="step45_EnterSearchableSKUAndClickOnSubmitFilter" classname="src.in.valtech.cl.scenarios.TC_Scenario_01" time="0.218"/>
  <testcase name="step29_ClickOnProductsFromDataLists" classname="src.in.valtech.cl.scenarios.TC_Scenario_04" time="2.822"/>
  <testcase name="step28_MouseOverElementOnDataListsMenu" classname="src.in.valtech.cl.scenarios.TC_Scenario_02" time="1.684"/>
  <testcase name="step34_ClickOnDecreaseQtyIcon" classname="src.in.valtech.cl.scenarios.TC_Scenario_05" time="2.105"/>
  <testcase name="step35_ComparingTotalCorrectSummaryAmountAfterRemovingOneProductQnty" classname="src.in.valtech.cl.scenarios.TC_Scenario_05" time="0.177"/>
  <testcase name="step34_VerifyReservedStock" classname="src.in.valtech.cl.scenarios.TC_Scenario_10" time="3.037"/>
  <testcase name="step23_VerifyUserNameInMYAccount" classname="src.in.valtech.cl.scenarios.TC_Scenario_08" time="3.275"/>
  <testcase name="step38_ClickOnProductImg" classname="src.in.valtech.cl.scenarios.TC_Scenario_03" time="0.693"/>
  <testcase name="step46_ClickOnDetailsButton" classname="src.in.valtech.cl.scenarios.TC_Scenario_01" time="0.454"/>
  <testcase name="step28_ClickOnProductImg" classname="src.in.valtech.cl.scenarios.TC_Scenario_06" time="0.501"/>
  <testcase name="step29_ClickOnProductsFromDataLists" classname="src.in.valtech.cl.scenarios.TC_Scenario_02" time="0.184"/>
  <testcase name="step39_VerifiedProductNameinPDP" classname="src.in.valtech.cl.scenarios.TC_Scenario_03" time="1.01"/>
  <testcase name="step29_VerifiedProductNameinPDP" classname="src.in.valtech.cl.scenarios.TC_Scenario_06" time="0.951"/>
  <testcase name="step33_LoggedIntoWMS" classname="src.in.valtech.cl.scenarios.TC_Scenario_07" time="0.997"/>
  <testcase name="step40_VerifiedProductPriceinPDP" classname="src.in.valtech.cl.scenarios.TC_Scenario_03" time="0.212"/>
  <testcase name="step30_VerifiedProductPriceinPDP" classname="src.in.valtech.cl.scenarios.TC_Scenario_06" time="0.946"/>
  <testcase name="step35_OpenNewTabAndNavigatedtoMagentoBO" classname="src.in.valtech.cl.scenarios.TC_Scenario_10" time="0.275"/>
  <testcase name="step41_VerifiedBrandnameinPDP" classname="src.in.valtech.cl.scenarios.TC_Scenario_03" time="0.901"/>
  <testcase name="step31_VerifiedProductBrandNametxtInPDP" classname="src.in.valtech.cl.scenarios.TC_Scenario_06" time="0.979"/>
  <testcase name="step36_EnteredUsernameField" classname="src.in.valtech.cl.scenarios.TC_Scenario_10" time="2.417"/>
  <testcase name="step30_EnterSearchableSKUAndClickOnSubmitFilter" classname="src.in.valtech.cl.scenarios.TC_Scenario_04" time="1.81"/>
  <testcase name="step47_VerifyInitialSaleableStock" classname="src.in.valtech.cl.scenarios.TC_Scenario_01" time="1"/>
  <testcase name="step24_VerifiedMyAccountPageContents" classname="src.in.valtech.cl.scenarios.TC_Scenario_08" time="0.424"/>
  <testcase name="step25_MouseoverOnL1BeautyCategory" classname="src.in.valtech.cl.scenarios.TC_Scenario_08" time="0.696"/>
  <testcase name="step37_EnteredPasswordField" classname="src.in.valtech.cl.scenarios.TC_Scenario_10" time="0.276"/>
  <testcase name="step34_ClickOnOKbutton" classname="src.in.valtech.cl.scenarios.TC_Scenario_07" time="2.255"/>
  <testcase name="step36_ClickOnProceedToCheckOutCTA" classname="src.in.valtech.cl.scenarios.TC_Scenario_05" time="1.635"/>
  <testcase name="step48_VerifyReservedStock" classname="src.in.valtech.cl.scenarios.TC_Scenario_01" time="4.781"/>
  <testcase name="step37_VerifyLoginSectionAtCheckoutStep1" classname="src.in.valtech.cl.scenarios.TC_Scenario_05" time="1.621"/>
  <testcase name="step38_VerifiedGiftOptionsHeaderInCP" classname="src.in.valtech.cl.scenarios.TC_Scenario_05" time="0.062"/>
  <testcase name="step39_ScrollDownTillGiftWrappingImgAndSelectedInCP" classname="src.in.valtech.cl.scenarios.TC_Scenario_05" time="0.063"/>
  <testcase name="step31_ClickOnDetailsButton" classname="src.in.valtech.cl.scenarios.TC_Scenario_04" time="1.35"/>
  <testcase name="step25_AppliedColorFilter" classname="src.in.valtech.cl.scenarios.TC_Scenario_09" time="0.248"/>
  <testcase name="step35_MouseOverElementOnDataListsMenu" classname="src.in.valtech.cl.scenarios.TC_Scenario_07" time="2.326"/>
  <testcase name="step42_VerifiedColorSwatches" classname="src.in.valtech.cl.scenarios.TC_Scenario_03" time="0.124"/>
  <testcase name="step43_VerifiedAddtoCartbtnInPDP" classname="src.in.valtech.cl.scenarios.TC_Scenario_03" time="0.045"/>
  <testcase name="step44_ClickOnInStoreAvailabilityButtonAndCloseOverlay" classname="src.in.valtech.cl.scenarios.TC_Scenario_03" time="0.015"/>
  <testcase name="step45_VerifiedContactUslink" classname="src.in.valtech.cl.scenarios.TC_Scenario_03" time="0.046"/>
  <testcase name="step26_ClickOnL2LipsCategory" classname="src.in.valtech.cl.scenarios.TC_Scenario_08" time="0.696"/>
  <testcase name="step32_VerifiedAddtoCartbtnInPDP" classname="src.in.valtech.cl.scenarios.TC_Scenario_06" time="0.249"/>
  <testcase name="step33_ClickOnInStoreAvailabilityButtonAndCloseOverlay" classname="src.in.valtech.cl.scenarios.TC_Scenario_06" time="0.017"/>
  <testcase name="step34_VerifiedContactUslink" classname="src.in.valtech.cl.scenarios.TC_Scenario_06" time="0"/>
  <testcase name="step35_VerifiedColorSwatches" classname="src.in.valtech.cl.scenarios.TC_Scenario_06" time="0.028"/>
  <testcase name="step40_ClickOnUpdateButtonInCP" classname="src.in.valtech.cl.scenarios.TC_Scenario_05" time="0.076"/>
  <testcase name="step41_VerifiedShippingAddressHeaderInCP" classname="src.in.valtech.cl.scenarios.TC_Scenario_05" time="0.121"/>
  <testcase name="step30_EnterSearchableSKUAndClickOnSubmitFilter" classname="src.in.valtech.cl.scenarios.TC_Scenario_02" time="0.015"/>
  <testcase name="step49_OpenNewTabAndNavigatedtoMagentoBO" classname="src.in.valtech.cl.scenarios.TC_Scenario_01" time="2.077"/>
  <testcase name="step42_OpenNewTabAndNavigatedtoWMS" classname="src.in.valtech.cl.scenarios.TC_Scenario_05" time="3.942"/>
  <testcase name="step50_EnteredUsernameField" classname="src.in.valtech.cl.scenarios.TC_Scenario_01" time="0.354"/>
  <testcase name="step46_ClickOnSizeGuideAndCloseOverlay" classname="src.in.valtech.cl.scenarios.TC_Scenario_03" time="0.927"/>
  <testcase name="step32_VerifyInitialSaleableStock" classname="src.in.valtech.cl.scenarios.TC_Scenario_04" time="0.878"/>
  <testcase name="step36_ClickOnSizeGuideAndCloseOverlay" classname="src.in.valtech.cl.scenarios.TC_Scenario_06" time="0.079"/>
  <testcase name="step36_ClickOnProductsFromDataLists" classname="src.in.valtech.cl.scenarios.TC_Scenario_07" time="0.478"/>
  <testcase name="step26_ClickonAddToCartButton" classname="src.in.valtech.cl.scenarios.TC_Scenario_09" time="0.248"/>
  <testcase name="step51_EnteredPasswordField" classname="src.in.valtech.cl.scenarios.TC_Scenario_01" time="1.598"/>
  <testcase name="step28_ClickOnProductImg" classname="src.in.valtech.cl.scenarios.TC_Scenario_08" time="0.541"/>
  <testcase name="step29_VerifiedProductNameinPDP" classname="src.in.valtech.cl.scenarios.TC_Scenario_08" time="2.125"/>
  <testcase name="step31_ClickOnDetailsButtonForSimpleProd" classname="src.in.valtech.cl.scenarios.TC_Scenario_02" time="0.898"/>
  <testcase name="step30_VerifiedProductBrandNametxtInPDP" classname="src.in.valtech.cl.scenarios.TC_Scenario_08" time="1.252"/>
  <testcase name="step27_VerifiedContentInConfirmationOverlay" classname="src.in.valtech.cl.scenarios.TC_Scenario_09" time="0.397"/>
  <testcase name="step31_VerifiedProductPriceinPDP" classname="src.in.valtech.cl.scenarios.TC_Scenario_08" time="1.822"/>
  <testcase name="step32_VerifiedAddtoCartbtnInPDP" classname="src.in.valtech.cl.scenarios.TC_Scenario_08" time="0.096"/>
  <testcase name="step33_ClickOnInStoreAvailabilityButtonAndCloseOverlay" classname="src.in.valtech.cl.scenarios.TC_Scenario_08" time="0.01"/>
  <testcase name="step34_VerifiedContactUslink" classname="src.in.valtech.cl.scenarios.TC_Scenario_08" time="0.046"/>
  <testcase name="step33_VerifyReservedStock" classname="src.in.valtech.cl.scenarios.TC_Scenario_04" time="0.455"/>
  <testcase name="step35_VerifiedColorSwatches" classname="src.in.valtech.cl.scenarios.TC_Scenario_08" time="1.646"/>
  <testcase name="step32_VerifyInitialSaleableStock" classname="src.in.valtech.cl.scenarios.TC_Scenario_02" time="6.453"/>
  <testcase name="step38_ClickOnSignInButton" classname="src.in.valtech.cl.scenarios.TC_Scenario_10" time="0.477"/>
  <testcase name="step34_OpenNewTabAndNavigatedtoMagentoBO" classname="src.in.valtech.cl.scenarios.TC_Scenario_04" time="1.651"/>
  <testcase name="step28_ClickonYourCartLinkInConfirmationOverlay" classname="src.in.valtech.cl.scenarios.TC_Scenario_09" time="1.034"/>
  <testcase name="step43_LoggedIntoWMS" classname="src.in.valtech.cl.scenarios.TC_Scenario_05" time="0.135"/>
  <testcase name="step47_ClickOnSelectYourSizeButtonAndSelectAnySize" classname="src.in.valtech.cl.scenarios.TC_Scenario_03" time="0.509"/>
  <testcase name="step36_ClickonProductInfoAndVerifiedContent" classname="src.in.valtech.cl.scenarios.TC_Scenario_08" time="0.277"/>
  <testcase name="step37_EnterSearchableSKUAndClickOnSubmitFilter" classname="src.in.valtech.cl.scenarios.TC_Scenario_07" time="0.167"/>
  <testcase name="step35_EnteredUsernameField" classname="src.in.valtech.cl.scenarios.TC_Scenario_04" time="2.074"/>
  <testcase name="step37_ClickonShippingAndVerifiedContent" classname="src.in.valtech.cl.scenarios.TC_Scenario_08" time="3.18"/>
  <testcase name="step38_VerifyMainThumbnailImg" classname="src.in.valtech.cl.scenarios.TC_Scenario_08" time="0.138"/>
  <testcase name="step33_VerifyReservedStock" classname="src.in.valtech.cl.scenarios.TC_Scenario_02" time="0.403"/>
  <testcase name="step36_EnteredPasswordField" classname="src.in.valtech.cl.scenarios.TC_Scenario_04" time="0.552"/>
  <testcase name="step29_VerifiedMyCartHeaderInMCP" classname="src.in.valtech.cl.scenarios.TC_Scenario_09" time="2.831"/>
  <testcase name="step44_ClickOnOKbutton" classname="src.in.valtech.cl.scenarios.TC_Scenario_05" time="2.037"/>
  <testcase name="step39_VerifiedDashboardHeaderInBO" classname="src.in.valtech.cl.scenarios.TC_Scenario_10" time="0.352"/>
  <testcase name="step48_ClickonProductInfoAndVerifiedContent" classname="src.in.valtech.cl.scenarios.TC_Scenario_03" time="1.15"/>
  <testcase name="step39_ClickonAddToCartButton" classname="src.in.valtech.cl.scenarios.TC_Scenario_08" time="0.172"/>
  <testcase name="step38_ClickOnDetailsButton" classname="src.in.valtech.cl.scenarios.TC_Scenario_07" time="1.325"/>
  <testcase name="step34_OpenNewTabAndNavigatedtoMagentoBO" classname="src.in.valtech.cl.scenarios.TC_Scenario_02" time="1.022"/>
  <testcase name="step49_ClickonProductCareAndVerifiedContent" classname="src.in.valtech.cl.scenarios.TC_Scenario_03" time="3.326"/>
  <testcase name="step35_EnteredUsernameField" classname="src.in.valtech.cl.scenarios.TC_Scenario_02" time="0.896"/>
  <testcase name="step40_VerifiedPDPConfirmationMessagePopUPModal" classname="src.in.valtech.cl.scenarios.TC_Scenario_08" time="0.164"/>
  <testcase name="step41_VerifiedContinueShoppingAndOrderNowBTn" classname="src.in.valtech.cl.scenarios.TC_Scenario_08" time="0.075"/>
  <testcase name="step40_ClickOnCatalogIcon" classname="src.in.valtech.cl.scenarios.TC_Scenario_10" time="2.294"/>
  <testcase name="step52_ClickOnSignInButton" classname="src.in.valtech.cl.scenarios.TC_Scenario_01" time="0.056"/>
  <testcase name="step37_ClickOnSelectYourSizeButtonAndSelectAnySize" classname="src.in.valtech.cl.scenarios.TC_Scenario_06" time="0.509"/>
  <testcase name="step45_MouseOverElementOnDataListsMenu" classname="src.in.valtech.cl.scenarios.TC_Scenario_05" time="1.105"/>
  <testcase name="step36_EnteredPasswordField" classname="src.in.valtech.cl.scenarios.TC_Scenario_02" time="0.077"/>
  <testcase name="step50_ClickonShippingAndVerifiedContent" classname="src.in.valtech.cl.scenarios.TC_Scenario_03" time="0.335"/>
  <testcase name="step51_VerifyMainThumbnailImg" classname="src.in.valtech.cl.scenarios.TC_Scenario_03" time="0.151"/>
  <testcase name="step39_VerifyInitialSaleableStock" classname="src.in.valtech.cl.scenarios.TC_Scenario_07" time="2.168"/>
  <testcase name="step30_ClickonProceedToCheckOutButtonInMyCart" classname="src.in.valtech.cl.scenarios.TC_Scenario_09" time="1.062"/>
  <testcase name="step42_ClickOnContinueShoppingBtn" classname="src.in.valtech.cl.scenarios.TC_Scenario_08" time="2.415"/>
  <testcase name="step52_ClickonAddToCartButton" classname="src.in.valtech.cl.scenarios.TC_Scenario_03" time="1.934"/>
  <testcase name="step43_MouseOverOnMenHeaderNavigation" classname="src.in.valtech.cl.scenarios.TC_Scenario_08" time="0.896"/>
  <testcase name="step46_ClickOnProductsFromDataLists" classname="src.in.valtech.cl.scenarios.TC_Scenario_05" time="1.237"/>
  <testcase name="step31_VerifiedGiftSectionHeaderInCP" classname="src.in.valtech.cl.scenarios.TC_Scenario_09" time="1.011"/>
  <testcase name="step38_ClickonProductInfoAndVerifiedContent" classname="src.in.valtech.cl.scenarios.TC_Scenario_06" time="1.015"/>
  <testcase name="step40_VerifyReservedStock" classname="src.in.valtech.cl.scenarios.TC_Scenario_07" time="0.472"/>
  <testcase name="step32_VerifiedProductNameinPDP" classname="src.in.valtech.cl.scenarios.TC_Scenario_09" time="0.63"/>
  <testcase name="step53_VerifiedDashboardHeaderInBO" classname="src.in.valtech.cl.scenarios.TC_Scenario_01" time="0.121"/>
  <testcase name="step53_VerifiedPDPConfirmationMessagePopUPModal" classname="src.in.valtech.cl.scenarios.TC_Scenario_03" time="1.29"/>
  <testcase name="step33_VerifiedProductPriceinPDP" classname="src.in.valtech.cl.scenarios.TC_Scenario_09" time="0.724"/>
  <testcase name="step41_ClickProductstxtFromCatalogIcon" classname="src.in.valtech.cl.scenarios.TC_Scenario_10" time="2.247"/>
  <testcase name="step39_ClickonProductCareAndVerifiedContent" classname="src.in.valtech.cl.scenarios.TC_Scenario_06" time="0.101"/>
  <testcase name="step54_ClosePDPConfirmationMessagePopUPModal" classname="src.in.valtech.cl.scenarios.TC_Scenario_03" time="2.066"/>
  <testcase name="step37_OpenNewTabAndNavigatedtoWMS" classname="src.in.valtech.cl.scenarios.TC_Scenario_09" time="0.977"/>
  <testcase name="step41_OpenNewTabAndNavigatedtoMagentoBO" classname="src.in.valtech.cl.scenarios.TC_Scenario_07" time="1.29"/>
  <testcase name="step40_ClickonShippingAndVerifiedContent" classname="src.in.valtech.cl.scenarios.TC_Scenario_06" time="1.278"/>
  <testcase name="step41_VerifyMainThumbnailImgAndColorSwatches" classname="src.in.valtech.cl.scenarios.TC_Scenario_06" time="0.149"/>
  <testcase name="step54_ClickOnCatalogIcon" classname="src.in.valtech.cl.scenarios.TC_Scenario_01" time="0.062"/>
  <testcase name="step37_ClickOnSignInButton" classname="src.in.valtech.cl.scenarios.TC_Scenario_04" time="2.111"/>
  <testcase name="step42_EnteredUsernameField" classname="src.in.valtech.cl.scenarios.TC_Scenario_07" time="0.749"/>
  <testcase name="step43_EnteredPasswordField" classname="src.in.valtech.cl.scenarios.TC_Scenario_07" time="4.266"/>
  <testcase name="step42_ClickonAddToCartButton" classname="src.in.valtech.cl.scenarios.TC_Scenario_06" time="0.358"/>
  <testcase name="step55_ClickonAddToCartButton" classname="src.in.valtech.cl.scenarios.TC_Scenario_03" time="0.628"/>
  <testcase name="step47_EnterSearchableSKUAndClickOnSubmitFilter" classname="src.in.valtech.cl.scenarios.TC_Scenario_05" time="0.419"/>
  <testcase name="step44_ClickOnShoesSubcategory" classname="src.in.valtech.cl.scenarios.TC_Scenario_08" time="0.899"/>
  <testcase name="step43_VerifiedPDPConfirmationMessagePopUPModal" classname="src.in.valtech.cl.scenarios.TC_Scenario_06" time="4.997"/>
  <testcase name="step56_VerifiedPDPConfirmationMessagePopUPModal" classname="src.in.valtech.cl.scenarios.TC_Scenario_03" time="0.241"/>
  <testcase name="step38_VerifiedDashboardHeaderInBO" classname="src.in.valtech.cl.scenarios.TC_Scenario_04" time="2.59"/>
  <testcase name="step37_ClickOnSignInButton" classname="src.in.valtech.cl.scenarios.TC_Scenario_02" time="3.314"/>
  <testcase name="step38_LoggedIntoWMS" classname="src.in.valtech.cl.scenarios.TC_Scenario_09" time="0.614"/>
  <testcase name="step48_ClickOnDetailsButton" classname="src.in.valtech.cl.scenarios.TC_Scenario_05" time="1.566"/>
  <testcase name="step55_ClickProductstxtFromCatalogIcon" classname="src.in.valtech.cl.scenarios.TC_Scenario_01" time="1.386"/>
  <testcase name="step45_ClickOnProductImg" classname="src.in.valtech.cl.scenarios.TC_Scenario_08" time="0.865"/>
  <testcase name="step42_SearchForProductSeleableStockInBO" classname="src.in.valtech.cl.scenarios.TC_Scenario_10" time="0.552"/>
  <testcase name="step39_ClickOnCatalogIcon" classname="src.in.valtech.cl.scenarios.TC_Scenario_04" time="1.97"/>
  <testcase name="step43_VerifyInitialSaleableStock" classname="src.in.valtech.cl.scenarios.TC_Scenario_10" time="0.202"/>
  <testcase name="step57_ClickonYourCartLinkInConfirmationOverlay" classname="src.in.valtech.cl.scenarios.TC_Scenario_03" time="2.204"/>
  <testcase name="step44_VerifyNOWrapAndWRapGiftImg" classname="src.in.valtech.cl.scenarios.TC_Scenario_10" time="0.005"/>
  <testcase name="step45_VerifyDefaultGiftWrapSelected" classname="src.in.valtech.cl.scenarios.TC_Scenario_10" time="0.045"/>
  <testcase name="step58_VerifiedMyCartHeaderInMCP" classname="src.in.valtech.cl.scenarios.TC_Scenario_03" time="0.045"/>
  <testcase name="step46_EnterMsgInGiftMsgFld" classname="src.in.valtech.cl.scenarios.TC_Scenario_10" time="0.015"/>
  <testcase name="step39_ClickOnOKbutton" classname="src.in.valtech.cl.scenarios.TC_Scenario_09" time="3.367"/>
  <testcase name="step44_ClickonYourCartLnk" classname="src.in.valtech.cl.scenarios.TC_Scenario_06" time="0.624"/>
  <testcase name="step49_VerifyInitialSaleableStock" classname="src.in.valtech.cl.scenarios.TC_Scenario_05" time="0.976"/>
  <testcase name="step47_ClickUpdateBtn" classname="src.in.valtech.cl.scenarios.TC_Scenario_10" time="0.216"/>
  <testcase name="step48_VerifiedShippingAddressHeaderInCP" classname="src.in.valtech.cl.scenarios.TC_Scenario_10" time="0.186"/>
  <testcase name="step38_VerifiedDashboardHeaderInBO" classname="src.in.valtech.cl.scenarios.TC_Scenario_02" time="0.337"/>
  <testcase name="step46_ClickOnSelectYourSizeButtonAndSelectAnySize" classname="src.in.valtech.cl.scenarios.TC_Scenario_08" time="6.854"/>
  <testcase name="step49_ClickOnNewAddressButtonInSAP" classname="src.in.valtech.cl.scenarios.TC_Scenario_10" time="0.119"/>
  <testcase name="step50_VerifyReservedStock" classname="src.in.valtech.cl.scenarios.TC_Scenario_05" time="2.335"/>
  <testcase name="step40_MouseOverElementOnDataListsMenu" classname="src.in.valtech.cl.scenarios.TC_Scenario_09" time="0.379"/>
  <testcase name="step39_ClickOnCatalogIcon" classname="src.in.valtech.cl.scenarios.TC_Scenario_02" time="0.602"/>
  <testcase name="step40_ClickProductstxtFromCatalogIcon" classname="src.in.valtech.cl.scenarios.TC_Scenario_04" time="0.639"/>
  <testcase name="step50_VerifyShippingAddressPopupInSAP" classname="src.in.valtech.cl.scenarios.TC_Scenario_10" time="2.248"/>
  <testcase name="step44_ClickOnSignInButton" classname="src.in.valtech.cl.scenarios.TC_Scenario_07" time="0.657"/>
  <testcase name="step47_ClickonAddToCartButton" classname="src.in.valtech.cl.scenarios.TC_Scenario_08" time="0.264"/>
  <testcase name="step51_EnteredAddressNameField" classname="src.in.valtech.cl.scenarios.TC_Scenario_10" time="1.664"/>
  <testcase name="step52_VerifiedPrefixNameDpdIsAutoSelectedOrNot" classname="src.in.valtech.cl.scenarios.TC_Scenario_10" time="0.203"/>
  <testcase name="step59_VerifyDetails_MainCart" classname="src.in.valtech.cl.scenarios.TC_Scenario_03" time="0.694"/>
  <testcase name="step56_SearchForProductSeleableStockInBO" classname="src.in.valtech.cl.scenarios.TC_Scenario_01" time="0.6"/>
  <testcase name="step53_EnteredFirstNameField" classname="src.in.valtech.cl.scenarios.TC_Scenario_10" time="1.038"/>
  <testcase name="step51_OpenNewTabAndNavigatedtoMagentoBO" classname="src.in.valtech.cl.scenarios.TC_Scenario_05" time="0.764"/>
  <testcase name="step41_ClickOnProductsFromDataLists" classname="src.in.valtech.cl.scenarios.TC_Scenario_09" time="0.79"/>
  <testcase name="step45_VerifyProductDetailsInMainCart" classname="src.in.valtech.cl.scenarios.TC_Scenario_06" time="0.28"/>
  <testcase name="step46_ClickOnIncrIconforProductInMainCart" classname="src.in.valtech.cl.scenarios.TC_Scenario_06" time="0.108"/>
  <testcase name="step54_EnteredLastNameField" classname="src.in.valtech.cl.scenarios.TC_Scenario_10" time="0.307"/>
  <testcase name="step52_EnteredUsernameField" classname="src.in.valtech.cl.scenarios.TC_Scenario_05" time="2.796"/>
  <testcase name="step55_EnteredAddressField" classname="src.in.valtech.cl.scenarios.TC_Scenario_10" time="2.975"/>
  <testcase name="step53_EnteredPasswordField" classname="src.in.valtech.cl.scenarios.TC_Scenario_05" time="1.406"/>
  <testcase name="step45_VerifiedDashboardHeaderInBO" classname="src.in.valtech.cl.scenarios.TC_Scenario_07" time="1.275"/>
  <testcase name="step56_EnteredPostCodeField" classname="src.in.valtech.cl.scenarios.TC_Scenario_10" time="1.965"/>
  <testcase name="step57_EnteredCityField" classname="src.in.valtech.cl.scenarios.TC_Scenario_10" time="1.196"/>
  <testcase name="step48_ClickonYourCartLnk" classname="src.in.valtech.cl.scenarios.TC_Scenario_08" time="1.493"/>
  <testcase name="step60_ClickOnDecreaseQtyIcon" classname="src.in.valtech.cl.scenarios.TC_Scenario_03" time="0.542"/>
  <testcase name="step61_ComparingTotalCorrectSummaryAmountAfterRemovingOneProductQnty" classname="src.in.valtech.cl.scenarios.TC_Scenario_03" time="0.059"/>
  <testcase name="step58_VerifiedCountryField" classname="src.in.valtech.cl.scenarios.TC_Scenario_10" time="0.361"/>
  <testcase name="step59_EnteredPhoneNumberField" classname="src.in.valtech.cl.scenarios.TC_Scenario_10" time="1.303"/>
  <testcase name="step40_ClickProductstxtFromCatalogIcon" classname="src.in.valtech.cl.scenarios.TC_Scenario_02" time="1.784"/>
  <testcase name="step41_SearchForProductSeleableStockInBO" classname="src.in.valtech.cl.scenarios.TC_Scenario_04" time="2.306"/>
  <testcase name="step47_ClickOnProceedToCheckOutCTA" classname="src.in.valtech.cl.scenarios.TC_Scenario_06" time="1.173"/>
  <testcase name="step48_VerifyGiftHeadertextAndDefaultGiftWrapSelected" classname="src.in.valtech.cl.scenarios.TC_Scenario_06" time="0.137"/>
  <testcase name="step49_EnterMsgInGiftMsgFld" classname="src.in.valtech.cl.scenarios.TC_Scenario_06" time="0.015"/>
  <testcase name="step42_VerifyInitialSaleableStock" classname="src.in.valtech.cl.scenarios.TC_Scenario_04" time="0.968"/>
  <testcase name="step49_VerifyProductDetailsInMainCart" classname="src.in.valtech.cl.scenarios.TC_Scenario_08" time="0.28"/>
  <testcase name="step46_ClickOnCatalogIcon" classname="src.in.valtech.cl.scenarios.TC_Scenario_07" time="1.673"/>
  <testcase name="step60_ClickOnSHIPHEREButton" classname="src.in.valtech.cl.scenarios.TC_Scenario_10" time="0.206"/>
  <testcase name="step50_ClickUpdateBtn" classname="src.in.valtech.cl.scenarios.TC_Scenario_06" time="2.105"/>
  <testcase name="step51_VerifiedShippingAddressHeaderInCP" classname="src.in.valtech.cl.scenarios.TC_Scenario_06" time="0.196"/>
  <testcase name="step42_EnterSearchableSKUAndClickOnSubmitFilter" classname="src.in.valtech.cl.scenarios.TC_Scenario_09" time="1.669"/>
  <testcase name="step52_EnteredAddressNameField" classname="src.in.valtech.cl.scenarios.TC_Scenario_06" time="0.75"/>
  <testcase name="step53_VerifiedPrefixNameDpdIsAutoSelectedOrNot" classname="src.in.valtech.cl.scenarios.TC_Scenario_06" time="0.409"/>
  <testcase name="step57_VerifyInitialSaleableStock" classname="src.in.valtech.cl.scenarios.TC_Scenario_01" time="1.154"/>
  <testcase name="step43_ClickOnMinicartIcon" classname="src.in.valtech.cl.scenarios.TC_Scenario_04" time="1.238"/>
  <testcase name="step54_EnteredFirstNameField" classname="src.in.valtech.cl.scenarios.TC_Scenario_06" time="0.47"/>
  <testcase name="step55_EnteredLastNameField" classname="src.in.valtech.cl.scenarios.TC_Scenario_06" time="2.642"/>
  <testcase name="step61_VerifyNewlyAddedShippingAddressRadioBtnAndEditLnkTxtAndShippingHeaderTxt" classname="src.in.valtech.cl.scenarios.TC_Scenario_10" time="2.091"/>
  <testcase name="step58_ClickOnMinicartIcon" classname="src.in.valtech.cl.scenarios.TC_Scenario_01" time="3.396"/>
  <testcase name="step56_EnteredAddressField" classname="src.in.valtech.cl.scenarios.TC_Scenario_06" time="0.074"/>
  <testcase name="step43_ClickOnDetailsButtonForSimpleProd" classname="src.in.valtech.cl.scenarios.TC_Scenario_09" time="2.112"/>
  <testcase name="step50_ClickOnProceedToCheckOutCTA" classname="src.in.valtech.cl.scenarios.TC_Scenario_08" time="0.329"/>
  <testcase name="step57_EnteredPostCodeField" classname="src.in.valtech.cl.scenarios.TC_Scenario_06" time="1.828"/>
  <testcase name="step41_SearchForProductSeleableStockInBO" classname="src.in.valtech.cl.scenarios.TC_Scenario_02" time="2.002"/>
  <testcase name="step47_ClickProductstxtFromCatalogIcon" classname="src.in.valtech.cl.scenarios.TC_Scenario_07" time="0.948"/>
  <testcase name="step62_ClickOnProceedToCheckOutCTA" classname="src.in.valtech.cl.scenarios.TC_Scenario_03" time="0.246"/>
  <testcase name="step51_OpenNewTabAndNavigatedtoWMS" classname="src.in.valtech.cl.scenarios.TC_Scenario_08" time="0.297"/>
  <testcase name="step42_VerifyInitialSaleableStock" classname="src.in.valtech.cl.scenarios.TC_Scenario_02" time="0.826"/>
  <testcase name="step58_EnteredCityField" classname="src.in.valtech.cl.scenarios.TC_Scenario_06" time="0.048"/>
  <testcase name="step62_ClickOnThirdShippingMethodRadioButton" classname="src.in.valtech.cl.scenarios.TC_Scenario_10" time="0.215"/>
  <testcase name="step54_ClickOnSignInButton" classname="src.in.valtech.cl.scenarios.TC_Scenario_05" time="0.629"/>
  <testcase name="step59_VerifiedCountryField" classname="src.in.valtech.cl.scenarios.TC_Scenario_06" time="1.368"/>
  <testcase name="step63_VerifyLoginSectionAtCheckoutStep1" classname="src.in.valtech.cl.scenarios.TC_Scenario_03" time="2.989"/>
  <testcase name="step64_VerifiedGiftOptionsHeaderInCP" classname="src.in.valtech.cl.scenarios.TC_Scenario_03" time="0.061"/>
  <testcase name="step65_ScrollDownTillGiftWrappingImgAndSelectedInCP" classname="src.in.valtech.cl.scenarios.TC_Scenario_03" time="0.097"/>
  <testcase name="step44_VerifyInitialSaleableStock" classname="src.in.valtech.cl.scenarios.TC_Scenario_09" time="0.228"/>
  <testcase name="step60_EnteredPhoneNumberField" classname="src.in.valtech.cl.scenarios.TC_Scenario_06" time="1.22"/>
  <testcase name="step43_NavigatedBackIntoFOClickOnUpdateButtonInCP" classname="src.in.valtech.cl.scenarios.TC_Scenario_02" time="0.594"/>
  <testcase name="step44_VerifyGiftWrapSectionIsDisappearOrNot" classname="src.in.valtech.cl.scenarios.TC_Scenario_02" time="0.059"/>
  <testcase name="step63_ClickOnContinueToPayemntButton" classname="src.in.valtech.cl.scenarios.TC_Scenario_10" time="0.062"/>
  <testcase name="step45_VerifiedShippingAddressHeaderInCP" classname="src.in.valtech.cl.scenarios.TC_Scenario_02" time="0.03"/>
  <testcase name="step46_VerifiedProductNameinPDP" classname="src.in.valtech.cl.scenarios.TC_Scenario_02" time="2.124"/>
  <testcase name="step64_ClickOnContinueToPayemntButton" classname="src.in.valtech.cl.scenarios.TC_Scenario_10" time="0.125"/>
  <testcase name="step44_VerifiedAllDetailsInsideMiniCart" classname="src.in.valtech.cl.scenarios.TC_Scenario_04" time="0.571"/>
  <testcase name="step66_ClickOnUpdateButtonInCP" classname="src.in.valtech.cl.scenarios.TC_Scenario_03" time="0.263"/>
  <testcase name="step67_VerifiedShippingAddressHeaderInCP" classname="src.in.valtech.cl.scenarios.TC_Scenario_03" time="0.169"/>
  <testcase name="step47_VerifiedProductPriceInPDP" classname="src.in.valtech.cl.scenarios.TC_Scenario_02" time="1.112"/>
  <testcase name="step45_VerifyReservedStock" classname="src.in.valtech.cl.scenarios.TC_Scenario_09" time="3.726"/>
  <testcase name="step55_VerifiedDashboardHeaderInBO" classname="src.in.valtech.cl.scenarios.TC_Scenario_05" time="0.358"/>
  <testcase name="step68_OpenNewTabAndNavigatedtoWMS" classname="src.in.valtech.cl.scenarios.TC_Scenario_03" time="0.756"/>
  <testcase name="step65_ClickOnCreditCardRadioBtn" classname="src.in.valtech.cl.scenarios.TC_Scenario_10" time="0.327"/>
  <testcase name="step59_VerifiedAllDetailsInsideMiniCart" classname="src.in.valtech.cl.scenarios.TC_Scenario_01" time="1.787"/>
  <testcase name="step61_VerifyAndClickOnSecondShippingMethod" classname="src.in.valtech.cl.scenarios.TC_Scenario_06" time="0.203"/>
  <testcase name="step48_ClickOnNewAddressButtonInSAP" classname="src.in.valtech.cl.scenarios.TC_Scenario_02" time="0.277"/>
  <testcase name="step49_EnteredAddressNameField" classname="src.in.valtech.cl.scenarios.TC_Scenario_02" time="1.285"/>
  <testcase name="step50_VerifiedPrefixNameDpdIsAutoSelectedOrNot" classname="src.in.valtech.cl.scenarios.TC_Scenario_02" time="1.173"/>
  <testcase name="step52_LoggedIntoWMS" classname="src.in.valtech.cl.scenarios.TC_Scenario_08" time="0.982"/>
  <testcase name="step51_EnteredFirstNameField" classname="src.in.valtech.cl.scenarios.TC_Scenario_02" time="0.318"/>
  <testcase name="step52_EnteredLastNameField" classname="src.in.valtech.cl.scenarios.TC_Scenario_02" time="1.247"/>
  <testcase name="step46_OpenNewTabAndNavigatedtoMagentoBO" classname="src.in.valtech.cl.scenarios.TC_Scenario_09" time="0.639"/>
  <testcase name="step53_EnteredAddressField" classname="src.in.valtech.cl.scenarios.TC_Scenario_02" time="0.737"/>
  <testcase name="step56_ClickOnCatalogIcon" classname="src.in.valtech.cl.scenarios.TC_Scenario_05" time="0.555"/>
  <testcase name="step62_ClickOnContinueToPayemntButton" classname="src.in.valtech.cl.scenarios.TC_Scenario_06" time="0.077"/>
  <testcase name="step54_EnteredPostCodeField" classname="src.in.valtech.cl.scenarios.TC_Scenario_02" time="0.654"/>
  <testcase name="step55_EnteredCityField" classname="src.in.valtech.cl.scenarios.TC_Scenario_02" time="1.215"/>
  <testcase name="step63_VerifyPaymentOptions" classname="src.in.valtech.cl.scenarios.TC_Scenario_06" time="0.558"/>
  <testcase name="step47_EnteredUsernameField" classname="src.in.valtech.cl.scenarios.TC_Scenario_09" time="0.596"/>
  <testcase name="step56_EnteredPhoneNumberField" classname="src.in.valtech.cl.scenarios.TC_Scenario_02" time="0.059"/>
  <testcase name="step48_SearchForProductSeleableStockInBO" classname="src.in.valtech.cl.scenarios.TC_Scenario_07" time="0.426"/>
  <testcase name="step49_VerifyInitialSaleableStock" classname="src.in.valtech.cl.scenarios.TC_Scenario_07" time="2.305"/>
  <testcase name="step48_EnteredPasswordField" classname="src.in.valtech.cl.scenarios.TC_Scenario_09" time="1.521"/>
  <testcase name="step50_ScrollDownTillGiftWrappingImgAndSelectedInCP" classname="src.in.valtech.cl.scenarios.TC_Scenario_07" time="0.583"/>
  <testcase name="step51EnteredMsgInYourMsgFieldInCP" classname="src.in.valtech.cl.scenarios.TC_Scenario_07" time="0.029"/>
  <testcase name="step53_ClickOnOKbutton" classname="src.in.valtech.cl.scenarios.TC_Scenario_08" time="0.736"/>
  <testcase name="step64_ClickOnCreditCardRadioBtn" classname="src.in.valtech.cl.scenarios.TC_Scenario_06" time="0.944"/>
  <testcase name="step57_ClickOnSHIPHEREButton" classname="src.in.valtech.cl.scenarios.TC_Scenario_02" time="0.907"/>
  <testcase name="step58_VerifiedShippingMethodsHeaderInCP" classname="src.in.valtech.cl.scenarios.TC_Scenario_02" time="0.077"/>
  <testcase name="step66_VerifyCreditCardDetailsInPayment" classname="src.in.valtech.cl.scenarios.TC_Scenario_10" time="0.261"/>
  <testcase name="step67_VerifiedMyBAandSABothSame_CheckboxIsAutoSelected" classname="src.in.valtech.cl.scenarios.TC_Scenario_10" time="0.001"/>
  <testcase name="step52_ClickOnUpdateButtonInCP" classname="src.in.valtech.cl.scenarios.TC_Scenario_07" time="2.433"/>
  <testcase name="step68_VerifyCreditCardFieldsAndCheckbox" classname="src.in.valtech.cl.scenarios.TC_Scenario_10" time="0.044"/>
  <testcase name="step53_VerifiedShippingAddressHeaderInCP" classname="src.in.valtech.cl.scenarios.TC_Scenario_07" time="0.12"/>
  <testcase name="step69_LoggedIntoWMS" classname="src.in.valtech.cl.scenarios.TC_Scenario_03" time="0.821"/>
  <testcase name="step69_EnteredCreditNumberField" classname="src.in.valtech.cl.scenarios.TC_Scenario_10" time="1.631"/>
  <testcase name="step57_ClickProductstxtFromCatalogIcon" classname="src.in.valtech.cl.scenarios.TC_Scenario_05" time="3.371"/>
  <testcase name="step70_EnteredExpiryDateField" classname="src.in.valtech.cl.scenarios.TC_Scenario_10" time="1.259"/>
  <testcase name="step54_ClickOnNewAddressButtonInSAP" classname="src.in.valtech.cl.scenarios.TC_Scenario_07" time="0.26"/>
  <testcase name="step54_MouseOverElementOnDataListsMenu" classname="src.in.valtech.cl.scenarios.TC_Scenario_08" time="0.385"/>
  <testcase name="step55_EnteredAddressNameField" classname="src.in.valtech.cl.scenarios.TC_Scenario_07" time="0.803"/>
  <testcase name="step59_ClickOnFirstShipMethodRadioButton" classname="src.in.valtech.cl.scenarios.TC_Scenario_02" time="0.889"/>
  <testcase name="step71_EnteredCVVField" classname="src.in.valtech.cl.scenarios.TC_Scenario_10" time="0.889"/>
  <testcase name="step45_ClickOnCompletecartLnk_MainCart" classname="src.in.valtech.cl.scenarios.TC_Scenario_04" time="0.17"/>
  <testcase name="step56_VerifiedPrefixNameDpdIsAutoSelectedOrNot" classname="src.in.valtech.cl.scenarios.TC_Scenario_07" time="0.062"/>
  <testcase name="step72_EnteredCardHolderField" classname="src.in.valtech.cl.scenarios.TC_Scenario_10" time="0.552"/>
  <testcase name="step57_EnteredFirstNameField" classname="src.in.valtech.cl.scenarios.TC_Scenario_07" time="0.877"/>
  <testcase name="step58_EnteredLastNameField" classname="src.in.valtech.cl.scenarios.TC_Scenario_07" time="1.314"/>
  <testcase name="step70_ClickOnOKbutton" classname="src.in.valtech.cl.scenarios.TC_Scenario_03" time="0.74"/>
  <testcase name="step59_EnteredAddressField" classname="src.in.valtech.cl.scenarios.TC_Scenario_07" time="0.583"/>
  <testcase name="step60_EnteredPostCodeField" classname="src.in.valtech.cl.scenarios.TC_Scenario_07" time="1.173"/>
  <testcase name="step61_EnteredCityField" classname="src.in.valtech.cl.scenarios.TC_Scenario_07" time="1.183"/>
  <testcase name="step65_VerifyCreditCardDetailsInPayment" classname="src.in.valtech.cl.scenarios.TC_Scenario_06" time="0.234"/>
  <testcase name="step67_VerifiedMyBAandSABothSame_CheckboxIsAutoSelected" classname="src.in.valtech.cl.scenarios.TC_Scenario_06" time="0"/>
  <testcase name="step68_UncheckMyBAandSABothSame_Checkbox" classname="src.in.valtech.cl.scenarios.TC_Scenario_06" time="0"/>
  <testcase name="step69_EnteredAddressNameField" classname="src.in.valtech.cl.scenarios.TC_Scenario_06" time="0.019"/>
  <testcase name="step70_SelectPrefixNameDpdn" classname="src.in.valtech.cl.scenarios.TC_Scenario_06" time="0"/>
  <testcase name="step71_EnteredFirstNameField" classname="src.in.valtech.cl.scenarios.TC_Scenario_06" time="0"/>
  <testcase name="step72_EnteredLastNameField" classname="src.in.valtech.cl.scenarios.TC_Scenario_06" time="0.001"/>
  <testcase name="step73_EnteredAddressField" classname="src.in.valtech.cl.scenarios.TC_Scenario_06" time="0"/>
  <testcase name="step74_EnteredPostCodeField" classname="src.in.valtech.cl.scenarios.TC_Scenario_06" time="0"/>
  <testcase name="step75_EnteredCityField" classname="src.in.valtech.cl.scenarios.TC_Scenario_06" time="0"/>
  <testcase name="step76_VerifiedCountryField" classname="src.in.valtech.cl.scenarios.TC_Scenario_06" time="0"/>
  <testcase name="step77_EnterPhoneNumField" classname="src.in.valtech.cl.scenarios.TC_Scenario_06" time="0"/>
  <testcase name="step78_ClickOnUpdateBtn" classname="src.in.valtech.cl.scenarios.TC_Scenario_06" time="0.015"/>
  <testcase name="step60_ClickOnContinueToPayemntButton" classname="src.in.valtech.cl.scenarios.TC_Scenario_02" time="0.307"/>
  <testcase name="step62_EnteredPhoneNumberField" classname="src.in.valtech.cl.scenarios.TC_Scenario_07" time="0.61"/>
  <testcase name="step55_ClickOnProductsFromDataLists" classname="src.in.valtech.cl.scenarios.TC_Scenario_08" time="0.679"/>
  <testcase name="step79_EnteredCreditNumberField" classname="src.in.valtech.cl.scenarios.TC_Scenario_06" time="0.852"/>
  <testcase name="step61_VerifiedPaymentoptions" classname="src.in.valtech.cl.scenarios.TC_Scenario_02" time="0.144"/>
  <testcase name="step80_EnteredExpiryDateField" classname="src.in.valtech.cl.scenarios.TC_Scenario_06" time="4.151"/>
  <testcase name="step63_ClickOnSHIPHEREButton" classname="src.in.valtech.cl.scenarios.TC_Scenario_07" time="1.45"/>
  <testcase name="step64_VerifiedShippingMethodsHeaderInCP" classname="src.in.valtech.cl.scenarios.TC_Scenario_07" time="0.058"/>
  <testcase name="step73_CheckedOnPrivacyPolicyAndReturnPolicyCheckbox" classname="src.in.valtech.cl.scenarios.TC_Scenario_10" time="0.11"/>
  <testcase name="step71_MouseOverElementOnDataListsMenu" classname="src.in.valtech.cl.scenarios.TC_Scenario_03" time="0.386"/>
  <testcase name="step81_EnteredCVVField" classname="src.in.valtech.cl.scenarios.TC_Scenario_06" time="0.282"/>
  <testcase name="step82_EnteredCardHolderField" classname="src.in.valtech.cl.scenarios.TC_Scenario_06" time="0.451"/>
  <testcase name="step62_ClickOnCreditCardRadioBtn" classname="src.in.valtech.cl.scenarios.TC_Scenario_02" time="0.294"/>
  <testcase name="step63_VerifiedMyBAandSABothSame_CheckboxIsAutoSelected" classname="src.in.valtech.cl.scenarios.TC_Scenario_02" time="0"/>
  <testcase name="step64_EnteredCreditNumberField" classname="src.in.valtech.cl.scenarios.TC_Scenario_02" time="2.416"/>
  <testcase name="step46_VerifyDetails_MainCart" classname="src.in.valtech.cl.scenarios.TC_Scenario_04" time="0.747"/>
  <testcase name="step60_ClickOnCompletecartLnkAndVerifyDetails_MainCart" classname="src.in.valtech.cl.scenarios.TC_Scenario_01" time="1.688"/>
  <testcase name="step65_EnteredExpiryDateField" classname="src.in.valtech.cl.scenarios.TC_Scenario_02" time="1.898"/>
  <testcase name="step74_ClickOnProceedButton" classname="src.in.valtech.cl.scenarios.TC_Scenario_10" time="2.076"/>
  <testcase name="step66_EnteredCVVField" classname="src.in.valtech.cl.scenarios.TC_Scenario_02" time="0.228"/>
  <testcase name="step72_ClickOnProductsFromDataLists" classname="src.in.valtech.cl.scenarios.TC_Scenario_03" time="0.076"/>
  <testcase name="step67_EnteredCardHolderField" classname="src.in.valtech.cl.scenarios.TC_Scenario_02" time="0.676"/>
  <testcase name="step49_ClickOnSignInButton" classname="src.in.valtech.cl.scenarios.TC_Scenario_09" time="0.66"/>
  <testcase name="step58_SearchForProductSeleableStockInBO" classname="src.in.valtech.cl.scenarios.TC_Scenario_05" time="0.25"/>
  <testcase name="step65_ClickOnFirstShipMethodRadioButton" classname="src.in.valtech.cl.scenarios.TC_Scenario_07" time="0.028"/>
  <testcase name="step59_VerifyInitialSaleableStock" classname="src.in.valtech.cl.scenarios.TC_Scenario_05" time="2.244"/>
  <testcase name="step83_CheckedOnPrivacyPolicyAndReturnPolicyCheckbox" classname="src.in.valtech.cl.scenarios.TC_Scenario_06" time="1.131"/>
  <testcase name="step60_NavigatedIntoFOAndVerifiedProductNameinPDP" classname="src.in.valtech.cl.scenarios.TC_Scenario_05" time="3.135"/>
  <testcase name="step66_ClickOnContinueToPayemntButton" classname="src.in.valtech.cl.scenarios.TC_Scenario_07" time="0.738"/>
  <testcase name="step61_VerifiedProductPriceinPDP" classname="src.in.valtech.cl.scenarios.TC_Scenario_05" time="1.733"/>
  <testcase name="step56_EnterSearchableSKUAndClickOnSubmitFilter" classname="src.in.valtech.cl.scenarios.TC_Scenario_08" time="0.564"/>
  <testcase name="step84_ClickOnProceedButtonAtPaymentSection" classname="src.in.valtech.cl.scenarios.TC_Scenario_06" time="0.727"/>
  <testcase name="step67_VerifiedPaymentoptions" classname="src.in.valtech.cl.scenarios.TC_Scenario_07" time="0.305"/>
  <testcase name="step75_VerifiedSuccessMsgAfterPlacingOrder" classname="src.in.valtech.cl.scenarios.TC_Scenario_10" time="1.621"/>
  <testcase name="step76_VerifiedContinueShoppingButton" classname="src.in.valtech.cl.scenarios.TC_Scenario_10" time="0.08"/>
  <testcase name="step77_VerifiedYourOrderID" classname="src.in.valtech.cl.scenarios.TC_Scenario_10" time="2.199"/>
  <testcase name="step78_InitialisedOrderID" classname="src.in.valtech.cl.scenarios.TC_Scenario_10" time="0.001"/>
  <testcase name="step68_CheckedOnPrivacyPolicyAndReturnPolicyCheckbox" classname="src.in.valtech.cl.scenarios.TC_Scenario_02" time="0.122"/>
  <testcase name="step50_VerifiedDashboardHeaderInBO" classname="src.in.valtech.cl.scenarios.TC_Scenario_09" time="0.264"/>
  <testcase name="step68_ClickOnPaypalCardRadioBtn" classname="src.in.valtech.cl.scenarios.TC_Scenario_07" time="1.009"/>
  <testcase name="step69_VerifiedMyBAandSABothSame_CheckboxIsAutoSelected" classname="src.in.valtech.cl.scenarios.TC_Scenario_07" time="0.001"/>
  <testcase name="step70_UncheckedMyBAandSABothSameCheckbox" classname="src.in.valtech.cl.scenarios.TC_Scenario_07" time="0"/>
  <testcase name="step62_ClickOnNewAddressButtonInSAP" classname="src.in.valtech.cl.scenarios.TC_Scenario_05" time="1.083"/>
  <testcase name="step61_ClickOnProceedToCheckOutCTA" classname="src.in.valtech.cl.scenarios.TC_Scenario_01" time="0.139"/>
  <testcase name="step62_VerifyGiftHeadertextAndDefaultGiftWrapSelected" classname="src.in.valtech.cl.scenarios.TC_Scenario_01" time="0.125"/>
  <testcase name="step63_EnterMsgInGiftMsgFld" classname="src.in.valtech.cl.scenarios.TC_Scenario_01" time="0.014"/>
  <testcase name="step63_EnteredAddressNameField" classname="src.in.valtech.cl.scenarios.TC_Scenario_05" time="2.004"/>
  <testcase name="step64_VerifiedPrefixNameDpdIsAutoSelectedOrNot" classname="src.in.valtech.cl.scenarios.TC_Scenario_05" time="1.104"/>
  <testcase name="step73_EnterSearchableSKUAndClickOnSubmitFilter" classname="src.in.valtech.cl.scenarios.TC_Scenario_03" time="1.038"/>
  <testcase name="step57_ClickOnDetailsButton" classname="src.in.valtech.cl.scenarios.TC_Scenario_08" time="0.516"/>
  <testcase name="step47_ClickOnProceedToCheckOutCTA" classname="src.in.valtech.cl.scenarios.TC_Scenario_04" time="0.346"/>
  <testcase name="step64_ClickUpdateBtn" classname="src.in.valtech.cl.scenarios.TC_Scenario_01" time="0.129"/>
  <testcase name="step65_EnteredFirstNameField" classname="src.in.valtech.cl.scenarios.TC_Scenario_05" time="0.329"/>
  <testcase name="step65_ClickonExistingAdressinShipping" classname="src.in.valtech.cl.scenarios.TC_Scenario_01" time="0.16"/>
  <testcase name="step66_VerifyDefaultValuesinShipping" classname="src.in.valtech.cl.scenarios.TC_Scenario_01" time="0.166"/>
  <testcase name="step79_ClickMyAccountBtn" classname="src.in.valtech.cl.scenarios.TC_Scenario_10" time="1.44"/>
  <testcase name="step51_ClickOnCatalogIcon" classname="src.in.valtech.cl.scenarios.TC_Scenario_09" time="0.528"/>
  <testcase name="step66_EnteredLastNameField" classname="src.in.valtech.cl.scenarios.TC_Scenario_05" time="0.045"/>
  <testcase name="step67_VerifyShippingMethod" classname="src.in.valtech.cl.scenarios.TC_Scenario_01" time="0.216"/>
  <testcase name="step48_EnterUsername_ForLoginINCheckoutpage" classname="src.in.valtech.cl.scenarios.TC_Scenario_04" time="1.383"/>
  <testcase name="step71_CheckedOnPrivacyPolicyAndReturnPolicyCheckbox" classname="src.in.valtech.cl.scenarios.TC_Scenario_07" time="1.613"/>
  <testcase name="step67_EnteredAddressField" classname="src.in.valtech.cl.scenarios.TC_Scenario_05" time="2.7"/>
  <testcase name="step49_EnterPassword_ForLoginINCheckoutpage" classname="src.in.valtech.cl.scenarios.TC_Scenario_04" time="0.138"/>
  <testcase name="step85_ClickOnProceedButtonAndEntered3DSCredentials" classname="src.in.valtech.cl.scenarios.TC_Scenario_06" time="1.085"/>
  <testcase name="step80_ClickMyOrdersLink" classname="src.in.valtech.cl.scenarios.TC_Scenario_10" time="0.896"/>
  <testcase name="step58_VerifyInitialSaleableStock" classname="src.in.valtech.cl.scenarios.TC_Scenario_08" time="0.971"/>
  <testcase name="step68_EnteredPostCodeField" classname="src.in.valtech.cl.scenarios.TC_Scenario_05" time="1.246"/>
  <testcase name="step74_ClickOnDetailsButtonForSimpleProd" classname="src.in.valtech.cl.scenarios.TC_Scenario_03" time="0.309"/>
  <testcase name="step69_EnteredCityField" classname="src.in.valtech.cl.scenarios.TC_Scenario_05" time="0.828"/>
  <testcase name="step86_VerifyUnsuccesfullOrderplacedWithInvalid3DSCardMsg" classname="src.in.valtech.cl.scenarios.TC_Scenario_06" time="0.895"/>
  <testcase name="step70_EnteredPhoneNumberField" classname="src.in.valtech.cl.scenarios.TC_Scenario_05" time="0.217"/>
  <testcase name="step72_ClickOnProceedButton" classname="src.in.valtech.cl.scenarios.TC_Scenario_07" time="4.268"/>
  <testcase name="step73_NavigatedToPPPandCloseAcceptCookiesPopUp" classname="src.in.valtech.cl.scenarios.TC_Scenario_07" time="0"/>
  <testcase name="step50_ClickOnLoginInButton_ForLoginINCheckoutpage" classname="src.in.valtech.cl.scenarios.TC_Scenario_04" time="1.551"/>
  <testcase name="step52_ClickProductstxtFromCatalogIcon" classname="src.in.valtech.cl.scenarios.TC_Scenario_09" time="0.584"/>
  <testcase name="step59_VerifyReservedStock" classname="src.in.valtech.cl.scenarios.TC_Scenario_08" time="0.125"/>
  <testcase name="step71_ClickOnSHIPHEREButton" classname="src.in.valtech.cl.scenarios.TC_Scenario_05" time="0.799"/>
  <testcase name="step68_ClickOnShippingmethodAndContinuePaymentBtn" classname="src.in.valtech.cl.scenarios.TC_Scenario_01" time="0.799"/>
  <testcase name="step72_VerifiedShippingMethodsHeaderInCP" classname="src.in.valtech.cl.scenarios.TC_Scenario_05" time="0.074"/>
  <testcase name="step74_EnteredEmailField" classname="src.in.valtech.cl.scenarios.TC_Scenario_07" time="1.228"/>
  <testcase name="step75_VerifyInitialSaleableStock" classname="src.in.valtech.cl.scenarios.TC_Scenario_03" time="1.63"/>
  <testcase name="step75_EnteredPasswordField" classname="src.in.valtech.cl.scenarios.TC_Scenario_07" time="0.587"/>
  <testcase name="step87_ClickOnSalesIcon" classname="src.in.valtech.cl.scenarios.TC_Scenario_06" time="1.179"/>
  <testcase name="step69_ClickOnProceedButtonAndEntered3DSCredentials" classname="src.in.valtech.cl.scenarios.TC_Scenario_02" time="3.739"/>
  <testcase name="step69_ClickOnCreditCardRadioBtnAndVerifyPaymentoptions" classname="src.in.valtech.cl.scenarios.TC_Scenario_01" time="1.093"/>
  <testcase name="step70_VerifyPaymentSection" classname="src.in.valtech.cl.scenarios.TC_Scenario_01" time="0"/>
  <testcase name="step71_Click_DiffShippingAddressFromPayment" classname="src.in.valtech.cl.scenarios.TC_Scenario_01" time="0"/>
  <testcase name="step70_VerifiedSuccessMsgAfterPlacingOrder" classname="src.in.valtech.cl.scenarios.TC_Scenario_02" time="1.065"/>
  <testcase name="step71_VerifiedContinueShoppingButton" classname="src.in.valtech.cl.scenarios.TC_Scenario_02" time="0.063"/>
  <testcase name="step60_OpenNewTabAndNavigatedtoMagentoBO" classname="src.in.valtech.cl.scenarios.TC_Scenario_08" time="0.861"/>
  <testcase name="step51_VerifyGiftHeadertextAndDefaultGiftWrapSelected" classname="src.in.valtech.cl.scenarios.TC_Scenario_04" time="0.217"/>
  <testcase name="step52_EnterMsgInGiftMsgFld" classname="src.in.valtech.cl.scenarios.TC_Scenario_04" time="0.018"/>
  <testcase name="step72_EnteredCreditNumberField" classname="src.in.valtech.cl.scenarios.TC_Scenario_01" time="0.302"/>
  <testcase name="step73_ClickOnThirdShippingMethodRadioButton" classname="src.in.valtech.cl.scenarios.TC_Scenario_05" time="0.33"/>
  <testcase name="step72_VerifiedYourOrderID" classname="src.in.valtech.cl.scenarios.TC_Scenario_02" time="0.47"/>
  <testcase name="step73_InitialisedOrderID" classname="src.in.valtech.cl.scenarios.TC_Scenario_02" time="0.001"/>
  <testcase name="step76_VerifyReservedStock" classname="src.in.valtech.cl.scenarios.TC_Scenario_03" time="0.131"/>
  <testcase name="step73_EnteredExpiryDateField" classname="src.in.valtech.cl.scenarios.TC_Scenario_01" time="3.411"/>
  <testcase name="step53_ClickUpdateBtn" classname="src.in.valtech.cl.scenarios.TC_Scenario_04" time="0.629"/>
  <testcase name="step54_ClickonExistingAdressinShipping" classname="src.in.valtech.cl.scenarios.TC_Scenario_04" time="0.311"/>
  <testcase name="step55_VerifyDefaultValuesinShipping" classname="src.in.valtech.cl.scenarios.TC_Scenario_04" time="0.145"/>
  <testcase name="step74_EnteredCVVField" classname="src.in.valtech.cl.scenarios.TC_Scenario_01" time="1.227"/>
  <testcase name="step75_EnteredCardHolderField" classname="src.in.valtech.cl.scenarios.TC_Scenario_01" time="0.483"/>
  <testcase name="step74_ClickOnMyAccountIcon" classname="src.in.valtech.cl.scenarios.TC_Scenario_02" time="0.174"/>
  <testcase name="step74_ClickOnContinueToPayemntButton" classname="src.in.valtech.cl.scenarios.TC_Scenario_05" time="0.194"/>
  <testcase name="step56_VerifyShippingMethod" classname="src.in.valtech.cl.scenarios.TC_Scenario_04" time="0.166"/>
  <testcase name="step76_ClickOnSignInButton" classname="src.in.valtech.cl.scenarios.TC_Scenario_07" time="0.628"/>
  <testcase name="step77_VerifiedPaypalLogo" classname="src.in.valtech.cl.scenarios.TC_Scenario_07" time="0"/>
  <testcase name="step78_SelectBankOfVisaCard" classname="src.in.valtech.cl.scenarios.TC_Scenario_07" time="0.005"/>
  <testcase name="step75_VerifiedPaymentoptions" classname="src.in.valtech.cl.scenarios.TC_Scenario_05" time="1.492"/>
  <testcase name="step82_NavigatedIntoMagentoBOAndClickOnCatalogIcon" classname="src.in.valtech.cl.scenarios.TC_Scenario_03" time="3.911"/>
  <testcase name="step76_ClickOnCreditCardRadioBtn" classname="src.in.valtech.cl.scenarios.TC_Scenario_05" time="3.444"/>
  <testcase name="step77_VerifiedMyBAandSABothSame_CheckboxIsAutoSelected" classname="src.in.valtech.cl.scenarios.TC_Scenario_05" time="0"/>
  <testcase name="step75_ClickOnMyOrdersLink" classname="src.in.valtech.cl.scenarios.TC_Scenario_02" time="0.646"/>
  <testcase name="step76_VerifiedOrderStatusInMyOrdersPage" classname="src.in.valtech.cl.scenarios.TC_Scenario_02" time="1.572"/>
  <testcase name="step57_ClickOnShippingmethod" classname="src.in.valtech.cl.scenarios.TC_Scenario_04" time="0.594"/>
  <testcase name="step78_NavigatedIntoBO" classname="src.in.valtech.cl.scenarios.TC_Scenario_02" time="1.585"/>
  <testcase name="step53_SearchForProductSeleableStockInBO" classname="src.in.valtech.cl.scenarios.TC_Scenario_09" time="0.2"/>
  <testcase name="step78_EnteredCreditNumberField" classname="src.in.valtech.cl.scenarios.TC_Scenario_05" time="0.332"/>
  <testcase name="step76_VerifiedAndCheckedPaymentPrivacyPolicyCheckbox" classname="src.in.valtech.cl.scenarios.TC_Scenario_01" time="0.103"/>
  <testcase name="step88_ClickOrderstxtFromSalesIcon" classname="src.in.valtech.cl.scenarios.TC_Scenario_06" time="1.194"/>
  <testcase name="step54_VerifyInitialSaleableStock" classname="src.in.valtech.cl.scenarios.TC_Scenario_09" time="0.927"/>
  <testcase name="step61_ClickProductstxtFromCatalogIcon" classname="src.in.valtech.cl.scenarios.TC_Scenario_08" time="0.259"/>
  <testcase name="step55_NavigatedIntoFOAndVerifiedShippingMethodSectionInCP" classname="src.in.valtech.cl.scenarios.TC_Scenario_09" time="1.999"/>
  <testcase name="step79_EnteredExpiryDateField" classname="src.in.valtech.cl.scenarios.TC_Scenario_05" time="0.183"/>
  <testcase name="step58_ClickOnContinuetopaymentbtn" classname="src.in.valtech.cl.scenarios.TC_Scenario_04" time="0.792"/>
  <testcase name="step80_EnteredCVVField" classname="src.in.valtech.cl.scenarios.TC_Scenario_05" time="1.502"/>
  <testcase name="step81_EnteredCardHolderField" classname="src.in.valtech.cl.scenarios.TC_Scenario_05" time="0.322"/>
  <testcase name="step79_ClickOnSalesIcon" classname="src.in.valtech.cl.scenarios.TC_Scenario_02" time="3.231"/>
  <testcase name="step77_ClickOnProceedButton" classname="src.in.valtech.cl.scenarios.TC_Scenario_01" time="0.758"/>
  <testcase name="step56_ClickOnFirstShipMethodRadioButton" classname="src.in.valtech.cl.scenarios.TC_Scenario_09" time="5.46"/>
  <testcase name="step79_PayButtonClick" classname="src.in.valtech.cl.scenarios.TC_Scenario_07" time="0.48"/>
  <testcase name="step83_ClickProductstxtFromCatalogIcon" classname="src.in.valtech.cl.scenarios.TC_Scenario_03" time="0.693"/>
  <testcase name="step80_VerifiedSuccessMsgAfterPlacingOrder" classname="src.in.valtech.cl.scenarios.TC_Scenario_07" time="1.432"/>
  <testcase name="step81_VerifiedContinueShoppingButton" classname="src.in.valtech.cl.scenarios.TC_Scenario_07" time="0.046"/>
  <testcase name="step78_VerifiedSuccessMsgAfterPlacingOrder" classname="src.in.valtech.cl.scenarios.TC_Scenario_01" time="0.515"/>
  <testcase name="step79_VerifiedContinueShoppingButton" classname="src.in.valtech.cl.scenarios.TC_Scenario_01" time="0.044"/>
  <testcase name="step82_VerifiedYourOrderID" classname="src.in.valtech.cl.scenarios.TC_Scenario_07" time="1.561"/>
  <testcase name="step83_InitialisedOrderID" classname="src.in.valtech.cl.scenarios.TC_Scenario_07" time="0"/>
  <testcase name="step82_CheckedOnPrivacyPolicyAndReturnPolicyCheckbox" classname="src.in.valtech.cl.scenarios.TC_Scenario_05" time="0.217"/>
  <testcase name="step80_VerifiedYourOrderID" classname="src.in.valtech.cl.scenarios.TC_Scenario_01" time="0.344"/>
  <testcase name="step57_ClickOnContinueToPayemntButton" classname="src.in.valtech.cl.scenarios.TC_Scenario_09" time="1.855"/>
  <testcase name="step80_ClickOrderstxtFromSalesIcon" classname="src.in.valtech.cl.scenarios.TC_Scenario_02" time="1.071"/>
  <testcase name="step58_VerifiedPaymentoptions" classname="src.in.valtech.cl.scenarios.TC_Scenario_09" time="1.154"/>
  <testcase name="step83_ClickOnProceedButton" classname="src.in.valtech.cl.scenarios.TC_Scenario_05" time="0.741"/>
  <testcase name="step59_VerifyPaymentSection" classname="src.in.valtech.cl.scenarios.TC_Scenario_04" time="1.035"/>
  <testcase name="step81_VerifiedProcessingOrderTxt" classname="src.in.valtech.cl.scenarios.TC_Scenario_01" time="2.599"/>
  <testcase name="step59_ClickOnCreditCardRadioBtn" classname="src.in.valtech.cl.scenarios.TC_Scenario_09" time="2.845"/>
  <testcase name="step60_VerifiedMyBAandSABothSame_CheckboxIsAutoSelected" classname="src.in.valtech.cl.scenarios.TC_Scenario_09" time="0.001"/>
  <testcase name="step62_SearchForProductSeleableStockInBO" classname="src.in.valtech.cl.scenarios.TC_Scenario_08" time="0.151"/>
  <testcase name="step84_NavigatedBackToBOAndClickOnSalesIcon" classname="src.in.valtech.cl.scenarios.TC_Scenario_07" time="0.237"/>
  <testcase name="step81_VerifiedOrdersHeaderInBO" classname="src.in.valtech.cl.scenarios.TC_Scenario_02" time="1.339"/>
  <testcase name="step60_ClickOnPaypalCardRadioBtn" classname="src.in.valtech.cl.scenarios.TC_Scenario_04" time="0.015"/>
  <testcase name="step61_VerifiedMyBAandSABothSame_CheckboxIsAutoSelected" classname="src.in.valtech.cl.scenarios.TC_Scenario_04" time="0"/>
  <testcase name="step62_UncheckedMyBAandSABothSameCheckbox" classname="src.in.valtech.cl.scenarios.TC_Scenario_04" time="0"/>
  <testcase name="step63_VerifyInitialSaleableStock" classname="src.in.valtech.cl.scenarios.TC_Scenario_08" time="0.676"/>
  <testcase name="step61_EnteredCreditNumberField" classname="src.in.valtech.cl.scenarios.TC_Scenario_09" time="0.198"/>
  <testcase name="step64_VerifyGiftHeadertextAndDefaultGiftWrapSelected" classname="src.in.valtech.cl.scenarios.TC_Scenario_08" time="2.042"/>
  <testcase name="step65_EnterMsgInGiftMsgFld" classname="src.in.valtech.cl.scenarios.TC_Scenario_08" time="0.015"/>
  <testcase name="step84_SearchForProductSeleableStockInBO" classname="src.in.valtech.cl.scenarios.TC_Scenario_03" time="0.708">
    <failure message="element click intercepted: Element &lt;div class=&quot;admin__form-field-control&quot;&gt;...&lt;/div&gt; is not clickable at point (620, 500). Other element would receive the click: &lt;div data-role=&quot;spinner&quot; data-component=&quot;product_listing.product_listing.product_columns&quot; class=&quot;admin__data-grid-loading-mask&quot; style=&quot;&quot;&gt;...&lt;/div&gt;&#10;  (Session info: chrome=121.0.6167.185)&#10;Build info: version: &apos;3.141.59&apos;, revision: &apos;e82be7d358&apos;, time: &apos;2018-11-14T08:17:03&apos;&#10;System info: host: &apos;IN-PF42S2RF&apos;, ip: &apos;192.168.85.57&apos;, os.name: &apos;Windows 10&apos;, os.arch: &apos;amd64&apos;, os.version: &apos;10.0&apos;, java.version: &apos;11.0.2&apos;&#10;Driver info: org.openqa.selenium.chrome.ChromeDriver&#10;Capabilities {acceptInsecureCerts: false, browserName: chrome, browserVersion: 121.0.6167.185, chrome: {chromedriverVersion: 121.0.6167.85 (3f98d690ad7e..., userDataDir: C:\Users\CHAITR~1.BAB\AppDa...}, fedcm:accounts: true, goog:chromeOptions: {debuggerAddress: localhost:62908}, javascriptEnabled: true, networkConnectionEnabled: false, pageLoadStrategy: normal, platform: WINDOWS, platformName: WINDOWS, proxy: Proxy(), setWindowRect: true, strictFileInteractability: false, timeouts: {implicit: 0, pageLoad: 300000, script: 30000}, unhandledPromptBehavior: dismiss and notify, webauthn:extension:credBlob: true, webauthn:extension:largeBlob: true, webauthn:extension:minPinLength: true, webauthn:extension:prf: true, webauthn:virtualAuthenticators: true}&#10;Session ID: eb2904d38b4d1a3e09e41f1030d90028" type="org.openqa.selenium.ElementClickInterceptedException"><![CDATA[org.openqa.selenium.ElementClickInterceptedException: 
element click intercepted: Element <div class="admin__form-field-control">...</div> is not clickable at point (620, 500). Other element would receive the click: <div data-role="spinner" data-component="product_listing.product_listing.product_columns" class="admin__data-grid-loading-mask" style="">...</div>
  (Session info: chrome=121.0.6167.185)
Build info: version: '3.141.59', revision: 'e82be7d358', time: '2018-11-14T08:17:03'
System info: host: 'IN-PF42S2RF', ip: '192.168.85.57', os.name: 'Windows 10', os.arch: 'amd64', os.version: '10.0', java.version: '11.0.2'
Driver info: org.openqa.selenium.chrome.ChromeDriver
Capabilities {acceptInsecureCerts: false, browserName: chrome, browserVersion: 121.0.6167.185, chrome: {chromedriverVersion: 121.0.6167.85 (3f98d690ad7e..., userDataDir: C:\Users\CHAITR~1.BAB\AppDa...}, fedcm:accounts: true, goog:chromeOptions: {debuggerAddress: localhost:62908}, javascriptEnabled: true, networkConnectionEnabled: false, pageLoadStrategy: normal, platform: WINDOWS, platformName: WINDOWS, proxy: Proxy(), setWindowRect: true, strictFileInteractability: false, timeouts: {implicit: 0, pageLoad: 300000, script: 30000}, unhandledPromptBehavior: dismiss and notify, webauthn:extension:credBlob: true, webauthn:extension:largeBlob: true, webauthn:extension:minPinLength: true, webauthn:extension:prf: true, webauthn:virtualAuthenticators: true}
Session ID: eb2904d38b4d1a3e09e41f1030d90028
	at src.in.valtech.cl.scenarios.TC_Scenario_03.step84_SearchForProductSeleableStockInBO(TC_Scenario_03.java:642)
]]></failure>
  </testcase>
  <testcase name="step62_EnteredExpiryDateField" classname="src.in.valtech.cl.scenarios.TC_Scenario_09" time="1.467"/>
  <testcase name="step82_ClickMyAccountBtn" classname="src.in.valtech.cl.scenarios.TC_Scenario_01" time="0.776"/>
  <testcase name="step84_VerifiedSuccessMsgAfterPlacingOrder" classname="src.in.valtech.cl.scenarios.TC_Scenario_05" time="1.018"/>
  <testcase name="step85_VerifiedContinueShoppingButton" classname="src.in.valtech.cl.scenarios.TC_Scenario_05" time="0.655"/>
  <testcase name="step66_ClickUpdateBtn" classname="src.in.valtech.cl.scenarios.TC_Scenario_08" time="0.146"/>
  <testcase name="step67_VerifiedShippingAddressHeaderInCP" classname="src.in.valtech.cl.scenarios.TC_Scenario_08" time="0.219"/>
  <testcase name="step63_EnteredCVVField" classname="src.in.valtech.cl.scenarios.TC_Scenario_09" time="1"/>
  <testcase name="step64_EnteredCardHolderField" classname="src.in.valtech.cl.scenarios.TC_Scenario_09" time="0.516"/>
  <testcase name="step86_VerifiedYourOrderID" classname="src.in.valtech.cl.scenarios.TC_Scenario_05" time="0.357"/>
  <testcase name="step87_InitialisedOrderID" classname="src.in.valtech.cl.scenarios.TC_Scenario_05" time="0.002"/>
  <testcase name="step68_EnteredAddressNameField" classname="src.in.valtech.cl.scenarios.TC_Scenario_08" time="0.508"/>
  <testcase name="step69_VerifiedPrefixNameDpdIsAutoSelectedOrNot" classname="src.in.valtech.cl.scenarios.TC_Scenario_08" time="0.175"/>
  <testcase name="step70_EnteredFirstNameField" classname="src.in.valtech.cl.scenarios.TC_Scenario_08" time="2.29"/>
  <testcase name="step63_CheckedOnPrivacyPolicyAndReturnPolicyCheckbox" classname="src.in.valtech.cl.scenarios.TC_Scenario_04" time="2.29"/>
  <testcase name="step88_ClickOnMyAccountIcon" classname="src.in.valtech.cl.scenarios.TC_Scenario_05" time="1.695"/>
  <testcase name="step71_EnteredLastNameField" classname="src.in.valtech.cl.scenarios.TC_Scenario_08" time="0.601"/>
  <testcase name="step83_ClickMyOrdersLink" classname="src.in.valtech.cl.scenarios.TC_Scenario_01" time="2.193"/>
  <testcase name="step85_ClickOrderstxtFromSalesIcon" classname="src.in.valtech.cl.scenarios.TC_Scenario_07" time="0.502"/>
  <testcase name="step84_VerifyOrderdetailsInOrderspage" classname="src.in.valtech.cl.scenarios.TC_Scenario_01" time="0.128"/>
  <testcase name="step72_EnteredAddressField" classname="src.in.valtech.cl.scenarios.TC_Scenario_08" time="2.687"/>
  <testcase name="step64_ClickOnProceedButton" classname="src.in.valtech.cl.scenarios.TC_Scenario_04" time="0.886"/>
  <testcase name="step85_VerifyInitialSaleableStock" classname="src.in.valtech.cl.scenarios.TC_Scenario_03" time="2.238">
    <failure message="no such element: Unable to locate element: {&quot;method&quot;:&quot;xpath&quot;,&quot;selector&quot;:&quot;//div[text()=&apos;3615482722158&apos;]/../following-sibling::td[4]&quot;}&#10;  (Session info: chrome=121.0.6167.185)&#10;For documentation on this error, please visit: https://www.seleniumhq.org/exceptions/no_such_element.html&#10;Build info: version: &apos;3.141.59&apos;, revision: &apos;e82be7d358&apos;, time: &apos;2018-11-14T08:17:03&apos;&#10;System info: host: &apos;IN-PF42S2RF&apos;, ip: &apos;192.168.85.57&apos;, os.name: &apos;Windows 10&apos;, os.arch: &apos;amd64&apos;, os.version: &apos;10.0&apos;, java.version: &apos;11.0.2&apos;&#10;Driver info: org.openqa.selenium.chrome.ChromeDriver&#10;Capabilities {acceptInsecureCerts: false, browserName: chrome, browserVersion: 121.0.6167.185, chrome: {chromedriverVersion: 121.0.6167.85 (3f98d690ad7e..., userDataDir: C:\Users\CHAITR~1.BAB\AppDa...}, fedcm:accounts: true, goog:chromeOptions: {debuggerAddress: localhost:62908}, javascriptEnabled: true, networkConnectionEnabled: false, pageLoadStrategy: normal, platform: WINDOWS, platformName: WINDOWS, proxy: Proxy(), setWindowRect: true, strictFileInteractability: false, timeouts: {implicit: 0, pageLoad: 300000, script: 30000}, unhandledPromptBehavior: dismiss and notify, webauthn:extension:credBlob: true, webauthn:extension:largeBlob: true, webauthn:extension:minPinLength: true, webauthn:extension:prf: true, webauthn:virtualAuthenticators: true}&#10;Session ID: eb2904d38b4d1a3e09e41f1030d90028&#10;*** Element info: {Using=xpath, value=//div[text()=&apos;3615482722158&apos;]/../following-sibling::td[4]}" type="org.openqa.selenium.NoSuchElementException">org.openqa.selenium.NoSuchElementException: 
no such element: Unable to locate element: {"method":"xpath","selector":"//div[text()='3615482722158']/../following-sibling::td[4]"}
  (Session info: chrome=121.0.6167.185)
For documentation on this error, please visit: https://www.seleniumhq.org/exceptions/no_such_element.html
Build info: version: '3.141.59', revision: 'e82be7d358', time: '2018-11-14T08:17:03'
System info: host: 'IN-PF42S2RF', ip: '192.168.85.57', os.name: 'Windows 10', os.arch: 'amd64', os.version: '10.0', java.version: '11.0.2'
Driver info: org.openqa.selenium.chrome.ChromeDriver
Capabilities {acceptInsecureCerts: false, browserName: chrome, browserVersion: 121.0.6167.185, chrome: {chromedriverVersion: 121.0.6167.85 (3f98d690ad7e..., userDataDir: C:\Users\CHAITR~1.BAB\AppDa...}, fedcm:accounts: true, goog:chromeOptions: {debuggerAddress: localhost:62908}, javascriptEnabled: true, networkConnectionEnabled: false, pageLoadStrategy: normal, platform: WINDOWS, platformName: WINDOWS, proxy: Proxy(), setWindowRect: true, strictFileInteractability: false, timeouts: {implicit: 0, pageLoad: 300000, script: 30000}, unhandledPromptBehavior: dismiss and notify, webauthn:extension:credBlob: true, webauthn:extension:largeBlob: true, webauthn:extension:minPinLength: true, webauthn:extension:prf: true, webauthn:virtualAuthenticators: true}
Session ID: eb2904d38b4d1a3e09e41f1030d90028
*** Element info: {Using=xpath, value=//div[text()='3615482722158']/../following-sibling::td[4]}
	at src.in.valtech.cl.scenarios.TC_Scenario_03.step85_VerifyInitialSaleableStock(TC_Scenario_03.java:647)
</failure>
  </testcase>
  <testcase name="step89_ClickOnMyOrdersLink" classname="src.in.valtech.cl.scenarios.TC_Scenario_05" time="0.045"/>
  <testcase name="step65_CheckedOnPrivacyPolicyAndReturnPolicyCheckbox" classname="src.in.valtech.cl.scenarios.TC_Scenario_09" time="0.152"/>
  <testcase name="step73_EnteredPostCodeField" classname="src.in.valtech.cl.scenarios.TC_Scenario_08" time="0.744"/>
  <testcase name="step86_NavigatedIntoFOAndVerifiedProductNameinPDP" classname="src.in.valtech.cl.scenarios.TC_Scenario_03" time="3.265"/>
  <testcase name="step65_EnteredEmailField" classname="src.in.valtech.cl.scenarios.TC_Scenario_04" time="0.944"/>
  <testcase name="step74_EnteredCityField" classname="src.in.valtech.cl.scenarios.TC_Scenario_08" time="0.063"/>
  <testcase name="step86_NavigatedBackToBOAndClickOnSalesIcon" classname="src.in.valtech.cl.scenarios.TC_Scenario_01" time="1.03"/>
  <testcase name="step87_VerifiedProductPriceinPDP" classname="src.in.valtech.cl.scenarios.TC_Scenario_03" time="0.06"/>
  <testcase name="step75_VerifiedCountryField" classname="src.in.valtech.cl.scenarios.TC_Scenario_08" time="1.065"/>
  <testcase name="step66_EnteredPasswordField" classname="src.in.valtech.cl.scenarios.TC_Scenario_04" time="0.115"/>
  <testcase name="step89_EnteredAddressNameField" classname="src.in.valtech.cl.scenarios.TC_Scenario_03" time="1.109"/>
  <testcase name="step90_VerifiedPrefixNameDpdIsAutoSelectedOrNot" classname="src.in.valtech.cl.scenarios.TC_Scenario_03" time="0.17"/>
  <testcase name="step86_VerifiedOrdersHeaderInBO" classname="src.in.valtech.cl.scenarios.TC_Scenario_07" time="0.244"/>
  <testcase name="step91_EnteredFirstNameField" classname="src.in.valtech.cl.scenarios.TC_Scenario_03" time="2.237"/>
  <testcase name="step76_EnteredPhoneNumberField" classname="src.in.valtech.cl.scenarios.TC_Scenario_08" time="0.552"/>
  <testcase name="step92_EnteredLastNameField" classname="src.in.valtech.cl.scenarios.TC_Scenario_03" time="1.713"/>
  <testcase name="step67_ClickOnSignInButton" classname="src.in.valtech.cl.scenarios.TC_Scenario_04" time="3.336"/>
  <testcase name="step68_SelectBankOfVisaCard" classname="src.in.valtech.cl.scenarios.TC_Scenario_04" time="0.014"/>
  <testcase name="step93_EnteredAddressField" classname="src.in.valtech.cl.scenarios.TC_Scenario_03" time="2.232"/>
  <testcase name="step87_ClickOrderstxtFromSalesIcon" classname="src.in.valtech.cl.scenarios.TC_Scenario_01" time="2.115"/>
  <testcase name="step77_VerifyAndClickOnSecondShippingMethod" classname="src.in.valtech.cl.scenarios.TC_Scenario_08" time="3.282"/>
  <testcase name="step94_EnteredPostCodeField" classname="src.in.valtech.cl.scenarios.TC_Scenario_03" time="0.243"/>
  <testcase name="step69_PayButtonClick" classname="src.in.valtech.cl.scenarios.TC_Scenario_04" time="1.911"/>
  <testcase name="step95_EnteredCityField" classname="src.in.valtech.cl.scenarios.TC_Scenario_03" time="5.491"/>
  <testcase name="step78_ClickOnContinueToPayemntButton" classname="src.in.valtech.cl.scenarios.TC_Scenario_08" time="0.642"/>
  <testcase name="step79_VerifyPaymentOptions" classname="src.in.valtech.cl.scenarios.TC_Scenario_08" time="2.692"/>
  <testcase name="step82_VerifiedOrderStatusInOrdersPage" classname="src.in.valtech.cl.scenarios.TC_Scenario_02" time="0.075">
    <failure message="no such element: Unable to locate element: {&quot;method&quot;:&quot;xpath&quot;,&quot;selector&quot;:&quot;//div[contains(text(),&apos;11000341321&apos;)]/../following-sibling::td[contains(@class,&apos;status&apos;)]//div&quot;}&#10;  (Session info: chrome=121.0.6167.185)&#10;For documentation on this error, please visit: https://www.seleniumhq.org/exceptions/no_such_element.html&#10;Build info: version: &apos;3.141.59&apos;, revision: &apos;e82be7d358&apos;, time: &apos;2018-11-14T08:17:03&apos;&#10;System info: host: &apos;IN-PF42S2RF&apos;, ip: &apos;192.168.85.57&apos;, os.name: &apos;Windows 10&apos;, os.arch: &apos;amd64&apos;, os.version: &apos;10.0&apos;, java.version: &apos;11.0.2&apos;&#10;Driver info: org.openqa.selenium.chrome.ChromeDriver&#10;Capabilities {acceptInsecureCerts: false, browserName: chrome, browserVersion: 121.0.6167.185, chrome: {chromedriverVersion: 121.0.6167.85 (3f98d690ad7e..., userDataDir: C:\Users\CHAITR~1.BAB\AppDa...}, fedcm:accounts: true, goog:chromeOptions: {debuggerAddress: localhost:62803}, javascriptEnabled: true, networkConnectionEnabled: false, pageLoadStrategy: normal, platform: WINDOWS, platformName: WINDOWS, proxy: Proxy(), setWindowRect: true, strictFileInteractability: false, timeouts: {implicit: 0, pageLoad: 300000, script: 30000}, unhandledPromptBehavior: dismiss and notify, webauthn:extension:credBlob: true, webauthn:extension:largeBlob: true, webauthn:extension:minPinLength: true, webauthn:extension:prf: true, webauthn:virtualAuthenticators: true}&#10;Session ID: b2d6a7f6963566ac9f9c4b646b6988c7&#10;*** Element info: {Using=xpath, value=//div[contains(text(),&apos;11000341321&apos;)]/../following-sibling::td[contains(@class,&apos;status&apos;)]//div}" type="org.openqa.selenium.NoSuchElementException">org.openqa.selenium.NoSuchElementException: 
no such element: Unable to locate element: {"method":"xpath","selector":"//div[contains(text(),'11000341321')]/../following-sibling::td[contains(@class,'status')]//div"}
  (Session info: chrome=121.0.6167.185)
For documentation on this error, please visit: https://www.seleniumhq.org/exceptions/no_such_element.html
Build info: version: '3.141.59', revision: 'e82be7d358', time: '2018-11-14T08:17:03'
System info: host: 'IN-PF42S2RF', ip: '192.168.85.57', os.name: 'Windows 10', os.arch: 'amd64', os.version: '10.0', java.version: '11.0.2'
Driver info: org.openqa.selenium.chrome.ChromeDriver
Capabilities {acceptInsecureCerts: false, browserName: chrome, browserVersion: 121.0.6167.185, chrome: {chromedriverVersion: 121.0.6167.85 (3f98d690ad7e..., userDataDir: C:\Users\CHAITR~1.BAB\AppDa...}, fedcm:accounts: true, goog:chromeOptions: {debuggerAddress: localhost:62803}, javascriptEnabled: true, networkConnectionEnabled: false, pageLoadStrategy: normal, platform: WINDOWS, platformName: WINDOWS, proxy: Proxy(), setWindowRect: true, strictFileInteractability: false, timeouts: {implicit: 0, pageLoad: 300000, script: 30000}, unhandledPromptBehavior: dismiss and notify, webauthn:extension:credBlob: true, webauthn:extension:largeBlob: true, webauthn:extension:minPinLength: true, webauthn:extension:prf: true, webauthn:virtualAuthenticators: true}
Session ID: b2d6a7f6963566ac9f9c4b646b6988c7
*** Element info: {Using=xpath, value=//div[contains(text(),'11000341321')]/../following-sibling::td[contains(@class,'status')]//div}
	at src.in.valtech.cl.scenarios.TC_Scenario_02.step82_VerifiedOrderStatusInOrdersPage(TC_Scenario_02.java:711)
</failure>
  </testcase>
  <testcase name="step70_VerifiedSuccessMsgAfterPlacingOrder" classname="src.in.valtech.cl.scenarios.TC_Scenario_04" time="0.926"/>
  <testcase name="step71_VerifiedContinueShoppingButton" classname="src.in.valtech.cl.scenarios.TC_Scenario_04" time="0.046"/>
  <testcase name="step96_EnteredPhoneNumberField" classname="src.in.valtech.cl.scenarios.TC_Scenario_03" time="0.431"/>
  <testcase name="step98_VerifiedShippingMethodsHeaderInCP" classname="src.in.valtech.cl.scenarios.TC_Scenario_03" time="0.06"/>
  <testcase name="step72_VerifiedProcessingOrderTxt" classname="src.in.valtech.cl.scenarios.TC_Scenario_04" time="1.612"/>
  <testcase name="step73_VerifiedYourOrderID" classname="src.in.valtech.cl.scenarios.TC_Scenario_04" time="2.157"/>
  <testcase name="step80_ClickOnCreditCardRadioBtn" classname="src.in.valtech.cl.scenarios.TC_Scenario_08" time="1.653"/>
  <testcase name="step88_EnterOrderIDInBOSearchFld" classname="src.in.valtech.cl.scenarios.TC_Scenario_01" time="0.703"/>
  <testcase name="step81_VerifyOrderStatus" classname="src.in.valtech.cl.scenarios.TC_Scenario_10" time="0.367"/>
  <testcase name="step74_ClickMyAccountBtn" classname="src.in.valtech.cl.scenarios.TC_Scenario_04" time="0.973"/>
  <testcase name="step90_VerifiedOrderStatusInMyOrdersPage" classname="src.in.valtech.cl.scenarios.TC_Scenario_05" time="1.579"/>
  <testcase name="step66_ClickOnProceedButtonAndEntered3DSCredentials" classname="src.in.valtech.cl.scenarios.TC_Scenario_09" time="0.275"/>
  <testcase name="step67_VerifiedSuccessMsgAfterPlacingOrder" classname="src.in.valtech.cl.scenarios.TC_Scenario_09" time="2.16"/>
  <testcase name="step68_VerifiedContinueShoppingButton" classname="src.in.valtech.cl.scenarios.TC_Scenario_09" time="0.047"/>
  <testcase name="step99_ClickOnSecondShipMethodRadioButton" classname="src.in.valtech.cl.scenarios.TC_Scenario_03" time="0.715"/>
  <testcase name="step69_VerifiedYourOrderID" classname="src.in.valtech.cl.scenarios.TC_Scenario_09" time="1.44"/>
  <testcase name="step70_InitialisedOrderID" classname="src.in.valtech.cl.scenarios.TC_Scenario_09" time="0"/>
  <testcase name="step83_ClickOnSalesIcon" classname="src.in.valtech.cl.scenarios.TC_Scenario_10" time="5.085"/>
  <testcase name="step100_ClickOnContinueToPayemntButton" classname="src.in.valtech.cl.scenarios.TC_Scenario_03" time="0.703"/>
  <testcase name="step75_ClickAddressBookLink" classname="src.in.valtech.cl.scenarios.TC_Scenario_04" time="1.474"/>
  <testcase name="step92_NavigatedBackToMagentoAndClickOnSalesIcon" classname="src.in.valtech.cl.scenarios.TC_Scenario_05" time="0.356"/>
  <testcase name="step101_VerifiedPaymentoptions" classname="src.in.valtech.cl.scenarios.TC_Scenario_03" time="0.528"/>
  <testcase name="step81_VerifyCreditCardDetailsInPayment" classname="src.in.valtech.cl.scenarios.TC_Scenario_08" time="4.161"/>
  <testcase name="step71_NavigatedBackIntoBOClickOnSalesIcon" classname="src.in.valtech.cl.scenarios.TC_Scenario_09" time="0.043"/>
  <testcase name="step82_VerifiedMyBAandSABothSame_CheckboxIsAutoSelected" classname="src.in.valtech.cl.scenarios.TC_Scenario_08" time="0.043"/>
  <testcase name="step83_UncheckMyBAandSABothSame_Checkbox" classname="src.in.valtech.cl.scenarios.TC_Scenario_08" time="0"/>
  <testcase name="step84_EnteredAddressNameField" classname="src.in.valtech.cl.scenarios.TC_Scenario_08" time="0"/>
  <testcase name="step85_SelectPrefixNameDpdn" classname="src.in.valtech.cl.scenarios.TC_Scenario_08" time="0"/>
  <testcase name="step86_EnteredFirstNameField" classname="src.in.valtech.cl.scenarios.TC_Scenario_08" time="0"/>
  <testcase name="step87_EnteredLastNameField" classname="src.in.valtech.cl.scenarios.TC_Scenario_08" time="0"/>
  <testcase name="step88_EnteredAddressField" classname="src.in.valtech.cl.scenarios.TC_Scenario_08" time="0.001"/>
  <testcase name="step89_EnteredPostCodeField" classname="src.in.valtech.cl.scenarios.TC_Scenario_08" time="0"/>
  <testcase name="step90_EnteredCityField" classname="src.in.valtech.cl.scenarios.TC_Scenario_08" time="0"/>
  <testcase name="step91_VerifiedCountryField" classname="src.in.valtech.cl.scenarios.TC_Scenario_08" time="0"/>
  <testcase name="step92_EnterPhoneNumField" classname="src.in.valtech.cl.scenarios.TC_Scenario_08" time="0"/>
  <testcase name="step93_ClickOnUpdateBtn" classname="src.in.valtech.cl.scenarios.TC_Scenario_08" time="0.032"/>
  <testcase name="step94_EnteredCreditNumberField" classname="src.in.valtech.cl.scenarios.TC_Scenario_08" time="2.84"/>
  <testcase name="step102_ClickOnCreditCardRadioBtn" classname="src.in.valtech.cl.scenarios.TC_Scenario_03" time="0.107"/>
  <testcase name="step103_VerifiedMyBAandSABothSame_CheckboxIsAutoSelected" classname="src.in.valtech.cl.scenarios.TC_Scenario_03" time="0.016"/>
  <testcase name="step104_UncheckMyBAandSABothSame_Checkbox" classname="src.in.valtech.cl.scenarios.TC_Scenario_03" time="0"/>
  <testcase name="step105_EnteredAddressNameField" classname="src.in.valtech.cl.scenarios.TC_Scenario_03" time="0"/>
  <testcase name="step106_SelectPrefixNameDpdn" classname="src.in.valtech.cl.scenarios.TC_Scenario_03" time="0"/>
  <testcase name="step107_EnteredFirstNameField" classname="src.in.valtech.cl.scenarios.TC_Scenario_03" time="0"/>
  <testcase name="step108_EnteredLastNameField" classname="src.in.valtech.cl.scenarios.TC_Scenario_03" time="0"/>
  <testcase name="step109_EnteredAddressField" classname="src.in.valtech.cl.scenarios.TC_Scenario_03" time="0"/>
  <testcase name="step110_EnteredPostCodeField" classname="src.in.valtech.cl.scenarios.TC_Scenario_03" time="0"/>
  <testcase name="step111_EnteredCityField" classname="src.in.valtech.cl.scenarios.TC_Scenario_03" time="0"/>
  <testcase name="step112_VerifiedCountryField" classname="src.in.valtech.cl.scenarios.TC_Scenario_03" time="0"/>
  <testcase name="step113_EnterPhoneNumField" classname="src.in.valtech.cl.scenarios.TC_Scenario_03" time="0"/>
  <testcase name="step114_ClickOnUpdateBtn" classname="src.in.valtech.cl.scenarios.TC_Scenario_03" time="0.014"/>
  <testcase name="step115_EnteredCreditNumberField" classname="src.in.valtech.cl.scenarios.TC_Scenario_03" time="2.583"/>
  <testcase name="step95_EnteredExpiryDateField" classname="src.in.valtech.cl.scenarios.TC_Scenario_08" time="1.692"/>
  <testcase name="step96_EnteredCVVField" classname="src.in.valtech.cl.scenarios.TC_Scenario_08" time="2.368"/>
  <testcase name="step116_EnteredExpiryDateField" classname="src.in.valtech.cl.scenarios.TC_Scenario_03" time="0.307"/>
  <testcase name="step97_EnteredCardHolderField" classname="src.in.valtech.cl.scenarios.TC_Scenario_08" time="0.03"/>
  <testcase name="step93_ClickOrderstxtFromSalesIcon" classname="src.in.valtech.cl.scenarios.TC_Scenario_05" time="0.077"/>
  <testcase name="step117_EnteredCVVField" classname="src.in.valtech.cl.scenarios.TC_Scenario_03" time="2.217"/>
  <testcase name="step118_EnteredCardHolderField" classname="src.in.valtech.cl.scenarios.TC_Scenario_03" time="0.338"/>
  <testcase name="step72_ClickOrderstxtFromSalesIcon" classname="src.in.valtech.cl.scenarios.TC_Scenario_09" time="2.063"/>
  <testcase name="step94_VerifiedOrdersHeaderInBO" classname="src.in.valtech.cl.scenarios.TC_Scenario_05" time="5.582"/>
  <testcase name="step84_ClickOrderstxtFromSalesIcon" classname="src.in.valtech.cl.scenarios.TC_Scenario_10" time="2.622"/>
  <testcase name="step98_CheckedOnPrivacyPolicyAndReturnPolicyCheckbox" classname="src.in.valtech.cl.scenarios.TC_Scenario_08" time="1.481"/>
  <testcase name="step73_VerifiedOrdersHeaderInBO" classname="src.in.valtech.cl.scenarios.TC_Scenario_09" time="0.419"/>
  <testcase name="step119_CheckedOnPrivacyPolicyAndReturnPolicyCheckbox" classname="src.in.valtech.cl.scenarios.TC_Scenario_03" time="2.159"/>
  <testcase name="step99_ClickOnProceedButtonAtPaymentSection" classname="src.in.valtech.cl.scenarios.TC_Scenario_08" time="2.967"/>
  <testcase name="step120_ClickOnProceedButtonAtPaymentSection" classname="src.in.valtech.cl.scenarios.TC_Scenario_03" time="2.272"/>
  <testcase name="step83_VerifiedSaleableStockQntyDecBy1InBOAferPlacingTheOrder" classname="src.in.valtech.cl.scenarios.TC_Scenario_02" time="2.431"/>
  <testcase name="step121_VerifiedSuccessMsgAfterPlacingOrder" classname="src.in.valtech.cl.scenarios.TC_Scenario_03" time="14.217"/>
  <testcase name="step122_VerifiedYourOrderID" classname="src.in.valtech.cl.scenarios.TC_Scenario_03" time="2.142"/>
  <testcase name="step123_ClickOnMyAccountIcon" classname="src.in.valtech.cl.scenarios.TC_Scenario_03" time="2.98"/>
  <testcase name="step76_VerifyOrderdetailsInOrderspage" classname="src.in.valtech.cl.scenarios.TC_Scenario_04" time="2.048"/>
  <testcase name="step124_ClickOnMyOrdersLink" classname="src.in.valtech.cl.scenarios.TC_Scenario_03" time="6.664"/>
  <testcase name="step100_ClickOnProceedButtonAndEntered3DSCredentials" classname="src.in.valtech.cl.scenarios.TC_Scenario_08" time="0.401"/>
  <testcase name="step78_ClickOnSalesIcon" classname="src.in.valtech.cl.scenarios.TC_Scenario_04" time="5.173"/>
  <testcase name="step101_VerifiedSuccessMsgAfterPlacingOrder" classname="src.in.valtech.cl.scenarios.TC_Scenario_08" time="1.982"/>
  <testcase name="step102_VerifiedYourOrderID" classname="src.in.valtech.cl.scenarios.TC_Scenario_08" time="2.139"/>
  <testcase name="step103_ClickMyAccountBtn" classname="src.in.valtech.cl.scenarios.TC_Scenario_08" time="3.004"/>
  <testcase name="step84_VerifySaleableStockDecBy1InWMSAferPlacingTheOrder" classname="src.in.valtech.cl.scenarios.TC_Scenario_02" time="7.664"/>
  <testcase name="step104_VerifyOrderdetailsInOrderspage" classname="src.in.valtech.cl.scenarios.TC_Scenario_08" time="2.13"/>
  <testcase name="step79_ClickOrderstxtFromSalesIcon" classname="src.in.valtech.cl.scenarios.TC_Scenario_04" time="3.122"/>
  <testcase name="step106_ClickOnSalesIcon" classname="src.in.valtech.cl.scenarios.TC_Scenario_08" time="9.116"/>
  <testcase name="step125_VerifiedOrderStatusInMyOrdersPage" classname="src.in.valtech.cl.scenarios.TC_Scenario_03" time="10.187"/>
  <testcase name="step107_ClickOrderstxtFromSalesIcon" classname="src.in.valtech.cl.scenarios.TC_Scenario_08" time="4.039"/>
  <testcase name="step127_NavigatedBackToMagentoAndClickOnSalesIcon" classname="src.in.valtech.cl.scenarios.TC_Scenario_03" time="8.194"/>
  <testcase name="step108_EnterOrderIDInBOSearchFld" classname="src.in.valtech.cl.scenarios.TC_Scenario_08" time="8.26"/>
  <testcase name="step128_ClickOrderstxtFromSalesIcon" classname="src.in.valtech.cl.scenarios.TC_Scenario_03" time="6.152"/>
  <testcase name="step129_VerifiedOrdersHeaderInBO" classname="src.in.valtech.cl.scenarios.TC_Scenario_03" time="10.111"/>
  <testcase name="step85_ComparedSeleableStockInWMSAndBOBothAreSame" classname="src.in.valtech.cl.scenarios.TC_Scenario_02" time="28.462"/>
  <testcase name="step89_VerifiedOrderStatusInOrdersPage" classname="src.in.valtech.cl.scenarios.TC_Scenario_01" time="38.449"/>
  <testcase name="step90_EnterOrderIDInBOSearchFld" classname="src.in.valtech.cl.scenarios.TC_Scenario_01" time="28.392"/>
  <testcase name="step89_NavigatedIntoMangetoAndVerifiedOrderStatusInOrdersPage" classname="src.in.valtech.cl.scenarios.TC_Scenario_06" time="3.707"/>
  <testcase name="step91_OpenNewTabAndNavigatedtoAdyen" classname="src.in.valtech.cl.scenarios.TC_Scenario_01" time="2.776"/>
  <testcase name="step90_OpenNewTabAndNavigatedtoAdyen" classname="src.in.valtech.cl.scenarios.TC_Scenario_06" time="4.074"/>
  <testcase name="step86_PickingOrderProcess" classname="src.in.valtech.cl.scenarios.TC_Scenario_02" time="7.054">
    <failure message="Expected condition failed: waiting for visibility of [[ChromeDriver: chrome on WINDOWS (b2d6a7f6963566ac9f9c4b646b6988c7)] -&gt; xpath: //button[@class=&apos;btn btn-info&apos;]] (tried for 10 second(s) with 500 milliseconds interval)&#10;Build info: version: &apos;3.141.59&apos;, revision: &apos;e82be7d358&apos;, time: &apos;2018-11-14T08:17:03&apos;&#10;System info: host: &apos;IN-PF42S2RF&apos;, ip: &apos;192.168.85.57&apos;, os.name: &apos;Windows 10&apos;, os.arch: &apos;amd64&apos;, os.version: &apos;10.0&apos;, java.version: &apos;11.0.2&apos;&#10;Driver info: org.openqa.selenium.chrome.ChromeDriver&#10;Capabilities {acceptInsecureCerts: false, browserName: chrome, browserVersion: 121.0.6167.185, chrome: {chromedriverVersion: 121.0.6167.85 (3f98d690ad7e..., userDataDir: C:\Users\CHAITR~1.BAB\AppDa...}, fedcm:accounts: true, goog:chromeOptions: {debuggerAddress: localhost:62803}, javascriptEnabled: true, networkConnectionEnabled: false, pageLoadStrategy: normal, platform: WINDOWS, platformName: WINDOWS, proxy: Proxy(), setWindowRect: true, strictFileInteractability: false, timeouts: {implicit: 0, pageLoad: 300000, script: 30000}, unhandledPromptBehavior: dismiss and notify, webauthn:extension:credBlob: true, webauthn:extension:largeBlob: true, webauthn:extension:minPinLength: true, webauthn:extension:prf: true, webauthn:virtualAuthenticators: true}&#10;Session ID: b2d6a7f6963566ac9f9c4b646b6988c7" type="org.openqa.selenium.TimeoutException">org.openqa.selenium.TimeoutException: 
Expected condition failed: waiting for visibility of [[ChromeDriver: chrome on WINDOWS (b2d6a7f6963566ac9f9c4b646b6988c7)] -> xpath: //button[@class='btn btn-info']] (tried for 10 second(s) with 500 milliseconds interval)
Build info: version: '3.141.59', revision: 'e82be7d358', time: '2018-11-14T08:17:03'
System info: host: 'IN-PF42S2RF', ip: '192.168.85.57', os.name: 'Windows 10', os.arch: 'amd64', os.version: '10.0', java.version: '11.0.2'
Driver info: org.openqa.selenium.chrome.ChromeDriver
Capabilities {acceptInsecureCerts: false, browserName: chrome, browserVersion: 121.0.6167.185, chrome: {chromedriverVersion: 121.0.6167.85 (3f98d690ad7e..., userDataDir: C:\Users\CHAITR~1.BAB\AppDa...}, fedcm:accounts: true, goog:chromeOptions: {debuggerAddress: localhost:62803}, javascriptEnabled: true, networkConnectionEnabled: false, pageLoadStrategy: normal, platform: WINDOWS, platformName: WINDOWS, proxy: Proxy(), setWindowRect: true, strictFileInteractability: false, timeouts: {implicit: 0, pageLoad: 300000, script: 30000}, unhandledPromptBehavior: dismiss and notify, webauthn:extension:credBlob: true, webauthn:extension:largeBlob: true, webauthn:extension:minPinLength: true, webauthn:extension:prf: true, webauthn:virtualAuthenticators: true}
Session ID: b2d6a7f6963566ac9f9c4b646b6988c7
	at src.in.valtech.cl.scenarios.TC_Scenario_02.step86_PickingOrderProcess(TC_Scenario_02.java:767)
</failure>
    <system-out><![CDATA[2024-02-19 18:17:10 INFO  GUIFunctions:104 - Successfully clicked on element: Click on Search Icon
2024-02-19 18:17:11 INFO  GUIFunctions:104 - Successfully clicked on element: Click on Search Icon
2024-02-19 18:17:16 INFO  GUIFunctions:104 - Successfully clicked on element: Click on Test Tab
]]></system-out>
  </testcase>
  <testcase name="step87_VerifiedPickingOrderSuccessMsg" classname="src.in.valtech.cl.scenarios.TC_Scenario_02" time="4.704"/>
  <testcase name="step87_VerifiedOrderStatusInOrderspage" classname="src.in.valtech.cl.scenarios.TC_Scenario_07" time="23.796"/>
  <testcase name="step92_LoggedIntoAdyen" classname="src.in.valtech.cl.scenarios.TC_Scenario_01" time="3.46"/>
  <testcase name="step88_OpenNewTabAndNavigatedtoAdyen" classname="src.in.valtech.cl.scenarios.TC_Scenario_07" time="3.916"/>
  <testcase name="step91_LoggedIntoAdyen" classname="src.in.valtech.cl.scenarios.TC_Scenario_06" time="0.356"/>
  <testcase name="step93_ClickCaseMgmtOPtionINAdyen" classname="src.in.valtech.cl.scenarios.TC_Scenario_01" time="17.437"/>
  <testcase name="step92_ClickTransactionINAdyen" classname="src.in.valtech.cl.scenarios.TC_Scenario_06" time="1.119"/>
  <testcase name="step74_VerifiedOrderStatusInOrdersPage" classname="src.in.valtech.cl.scenarios.TC_Scenario_09" time="1.059"/>
  <testcase name="step85_NavigatedIntoMangetoAndVerifiedOrderStatusInOrdersPage" classname="src.in.valtech.cl.scenarios.TC_Scenario_10" time="3.377"/>
  <testcase name="step93_ClickPaymentOPtionINAdyen" classname="src.in.valtech.cl.scenarios.TC_Scenario_06" time="9.974"/>
  <testcase name="step75_ClickOnMyAccountIcon" classname="src.in.valtech.cl.scenarios.TC_Scenario_09" time="1.985"/>
  <testcase name="step94_ClickOrderIDCheckbox" classname="src.in.valtech.cl.scenarios.TC_Scenario_01" time="2.552"/>
  <testcase name="step89_LoggedIntoAdyen" classname="src.in.valtech.cl.scenarios.TC_Scenario_07" time="4.939"/>
  <testcase name="step94_EnterOrderIDinPaymentTab_adyen" classname="src.in.valtech.cl.scenarios.TC_Scenario_06" time="4.968"/>
  <testcase name="step76_ClickOnMyOrdersLink" classname="src.in.valtech.cl.scenarios.TC_Scenario_09" time="2.587"/>
  <testcase name="step77_VerifiedOrderStatusInMyOrdersPage" classname="src.in.valtech.cl.scenarios.TC_Scenario_09" time="0.345"/>
  <testcase name="step95_VerifyOrderStatusIN_Adyen" classname="src.in.valtech.cl.scenarios.TC_Scenario_06" time="2.222"/>
  <testcase name="step90_ClickOnAdyenRiskTab" classname="src.in.valtech.cl.scenarios.TC_Scenario_07" time="3.54"/>
  <testcase name="step96_VerifyAccountCreationConfirmationMailContents" classname="src.in.valtech.cl.scenarios.TC_Scenario_06" time="3"/>
  <testcase name="step91_ClickCaseMgmtOPtionINAdyen" classname="src.in.valtech.cl.scenarios.TC_Scenario_07" time="7.71"/>
  <testcase name="step95_ClickOnAcceptBtn" classname="src.in.valtech.cl.scenarios.TC_Scenario_01" time="17.862"/>
  <testcase name="step92_ClickOrderIDCheckbox" classname="src.in.valtech.cl.scenarios.TC_Scenario_07" time="2.202"/>
  <testcase name="step86_VerifiedSaleableStockQntyDecBy1InBOAferPlacingTheOrder" classname="src.in.valtech.cl.scenarios.TC_Scenario_10" time="15.764"/>
  <testcase name="step81_VerifiedOrderStatusInOrdersPage" classname="src.in.valtech.cl.scenarios.TC_Scenario_04" time="8.606"/>
  <testcase name="step82_OpenNewTabAndNavigatedtoAdyen" classname="src.in.valtech.cl.scenarios.TC_Scenario_04" time="6.248"/>
  <testcase name="step79_VerifiedSaleableStockQntyDecBy1InBOAferPlacingTheOrder" classname="src.in.valtech.cl.scenarios.TC_Scenario_09" time="0.982"/>
  <testcase name="step87_VerifySaleableStockDecBy1InWMSAferPlacingTheOrder" classname="src.in.valtech.cl.scenarios.TC_Scenario_10" time="20.261"/>
  <testcase name="step93_ClickOnAcceptBtn" classname="src.in.valtech.cl.scenarios.TC_Scenario_07" time="4.217"/>
  <testcase name="step95_VerifiedOrderStatusInOrdersPage" classname="src.in.valtech.cl.scenarios.TC_Scenario_05" time="11.937"/>
  <testcase name="step96_NavigatedIntoFOAndClickOnMyAccountIcon" classname="src.in.valtech.cl.scenarios.TC_Scenario_05" time="2.186"/>
  <testcase name="step83_LoggedIntoAdyen" classname="src.in.valtech.cl.scenarios.TC_Scenario_04" time="3.481"/>
  <testcase name="step88_NaviagtedIntoMangetoAndVerifiedOrderStatusInOrdersPage" classname="src.in.valtech.cl.scenarios.TC_Scenario_02" time="0.915">
    <failure message="no such element: Unable to locate element: {&quot;method&quot;:&quot;xpath&quot;,&quot;selector&quot;:&quot;//div[contains(text(),&apos;11000341321&apos;)]/../following-sibling::td[contains(@class,&apos;status&apos;)]//div&quot;}&#10;  (Session info: chrome=121.0.6167.185)&#10;For documentation on this error, please visit: https://www.seleniumhq.org/exceptions/no_such_element.html&#10;Build info: version: &apos;3.141.59&apos;, revision: &apos;e82be7d358&apos;, time: &apos;2018-11-14T08:17:03&apos;&#10;System info: host: &apos;IN-PF42S2RF&apos;, ip: &apos;192.168.85.57&apos;, os.name: &apos;Windows 10&apos;, os.arch: &apos;amd64&apos;, os.version: &apos;10.0&apos;, java.version: &apos;11.0.2&apos;&#10;Driver info: org.openqa.selenium.chrome.ChromeDriver&#10;Capabilities {acceptInsecureCerts: false, browserName: chrome, browserVersion: 121.0.6167.185, chrome: {chromedriverVersion: 121.0.6167.85 (3f98d690ad7e..., userDataDir: C:\Users\CHAITR~1.BAB\AppDa...}, fedcm:accounts: true, goog:chromeOptions: {debuggerAddress: localhost:62803}, javascriptEnabled: true, networkConnectionEnabled: false, pageLoadStrategy: normal, platform: WINDOWS, platformName: WINDOWS, proxy: Proxy(), setWindowRect: true, strictFileInteractability: false, timeouts: {implicit: 0, pageLoad: 300000, script: 30000}, unhandledPromptBehavior: dismiss and notify, webauthn:extension:credBlob: true, webauthn:extension:largeBlob: true, webauthn:extension:minPinLength: true, webauthn:extension:prf: true, webauthn:virtualAuthenticators: true}&#10;Session ID: b2d6a7f6963566ac9f9c4b646b6988c7&#10;*** Element info: {Using=xpath, value=//div[contains(text(),&apos;11000341321&apos;)]/../following-sibling::td[contains(@class,&apos;status&apos;)]//div}" type="org.openqa.selenium.NoSuchElementException">org.openqa.selenium.NoSuchElementException: 
no such element: Unable to locate element: {"method":"xpath","selector":"//div[contains(text(),'11000341321')]/../following-sibling::td[contains(@class,'status')]//div"}
  (Session info: chrome=121.0.6167.185)
For documentation on this error, please visit: https://www.seleniumhq.org/exceptions/no_such_element.html
Build info: version: '3.141.59', revision: 'e82be7d358', time: '2018-11-14T08:17:03'
System info: host: 'IN-PF42S2RF', ip: '192.168.85.57', os.name: 'Windows 10', os.arch: 'amd64', os.version: '10.0', java.version: '11.0.2'
Driver info: org.openqa.selenium.chrome.ChromeDriver
Capabilities {acceptInsecureCerts: false, browserName: chrome, browserVersion: 121.0.6167.185, chrome: {chromedriverVersion: 121.0.6167.85 (3f98d690ad7e..., userDataDir: C:\Users\CHAITR~1.BAB\AppDa...}, fedcm:accounts: true, goog:chromeOptions: {debuggerAddress: localhost:62803}, javascriptEnabled: true, networkConnectionEnabled: false, pageLoadStrategy: normal, platform: WINDOWS, platformName: WINDOWS, proxy: Proxy(), setWindowRect: true, strictFileInteractability: false, timeouts: {implicit: 0, pageLoad: 300000, script: 30000}, unhandledPromptBehavior: dismiss and notify, webauthn:extension:credBlob: true, webauthn:extension:largeBlob: true, webauthn:extension:minPinLength: true, webauthn:extension:prf: true, webauthn:virtualAuthenticators: true}
Session ID: b2d6a7f6963566ac9f9c4b646b6988c7
*** Element info: {Using=xpath, value=//div[contains(text(),'11000341321')]/../following-sibling::td[contains(@class,'status')]//div}
	at src.in.valtech.cl.scenarios.TC_Scenario_02.step88_NaviagtedIntoMangetoAndVerifiedOrderStatusInOrdersPage(TC_Scenario_02.java:787)
</failure>
  </testcase>
  <testcase name="step80_VerifySaleableStockDecBy1InWMSAferPlacingTheOrder" classname="src.in.valtech.cl.scenarios.TC_Scenario_09" time="4.779"/>
  <testcase name="step97_ClickOnMyOrdersLink" classname="src.in.valtech.cl.scenarios.TC_Scenario_05" time="1.892"/>
  <testcase name="step89_SwitchToFOTabAndClickOnMyAccountIcon" classname="src.in.valtech.cl.scenarios.TC_Scenario_02" time="5.583"/>
  <testcase name="step84_ClickCaseMgmtOPtionINAdyen" classname="src.in.valtech.cl.scenarios.TC_Scenario_04" time="7.354"/>
  <testcase name="step90_ClickOnMyOrdersLink" classname="src.in.valtech.cl.scenarios.TC_Scenario_02" time="2.508"/>
  <testcase name="step91_VerifiedOrderStatusInMyOrdersPage" classname="src.in.valtech.cl.scenarios.TC_Scenario_02" time="0.08"/>
  <testcase name="step85_ClickOrderIDCheckbox" classname="src.in.valtech.cl.scenarios.TC_Scenario_04" time="17.487"/>
  <testcase name="step92_NavigatedIntoWMSAndGetBarcodeFromPickingProcess" classname="src.in.valtech.cl.scenarios.TC_Scenario_02" time="19.439">
    <failure message="no such element: Unable to locate element: {&quot;method&quot;:&quot;xpath&quot;,&quot;selector&quot;:&quot;//td[contains(text(),&apos;11000341321&apos;)]/../td//a&quot;}&#10;  (Session info: chrome=121.0.6167.185)&#10;For documentation on this error, please visit: https://www.seleniumhq.org/exceptions/no_such_element.html&#10;Build info: version: &apos;3.141.59&apos;, revision: &apos;e82be7d358&apos;, time: &apos;2018-11-14T08:17:03&apos;&#10;System info: host: &apos;IN-PF42S2RF&apos;, ip: &apos;192.168.85.57&apos;, os.name: &apos;Windows 10&apos;, os.arch: &apos;amd64&apos;, os.version: &apos;10.0&apos;, java.version: &apos;11.0.2&apos;&#10;Driver info: org.openqa.selenium.chrome.ChromeDriver&#10;Capabilities {acceptInsecureCerts: false, browserName: chrome, browserVersion: 121.0.6167.185, chrome: {chromedriverVersion: 121.0.6167.85 (3f98d690ad7e..., userDataDir: C:\Users\CHAITR~1.BAB\AppDa...}, fedcm:accounts: true, goog:chromeOptions: {debuggerAddress: localhost:62803}, javascriptEnabled: true, networkConnectionEnabled: false, pageLoadStrategy: normal, platform: WINDOWS, platformName: WINDOWS, proxy: Proxy(), setWindowRect: true, strictFileInteractability: false, timeouts: {implicit: 0, pageLoad: 300000, script: 30000}, unhandledPromptBehavior: dismiss and notify, webauthn:extension:credBlob: true, webauthn:extension:largeBlob: true, webauthn:extension:minPinLength: true, webauthn:extension:prf: true, webauthn:virtualAuthenticators: true}&#10;Session ID: b2d6a7f6963566ac9f9c4b646b6988c7&#10;*** Element info: {Using=xpath, value=//td[contains(text(),&apos;11000341321&apos;)]/../td//a}" type="org.openqa.selenium.NoSuchElementException">org.openqa.selenium.NoSuchElementException: 
no such element: Unable to locate element: {"method":"xpath","selector":"//td[contains(text(),'11000341321')]/../td//a"}
  (Session info: chrome=121.0.6167.185)
For documentation on this error, please visit: https://www.seleniumhq.org/exceptions/no_such_element.html
Build info: version: '3.141.59', revision: 'e82be7d358', time: '2018-11-14T08:17:03'
System info: host: 'IN-PF42S2RF', ip: '192.168.85.57', os.name: 'Windows 10', os.arch: 'amd64', os.version: '10.0', java.version: '11.0.2'
Driver info: org.openqa.selenium.chrome.ChromeDriver
Capabilities {acceptInsecureCerts: false, browserName: chrome, browserVersion: 121.0.6167.185, chrome: {chromedriverVersion: 121.0.6167.85 (3f98d690ad7e..., userDataDir: C:\Users\CHAITR~1.BAB\AppDa...}, fedcm:accounts: true, goog:chromeOptions: {debuggerAddress: localhost:62803}, javascriptEnabled: true, networkConnectionEnabled: false, pageLoadStrategy: normal, platform: WINDOWS, platformName: WINDOWS, proxy: Proxy(), setWindowRect: true, strictFileInteractability: false, timeouts: {implicit: 0, pageLoad: 300000, script: 30000}, unhandledPromptBehavior: dismiss and notify, webauthn:extension:credBlob: true, webauthn:extension:largeBlob: true, webauthn:extension:minPinLength: true, webauthn:extension:prf: true, webauthn:virtualAuthenticators: true}
Session ID: b2d6a7f6963566ac9f9c4b646b6988c7
*** Element info: {Using=xpath, value=//td[contains(text(),'11000341321')]/../td//a}
	at src.in.valtech.cl.scenarios.TC_Scenario_02.step92_NavigatedIntoWMSAndGetBarcodeFromPickingProcess(TC_Scenario_02.java:830)
</failure>
    <system-out><![CDATA[2024-02-19 18:21:12 INFO  GUIFunctions:427 - Successfully clicked on element: Successfully cleared filter
2024-02-19 18:21:14 INFO  GUIFunctions:104 - Successfully clicked on element: Click on Catalog Icon
2024-02-19 18:21:18 INFO  BackOfficePage:355 - Entered OrderID Successfully in search field: 11000341328
2024-02-19 18:21:21 INFO  GUIFunctions:427 - Successfully clicked on element: click on Filters button
2024-02-19 18:21:22 INFO  BackOfficePage:355 - Entered OrderID Successfully in search field: 11000341323
2024-02-19 18:21:24 INFO  GUIFunctions:612 - Successfully Verified Order ID-Order Status: 11000341324-Processing
2024-02-19 18:21:24 INFO  GUIFunctions:427 - Successfully clicked on element: Successfully cleared filter
2024-02-19 18:21:27 INFO  GUIFunctions:104 - Successfully clicked on element: Click on Products text from Catalog Icon
2024-02-19 18:21:30 INFO  BackOfficePage:355 - Entered OrderID Successfully in search field: 11000341322
]]></system-out>
  </testcase>
  <testcase name="step88_ComparedSeleableStockInWMSAndBOBothAreSame" classname="src.in.valtech.cl.scenarios.TC_Scenario_10" time="6.284"/>
  <testcase name="step93_NavigatedIntoWMSAndClickOnPackingBtn" classname="src.in.valtech.cl.scenarios.TC_Scenario_02" time="0.857"/>
  <testcase name="step89_NavigateBackToFO" classname="src.in.valtech.cl.scenarios.TC_Scenario_10" time="1.205"/>
  <testcase name="step90_NavigateBackToFOAndClickOnMyOrdersLnk" classname="src.in.valtech.cl.scenarios.TC_Scenario_10" time="14.518"/>
  <testcase name="step86_ClickOnAcceptBtn" classname="src.in.valtech.cl.scenarios.TC_Scenario_04" time="1.681"/>
  <testcase name="step96_NavigatedIntoMangetoAndVerifiedOrderStatusInOrdersPage" classname="src.in.valtech.cl.scenarios.TC_Scenario_01" time="0.591"/>
  <testcase name="step94_EnteredBarcodeAndSearchForPacking" classname="src.in.valtech.cl.scenarios.TC_Scenario_02" time="1.54"/>
  <testcase name="step81_ComparedSeleableStockInWMSAndBOBothAreSame" classname="src.in.valtech.cl.scenarios.TC_Scenario_09" time="8.183"/>
  <testcase name="step95_CopySKUIDAndEnterinSearchFeildForScanningProductsInPacking" classname="src.in.valtech.cl.scenarios.TC_Scenario_02" time="1.847"/>
  <testcase name="step94_NavigatedBackToMagentoAndVerifiedOrderStatusInOrdersPage" classname="src.in.valtech.cl.scenarios.TC_Scenario_07" time="8.404"/>
  <testcase name="step109_VerifiedOrderStatusInOrdersPage" classname="src.in.valtech.cl.scenarios.TC_Scenario_08" time="10.34"/>
  <testcase name="step96_SwitchToFOTabAndClickOnMyAccountIcon" classname="src.in.valtech.cl.scenarios.TC_Scenario_07" time="1.181"/>
  <testcase name="step96_ClickOnCompletePackingBtn" classname="src.in.valtech.cl.scenarios.TC_Scenario_02" time="2.244"/>
  <testcase name="step97_ClickOnMyOrdersLink" classname="src.in.valtech.cl.scenarios.TC_Scenario_07" time="7.105"/>
  <testcase name="step98_VerifiedOrderStatusInMyOrdersPage" classname="src.in.valtech.cl.scenarios.TC_Scenario_07" time="0.092"/>
  <testcase name="step97_EnteredQuantityInAnyRow" classname="src.in.valtech.cl.scenarios.TC_Scenario_02" time="4.892"/>
  <testcase name="step98_ClickOnValidateBtn" classname="src.in.valtech.cl.scenarios.TC_Scenario_02" time="10.065">
    <failure message="no such element: Unable to locate element: {&quot;method&quot;:&quot;xpath&quot;,&quot;selector&quot;:&quot;//button[contains(text(),&apos;Validate&apos;)]&quot;}&#10;  (Session info: chrome=121.0.6167.185)&#10;For documentation on this error, please visit: https://www.seleniumhq.org/exceptions/no_such_element.html&#10;Build info: version: &apos;3.141.59&apos;, revision: &apos;e82be7d358&apos;, time: &apos;2018-11-14T08:17:03&apos;&#10;System info: host: &apos;IN-PF42S2RF&apos;, ip: &apos;192.168.85.57&apos;, os.name: &apos;Windows 10&apos;, os.arch: &apos;amd64&apos;, os.version: &apos;10.0&apos;, java.version: &apos;11.0.2&apos;&#10;Driver info: org.openqa.selenium.chrome.ChromeDriver&#10;Capabilities {acceptInsecureCerts: false, browserName: chrome, browserVersion: 121.0.6167.185, chrome: {chromedriverVersion: 121.0.6167.85 (3f98d690ad7e..., userDataDir: C:\Users\CHAITR~1.BAB\AppDa...}, fedcm:accounts: true, goog:chromeOptions: {debuggerAddress: localhost:62803}, javascriptEnabled: true, networkConnectionEnabled: false, pageLoadStrategy: normal, platform: WINDOWS, platformName: WINDOWS, proxy: Proxy(), setWindowRect: true, strictFileInteractability: false, timeouts: {implicit: 0, pageLoad: 300000, script: 30000}, unhandledPromptBehavior: dismiss and notify, webauthn:extension:credBlob: true, webauthn:extension:largeBlob: true, webauthn:extension:minPinLength: true, webauthn:extension:prf: true, webauthn:virtualAuthenticators: true}&#10;Session ID: b2d6a7f6963566ac9f9c4b646b6988c7&#10;*** Element info: {Using=xpath, value=//button[contains(text(),&apos;Validate&apos;)]}" type="org.openqa.selenium.NoSuchElementException">org.openqa.selenium.NoSuchElementException: 
no such element: Unable to locate element: {"method":"xpath","selector":"//button[contains(text(),'Validate')]"}
  (Session info: chrome=121.0.6167.185)
For documentation on this error, please visit: https://www.seleniumhq.org/exceptions/no_such_element.html
Build info: version: '3.141.59', revision: 'e82be7d358', time: '2018-11-14T08:17:03'
System info: host: 'IN-PF42S2RF', ip: '192.168.85.57', os.name: 'Windows 10', os.arch: 'amd64', os.version: '10.0', java.version: '11.0.2'
Driver info: org.openqa.selenium.chrome.ChromeDriver
Capabilities {acceptInsecureCerts: false, browserName: chrome, browserVersion: 121.0.6167.185, chrome: {chromedriverVersion: 121.0.6167.85 (3f98d690ad7e..., userDataDir: C:\Users\CHAITR~1.BAB\AppDa...}, fedcm:accounts: true, goog:chromeOptions: {debuggerAddress: localhost:62803}, javascriptEnabled: true, networkConnectionEnabled: false, pageLoadStrategy: normal, platform: WINDOWS, platformName: WINDOWS, proxy: Proxy(), setWindowRect: true, strictFileInteractability: false, timeouts: {implicit: 0, pageLoad: 300000, script: 30000}, unhandledPromptBehavior: dismiss and notify, webauthn:extension:credBlob: true, webauthn:extension:largeBlob: true, webauthn:extension:minPinLength: true, webauthn:extension:prf: true, webauthn:virtualAuthenticators: true}
Session ID: b2d6a7f6963566ac9f9c4b646b6988c7
*** Element info: {Using=xpath, value=//button[contains(text(),'Validate')]}
	at src.in.valtech.cl.scenarios.TC_Scenario_02.step98_ClickOnValidateBtn(TC_Scenario_02.java:862)
</failure>
    <system-out><![CDATA[2024-02-19 18:22:45 INFO  BackOfficePage:355 - Entered OrderID Successfully in search field: 11000341328
2024-02-19 18:22:49 INFO  GUIFunctions:104 - Successfully clicked on element: Click on Catalog Icon
2024-02-19 18:22:49 INFO  GUIFunctions:104 - Successfully clicked on element: Click on Search Icon
]]></system-out>
  </testcase>
  <testcase name="step98_VerifiedOrderStatusInMyOrdersPage" classname="src.in.valtech.cl.scenarios.TC_Scenario_05" time="1.258"/>
  <testcase name="step99_ClickOnHomePopupBtn" classname="src.in.valtech.cl.scenarios.TC_Scenario_02" time="8.766">
    <failure message="no such element: Unable to locate element: {&quot;method&quot;:&quot;xpath&quot;,&quot;selector&quot;:&quot;//button[contains(text(),&apos;Home&apos;)]&quot;}&#10;  (Session info: chrome=121.0.6167.185)&#10;For documentation on this error, please visit: https://www.seleniumhq.org/exceptions/no_such_element.html&#10;Build info: version: &apos;3.141.59&apos;, revision: &apos;e82be7d358&apos;, time: &apos;2018-11-14T08:17:03&apos;&#10;System info: host: &apos;IN-PF42S2RF&apos;, ip: &apos;192.168.85.57&apos;, os.name: &apos;Windows 10&apos;, os.arch: &apos;amd64&apos;, os.version: &apos;10.0&apos;, java.version: &apos;11.0.2&apos;&#10;Driver info: org.openqa.selenium.chrome.ChromeDriver&#10;Capabilities {acceptInsecureCerts: false, browserName: chrome, browserVersion: 121.0.6167.185, chrome: {chromedriverVersion: 121.0.6167.85 (3f98d690ad7e..., userDataDir: C:\Users\CHAITR~1.BAB\AppDa...}, fedcm:accounts: true, goog:chromeOptions: {debuggerAddress: localhost:62803}, javascriptEnabled: true, networkConnectionEnabled: false, pageLoadStrategy: normal, platform: WINDOWS, platformName: WINDOWS, proxy: Proxy(), setWindowRect: true, strictFileInteractability: false, timeouts: {implicit: 0, pageLoad: 300000, script: 30000}, unhandledPromptBehavior: dismiss and notify, webauthn:extension:credBlob: true, webauthn:extension:largeBlob: true, webauthn:extension:minPinLength: true, webauthn:extension:prf: true, webauthn:virtualAuthenticators: true}&#10;Session ID: b2d6a7f6963566ac9f9c4b646b6988c7&#10;*** Element info: {Using=xpath, value=//button[contains(text(),&apos;Home&apos;)]}" type="org.openqa.selenium.NoSuchElementException">org.openqa.selenium.NoSuchElementException: 
no such element: Unable to locate element: {"method":"xpath","selector":"//button[contains(text(),'Home')]"}
  (Session info: chrome=121.0.6167.185)
For documentation on this error, please visit: https://www.seleniumhq.org/exceptions/no_such_element.html
Build info: version: '3.141.59', revision: 'e82be7d358', time: '2018-11-14T08:17:03'
System info: host: 'IN-PF42S2RF', ip: '192.168.85.57', os.name: 'Windows 10', os.arch: 'amd64', os.version: '10.0', java.version: '11.0.2'
Driver info: org.openqa.selenium.chrome.ChromeDriver
Capabilities {acceptInsecureCerts: false, browserName: chrome, browserVersion: 121.0.6167.185, chrome: {chromedriverVersion: 121.0.6167.85 (3f98d690ad7e..., userDataDir: C:\Users\CHAITR~1.BAB\AppDa...}, fedcm:accounts: true, goog:chromeOptions: {debuggerAddress: localhost:62803}, javascriptEnabled: true, networkConnectionEnabled: false, pageLoadStrategy: normal, platform: WINDOWS, platformName: WINDOWS, proxy: Proxy(), setWindowRect: true, strictFileInteractability: false, timeouts: {implicit: 0, pageLoad: 300000, script: 30000}, unhandledPromptBehavior: dismiss and notify, webauthn:extension:credBlob: true, webauthn:extension:largeBlob: true, webauthn:extension:minPinLength: true, webauthn:extension:prf: true, webauthn:virtualAuthenticators: true}
Session ID: b2d6a7f6963566ac9f9c4b646b6988c7
*** Element info: {Using=xpath, value=//button[contains(text(),'Home')]}
	at src.in.valtech.cl.scenarios.TC_Scenario_02.step99_ClickOnHomePopupBtn(TC_Scenario_02.java:867)
</failure>
    <system-out><![CDATA[2024-02-19 18:22:55 INFO  GUIFunctions:104 - Successfully clicked on element: Click on add to list Button
2024-02-19 18:22:57 INFO  GUIFunctions:104 - Successfully clicked on element: Click on Search Icon
2024-02-19 18:22:58 INFO  GUIFunctions:649 - Successfully scroll down till Create button
2024-02-19 18:23:00 INFO  GUIFunctions:427 - Successfully clicked on element: click on Filters button
]]></system-out>
  </testcase>
  <testcase name="step82_PickingOrderProcess" classname="src.in.valtech.cl.scenarios.TC_Scenario_09" time="12.964"/>
  <testcase name="step97_VerifiedSaleableStockQntyDecBy1InBOAferPlacingTheOrder" classname="src.in.valtech.cl.scenarios.TC_Scenario_01" time="1.219"/>
  <testcase name="step83_VerifiedPickingOrderSuccessMsg" classname="src.in.valtech.cl.scenarios.TC_Scenario_09" time="2.093"/>
  <testcase name="step110_VerifyOrderDetailsInOrderPage" classname="src.in.valtech.cl.scenarios.TC_Scenario_08" time="13.172"/>
  <testcase name="step111_OpenNewTabAndNavigatedtoAdyen" classname="src.in.valtech.cl.scenarios.TC_Scenario_08" time="6.339"/>
  <testcase name="step99_VerifiedSaleableStockQntyDecBy1InBOAferPlacingTheOrder" classname="src.in.valtech.cl.scenarios.TC_Scenario_07" time="3.87"/>
  <testcase name="step87_NavigatedIntoMangetoAndVerifiedOrderStatusInOrdersPage" classname="src.in.valtech.cl.scenarios.TC_Scenario_04" time="14.612"/>
  <testcase name="step99_NavigatedIntoMagentoAndVerifiedSaleableStockQntyDecBy1InBOAferPlacingTheOrder" classname="src.in.valtech.cl.scenarios.TC_Scenario_05" time="1.697"/>
  <testcase name="step98_VerifySaleableStockDecBy1InWMSAferPlacingTheOrder" classname="src.in.valtech.cl.scenarios.TC_Scenario_01" time="6.029"/>
  <testcase name="step91_VerifiedOrderStatusInMyOrdersPage" classname="src.in.valtech.cl.scenarios.TC_Scenario_10" time="6.3"/>
  <testcase name="step100_VerifySaleableStockDecBy1InWMSAferPlacingTheOrder" classname="src.in.valtech.cl.scenarios.TC_Scenario_07" time="7.316"/>
  <testcase name="step112_LoggedIntoAdyen" classname="src.in.valtech.cl.scenarios.TC_Scenario_08" time="4.039"/>
  <testcase name="step113_ClickCaseMgmtOPtionINAdyen" classname="src.in.valtech.cl.scenarios.TC_Scenario_08" time="22.326"/>
  <testcase name="step100_NavigatedIntoMangetoAndVerifiedOrderStatusInOrdersPage" classname="src.in.valtech.cl.scenarios.TC_Scenario_02" time="2.533">
    <failure message="no such element: Unable to locate element: {&quot;method&quot;:&quot;xpath&quot;,&quot;selector&quot;:&quot;//div[contains(text(),&apos;11000341321&apos;)]/../following-sibling::td[contains(@class,&apos;status&apos;)]//div&quot;}&#10;  (Session info: chrome=121.0.6167.185)&#10;For documentation on this error, please visit: https://www.seleniumhq.org/exceptions/no_such_element.html&#10;Build info: version: &apos;3.141.59&apos;, revision: &apos;e82be7d358&apos;, time: &apos;2018-11-14T08:17:03&apos;&#10;System info: host: &apos;IN-PF42S2RF&apos;, ip: &apos;192.168.85.57&apos;, os.name: &apos;Windows 10&apos;, os.arch: &apos;amd64&apos;, os.version: &apos;10.0&apos;, java.version: &apos;11.0.2&apos;&#10;Driver info: org.openqa.selenium.chrome.ChromeDriver&#10;Capabilities {acceptInsecureCerts: false, browserName: chrome, browserVersion: 121.0.6167.185, chrome: {chromedriverVersion: 121.0.6167.85 (3f98d690ad7e..., userDataDir: C:\Users\CHAITR~1.BAB\AppDa...}, fedcm:accounts: true, goog:chromeOptions: {debuggerAddress: localhost:62803}, javascriptEnabled: true, networkConnectionEnabled: false, pageLoadStrategy: normal, platform: WINDOWS, platformName: WINDOWS, proxy: Proxy(), setWindowRect: true, strictFileInteractability: false, timeouts: {implicit: 0, pageLoad: 300000, script: 30000}, unhandledPromptBehavior: dismiss and notify, webauthn:extension:credBlob: true, webauthn:extension:largeBlob: true, webauthn:extension:minPinLength: true, webauthn:extension:prf: true, webauthn:virtualAuthenticators: true}&#10;Session ID: b2d6a7f6963566ac9f9c4b646b6988c7&#10;*** Element info: {Using=xpath, value=//div[contains(text(),&apos;11000341321&apos;)]/../following-sibling::td[contains(@class,&apos;status&apos;)]//div}" type="org.openqa.selenium.NoSuchElementException">org.openqa.selenium.NoSuchElementException: 
no such element: Unable to locate element: {"method":"xpath","selector":"//div[contains(text(),'11000341321')]/../following-sibling::td[contains(@class,'status')]//div"}
  (Session info: chrome=121.0.6167.185)
For documentation on this error, please visit: https://www.seleniumhq.org/exceptions/no_such_element.html
Build info: version: '3.141.59', revision: 'e82be7d358', time: '2018-11-14T08:17:03'
System info: host: 'IN-PF42S2RF', ip: '192.168.85.57', os.name: 'Windows 10', os.arch: 'amd64', os.version: '10.0', java.version: '11.0.2'
Driver info: org.openqa.selenium.chrome.ChromeDriver
Capabilities {acceptInsecureCerts: false, browserName: chrome, browserVersion: 121.0.6167.185, chrome: {chromedriverVersion: 121.0.6167.85 (3f98d690ad7e..., userDataDir: C:\Users\CHAITR~1.BAB\AppDa...}, fedcm:accounts: true, goog:chromeOptions: {debuggerAddress: localhost:62803}, javascriptEnabled: true, networkConnectionEnabled: false, pageLoadStrategy: normal, platform: WINDOWS, platformName: WINDOWS, proxy: Proxy(), setWindowRect: true, strictFileInteractability: false, timeouts: {implicit: 0, pageLoad: 300000, script: 30000}, unhandledPromptBehavior: dismiss and notify, webauthn:extension:credBlob: true, webauthn:extension:largeBlob: true, webauthn:extension:minPinLength: true, webauthn:extension:prf: true, webauthn:virtualAuthenticators: true}
Session ID: b2d6a7f6963566ac9f9c4b646b6988c7
*** Element info: {Using=xpath, value=//div[contains(text(),'11000341321')]/../following-sibling::td[contains(@class,'status')]//div}
	at src.in.valtech.cl.scenarios.TC_Scenario_02.step100_NavigatedIntoMangetoAndVerifiedOrderStatusInOrdersPage(TC_Scenario_02.java:876)
</failure>
    <system-out><![CDATA[2024-02-19 18:24:46 INFO  GUIFunctions:739 - Successfully Verified Order ID & Order Status In BO: 11000341326-Picking progress
]]></system-out>
  </testcase>
  <testcase name="step100_VerifySaleableStockDecBy1InWMSAferPlacingTheOrder" classname="src.in.valtech.cl.scenarios.TC_Scenario_05" time="1.88"/>
  <testcase name="step101_SwitchToFOTabAndClickOnMyAccountIcon" classname="src.in.valtech.cl.scenarios.TC_Scenario_02" time="6.806"/>
  <testcase name="step130_VerifiedOrderStatusInOrdersPage" classname="src.in.valtech.cl.scenarios.TC_Scenario_03" time="2.123"/>
  <testcase name="step114_ClickOrderIDCheckbox" classname="src.in.valtech.cl.scenarios.TC_Scenario_08" time="6.424"/>
  <testcase name="step102_ClickOnMyOrdersLink" classname="src.in.valtech.cl.scenarios.TC_Scenario_02" time="1.04"/>
  <testcase name="step103_VerifiedOrderStatusInMyOrdersPage" classname="src.in.valtech.cl.scenarios.TC_Scenario_02" time="0.121"/>
  <testcase name="step131_OpenNewTabAndNavigatedtoAdyen" classname="src.in.valtech.cl.scenarios.TC_Scenario_03" time="0.248"/>
  <testcase name="step99_ComparedSeleableStockInWMSAndBOBothAreSame" classname="src.in.valtech.cl.scenarios.TC_Scenario_01" time="8.037"/>
  <testcase name="step88_VerifiedSaleableStockQntyDecBy1InBOAferPlacingTheOrder" classname="src.in.valtech.cl.scenarios.TC_Scenario_04" time="4.608"/>
  <testcase name="step92_PickingOrderProcess" classname="src.in.valtech.cl.scenarios.TC_Scenario_10" time="1.655"/>
  <testcase name="step93_VerifiedPickingOrderSuccessMsg" classname="src.in.valtech.cl.scenarios.TC_Scenario_10" time="5.484"/>
  <testcase name="step101_ComparedSeleableStockInWMSAndBOBothAreSame" classname="src.in.valtech.cl.scenarios.TC_Scenario_07" time="9.919"/>
  <testcase name="step94_NavigatedIntoWMSAndGetBarcodeFromPickingProcess" classname="src.in.valtech.cl.scenarios.TC_Scenario_10" time="5.147"/>
  <testcase name="step115_ClickOnAcceptBtn" classname="src.in.valtech.cl.scenarios.TC_Scenario_08" time="7.975"/>
  <testcase name="step132_LoggedIntoAdyen" classname="src.in.valtech.cl.scenarios.TC_Scenario_03" time="0.742"/>
  <testcase name="step89_VerifySaleableStockDecBy1InWMSAferPlacingTheOrder" classname="src.in.valtech.cl.scenarios.TC_Scenario_04" time="5.286"/>
  <testcase name="step133_ClickCaseMgmtOPtionINAdyen" classname="src.in.valtech.cl.scenarios.TC_Scenario_03" time="17.858"/>
  <testcase name="step101_ComparedSeleableStockInWMSAndBOBothAreSame" classname="src.in.valtech.cl.scenarios.TC_Scenario_05" time="6.799"/>
  <testcase name="step100_NavigatedBackIntoWMSANDPickingOrderProcess" classname="src.in.valtech.cl.scenarios.TC_Scenario_01" time="4.895"/>
  <testcase name="step101_VerifiedPickingOrderSuccessMsg" classname="src.in.valtech.cl.scenarios.TC_Scenario_01" time="3.364"/>
  <testcase name="step102_VerifiedGiftMsg_INPicking" classname="src.in.valtech.cl.scenarios.TC_Scenario_01" time="0"/>
  <testcase name="step84_NaviagtedIntoMangetoAndVerifiedOrderStatusInOrdersPage" classname="src.in.valtech.cl.scenarios.TC_Scenario_09" time="2.526"/>
  <testcase name="step134_ClickOrderIDCheckbox" classname="src.in.valtech.cl.scenarios.TC_Scenario_03" time="2.485"/>
  <testcase name="step103_NavigatedIntoWMSAndGetBarcodeFromPickingProcess" classname="src.in.valtech.cl.scenarios.TC_Scenario_01" time="9.918"/>
  <testcase name="step102_PickingOrderProcess" classname="src.in.valtech.cl.scenarios.TC_Scenario_07" time="3.093"/>
  <testcase name="step103_VerifiedPickingOrderSuccessMsg" classname="src.in.valtech.cl.scenarios.TC_Scenario_07" time="2.767"/>
  <testcase name="step85_SwitchToFOTabAndClickOnMyAccountIcon" classname="src.in.valtech.cl.scenarios.TC_Scenario_09" time="6.967"/>
  <testcase name="step104_NavigatedIntoWMSAndProcessedwithShippingProcess" classname="src.in.valtech.cl.scenarios.TC_Scenario_02" time="4.158"/>
  <testcase name="step86_ClickOnMyOrdersLink" classname="src.in.valtech.cl.scenarios.TC_Scenario_09" time="9.719"/>
  <testcase name="step87_VerifiedOrderStatusInMyOrdersPage" classname="src.in.valtech.cl.scenarios.TC_Scenario_09" time="0.18"/>
  <testcase name="step135_ClickOnRejectedBtn" classname="src.in.valtech.cl.scenarios.TC_Scenario_03" time="7.399"/>
  <testcase name="step88_NavigatedIntoWMSAndGetBarcodeFromPickingProcess" classname="src.in.valtech.cl.scenarios.TC_Scenario_09" time="9.773"/>
  <testcase name="step90_ComparedSeleableStockInWMSAndBOBothAreSame" classname="src.in.valtech.cl.scenarios.TC_Scenario_04" time="0.392"/>
  <testcase name="step102_NavigatedIntoWMSAndPickingOrderProcess" classname="src.in.valtech.cl.scenarios.TC_Scenario_05" time="2.044"/>
  <testcase name="step103_VerifiedPickingOrderSuccessMsg" classname="src.in.valtech.cl.scenarios.TC_Scenario_05" time="3.412"/>
  <testcase name="step89_NavigatedIntoWMSAndClickOnPackingBtn" classname="src.in.valtech.cl.scenarios.TC_Scenario_09" time="1.305"/>
  <testcase name="step136_ClickOnPaymentOptionFromTransaction" classname="src.in.valtech.cl.scenarios.TC_Scenario_03" time="9.4"/>
  <testcase name="step90_EnteredBarcodeAndSearchForPacking" classname="src.in.valtech.cl.scenarios.TC_Scenario_09" time="9.964"/>
  <testcase name="step91_CopySKUIDAndEnterinSearchFeildForScanningProductsInPacking" classname="src.in.valtech.cl.scenarios.TC_Scenario_09" time="8.414"/>
  <testcase name="step137_EnterOrderIDinPaymentTab_adyen" classname="src.in.valtech.cl.scenarios.TC_Scenario_03" time="1.28"/>
  <testcase name="step92_ClickOnCompletePackingBtn" classname="src.in.valtech.cl.scenarios.TC_Scenario_09" time="21.127"/>
  <testcase name="step93_EnteredQuantityInAnyRow" classname="src.in.valtech.cl.scenarios.TC_Scenario_09" time="4.198"/>
  <testcase name="step116_NavigatedIntoMangetoAndVerifiedOrderStatusInOrdersPage" classname="src.in.valtech.cl.scenarios.TC_Scenario_08" time="3.348"/>
  <testcase name="step91_PickingOrderProcess" classname="src.in.valtech.cl.scenarios.TC_Scenario_04" time="4.99"/>
  <testcase name="step92_VerifiedPickingOrderSuccessMsg" classname="src.in.valtech.cl.scenarios.TC_Scenario_04" time="2.716"/>
  <testcase name="step93_VerifiedGiftMsg_INPicking" classname="src.in.valtech.cl.scenarios.TC_Scenario_04" time="0"/>
  <testcase name="step94_ClickOnValidateBtn" classname="src.in.valtech.cl.scenarios.TC_Scenario_09" time="4.213"/>
  <testcase name="step95_ClickOnHomePopupBtn" classname="src.in.valtech.cl.scenarios.TC_Scenario_09" time="7.147"/>
  <testcase name="step95_NaviagtedIntoMangetoAndVerifiedOrderStatusInOrdersPage" classname="src.in.valtech.cl.scenarios.TC_Scenario_10" time="0.564"/>
  <testcase name="step94_NavigatedIntoWMSAndGetBarcodeFromPickingProcess" classname="src.in.valtech.cl.scenarios.TC_Scenario_04" time="3.034"/>
  <testcase name="step105_NavigatedIntoMangetoAndVerifiedOrderStatusInOrdersPage" classname="src.in.valtech.cl.scenarios.TC_Scenario_02" time="17.117">
    <failure message="no such element: Unable to locate element: {&quot;method&quot;:&quot;xpath&quot;,&quot;selector&quot;:&quot;//div[contains(text(),&apos;11000341321&apos;)]/../following-sibling::td[contains(@class,&apos;status&apos;)]//div&quot;}&#10;  (Session info: chrome=121.0.6167.185)&#10;For documentation on this error, please visit: https://www.seleniumhq.org/exceptions/no_such_element.html&#10;Build info: version: &apos;3.141.59&apos;, revision: &apos;e82be7d358&apos;, time: &apos;2018-11-14T08:17:03&apos;&#10;System info: host: &apos;IN-PF42S2RF&apos;, ip: &apos;192.168.85.57&apos;, os.name: &apos;Windows 10&apos;, os.arch: &apos;amd64&apos;, os.version: &apos;10.0&apos;, java.version: &apos;11.0.2&apos;&#10;Driver info: org.openqa.selenium.chrome.ChromeDriver&#10;Capabilities {acceptInsecureCerts: false, browserName: chrome, browserVersion: 121.0.6167.185, chrome: {chromedriverVersion: 121.0.6167.85 (3f98d690ad7e..., userDataDir: C:\Users\CHAITR~1.BAB\AppDa...}, fedcm:accounts: true, goog:chromeOptions: {debuggerAddress: localhost:62803}, javascriptEnabled: true, networkConnectionEnabled: false, pageLoadStrategy: normal, platform: WINDOWS, platformName: WINDOWS, proxy: Proxy(), setWindowRect: true, strictFileInteractability: false, timeouts: {implicit: 0, pageLoad: 300000, script: 30000}, unhandledPromptBehavior: dismiss and notify, webauthn:extension:credBlob: true, webauthn:extension:largeBlob: true, webauthn:extension:minPinLength: true, webauthn:extension:prf: true, webauthn:virtualAuthenticators: true}&#10;Session ID: b2d6a7f6963566ac9f9c4b646b6988c7&#10;*** Element info: {Using=xpath, value=//div[contains(text(),&apos;11000341321&apos;)]/../following-sibling::td[contains(@class,&apos;status&apos;)]//div}" type="org.openqa.selenium.NoSuchElementException">org.openqa.selenium.NoSuchElementException: 
no such element: Unable to locate element: {"method":"xpath","selector":"//div[contains(text(),'11000341321')]/../following-sibling::td[contains(@class,'status')]//div"}
  (Session info: chrome=121.0.6167.185)
For documentation on this error, please visit: https://www.seleniumhq.org/exceptions/no_such_element.html
Build info: version: '3.141.59', revision: 'e82be7d358', time: '2018-11-14T08:17:03'
System info: host: 'IN-PF42S2RF', ip: '192.168.85.57', os.name: 'Windows 10', os.arch: 'amd64', os.version: '10.0', java.version: '11.0.2'
Driver info: org.openqa.selenium.chrome.ChromeDriver
Capabilities {acceptInsecureCerts: false, browserName: chrome, browserVersion: 121.0.6167.185, chrome: {chromedriverVersion: 121.0.6167.85 (3f98d690ad7e..., userDataDir: C:\Users\CHAITR~1.BAB\AppDa...}, fedcm:accounts: true, goog:chromeOptions: {debuggerAddress: localhost:62803}, javascriptEnabled: true, networkConnectionEnabled: false, pageLoadStrategy: normal, platform: WINDOWS, platformName: WINDOWS, proxy: Proxy(), setWindowRect: true, strictFileInteractability: false, timeouts: {implicit: 0, pageLoad: 300000, script: 30000}, unhandledPromptBehavior: dismiss and notify, webauthn:extension:credBlob: true, webauthn:extension:largeBlob: true, webauthn:extension:minPinLength: true, webauthn:extension:prf: true, webauthn:virtualAuthenticators: true}
Session ID: b2d6a7f6963566ac9f9c4b646b6988c7
*** Element info: {Using=xpath, value=//div[contains(text(),'11000341321')]/../following-sibling::td[contains(@class,'status')]//div}
	at src.in.valtech.cl.scenarios.TC_Scenario_02.step105_NavigatedIntoMangetoAndVerifiedOrderStatusInOrdersPage(TC_Scenario_02.java:924)
</failure>
    <system-out><![CDATA[2024-02-19 18:28:55 INFO  GUIFunctions:104 - Successfully clicked on element: Click on Catalog Icon
2024-02-19 18:28:59 INFO  GUIFunctions:739 - Successfully Verified Order ID & Order Status In BO: 11000341324-Picking progress
2024-02-19 18:29:00 INFO  GUIFunctions:427 - Successfully clicked on element: Successfully cleared filter
2024-02-19 18:29:06 INFO  GUIFunctions:427 - Successfully clicked on element: Successfully cleared filter
2024-02-19 18:29:06 INFO  GUIFunctions:104 - Successfully clicked on element: Click on Sales Icon
2024-02-19 18:29:06 INFO  BackOfficePage:355 - Entered OrderID Successfully in search field: 11000341323
2024-02-19 18:29:10 INFO  GUIFunctions:104 - Successfully clicked on element: Click on Products text from Catalog Icon
]]></system-out>
  </testcase>
  <testcase name="step106_SwitchToFOTabAndClickOnMyAccountIcon" classname="src.in.valtech.cl.scenarios.TC_Scenario_02" time="2.463"/>
  <testcase name="step96_NaviagtedIntoFOAndVerifiedOrderStatusInMyOrdersPage" classname="src.in.valtech.cl.scenarios.TC_Scenario_10" time="1.166"/>
  <testcase name="step97_NavigatedIntoWMSAndClickOnPackingBtn" classname="src.in.valtech.cl.scenarios.TC_Scenario_10" time="9.353"/>
  <testcase name="step107_ClickOnMyOrdersLink" classname="src.in.valtech.cl.scenarios.TC_Scenario_02" time="2.887"/>
  <testcase name="step108_VerifiedOrderStatusInMyOrdersPage" classname="src.in.valtech.cl.scenarios.TC_Scenario_02" time="0.168">
    <failure message="expected [Order shipped] but found [Processing]" type="java.lang.AssertionError">java.lang.AssertionError: expected [Order shipped] but found [Processing]
	at src.in.valtech.cl.scenarios.TC_Scenario_02.step108_VerifiedOrderStatusInMyOrdersPage(TC_Scenario_02.java:958)
</failure>
    <system-out><![CDATA[2024-02-19 18:29:27 INFO  GUIFunctions:612 - Successfully Verified Order ID-Order Status: 11000341321-Processing
]]></system-out>
  </testcase>
  <testcase name="step98_EnteredBarcodeAndSearchForPacking" classname="src.in.valtech.cl.scenarios.TC_Scenario_10" time="16.04"/>
  <testcase name="step117_VerifiedSaleableStockQntyDecBy1InBOAferPlacingTheOrder" classname="src.in.valtech.cl.scenarios.TC_Scenario_08" time="5.126"/>
  <testcase name="step104_NaviagtedIntoMangetoAndVerifiedOrderStatusInOrdersPage" classname="src.in.valtech.cl.scenarios.TC_Scenario_01" time="3.051"/>
  <testcase name="step99_CopySKUIDAndEnterinSearchFeildForScanningProductsInPacking" classname="src.in.valtech.cl.scenarios.TC_Scenario_10" time="0.602"/>
  <testcase name="step104_NaviagtedIntoMangetoAndVerifiedOrderStatusInOrdersPage" classname="src.in.valtech.cl.scenarios.TC_Scenario_07" time="5.644"/>
  <testcase name="step96_NavigatedIntoMangetoAndVerifiedOrderStatusInOrdersPage" classname="src.in.valtech.cl.scenarios.TC_Scenario_09" time="5.775"/>
  <testcase name="step97_SwitchToFOTabAndClickOnMyAccountIcon" classname="src.in.valtech.cl.scenarios.TC_Scenario_09" time="2.172"/>
  <testcase name="step100_ClickOnCompletePackingBtn" classname="src.in.valtech.cl.scenarios.TC_Scenario_10" time="8.775"/>
  <testcase name="step101_EnteredQuantityInAnyRow" classname="src.in.valtech.cl.scenarios.TC_Scenario_10" time="4.359"/>
  <testcase name="step98_ClickOnMyOrdersLink" classname="src.in.valtech.cl.scenarios.TC_Scenario_09" time="1.766"/>
  <testcase name="step99_VerifiedOrderStatusInMyOrdersPage" classname="src.in.valtech.cl.scenarios.TC_Scenario_09" time="0.128"/>
  <testcase name="step118_VerifySaleableStockDecBy1InWMSAferPlacingTheOrder" classname="src.in.valtech.cl.scenarios.TC_Scenario_08" time="3.854"/>
  <testcase name="step105_SwitchToFOTabAndClickOnMyAccountIcon" classname="src.in.valtech.cl.scenarios.TC_Scenario_07" time="0.523"/>
  <testcase name="step105_NaviagtedIntoFOAndVerifiedOrderStatusInMyOrdersPage" classname="src.in.valtech.cl.scenarios.TC_Scenario_01" time="5.066"/>
  <testcase name="step102_ClickOnValidateBtn" classname="src.in.valtech.cl.scenarios.TC_Scenario_10" time="4.644"/>
  <testcase name="step106_ClickOnMyOrdersLink" classname="src.in.valtech.cl.scenarios.TC_Scenario_07" time="0.54"/>
  <testcase name="step107_VerifiedOrderStatusInMyOrdersPage" classname="src.in.valtech.cl.scenarios.TC_Scenario_07" time="0.137"/>
  <testcase name="step106_NavigatedIntoWMSAndClickOnPackingBtn" classname="src.in.valtech.cl.scenarios.TC_Scenario_01" time="4.119"/>
  <testcase name="step104_NaviagtedIntoMangetoAndVerifiedOrderStatusInOrdersPage" classname="src.in.valtech.cl.scenarios.TC_Scenario_05" time="2.032"/>
  <testcase name="step103_ClickOnHomePopupBtn" classname="src.in.valtech.cl.scenarios.TC_Scenario_10" time="0.446"/>
  <testcase name="step108_NavigatedIntoWMSAndGetBarcodeFromPickingProcess" classname="src.in.valtech.cl.scenarios.TC_Scenario_07" time="10.749"/>
  <testcase name="step107_EnteredBarcodeAndSearchForPacking" classname="src.in.valtech.cl.scenarios.TC_Scenario_01" time="6.482"/>
  <testcase name="step105_NavigatedIntoFOAndClickOnMyAccountIcon" classname="src.in.valtech.cl.scenarios.TC_Scenario_05" time="0.571"/>
  <testcase name="step109_NavigatedIntoWMSAndClickOnPackingBtn" classname="src.in.valtech.cl.scenarios.TC_Scenario_07" time="0.464"/>
  <testcase name="step108_CopySKUIDAndEnterinSearchFeildForScanningProductsInPacking" classname="src.in.valtech.cl.scenarios.TC_Scenario_01" time="7.443"/>
  <testcase name="step106_ClickOnMyOrdersLink" classname="src.in.valtech.cl.scenarios.TC_Scenario_05" time="0.577"/>
  <testcase name="step107_VerifiedOrderStatusInMyOrdersPage" classname="src.in.valtech.cl.scenarios.TC_Scenario_05" time="0.089"/>
  <testcase name="step110_EnteredBarcodeAndSearchForPacking" classname="src.in.valtech.cl.scenarios.TC_Scenario_07" time="11.464"/>
  <testcase name="step108_NavigatedIntoWMSAndGetBarcodeFromPickingProcess" classname="src.in.valtech.cl.scenarios.TC_Scenario_05" time="5.603"/>
  <testcase name="step100_NavigatedIntoWMSAndProcessedwithShippingProcess" classname="src.in.valtech.cl.scenarios.TC_Scenario_09" time="1.569"/>
  <testcase name="step109_ClickOnCompletePackingBtn" classname="src.in.valtech.cl.scenarios.TC_Scenario_01" time="2.913"/>
  <testcase name="step109_NavigatedIntoWMSAndClickOnPackingBtn" classname="src.in.valtech.cl.scenarios.TC_Scenario_05" time="2.72"/>
  <testcase name="step111_CopySKUIDAndEnterinSearchFeildForScanningProductsInPacking" classname="src.in.valtech.cl.scenarios.TC_Scenario_07" time="0.063"/>
  <testcase name="step110_EnteredQuantityInAnyRow" classname="src.in.valtech.cl.scenarios.TC_Scenario_01" time="1.559"/>
  <testcase name="step109_ComparedSeleableStockInWMSAndBOBothAreSameAfterShippingTheOrder" classname="src.in.valtech.cl.scenarios.TC_Scenario_02" time="5.663"/>
  <testcase name="step110_NavigatedIntoAdyenAndClickOnPaymentTab" classname="src.in.valtech.cl.scenarios.TC_Scenario_02" time="9.79"/>
  <testcase name="step111_ClickOnValidateBtn" classname="src.in.valtech.cl.scenarios.TC_Scenario_01" time="0.415"/>
  <testcase name="step110_EnteredBarcodeAndSearchForPacking" classname="src.in.valtech.cl.scenarios.TC_Scenario_05" time="2.362"/>
  <testcase name="step112_ClickOnCompletePackingBtn" classname="src.in.valtech.cl.scenarios.TC_Scenario_07" time="2.463"/>
  <testcase name="step104_NavigatedIntoMangetoAndVerifiedOrderStatusInOrdersPage" classname="src.in.valtech.cl.scenarios.TC_Scenario_10" time="1.908"/>
  <testcase name="step112_ClickOnHomePopupBtn" classname="src.in.valtech.cl.scenarios.TC_Scenario_01" time="0.508"/>
  <testcase name="step113_EnteredQuantityInAnyRow" classname="src.in.valtech.cl.scenarios.TC_Scenario_07" time="1.869"/>
  <testcase name="step111_CopySKUIDAndEnterinSearchFeildForScanningProductsInPacking" classname="src.in.valtech.cl.scenarios.TC_Scenario_05" time="1.836"/>
  <testcase name="step95_NaviagtedIntoMangetoAndVerifiedOrderStatusInOrdersPage" classname="src.in.valtech.cl.scenarios.TC_Scenario_04" time="2.155"/>
  <testcase name="step114_ClickOnValidateBtn" classname="src.in.valtech.cl.scenarios.TC_Scenario_07" time="12.066"/>
  <testcase name="step105_NaviagtedIntoFOAndVerifiedOrderStatusInMyOrdersPage" classname="src.in.valtech.cl.scenarios.TC_Scenario_10" time="0.991"/>
  <testcase name="step115_ClickOnHomePopupBtn" classname="src.in.valtech.cl.scenarios.TC_Scenario_07" time="6.221"/>
  <testcase name="step112_ClickOnCompletePackingBtn" classname="src.in.valtech.cl.scenarios.TC_Scenario_05" time="0.83"/>
  <testcase name="step113_EnteredQuantityInAnyRow" classname="src.in.valtech.cl.scenarios.TC_Scenario_05" time="4.202"/>
  <testcase name="step119_ComparedSeleableStockInWMSAndBOBothAreSame" classname="src.in.valtech.cl.scenarios.TC_Scenario_08" time="1.43"/>
  <testcase name="step96_NaviagtedIntoFOAndVerifiedOrderStatusInMyOrdersPage" classname="src.in.valtech.cl.scenarios.TC_Scenario_04" time="12.455"/>
  <testcase name="step114_ClickOnValidateBtn" classname="src.in.valtech.cl.scenarios.TC_Scenario_05" time="1.481"/>
  <testcase name="step115_ClickOnHomePopupBtn" classname="src.in.valtech.cl.scenarios.TC_Scenario_05" time="7.314"/>
  <testcase name="step97_NavigatedIntoWMSAndClickOnPackingBtn" classname="src.in.valtech.cl.scenarios.TC_Scenario_04" time="0.954"/>
  <testcase name="step111_LoggedIntoAdyen" classname="src.in.valtech.cl.scenarios.TC_Scenario_02" time="18.435"/>
  <testcase name="step98_EnteredBarcodeAndSearchForPacking" classname="src.in.valtech.cl.scenarios.TC_Scenario_04" time="1.064"/>
  <testcase name="step99_CopySKUIDAndEnterinSearchFeildForScanningProductsInPacking" classname="src.in.valtech.cl.scenarios.TC_Scenario_04" time="6.243"/>
  <testcase name="step112_EnterOrderIDinPaymentTab_adyen" classname="src.in.valtech.cl.scenarios.TC_Scenario_02" time="7.145"/>
  <testcase name="step113_VerifyOrderTotalAmtIN_adyen" classname="src.in.valtech.cl.scenarios.TC_Scenario_02" time="0.094"/>
  <testcase name="step113_NavigatedIntoMangetoAndVerifiedOrderStatusInOrdersPage" classname="src.in.valtech.cl.scenarios.TC_Scenario_01" time="2.85"/>
  <testcase name="step100_ClickOnPartialPackingBtn" classname="src.in.valtech.cl.scenarios.TC_Scenario_04" time="2.136"/>
  <testcase name="step106_NavigatedIntoWMSAndProcessedwithShippingProcess" classname="src.in.valtech.cl.scenarios.TC_Scenario_10" time="3.673"/>
  <testcase name="step101_VerifyConfirmPackingAndGoBackTOPackingBtn_PartialPacking" classname="src.in.valtech.cl.scenarios.TC_Scenario_04" time="0.623"/>
  <testcase name="step107_VerifiedLabelGenerationErrorMessageMsg" classname="src.in.valtech.cl.scenarios.TC_Scenario_10" time="1.491"/>
  <testcase name="step120_PickingOrderProcess" classname="src.in.valtech.cl.scenarios.TC_Scenario_08" time="3.334"/>
  <testcase name="step116_NavigatedIntoMangetoAndVerifiedOrderStatusInOrdersPage" classname="src.in.valtech.cl.scenarios.TC_Scenario_07" time="0.366"/>
  <testcase name="step121_VerifiedPickingOrderSuccessMsg" classname="src.in.valtech.cl.scenarios.TC_Scenario_08" time="3.044"/>
  <testcase name="step122_VerifiedGiftMsg_INPicking" classname="src.in.valtech.cl.scenarios.TC_Scenario_08" time="0"/>
  <testcase name="step117_SwitchToFOTabAndClickOnMyAccountIcon" classname="src.in.valtech.cl.scenarios.TC_Scenario_07" time="7.107"/>
  <testcase name="step102_ClickOnConfirmPackingBtn_PartialPacking" classname="src.in.valtech.cl.scenarios.TC_Scenario_04" time="1.142"/>
  <testcase name="step114_NaviagtedIntoFOAndVerifiedOrderStatusInMyOrdersPage" classname="src.in.valtech.cl.scenarios.TC_Scenario_01" time="0.597"/>
  <testcase name="step103_EnteredQuantityInAnyRow" classname="src.in.valtech.cl.scenarios.TC_Scenario_04" time="3.849"/>
  <testcase name="step101_NavigatedIntoMangetoAndVerifiedOrderStatusInOrdersPage" classname="src.in.valtech.cl.scenarios.TC_Scenario_09" time="1.48"/>
  <testcase name="step123_NavigatedIntoWMSAndGetBarcodeFromPickingProcess" classname="src.in.valtech.cl.scenarios.TC_Scenario_08" time="0.902"/>
  <testcase name="step118_ClickOnMyOrdersLink" classname="src.in.valtech.cl.scenarios.TC_Scenario_07" time="2.986"/>
  <testcase name="step119_VerifiedOrderStatusInMyOrdersPage" classname="src.in.valtech.cl.scenarios.TC_Scenario_07" time="0.163"/>
  <testcase name="step116_NavigatedIntoMangetoAndVerifiedOrderStatusInOrdersPage" classname="src.in.valtech.cl.scenarios.TC_Scenario_05" time="3.589"/>
  <testcase name="step104_ClickOnValidateBtn" classname="src.in.valtech.cl.scenarios.TC_Scenario_04" time="6.324"/>
  <testcase name="step114_ClickOnRMAProductReturnBtn" classname="src.in.valtech.cl.scenarios.TC_Scenario_02" time="0.594">
    <failure message="no such element: Unable to locate element: {&quot;method&quot;:&quot;xpath&quot;,&quot;selector&quot;:&quot;//*[contains(text(),&apos;11000341321&apos;)]/../a//span&quot;}&#10;  (Session info: chrome=121.0.6167.185)&#10;For documentation on this error, please visit: https://www.seleniumhq.org/exceptions/no_such_element.html&#10;Build info: version: &apos;3.141.59&apos;, revision: &apos;e82be7d358&apos;, time: &apos;2018-11-14T08:17:03&apos;&#10;System info: host: &apos;IN-PF42S2RF&apos;, ip: &apos;192.168.85.57&apos;, os.name: &apos;Windows 10&apos;, os.arch: &apos;amd64&apos;, os.version: &apos;10.0&apos;, java.version: &apos;11.0.2&apos;&#10;Driver info: org.openqa.selenium.chrome.ChromeDriver&#10;Capabilities {acceptInsecureCerts: false, browserName: chrome, browserVersion: 121.0.6167.185, chrome: {chromedriverVersion: 121.0.6167.85 (3f98d690ad7e..., userDataDir: C:\Users\CHAITR~1.BAB\AppDa...}, fedcm:accounts: true, goog:chromeOptions: {debuggerAddress: localhost:62803}, javascriptEnabled: true, networkConnectionEnabled: false, pageLoadStrategy: normal, platform: WINDOWS, platformName: WINDOWS, proxy: Proxy(), setWindowRect: true, strictFileInteractability: false, timeouts: {implicit: 0, pageLoad: 300000, script: 30000}, unhandledPromptBehavior: dismiss and notify, webauthn:extension:credBlob: true, webauthn:extension:largeBlob: true, webauthn:extension:minPinLength: true, webauthn:extension:prf: true, webauthn:virtualAuthenticators: true}&#10;Session ID: b2d6a7f6963566ac9f9c4b646b6988c7&#10;*** Element info: {Using=xpath, value=//*[contains(text(),&apos;11000341321&apos;)]/../a//span}" type="org.openqa.selenium.NoSuchElementException">org.openqa.selenium.NoSuchElementException: 
no such element: Unable to locate element: {"method":"xpath","selector":"//*[contains(text(),'11000341321')]/../a//span"}
  (Session info: chrome=121.0.6167.185)
For documentation on this error, please visit: https://www.seleniumhq.org/exceptions/no_such_element.html
Build info: version: '3.141.59', revision: 'e82be7d358', time: '2018-11-14T08:17:03'
System info: host: 'IN-PF42S2RF', ip: '192.168.85.57', os.name: 'Windows 10', os.arch: 'amd64', os.version: '10.0', java.version: '11.0.2'
Driver info: org.openqa.selenium.chrome.ChromeDriver
Capabilities {acceptInsecureCerts: false, browserName: chrome, browserVersion: 121.0.6167.185, chrome: {chromedriverVersion: 121.0.6167.85 (3f98d690ad7e..., userDataDir: C:\Users\CHAITR~1.BAB\AppDa...}, fedcm:accounts: true, goog:chromeOptions: {debuggerAddress: localhost:62803}, javascriptEnabled: true, networkConnectionEnabled: false, pageLoadStrategy: normal, platform: WINDOWS, platformName: WINDOWS, proxy: Proxy(), setWindowRect: true, strictFileInteractability: false, timeouts: {implicit: 0, pageLoad: 300000, script: 30000}, unhandledPromptBehavior: dismiss and notify, webauthn:extension:credBlob: true, webauthn:extension:largeBlob: true, webauthn:extension:minPinLength: true, webauthn:extension:prf: true, webauthn:virtualAuthenticators: true}
Session ID: b2d6a7f6963566ac9f9c4b646b6988c7
*** Element info: {Using=xpath, value=//*[contains(text(),'11000341321')]/../a//span}
	at src.in.valtech.cl.scenarios.TC_Scenario_02.step114_ClickOnRMAProductReturnBtn(TC_Scenario_02.java:1015)
</failure>
  </testcase>
  <testcase name="step117_SwitchToFOTabAndClickOnMyAccountIcon" classname="src.in.valtech.cl.scenarios.TC_Scenario_05" time="1.674"/>
  <testcase name="step105_ClickOnHomePopupBtn" classname="src.in.valtech.cl.scenarios.TC_Scenario_04" time="4.603"/>
  <testcase name="step102_SwitchToFOTabAndClickOnMyAccountIcon" classname="src.in.valtech.cl.scenarios.TC_Scenario_09" time="4.132"/>
  <testcase name="step118_ClickOnMyOrdersLink" classname="src.in.valtech.cl.scenarios.TC_Scenario_05" time="0.537"/>
  <testcase name="step119_VerifiedOrderStatusInMyOrdersPage" classname="src.in.valtech.cl.scenarios.TC_Scenario_05" time="0.077"/>
  <testcase name="step103_ClickOnMyOrdersLink" classname="src.in.valtech.cl.scenarios.TC_Scenario_09" time="15.14"/>
  <testcase name="step104_VerifiedOrderStatusInMyOrdersPage" classname="src.in.valtech.cl.scenarios.TC_Scenario_09" time="0.072"/>
  <testcase name="step115_CreatingRMAFromFO" classname="src.in.valtech.cl.scenarios.TC_Scenario_02" time="6.15">
    <failure message="no such element: Unable to locate element: {&quot;method&quot;:&quot;xpath&quot;,&quot;selector&quot;:&quot;(//input[contains(@name,&apos;items&apos;)]/..//label)[1]&quot;}&#10;  (Session info: chrome=121.0.6167.185)&#10;For documentation on this error, please visit: https://www.seleniumhq.org/exceptions/no_such_element.html&#10;Build info: version: &apos;3.141.59&apos;, revision: &apos;e82be7d358&apos;, time: &apos;2018-11-14T08:17:03&apos;&#10;System info: host: &apos;IN-PF42S2RF&apos;, ip: &apos;192.168.85.57&apos;, os.name: &apos;Windows 10&apos;, os.arch: &apos;amd64&apos;, os.version: &apos;10.0&apos;, java.version: &apos;11.0.2&apos;&#10;Driver info: org.openqa.selenium.chrome.ChromeDriver&#10;Capabilities {acceptInsecureCerts: false, browserName: chrome, browserVersion: 121.0.6167.185, chrome: {chromedriverVersion: 121.0.6167.85 (3f98d690ad7e..., userDataDir: C:\Users\CHAITR~1.BAB\AppDa...}, fedcm:accounts: true, goog:chromeOptions: {debuggerAddress: localhost:62803}, javascriptEnabled: true, networkConnectionEnabled: false, pageLoadStrategy: normal, platform: WINDOWS, platformName: WINDOWS, proxy: Proxy(), setWindowRect: true, strictFileInteractability: false, timeouts: {implicit: 0, pageLoad: 300000, script: 30000}, unhandledPromptBehavior: dismiss and notify, webauthn:extension:credBlob: true, webauthn:extension:largeBlob: true, webauthn:extension:minPinLength: true, webauthn:extension:prf: true, webauthn:virtualAuthenticators: true}&#10;Session ID: b2d6a7f6963566ac9f9c4b646b6988c7&#10;*** Element info: {Using=xpath, value=(//input[contains(@name,&apos;items&apos;)]/..//label)[1]}" type="org.openqa.selenium.NoSuchElementException">org.openqa.selenium.NoSuchElementException: 
no such element: Unable to locate element: {"method":"xpath","selector":"(//input[contains(@name,'items')]/..//label)[1]"}
  (Session info: chrome=121.0.6167.185)
For documentation on this error, please visit: https://www.seleniumhq.org/exceptions/no_such_element.html
Build info: version: '3.141.59', revision: 'e82be7d358', time: '2018-11-14T08:17:03'
System info: host: 'IN-PF42S2RF', ip: '192.168.85.57', os.name: 'Windows 10', os.arch: 'amd64', os.version: '10.0', java.version: '11.0.2'
Driver info: org.openqa.selenium.chrome.ChromeDriver
Capabilities {acceptInsecureCerts: false, browserName: chrome, browserVersion: 121.0.6167.185, chrome: {chromedriverVersion: 121.0.6167.85 (3f98d690ad7e..., userDataDir: C:\Users\CHAITR~1.BAB\AppDa...}, fedcm:accounts: true, goog:chromeOptions: {debuggerAddress: localhost:62803}, javascriptEnabled: true, networkConnectionEnabled: false, pageLoadStrategy: normal, platform: WINDOWS, platformName: WINDOWS, proxy: Proxy(), setWindowRect: true, strictFileInteractability: false, timeouts: {implicit: 0, pageLoad: 300000, script: 30000}, unhandledPromptBehavior: dismiss and notify, webauthn:extension:credBlob: true, webauthn:extension:largeBlob: true, webauthn:extension:minPinLength: true, webauthn:extension:prf: true, webauthn:virtualAuthenticators: true}
Session ID: b2d6a7f6963566ac9f9c4b646b6988c7
*** Element info: {Using=xpath, value=(//input[contains(@name,'items')]/..//label)[1]}
	at src.in.valtech.cl.scenarios.TC_Scenario_02.step115_CreatingRMAFromFO(TC_Scenario_02.java:1023)
</failure>
    <system-out><![CDATA[2024-02-19 18:34:40 INFO  GUIFunctions:427 - Successfully clicked on element: Successfully cleared filter
2024-02-19 18:34:40 INFO  BackOfficePage:355 - Entered OrderID Successfully in search field: 11000341327
]]></system-out>
  </testcase>
  <testcase name="step108_NaviagtedIntoMangetoAndVerifiedOrderStatusInOrdersPage" classname="src.in.valtech.cl.scenarios.TC_Scenario_10" time="1.487"/>
  <testcase name="step109_SwitchToFOTabAndClickOnMyAccountIcon" classname="src.in.valtech.cl.scenarios.TC_Scenario_10" time="7.293"/>
  <testcase name="step110_VerifiedOrderStatusInMyOrdersPage" classname="src.in.valtech.cl.scenarios.TC_Scenario_10" time="0.273"/>
  <testcase name="step115_NavigatedIntoWMSAndProcessedwithShippingProcess" classname="src.in.valtech.cl.scenarios.TC_Scenario_01" time="4.398"/>
  <testcase name="step111_NavigatedIntoMangetoAndRefreshThePage" classname="src.in.valtech.cl.scenarios.TC_Scenario_10" time="6.968"/>
  <testcase name="step120_NavigatedIntoWMSAndProcessedwithShippingProcess" classname="src.in.valtech.cl.scenarios.TC_Scenario_07" time="4.598"/>
  <testcase name="step116_NavigatedIntoMangetoAndClickOnReturnsFromSales" classname="src.in.valtech.cl.scenarios.TC_Scenario_02" time="6.364"/>
  <testcase name="step138_VerifyOrderRMAStatusIN_adyen" classname="src.in.valtech.cl.scenarios.TC_Scenario_03" time="3.925"/>
  <testcase name="step106_NavigatedIntoMangetoAndVerifiedOrderStatusInOrdersPage" classname="src.in.valtech.cl.scenarios.TC_Scenario_04" time="12.514"/>
  <testcase name="step139_NavigatedIntoMangetoAndVerifiedOrderStatusInOrdersPage" classname="src.in.valtech.cl.scenarios.TC_Scenario_03" time="0.028"/>
  <testcase name="step120_NavigatedIntoWMSAndProcessedwithShippingProcess" classname="src.in.valtech.cl.scenarios.TC_Scenario_05" time="6.624"/>
  <testcase name="step121_VerifiedLabelGenerationErrorMessageMsg" classname="src.in.valtech.cl.scenarios.TC_Scenario_05" time="2.141"/>
  <testcase name="step107_NaviagtedIntoFOAndVerifiedOrderStatusInMyOrdersPage" classname="src.in.valtech.cl.scenarios.TC_Scenario_04" time="9.376"/>
  <testcase name="step140_ClickOrderstxtFromSalesIcon" classname="src.in.valtech.cl.scenarios.TC_Scenario_03" time="0.653"/>
  <testcase name="step112_ClickonViewOptioninOrderGrid" classname="src.in.valtech.cl.scenarios.TC_Scenario_10" time="24.729"/>
  <testcase name="step122_NaviagtedIntoMangetoAndVerifiedOrderStatusInOrdersPage" classname="src.in.valtech.cl.scenarios.TC_Scenario_05" time="35.716"/>
  <testcase name="step105_ComparedSeleableStockInWMSAndBOBothAreSameAfterShippingTheOrder" classname="src.in.valtech.cl.scenarios.TC_Scenario_09" time="0.493"/>
  <testcase name="step108_NavigatedIntoWMSAndProcessedwithShippingProcess" classname="src.in.valtech.cl.scenarios.TC_Scenario_04" time="7.085"/>
  <testcase name="step123_SwitchToFOTabAndClickOnMyAccountIcon" classname="src.in.valtech.cl.scenarios.TC_Scenario_05" time="1.146"/>
  <testcase name="step124_VerifiedOrderStatusInMyOrdersPage" classname="src.in.valtech.cl.scenarios.TC_Scenario_05" time="0.281"/>
  <testcase name="step124_NaviagtedIntoMangetoAndVerifiedOrderStatusInOrdersPage" classname="src.in.valtech.cl.scenarios.TC_Scenario_08" time="8.565"/>
  <testcase name="step117_ClickONFiltersAndEnterRMAID" classname="src.in.valtech.cl.scenarios.TC_Scenario_02" time="5.916">
    <failure message="no such element: Unable to locate element: {&quot;method&quot;:&quot;xpath&quot;,&quot;selector&quot;:&quot;//div[contains(text(),&apos;11000341321&apos;)]/../preceding-sibling::td//div&quot;}&#10;  (Session info: chrome=121.0.6167.185)&#10;For documentation on this error, please visit: https://www.seleniumhq.org/exceptions/no_such_element.html&#10;Build info: version: &apos;3.141.59&apos;, revision: &apos;e82be7d358&apos;, time: &apos;2018-11-14T08:17:03&apos;&#10;System info: host: &apos;IN-PF42S2RF&apos;, ip: &apos;192.168.85.57&apos;, os.name: &apos;Windows 10&apos;, os.arch: &apos;amd64&apos;, os.version: &apos;10.0&apos;, java.version: &apos;11.0.2&apos;&#10;Driver info: org.openqa.selenium.chrome.ChromeDriver&#10;Capabilities {acceptInsecureCerts: false, browserName: chrome, browserVersion: 121.0.6167.185, chrome: {chromedriverVersion: 121.0.6167.85 (3f98d690ad7e..., userDataDir: C:\Users\CHAITR~1.BAB\AppDa...}, fedcm:accounts: true, goog:chromeOptions: {debuggerAddress: localhost:62803}, javascriptEnabled: true, networkConnectionEnabled: false, pageLoadStrategy: normal, platform: WINDOWS, platformName: WINDOWS, proxy: Proxy(), setWindowRect: true, strictFileInteractability: false, timeouts: {implicit: 0, pageLoad: 300000, script: 30000}, unhandledPromptBehavior: dismiss and notify, webauthn:extension:credBlob: true, webauthn:extension:largeBlob: true, webauthn:extension:minPinLength: true, webauthn:extension:prf: true, webauthn:virtualAuthenticators: true}&#10;Session ID: b2d6a7f6963566ac9f9c4b646b6988c7&#10;*** Element info: {Using=xpath, value=//div[contains(text(),&apos;11000341321&apos;)]/../preceding-sibling::td//div}" type="org.openqa.selenium.NoSuchElementException">org.openqa.selenium.NoSuchElementException: 
no such element: Unable to locate element: {"method":"xpath","selector":"//div[contains(text(),'11000341321')]/../preceding-sibling::td//div"}
  (Session info: chrome=121.0.6167.185)
For documentation on this error, please visit: https://www.seleniumhq.org/exceptions/no_such_element.html
Build info: version: '3.141.59', revision: 'e82be7d358', time: '2018-11-14T08:17:03'
System info: host: 'IN-PF42S2RF', ip: '192.168.85.57', os.name: 'Windows 10', os.arch: 'amd64', os.version: '10.0', java.version: '11.0.2'
Driver info: org.openqa.selenium.chrome.ChromeDriver
Capabilities {acceptInsecureCerts: false, browserName: chrome, browserVersion: 121.0.6167.185, chrome: {chromedriverVersion: 121.0.6167.85 (3f98d690ad7e..., userDataDir: C:\Users\CHAITR~1.BAB\AppDa...}, fedcm:accounts: true, goog:chromeOptions: {debuggerAddress: localhost:62803}, javascriptEnabled: true, networkConnectionEnabled: false, pageLoadStrategy: normal, platform: WINDOWS, platformName: WINDOWS, proxy: Proxy(), setWindowRect: true, strictFileInteractability: false, timeouts: {implicit: 0, pageLoad: 300000, script: 30000}, unhandledPromptBehavior: dismiss and notify, webauthn:extension:credBlob: true, webauthn:extension:largeBlob: true, webauthn:extension:minPinLength: true, webauthn:extension:prf: true, webauthn:virtualAuthenticators: true}
Session ID: b2d6a7f6963566ac9f9c4b646b6988c7
*** Element info: {Using=xpath, value=//div[contains(text(),'11000341321')]/../preceding-sibling::td//div}
	at src.in.valtech.cl.scenarios.TC_Scenario_02.step117_ClickONFiltersAndEnterRMAID(TC_Scenario_02.java:1075)
</failure>
    <system-out><![CDATA[2024-02-19 18:37:14 INFO  GUIFunctions:427 - Successfully clicked on element: Successfully cleared filter
2024-02-19 18:37:14 INFO  GUIFunctions:739 - Successfully Verified Order ID & Order Status In BO: 11000341322-Shipped
2024-02-19 18:37:14 INFO  GUIFunctions:427 - Successfully clicked on element: Click on Edit button
]]></system-out>
  </testcase>
  <testcase name="step125_NavigatedIntoMangetoAndClickOnSaleIcon" classname="src.in.valtech.cl.scenarios.TC_Scenario_05" time="1.733"/>
  <testcase name="step106_ClickOnRMAProductReturnBtn" classname="src.in.valtech.cl.scenarios.TC_Scenario_09" time="5.639"/>
  <testcase name="step116_NavigatedIntoMangetoAndVerifiedOrderStatusInOrdersPage" classname="src.in.valtech.cl.scenarios.TC_Scenario_01" time="1.568"/>
  <testcase name="step119_ClickOnSalesIcon" classname="src.in.valtech.cl.scenarios.TC_Scenario_02" time="1.372"/>
  <testcase name="step125_NaviagtedIntoFOAndVerifiedOrderStatusInMyOrdersPage" classname="src.in.valtech.cl.scenarios.TC_Scenario_08" time="13.226"/>
  <testcase name="step117_NaviagtedIntoFOAndVerifiedOrderStatusInMyOrdersPage" classname="src.in.valtech.cl.scenarios.TC_Scenario_01" time="4.922"/>
  <testcase name="step121_NavigatedIntoMangetoAndVerifiedOrderStatusInOrdersPage" classname="src.in.valtech.cl.scenarios.TC_Scenario_07" time="3.791"/>
  <testcase name="step126_NavigatedIntoWMSAndClickOnPackingBtn" classname="src.in.valtech.cl.scenarios.TC_Scenario_08" time="1.345"/>
  <testcase name="step120_ClickOrderstxtFromSalesIcon" classname="src.in.valtech.cl.scenarios.TC_Scenario_02" time="0.618"/>
  <testcase name="step122_SwitchToFOTabAndClickOnMyAccountIcon" classname="src.in.valtech.cl.scenarios.TC_Scenario_07" time="0.251"/>
  <testcase name="step113_EditExistShippingAndBillingAddressWithNewShippingAddressForRMA" classname="src.in.valtech.cl.scenarios.TC_Scenario_10" time="13.69"/>
  <testcase name="step127_EnteredBarcodeAndSearchForPacking" classname="src.in.valtech.cl.scenarios.TC_Scenario_08" time="4.827"/>
  <testcase name="step126_ClickonViewOptioninOrderGrid" classname="src.in.valtech.cl.scenarios.TC_Scenario_05" time="1.48"/>
  <testcase name="step107_CreatingRMAFromFO" classname="src.in.valtech.cl.scenarios.TC_Scenario_09" time="1.196">
    <failure message="Expected condition failed: waiting for visibility of [[ChromeDriver: chrome on WINDOWS (1db9ebe95d133d23b026f51792017175)] -&gt; xpath: //button[@class=&apos;fake-select date-selector&apos;]] (tried for 10 second(s) with 500 milliseconds interval)&#10;Build info: version: &apos;3.141.59&apos;, revision: &apos;e82be7d358&apos;, time: &apos;2018-11-14T08:17:03&apos;&#10;System info: host: &apos;IN-PF42S2RF&apos;, ip: &apos;192.168.85.57&apos;, os.name: &apos;Windows 10&apos;, os.arch: &apos;amd64&apos;, os.version: &apos;10.0&apos;, java.version: &apos;11.0.2&apos;&#10;Driver info: org.openqa.selenium.chrome.ChromeDriver&#10;Capabilities {acceptInsecureCerts: false, browserName: chrome, browserVersion: 121.0.6167.185, chrome: {chromedriverVersion: 121.0.6167.85 (3f98d690ad7e..., userDataDir: C:\Users\CHAITR~1.BAB\AppDa...}, fedcm:accounts: true, goog:chromeOptions: {debuggerAddress: localhost:62826}, javascriptEnabled: true, networkConnectionEnabled: false, pageLoadStrategy: normal, platform: WINDOWS, platformName: WINDOWS, proxy: Proxy(), setWindowRect: true, strictFileInteractability: false, timeouts: {implicit: 0, pageLoad: 300000, script: 30000}, unhandledPromptBehavior: dismiss and notify, webauthn:extension:credBlob: true, webauthn:extension:largeBlob: true, webauthn:extension:minPinLength: true, webauthn:extension:prf: true, webauthn:virtualAuthenticators: true}&#10;Session ID: 1db9ebe95d133d23b026f51792017175" type="org.openqa.selenium.TimeoutException">org.openqa.selenium.TimeoutException: 
Expected condition failed: waiting for visibility of [[ChromeDriver: chrome on WINDOWS (1db9ebe95d133d23b026f51792017175)] -> xpath: //button[@class='fake-select date-selector']] (tried for 10 second(s) with 500 milliseconds interval)
Build info: version: '3.141.59', revision: 'e82be7d358', time: '2018-11-14T08:17:03'
System info: host: 'IN-PF42S2RF', ip: '192.168.85.57', os.name: 'Windows 10', os.arch: 'amd64', os.version: '10.0', java.version: '11.0.2'
Driver info: org.openqa.selenium.chrome.ChromeDriver
Capabilities {acceptInsecureCerts: false, browserName: chrome, browserVersion: 121.0.6167.185, chrome: {chromedriverVersion: 121.0.6167.85 (3f98d690ad7e..., userDataDir: C:\Users\CHAITR~1.BAB\AppDa...}, fedcm:accounts: true, goog:chromeOptions: {debuggerAddress: localhost:62826}, javascriptEnabled: true, networkConnectionEnabled: false, pageLoadStrategy: normal, platform: WINDOWS, platformName: WINDOWS, proxy: Proxy(), setWindowRect: true, strictFileInteractability: false, timeouts: {implicit: 0, pageLoad: 300000, script: 30000}, unhandledPromptBehavior: dismiss and notify, webauthn:extension:credBlob: true, webauthn:extension:largeBlob: true, webauthn:extension:minPinLength: true, webauthn:extension:prf: true, webauthn:virtualAuthenticators: true}
Session ID: 1db9ebe95d133d23b026f51792017175
	at src.in.valtech.cl.scenarios.TC_Scenario_09.step107_CreatingRMAFromFO(TC_Scenario_09.java:972)
</failure>
    <system-out><![CDATA[2024-02-19 18:38:10 INFO  GUIFunctions:649 - Successfully scroll down till Edit button under Address Informations Grid
]]></system-out>
  </testcase>
  <testcase name="step123_ClickOnMyOrdersLink" classname="src.in.valtech.cl.scenarios.TC_Scenario_07" time="1.195"/>
  <testcase name="step124_VerifiedOrderStatusInMyOrdersPage" classname="src.in.valtech.cl.scenarios.TC_Scenario_07" time="0.09"/>
  <testcase name="step128_CopySKUIDAndEnterinSearchFeildForScanningProductsInPacking" classname="src.in.valtech.cl.scenarios.TC_Scenario_08" time="8.42"/>
  <testcase name="step114_GenerateOrdersWithLabelReadyToBeReprintedInWMS" classname="src.in.valtech.cl.scenarios.TC_Scenario_10" time="9.725"/>
  <testcase name="step115_NavigatedIntoMangetoAndClickOnSalesIcon" classname="src.in.valtech.cl.scenarios.TC_Scenario_10" time="12.291"/>
  <testcase name="step129_ClickOnCompletePackingBtn" classname="src.in.valtech.cl.scenarios.TC_Scenario_08" time="0.183"/>
  <testcase name="step108_NavigatedIntoMangetoAndClickOnReturnsFromSales" classname="src.in.valtech.cl.scenarios.TC_Scenario_09" time="0.295"/>
  <testcase name="step130_EnteredQuantityInAnyRow" classname="src.in.valtech.cl.scenarios.TC_Scenario_08" time="3.911"/>
  <testcase name="step118_NavigatedIntoAdyenAndClickOnPaymentTab" classname="src.in.valtech.cl.scenarios.TC_Scenario_01" time="0.769"/>
  <testcase name="step116_ClickOrderstxtFromSalesIcon" classname="src.in.valtech.cl.scenarios.TC_Scenario_10" time="9.639"/>
  <testcase name="step131_ClickOnValidateBtn" classname="src.in.valtech.cl.scenarios.TC_Scenario_08" time="4.951"/>
  <testcase name="step119_EnterOrderIDinPaymentTab_adyen" classname="src.in.valtech.cl.scenarios.TC_Scenario_01" time="0.241"/>
  <testcase name="step120_VerifyOrderTotalAmtIN_adyen" classname="src.in.valtech.cl.scenarios.TC_Scenario_01" time="0.073"/>
  <testcase name="step109_NavigatedIntoMangetoAndVerifiedOrderStatusInOrdersPage" classname="src.in.valtech.cl.scenarios.TC_Scenario_04" time="4.881"/>
  <testcase name="step132_ClickOnHomePopupBtn" classname="src.in.valtech.cl.scenarios.TC_Scenario_08" time="1.979"/>
  <testcase name="step141_VerifiedOrderStatusInOrdersPage" classname="src.in.valtech.cl.scenarios.TC_Scenario_03" time="3.245"/>
  <testcase name="step121_VerifiedOrderStatusInOrdersPage" classname="src.in.valtech.cl.scenarios.TC_Scenario_02" time="3.983">
    <failure message="no such element: Unable to locate element: {&quot;method&quot;:&quot;xpath&quot;,&quot;selector&quot;:&quot;//div[contains(text(),&apos;11000341321&apos;)]/../following-sibling::td[contains(@class,&apos;status&apos;)]//div&quot;}&#10;  (Session info: chrome=121.0.6167.185)&#10;For documentation on this error, please visit: https://www.seleniumhq.org/exceptions/no_such_element.html&#10;Build info: version: &apos;3.141.59&apos;, revision: &apos;e82be7d358&apos;, time: &apos;2018-11-14T08:17:03&apos;&#10;System info: host: &apos;IN-PF42S2RF&apos;, ip: &apos;192.168.85.57&apos;, os.name: &apos;Windows 10&apos;, os.arch: &apos;amd64&apos;, os.version: &apos;10.0&apos;, java.version: &apos;11.0.2&apos;&#10;Driver info: org.openqa.selenium.chrome.ChromeDriver&#10;Capabilities {acceptInsecureCerts: false, browserName: chrome, browserVersion: 121.0.6167.185, chrome: {chromedriverVersion: 121.0.6167.85 (3f98d690ad7e..., userDataDir: C:\Users\CHAITR~1.BAB\AppDa...}, fedcm:accounts: true, goog:chromeOptions: {debuggerAddress: localhost:62803}, javascriptEnabled: true, networkConnectionEnabled: false, pageLoadStrategy: normal, platform: WINDOWS, platformName: WINDOWS, proxy: Proxy(), setWindowRect: true, strictFileInteractability: false, timeouts: {implicit: 0, pageLoad: 300000, script: 30000}, unhandledPromptBehavior: dismiss and notify, webauthn:extension:credBlob: true, webauthn:extension:largeBlob: true, webauthn:extension:minPinLength: true, webauthn:extension:prf: true, webauthn:virtualAuthenticators: true}&#10;Session ID: b2d6a7f6963566ac9f9c4b646b6988c7&#10;*** Element info: {Using=xpath, value=//div[contains(text(),&apos;11000341321&apos;)]/../following-sibling::td[contains(@class,&apos;status&apos;)]//div}" type="org.openqa.selenium.NoSuchElementException">org.openqa.selenium.NoSuchElementException: 
no such element: Unable to locate element: {"method":"xpath","selector":"//div[contains(text(),'11000341321')]/../following-sibling::td[contains(@class,'status')]//div"}
  (Session info: chrome=121.0.6167.185)
For documentation on this error, please visit: https://www.seleniumhq.org/exceptions/no_such_element.html
Build info: version: '3.141.59', revision: 'e82be7d358', time: '2018-11-14T08:17:03'
System info: host: 'IN-PF42S2RF', ip: '192.168.85.57', os.name: 'Windows 10', os.arch: 'amd64', os.version: '10.0', java.version: '11.0.2'
Driver info: org.openqa.selenium.chrome.ChromeDriver
Capabilities {acceptInsecureCerts: false, browserName: chrome, browserVersion: 121.0.6167.185, chrome: {chromedriverVersion: 121.0.6167.85 (3f98d690ad7e..., userDataDir: C:\Users\CHAITR~1.BAB\AppDa...}, fedcm:accounts: true, goog:chromeOptions: {debuggerAddress: localhost:62803}, javascriptEnabled: true, networkConnectionEnabled: false, pageLoadStrategy: normal, platform: WINDOWS, platformName: WINDOWS, proxy: Proxy(), setWindowRect: true, strictFileInteractability: false, timeouts: {implicit: 0, pageLoad: 300000, script: 30000}, unhandledPromptBehavior: dismiss and notify, webauthn:extension:credBlob: true, webauthn:extension:largeBlob: true, webauthn:extension:minPinLength: true, webauthn:extension:prf: true, webauthn:virtualAuthenticators: true}
Session ID: b2d6a7f6963566ac9f9c4b646b6988c7
*** Element info: {Using=xpath, value=//div[contains(text(),'11000341321')]/../following-sibling::td[contains(@class,'status')]//div}
	at src.in.valtech.cl.scenarios.TC_Scenario_02.step121_VerifiedOrderStatusInOrdersPage(TC_Scenario_02.java:1111)
</failure>
    <system-out><![CDATA[org.openqa.selenium.NoSuchElementException: no such element: Unable to locate element: {"method":"xpath","selector":"//td[contains(text(),'RESERVED')]/..//td[@class='vuetable-td-quantity']"}
  (Session info: chrome=121.0.6167.185)
For documentation on this error, please visit: https://www.seleniumhq.org/exceptions/no_such_element.html
Build info: version: '3.141.59', revision: 'e82be7d358', time: '2018-11-14T08:17:03'
System info: host: 'IN-PF42S2RF', ip: '192.168.85.57', os.name: 'Windows 10', os.arch: 'amd64', os.version: '10.0', java.version: '11.0.2'
Driver info: org.openqa.selenium.chrome.ChromeDriver
Capabilities {acceptInsecureCerts: false, browserName: chrome, browserVersion: 121.0.6167.185, chrome: {chromedriverVersion: 121.0.6167.85 (3f98d690ad7e..., userDataDir: C:\Users\CHAITR~1.BAB\AppDa...}, fedcm:accounts: true, goog:chromeOptions: {debuggerAddress: localhost:62823}, javascriptEnabled: true, networkConnectionEnabled: false, pageLoadStrategy: normal, platform: WINDOWS, platformName: WINDOWS, proxy: Proxy(), setWindowRect: true, strictFileInteractability: false, timeouts: {implicit: 0, pageLoad: 300000, script: 30000}, unhandledPromptBehavior: dismiss and notify, webauthn:extension:credBlob: true, webauthn:extension:largeBlob: true, webauthn:extension:minPinLength: true, webauthn:extension:prf: true, webauthn:virtualAuthenticators: true}
Session ID: 4d8c01195c9ebd94b597438be0642559
*** Element info: {Using=xpath, value=//td[contains(text(),'RESERVED')]/..//td[@class='vuetable-td-quantity']}
]]></system-out>
  </testcase>
  <testcase name="step110_NaviagtedIntoFOAndVerifiedOrderStatusInMyOrdersPage" classname="src.in.valtech.cl.scenarios.TC_Scenario_04" time="8.903"/>
  <testcase name="step142_ClickOnMyAccountIcon" classname="src.in.valtech.cl.scenarios.TC_Scenario_03" time="10.062"/>
  <testcase name="step109_ClickONFiltersAndEnterRMAID" classname="src.in.valtech.cl.scenarios.TC_Scenario_09" time="6.174">
    <failure message="no such element: Unable to locate element: {&quot;method&quot;:&quot;xpath&quot;,&quot;selector&quot;:&quot;//div[contains(text(),&apos;11000341326&apos;)]/../preceding-sibling::td//div&quot;}&#10;  (Session info: chrome=121.0.6167.185)&#10;For documentation on this error, please visit: https://www.seleniumhq.org/exceptions/no_such_element.html&#10;Build info: version: &apos;3.141.59&apos;, revision: &apos;e82be7d358&apos;, time: &apos;2018-11-14T08:17:03&apos;&#10;System info: host: &apos;IN-PF42S2RF&apos;, ip: &apos;192.168.85.57&apos;, os.name: &apos;Windows 10&apos;, os.arch: &apos;amd64&apos;, os.version: &apos;10.0&apos;, java.version: &apos;11.0.2&apos;&#10;Driver info: org.openqa.selenium.chrome.ChromeDriver&#10;Capabilities {acceptInsecureCerts: false, browserName: chrome, browserVersion: 121.0.6167.185, chrome: {chromedriverVersion: 121.0.6167.85 (3f98d690ad7e..., userDataDir: C:\Users\CHAITR~1.BAB\AppDa...}, fedcm:accounts: true, goog:chromeOptions: {debuggerAddress: localhost:62826}, javascriptEnabled: true, networkConnectionEnabled: false, pageLoadStrategy: normal, platform: WINDOWS, platformName: WINDOWS, proxy: Proxy(), setWindowRect: true, strictFileInteractability: false, timeouts: {implicit: 0, pageLoad: 300000, script: 30000}, unhandledPromptBehavior: dismiss and notify, webauthn:extension:credBlob: true, webauthn:extension:largeBlob: true, webauthn:extension:minPinLength: true, webauthn:extension:prf: true, webauthn:virtualAuthenticators: true}&#10;Session ID: 1db9ebe95d133d23b026f51792017175&#10;*** Element info: {Using=xpath, value=//div[contains(text(),&apos;11000341326&apos;)]/../preceding-sibling::td//div}" type="org.openqa.selenium.NoSuchElementException">org.openqa.selenium.NoSuchElementException: 
no such element: Unable to locate element: {"method":"xpath","selector":"//div[contains(text(),'11000341326')]/../preceding-sibling::td//div"}
  (Session info: chrome=121.0.6167.185)
For documentation on this error, please visit: https://www.seleniumhq.org/exceptions/no_such_element.html
Build info: version: '3.141.59', revision: 'e82be7d358', time: '2018-11-14T08:17:03'
System info: host: 'IN-PF42S2RF', ip: '192.168.85.57', os.name: 'Windows 10', os.arch: 'amd64', os.version: '10.0', java.version: '11.0.2'
Driver info: org.openqa.selenium.chrome.ChromeDriver
Capabilities {acceptInsecureCerts: false, browserName: chrome, browserVersion: 121.0.6167.185, chrome: {chromedriverVersion: 121.0.6167.85 (3f98d690ad7e..., userDataDir: C:\Users\CHAITR~1.BAB\AppDa...}, fedcm:accounts: true, goog:chromeOptions: {debuggerAddress: localhost:62826}, javascriptEnabled: true, networkConnectionEnabled: false, pageLoadStrategy: normal, platform: WINDOWS, platformName: WINDOWS, proxy: Proxy(), setWindowRect: true, strictFileInteractability: false, timeouts: {implicit: 0, pageLoad: 300000, script: 30000}, unhandledPromptBehavior: dismiss and notify, webauthn:extension:credBlob: true, webauthn:extension:largeBlob: true, webauthn:extension:minPinLength: true, webauthn:extension:prf: true, webauthn:virtualAuthenticators: true}
Session ID: 1db9ebe95d133d23b026f51792017175
*** Element info: {Using=xpath, value=//div[contains(text(),'11000341326')]/../preceding-sibling::td//div}
	at src.in.valtech.cl.scenarios.TC_Scenario_09.step109_ClickONFiltersAndEnterRMAID(TC_Scenario_09.java:1007)
</failure>
    <system-out><![CDATA[2024-02-19 18:39:42 INFO  GUIFunctions:104 - Successfully clicked on element: Click on Details Button
2024-02-19 18:39:42 INFO  GUIFunctions:427 - Successfully clicked on element: Click on Save RMA Address button
2024-02-19 18:39:42 INFO  BackOfficePage:355 - Entered OrderID Successfully in search field: 11000341327
]]></system-out>
  </testcase>
  <testcase name="step122_SwitchToFOTabAndClickOnMyAccountIcon" classname="src.in.valtech.cl.scenarios.TC_Scenario_02" time="1.372"/>
  <testcase name="step143_ClickOnMyOrdersLink" classname="src.in.valtech.cl.scenarios.TC_Scenario_03" time="1.768"/>
  <testcase name="step144_VerifiedOrderStatusInMyOrdersPage" classname="src.in.valtech.cl.scenarios.TC_Scenario_03" time="0.155"/>
  <testcase name="step111_ClickOnSalesIcon" classname="src.in.valtech.cl.scenarios.TC_Scenario_09" time="7.078"/>
  <testcase name="step127_EditExistShippingAndBillingAddressWithNewShippingAddressForRMA" classname="src.in.valtech.cl.scenarios.TC_Scenario_05" time="8.352"/>
  <testcase name="step123_ClickOnMyOrdersLink" classname="src.in.valtech.cl.scenarios.TC_Scenario_02" time="0.155"/>
  <testcase name="step124_VerifiedOrderStatusInMyOrdersPage" classname="src.in.valtech.cl.scenarios.TC_Scenario_02" time="0.168">
    <failure message="expected [Pending return] but found [Processing]" type="java.lang.AssertionError">java.lang.AssertionError: expected [Pending return] but found [Processing]
	at src.in.valtech.cl.scenarios.TC_Scenario_02.step124_VerifiedOrderStatusInMyOrdersPage(TC_Scenario_02.java:1145)
</failure>
    <system-out><![CDATA[2024-02-19 18:40:02 INFO  GUIFunctions:612 - Successfully Verified Order ID-Order Status: 11000341321-Processing
]]></system-out>
  </testcase>
  <testcase name="step112_ClickOrderstxtFromSalesIcon" classname="src.in.valtech.cl.scenarios.TC_Scenario_09" time="6.104"/>
  <testcase name="step126_ClickOnRMALink" classname="src.in.valtech.cl.scenarios.TC_Scenario_02" time="9.339"/>
  <testcase name="step125_ComparedSeleableStockInWMSAndBOBothAreSameAfterShippingTheOrder" classname="src.in.valtech.cl.scenarios.TC_Scenario_07" time="6.738"/>
  <testcase name="step133_NavigatedIntoMangetoAndVerifiedOrderStatusInOrdersPage" classname="src.in.valtech.cl.scenarios.TC_Scenario_08" time="3.112"/>
  <testcase name="step128_GenerateOrdersWithLabelReadyToBeReprintedInWMS" classname="src.in.valtech.cl.scenarios.TC_Scenario_05" time="1.513"/>
  <testcase name="step111_NavigatedIntoAdyenAndClickOnPaymentTab" classname="src.in.valtech.cl.scenarios.TC_Scenario_04" time="3.013"/>
  <testcase name="step129_NavigatedIntoMangetoAndClickOnSalesIcon" classname="src.in.valtech.cl.scenarios.TC_Scenario_05" time="9.369"/>
  <testcase name="step112_EnterOrderIDinPaymentTab_adyen" classname="src.in.valtech.cl.scenarios.TC_Scenario_04" time="5.108"/>
  <testcase name="step113_VerifyOrderTotalAmtIN_adyen" classname="src.in.valtech.cl.scenarios.TC_Scenario_04" time="0.285"/>
  <testcase name="step134_NaviagtedIntoFOAndVerifiedOrderStatusInMyOrdersPage" classname="src.in.valtech.cl.scenarios.TC_Scenario_08" time="0.196"/>
  <testcase name="step130_ClickOrderstxtFromSalesIcon" classname="src.in.valtech.cl.scenarios.TC_Scenario_05" time="14.164"/>
  <testcase name="step113_VerifiedOrderStatusInOrdersPage" classname="src.in.valtech.cl.scenarios.TC_Scenario_09" time="4.163">
    <failure message="expected [Shipped] but found [Processing RMA]" type="java.lang.AssertionError">java.lang.AssertionError: expected [Shipped] but found [Processing RMA]
	at src.in.valtech.cl.scenarios.TC_Scenario_09.step113_VerifiedOrderStatusInOrdersPage(TC_Scenario_09.java:1046)
</failure>
    <system-out><![CDATA[2024-02-19 18:41:02 INFO  GUIFunctions:104 - Successfully clicked on element: Click on Catalog Icon
2024-02-19 18:41:04 INFO  GUIFunctions:132 - Successfully Mouse Over On Mouseover on Datalist menu 
2024-02-19 18:41:05 INFO  GUIFunctions:427 - Successfully clicked on element: click on Filters button
2024-02-19 18:41:05 INFO  GUIFunctions:739 - Successfully Verified Order ID & Order Status In BO: 11000341326-Shipped
]]></system-out>
  </testcase>
  <testcase name="step117_VerifiedOrderStatusInOrdersPage" classname="src.in.valtech.cl.scenarios.TC_Scenario_10" time="2.314"/>
  <testcase name="step131_VerifiedOrdersHeaderInBO" classname="src.in.valtech.cl.scenarios.TC_Scenario_05" time="3.282"/>
  <testcase name="step115_ClickOnRMALink" classname="src.in.valtech.cl.scenarios.TC_Scenario_09" time="9.75"/>
  <testcase name="step121_ComparedSeleableStockInWMSAndBOBothAreSameAfterShippingTheOrder" classname="src.in.valtech.cl.scenarios.TC_Scenario_01" time="1.784"/>
  <testcase name="step127_EnterRMAID_SearchForOrderDetails_ClickOnReceptionButton" classname="src.in.valtech.cl.scenarios.TC_Scenario_02" time="10.082">
    <failure type="java.lang.NullPointerException">java.lang.NullPointerException
	at src.in.valtech.cl.scenarios.TC_Scenario_02.step127_EnterRMAID_SearchForOrderDetails_ClickOnReceptionButton(TC_Scenario_02.java:1164)
</failure>
    <system-out><![CDATA[2024-02-19 18:41:27 INFO  GUIFunctions:104 - Successfully clicked on element: Click on Details Button
2024-02-19 18:41:29 INFO  GUIFunctions:649 - Successfully scroll down till Stocks Grid
]]></system-out>
  </testcase>
  <testcase name="step126_ClickOnOrderGridAndVerifiedOrderDetailsPage" classname="src.in.valtech.cl.scenarios.TC_Scenario_07" time="4.293"/>
  <testcase name="step128_ExecuteRMAProcessinWMS" classname="src.in.valtech.cl.scenarios.TC_Scenario_02" time="5.73">
    <failure message="no such element: Unable to locate element: {&quot;method&quot;:&quot;xpath&quot;,&quot;selector&quot;:&quot;//select[@id=&apos;returncondition&apos;]&quot;}&#10;  (Session info: chrome=121.0.6167.185)&#10;For documentation on this error, please visit: https://www.seleniumhq.org/exceptions/no_such_element.html&#10;Build info: version: &apos;3.141.59&apos;, revision: &apos;e82be7d358&apos;, time: &apos;2018-11-14T08:17:03&apos;&#10;System info: host: &apos;IN-PF42S2RF&apos;, ip: &apos;192.168.85.57&apos;, os.name: &apos;Windows 10&apos;, os.arch: &apos;amd64&apos;, os.version: &apos;10.0&apos;, java.version: &apos;11.0.2&apos;&#10;Driver info: org.openqa.selenium.chrome.ChromeDriver&#10;Capabilities {acceptInsecureCerts: false, browserName: chrome, browserVersion: 121.0.6167.185, chrome: {chromedriverVersion: 121.0.6167.85 (3f98d690ad7e..., userDataDir: C:\Users\CHAITR~1.BAB\AppDa...}, fedcm:accounts: true, goog:chromeOptions: {debuggerAddress: localhost:62803}, javascriptEnabled: true, networkConnectionEnabled: false, pageLoadStrategy: normal, platform: WINDOWS, platformName: WINDOWS, proxy: Proxy(), setWindowRect: true, strictFileInteractability: false, timeouts: {implicit: 0, pageLoad: 300000, script: 30000}, unhandledPromptBehavior: dismiss and notify, webauthn:extension:credBlob: true, webauthn:extension:largeBlob: true, webauthn:extension:minPinLength: true, webauthn:extension:prf: true, webauthn:virtualAuthenticators: true}&#10;Session ID: b2d6a7f6963566ac9f9c4b646b6988c7&#10;*** Element info: {Using=xpath, value=//select[@id=&apos;returncondition&apos;]}" type="org.openqa.selenium.NoSuchElementException">org.openqa.selenium.NoSuchElementException: 
no such element: Unable to locate element: {"method":"xpath","selector":"//select[@id='returncondition']"}
  (Session info: chrome=121.0.6167.185)
For documentation on this error, please visit: https://www.seleniumhq.org/exceptions/no_such_element.html
Build info: version: '3.141.59', revision: 'e82be7d358', time: '2018-11-14T08:17:03'
System info: host: 'IN-PF42S2RF', ip: '192.168.85.57', os.name: 'Windows 10', os.arch: 'amd64', os.version: '10.0', java.version: '11.0.2'
Driver info: org.openqa.selenium.chrome.ChromeDriver
Capabilities {acceptInsecureCerts: false, browserName: chrome, browserVersion: 121.0.6167.185, chrome: {chromedriverVersion: 121.0.6167.85 (3f98d690ad7e..., userDataDir: C:\Users\CHAITR~1.BAB\AppDa...}, fedcm:accounts: true, goog:chromeOptions: {debuggerAddress: localhost:62803}, javascriptEnabled: true, networkConnectionEnabled: false, pageLoadStrategy: normal, platform: WINDOWS, platformName: WINDOWS, proxy: Proxy(), setWindowRect: true, strictFileInteractability: false, timeouts: {implicit: 0, pageLoad: 300000, script: 30000}, unhandledPromptBehavior: dismiss and notify, webauthn:extension:credBlob: true, webauthn:extension:largeBlob: true, webauthn:extension:minPinLength: true, webauthn:extension:prf: true, webauthn:virtualAuthenticators: true}
Session ID: b2d6a7f6963566ac9f9c4b646b6988c7
*** Element info: {Using=xpath, value=//select[@id='returncondition']}
	at src.in.valtech.cl.scenarios.TC_Scenario_02.step128_ExecuteRMAProcessinWMS(TC_Scenario_02.java:1174)
</failure>
    <system-out><![CDATA[2024-02-19 18:41:41 INFO  GUIFunctions:612 - Successfully Verified Order ID-Order Status: 11000341319-Order shipped
org.openqa.selenium.NoSuchElementException: no such element: Unable to locate element: {"method":"xpath","selector":"//td[contains(text(),'SALEABLE')]/..//td[@class='vuetable-td-quantity']"}
  (Session info: chrome=121.0.6167.185)
For documentation on this error, please visit: https://www.seleniumhq.org/exceptions/no_such_element.html
Build info: version: '3.141.59', revision: 'e82be7d358', time: '2018-11-14T08:17:03'
System info: host: 'IN-PF42S2RF', ip: '192.168.85.57', os.name: 'Windows 10', os.arch: 'amd64', os.version: '10.0', java.version: '11.0.2'
Driver info: org.openqa.selenium.chrome.ChromeDriver
Capabilities {acceptInsecureCerts: false, browserName: chrome, browserVersion: 121.0.6167.185, chrome: {chromedriverVersion: 121.0.6167.85 (3f98d690ad7e..., userDataDir: C:\Users\CHAITR~1.BAB\AppDa...}, fedcm:accounts: true, goog:chromeOptions: {debuggerAddress: localhost:62754}, javascriptEnabled: true, networkConnectionEnabled: false, pageLoadStrategy: normal, platform: WINDOWS, platformName: WINDOWS, proxy: Proxy(), setWindowRect: true, strictFileInteractability: false, timeouts: {implicit: 0, pageLoad: 300000, script: 30000}, unhandledPromptBehavior: dismiss and notify, webauthn:extension:credBlob: true, webauthn:extension:largeBlob: true, webauthn:extension:minPinLength: true, webauthn:extension:prf: true, webauthn:virtualAuthenticators: true}
Session ID: 3cad653692e99c49614d0518f293eecb
*** Element info: {Using=xpath, value=//td[contains(text(),'SALEABLE')]/..//td[@class='vuetable-td-quantity']}
]]></system-out>
  </testcase>
  <testcase name="step127_ClickOnCreateReturnsButton" classname="src.in.valtech.cl.scenarios.TC_Scenario_07" time="2.143"/>
  <testcase name="step145_ComparedSeleableStockInWMSAndBOBothAreSameAfterRejectingTheOrder" classname="src.in.valtech.cl.scenarios.TC_Scenario_03" time="7.94"/>
  <testcase name="step135_NavigatedIntoWMSAndProcessedwithShippingProcess" classname="src.in.valtech.cl.scenarios.TC_Scenario_08" time="0.373"/>
  <testcase name="step147_VerifyAccountCreationConfirmationMailContents" classname="src.in.valtech.cl.scenarios.TC_Scenario_03" time="5.895"/>
  <testcase name="step130_NavigatedIntoMangetoAndVerifiedOrderStatusInOrdersPage" classname="src.in.valtech.cl.scenarios.TC_Scenario_02" time="1.346"/>
  <testcase name="step122_ClickOnRMAProductReturnBtn" classname="src.in.valtech.cl.scenarios.TC_Scenario_01" time="3.93"/>
  <testcase name="step148_VerifyOrderConfirmationMailContents" classname="src.in.valtech.cl.scenarios.TC_Scenario_03" time="0.5"/>
  <testcase name="step131_ReturnstxtFromSalesIconClick" classname="src.in.valtech.cl.scenarios.TC_Scenario_02" time="15.769"/>
  <testcase name="step118_NaviagtedIntoFOAndVerifiedOrderStatusInMyOrdersPage" classname="src.in.valtech.cl.scenarios.TC_Scenario_10" time="5.395"/>
  <testcase name="step128_EditExistShippingAddressWithNewShippingAddressForRMA" classname="src.in.valtech.cl.scenarios.TC_Scenario_07" time="9.579"/>
  <testcase name="step129_VerifySuccessMsgForRMAAddressUpdate" classname="src.in.valtech.cl.scenarios.TC_Scenario_07" time="0.093"/>
  <testcase name="step116_EnterRMAID_SearchForOrderDetails_ClickOnReceptionButton" classname="src.in.valtech.cl.scenarios.TC_Scenario_09" time="3.816">
    <failure type="java.lang.NullPointerException">java.lang.NullPointerException
	at src.in.valtech.cl.scenarios.TC_Scenario_09.step116_EnterRMAID_SearchForOrderDetails_ClickOnReceptionButton(TC_Scenario_09.java:1067)
</failure>
    <system-out><![CDATA[2024-02-19 18:42:36 INFO  GUIFunctions:649 - Successfully scroll down till Pickup date radio button
2024-02-19 18:42:39 INFO  BackOfficePage:355 - Entered OrderID Successfully in search field: 11000341324
]]></system-out>
  </testcase>
  <testcase name="step130_SelectPickupDate" classname="src.in.valtech.cl.scenarios.TC_Scenario_07" time="5.573"/>
  <testcase name="step117_ExecuteRMAProcessinWMS" classname="src.in.valtech.cl.scenarios.TC_Scenario_09" time="4.53">
    <failure message="no such element: Unable to locate element: {&quot;method&quot;:&quot;xpath&quot;,&quot;selector&quot;:&quot;//select[@id=&apos;returncondition&apos;]&quot;}&#10;  (Session info: chrome=121.0.6167.185)&#10;For documentation on this error, please visit: https://www.seleniumhq.org/exceptions/no_such_element.html&#10;Build info: version: &apos;3.141.59&apos;, revision: &apos;e82be7d358&apos;, time: &apos;2018-11-14T08:17:03&apos;&#10;System info: host: &apos;IN-PF42S2RF&apos;, ip: &apos;192.168.85.57&apos;, os.name: &apos;Windows 10&apos;, os.arch: &apos;amd64&apos;, os.version: &apos;10.0&apos;, java.version: &apos;11.0.2&apos;&#10;Driver info: org.openqa.selenium.chrome.ChromeDriver&#10;Capabilities {acceptInsecureCerts: false, browserName: chrome, browserVersion: 121.0.6167.185, chrome: {chromedriverVersion: 121.0.6167.85 (3f98d690ad7e..., userDataDir: C:\Users\CHAITR~1.BAB\AppDa...}, fedcm:accounts: true, goog:chromeOptions: {debuggerAddress: localhost:62826}, javascriptEnabled: true, networkConnectionEnabled: false, pageLoadStrategy: normal, platform: WINDOWS, platformName: WINDOWS, proxy: Proxy(), setWindowRect: true, strictFileInteractability: false, timeouts: {implicit: 0, pageLoad: 300000, script: 30000}, unhandledPromptBehavior: dismiss and notify, webauthn:extension:credBlob: true, webauthn:extension:largeBlob: true, webauthn:extension:minPinLength: true, webauthn:extension:prf: true, webauthn:virtualAuthenticators: true}&#10;Session ID: 1db9ebe95d133d23b026f51792017175&#10;*** Element info: {Using=xpath, value=//select[@id=&apos;returncondition&apos;]}" type="org.openqa.selenium.NoSuchElementException">org.openqa.selenium.NoSuchElementException: 
no such element: Unable to locate element: {"method":"xpath","selector":"//select[@id='returncondition']"}
  (Session info: chrome=121.0.6167.185)
For documentation on this error, please visit: https://www.seleniumhq.org/exceptions/no_such_element.html
Build info: version: '3.141.59', revision: 'e82be7d358', time: '2018-11-14T08:17:03'
System info: host: 'IN-PF42S2RF', ip: '192.168.85.57', os.name: 'Windows 10', os.arch: 'amd64', os.version: '10.0', java.version: '11.0.2'
Driver info: org.openqa.selenium.chrome.ChromeDriver
Capabilities {acceptInsecureCerts: false, browserName: chrome, browserVersion: 121.0.6167.185, chrome: {chromedriverVersion: 121.0.6167.85 (3f98d690ad7e..., userDataDir: C:\Users\CHAITR~1.BAB\AppDa...}, fedcm:accounts: true, goog:chromeOptions: {debuggerAddress: localhost:62826}, javascriptEnabled: true, networkConnectionEnabled: false, pageLoadStrategy: normal, platform: WINDOWS, platformName: WINDOWS, proxy: Proxy(), setWindowRect: true, strictFileInteractability: false, timeouts: {implicit: 0, pageLoad: 300000, script: 30000}, unhandledPromptBehavior: dismiss and notify, webauthn:extension:credBlob: true, webauthn:extension:largeBlob: true, webauthn:extension:minPinLength: true, webauthn:extension:prf: true, webauthn:virtualAuthenticators: true}
Session ID: 1db9ebe95d133d23b026f51792017175
*** Element info: {Using=xpath, value=//select[@id='returncondition']}
	at src.in.valtech.cl.scenarios.TC_Scenario_09.step117_ExecuteRMAProcessinWMS(TC_Scenario_09.java:1078)
</failure>
    <system-out><![CDATA[2024-02-19 18:42:46 INFO  GUIFunctions:649 - Successfully scroll down till Returns Items button
2024-02-19 18:42:46 INFO  GUIFunctions:427 - Successfully clicked on element: Successfully cleared filter
2024-02-19 18:42:46 INFO  GUIFunctions:427 - Successfully clicked on element: click on Filters button
2024-02-19 18:42:49 INFO  BackOfficePage:355 - Entered OrderID Successfully in search field: 11000341319
]]></system-out>
  </testcase>
  <testcase name="step131_ClickOnReturnItems" classname="src.in.valtech.cl.scenarios.TC_Scenario_07" time="4.677"/>
  <testcase name="step132_ClickOnAddProductButton" classname="src.in.valtech.cl.scenarios.TC_Scenario_07" time="7.268"/>
  <testcase name="step114_ComparedSeleableStockInWMSAndBOBothAreSameAfterShippingTheOrder" classname="src.in.valtech.cl.scenarios.TC_Scenario_04" time="0.116"/>
  <testcase name="step119_NavigatedIntoMangetoAndVerifiedOrderStatusInOrdersPage" classname="src.in.valtech.cl.scenarios.TC_Scenario_09" time="0.498"/>
  <testcase name="step115_SwitchToFOTabAndClickOnMyAccountIcon" classname="src.in.valtech.cl.scenarios.TC_Scenario_04" time="1.775"/>
  <testcase name="step116_ClickOnMyOrdersLink" classname="src.in.valtech.cl.scenarios.TC_Scenario_04" time="10.423"/>
  <testcase name="step117_VerifiedOrderStatusInMyOrdersPage" classname="src.in.valtech.cl.scenarios.TC_Scenario_04" time="0.154"/>
  <testcase name="step133_ClickOnCheckboxToSelectTheProduct" classname="src.in.valtech.cl.scenarios.TC_Scenario_07" time="1.948"/>
  <testcase name="step120_ReturnstxtFromSalesIconClick" classname="src.in.valtech.cl.scenarios.TC_Scenario_09" time="5.374"/>
  <testcase name="step132_VerifiedOrderStatusInOrdersPage" classname="src.in.valtech.cl.scenarios.TC_Scenario_05" time="1.544"/>
  <testcase name="step119_NavigatedIntoMangetoAndClickOnOrderGrid" classname="src.in.valtech.cl.scenarios.TC_Scenario_10" time="4.814"/>
  <testcase name="step134_ClickOnAddSelProdToReturnsBtn" classname="src.in.valtech.cl.scenarios.TC_Scenario_07" time="3.481"/>
  <testcase name="step123_CreatingRMAFromFO" classname="src.in.valtech.cl.scenarios.TC_Scenario_01" time="1.279"/>
  <testcase name="step124_SavedRMAFromFO" classname="src.in.valtech.cl.scenarios.TC_Scenario_01" time="2.268"/>
  <testcase name="step135_EnterValueInRequestedField" classname="src.in.valtech.cl.scenarios.TC_Scenario_07" time="0.833"/>
  <testcase name="step120_ClickOnCreateReturnsButton" classname="src.in.valtech.cl.scenarios.TC_Scenario_10" time="0.401"/>
  <testcase name="step136_SelectAnyOptionFromReturnReasonDropdown" classname="src.in.valtech.cl.scenarios.TC_Scenario_07" time="3.973"/>
  <testcase name="step137_SelectOptionFromItemConditionDropdown" classname="src.in.valtech.cl.scenarios.TC_Scenario_07" time="4.541"/>
  <testcase name="step133_SwitchToFOTabAndClickOnMyAccountIcon" classname="src.in.valtech.cl.scenarios.TC_Scenario_05" time="0.254"/>
  <testcase name="step138_SelectOptionFromResolutionDropdown" classname="src.in.valtech.cl.scenarios.TC_Scenario_07" time="4.194"/>
  <testcase name="step134_ClickOnMyOrdersLink" classname="src.in.valtech.cl.scenarios.TC_Scenario_05" time="4.993"/>
  <testcase name="step136_NavigatedIntoMangetoAndVerifiedOrderStatusInOrdersPage" classname="src.in.valtech.cl.scenarios.TC_Scenario_08" time="4.111"/>
  <testcase name="step139_ClickOnSubmitReturnsButton" classname="src.in.valtech.cl.scenarios.TC_Scenario_07" time="4.245"/>
  <testcase name="step140_VerifySuccessMsgForRMARequest" classname="src.in.valtech.cl.scenarios.TC_Scenario_07" time="0.083"/>
  <testcase name="step125_NavigatedIntoMangetoAndClickOnReturnsFromSales" classname="src.in.valtech.cl.scenarios.TC_Scenario_01" time="7.696"/>
  <testcase name="step121_EditExistShippingAddressWithWrongZipCodeForRMA" classname="src.in.valtech.cl.scenarios.TC_Scenario_10" time="7.807"/>
  <testcase name="step122_VerifySuccessMsgForRMAAddressUpdate" classname="src.in.valtech.cl.scenarios.TC_Scenario_10" time="0.075"/>
  <testcase name="step137_NaviagtedIntoFOAndVerifiedOrderStatusInMyOrdersPage" classname="src.in.valtech.cl.scenarios.TC_Scenario_08" time="1.138"/>
  <testcase name="step123_SelectPickupDate" classname="src.in.valtech.cl.scenarios.TC_Scenario_10" time="8.406"/>
  <testcase name="step118_ClickOnOrderGridAndVerifiedOrderDetailsPage" classname="src.in.valtech.cl.scenarios.TC_Scenario_04" time="3.485"/>
  <testcase name="step132_VerifiedOrderStatusInReturnsPage" classname="src.in.valtech.cl.scenarios.TC_Scenario_02" time="0.635">
    <failure message="Expected condition failed: waiting for presence of element located by: By.xpath: (//div[contains(text(),&apos;11000341321&apos;)]/../following-sibling::td//div)[4] (tried for 50 second(s) with 500 milliseconds interval)" type="org.openqa.selenium.TimeoutException">org.openqa.selenium.TimeoutException: Expected condition failed: waiting for presence of element located by: By.xpath: (//div[contains(text(),'11000341321')]/../following-sibling::td//div)[4] (tried for 50 second(s) with 500 milliseconds interval)
	at src.in.valtech.cl.scenarios.TC_Scenario_02.step132_VerifiedOrderStatusInReturnsPage(TC_Scenario_02.java:1196)
Caused by: org.openqa.selenium.NoSuchElementException: 
no such element: Unable to locate element: {"method":"xpath","selector":"(//div[contains(text(),'11000341321')]/../following-sibling::td//div)[4]"}
  (Session info: chrome=121.0.6167.185)
For documentation on this error, please visit: https://www.seleniumhq.org/exceptions/no_such_element.html
Build info: version: '3.141.59', revision: 'e82be7d358', time: '2018-11-14T08:17:03'
System info: host: 'IN-PF42S2RF', ip: '192.168.85.57', os.name: 'Windows 10', os.arch: 'amd64', os.version: '10.0', java.version: '11.0.2'
Driver info: org.openqa.selenium.chrome.ChromeDriver
Capabilities {acceptInsecureCerts: false, browserName: chrome, browserVersion: 121.0.6167.185, chrome: {chromedriverVersion: 121.0.6167.85 (3f98d690ad7e..., userDataDir: C:\Users\CHAITR~1.BAB\AppDa...}, fedcm:accounts: true, goog:chromeOptions: {debuggerAddress: localhost:62803}, javascriptEnabled: true, networkConnectionEnabled: false, pageLoadStrategy: normal, platform: WINDOWS, platformName: WINDOWS, proxy: Proxy(), setWindowRect: true, strictFileInteractability: false, timeouts: {implicit: 0, pageLoad: 300000, script: 30000}, unhandledPromptBehavior: dismiss and notify, webauthn:extension:credBlob: true, webauthn:extension:largeBlob: true, webauthn:extension:minPinLength: true, webauthn:extension:prf: true, webauthn:virtualAuthenticators: true}
Session ID: b2d6a7f6963566ac9f9c4b646b6988c7
*** Element info: {Using=xpath, value=(//div[contains(text(),'11000341321')]/../following-sibling::td//div)[4]}
	at src.in.valtech.cl.scenarios.TC_Scenario_02.step132_VerifiedOrderStatusInReturnsPage(TC_Scenario_02.java:1196)
</failure>
  </testcase>
  <testcase name="step124_ClickOnReturnItems" classname="src.in.valtech.cl.scenarios.TC_Scenario_10" time="5.13"/>
  <testcase name="step119_ClickOnCreateReturnsButton" classname="src.in.valtech.cl.scenarios.TC_Scenario_04" time="2.871"/>
  <testcase name="step135_VerifiedOrderStatusInMyOrdersPage" classname="src.in.valtech.cl.scenarios.TC_Scenario_05" time="2.871"/>
  <testcase name="step120_EnterContactEmailAdd_CreateReturns" classname="src.in.valtech.cl.scenarios.TC_Scenario_04" time="4.339"/>
  <testcase name="step125_ClickOnAddProductButton" classname="src.in.valtech.cl.scenarios.TC_Scenario_10" time="0.585"/>
  <testcase name="step133_ClickonViewOptioninOrderGrid" classname="src.in.valtech.cl.scenarios.TC_Scenario_02" time="7.149">
    <failure message="no such element: Unable to locate element: {&quot;method&quot;:&quot;xpath&quot;,&quot;selector&quot;:&quot;//div[contains(text(),&apos;11000341321&apos;)]/../following-sibling::td&quot;}&#10;  (Session info: chrome=121.0.6167.185)&#10;For documentation on this error, please visit: https://www.seleniumhq.org/exceptions/no_such_element.html&#10;Build info: version: &apos;3.141.59&apos;, revision: &apos;e82be7d358&apos;, time: &apos;2018-11-14T08:17:03&apos;&#10;System info: host: &apos;IN-PF42S2RF&apos;, ip: &apos;192.168.85.57&apos;, os.name: &apos;Windows 10&apos;, os.arch: &apos;amd64&apos;, os.version: &apos;10.0&apos;, java.version: &apos;11.0.2&apos;&#10;Driver info: org.openqa.selenium.chrome.ChromeDriver&#10;Capabilities {acceptInsecureCerts: false, browserName: chrome, browserVersion: 121.0.6167.185, chrome: {chromedriverVersion: 121.0.6167.85 (3f98d690ad7e..., userDataDir: C:\Users\CHAITR~1.BAB\AppDa...}, fedcm:accounts: true, goog:chromeOptions: {debuggerAddress: localhost:62803}, javascriptEnabled: true, networkConnectionEnabled: false, pageLoadStrategy: normal, platform: WINDOWS, platformName: WINDOWS, proxy: Proxy(), setWindowRect: true, strictFileInteractability: false, timeouts: {implicit: 0, pageLoad: 300000, script: 30000}, unhandledPromptBehavior: dismiss and notify, webauthn:extension:credBlob: true, webauthn:extension:largeBlob: true, webauthn:extension:minPinLength: true, webauthn:extension:prf: true, webauthn:virtualAuthenticators: true}&#10;Session ID: b2d6a7f6963566ac9f9c4b646b6988c7&#10;*** Element info: {Using=xpath, value=//div[contains(text(),&apos;11000341321&apos;)]/../following-sibling::td}" type="org.openqa.selenium.NoSuchElementException">org.openqa.selenium.NoSuchElementException: 
no such element: Unable to locate element: {"method":"xpath","selector":"//div[contains(text(),'11000341321')]/../following-sibling::td"}
  (Session info: chrome=121.0.6167.185)
For documentation on this error, please visit: https://www.seleniumhq.org/exceptions/no_such_element.html
Build info: version: '3.141.59', revision: 'e82be7d358', time: '2018-11-14T08:17:03'
System info: host: 'IN-PF42S2RF', ip: '192.168.85.57', os.name: 'Windows 10', os.arch: 'amd64', os.version: '10.0', java.version: '11.0.2'
Driver info: org.openqa.selenium.chrome.ChromeDriver
Capabilities {acceptInsecureCerts: false, browserName: chrome, browserVersion: 121.0.6167.185, chrome: {chromedriverVersion: 121.0.6167.85 (3f98d690ad7e..., userDataDir: C:\Users\CHAITR~1.BAB\AppDa...}, fedcm:accounts: true, goog:chromeOptions: {debuggerAddress: localhost:62803}, javascriptEnabled: true, networkConnectionEnabled: false, pageLoadStrategy: normal, platform: WINDOWS, platformName: WINDOWS, proxy: Proxy(), setWindowRect: true, strictFileInteractability: false, timeouts: {implicit: 0, pageLoad: 300000, script: 30000}, unhandledPromptBehavior: dismiss and notify, webauthn:extension:credBlob: true, webauthn:extension:largeBlob: true, webauthn:extension:minPinLength: true, webauthn:extension:prf: true, webauthn:virtualAuthenticators: true}
Session ID: b2d6a7f6963566ac9f9c4b646b6988c7
*** Element info: {Using=xpath, value=//div[contains(text(),'11000341321')]/../following-sibling::td}
	at src.in.valtech.cl.scenarios.TC_Scenario_02.step133_ClickonViewOptioninOrderGrid(TC_Scenario_02.java:1211)
</failure>
    <system-out><![CDATA[2024-02-19 18:44:48 INFO  GUIFunctions:427 - Successfully clicked on element: Successfully cleared filter
2024-02-19 18:44:52 INFO  GUIFunctions:427 - Successfully clicked on element: Click on Checkbox
2024-02-19 18:44:53 INFO  GUIFunctions:427 - Successfully clicked on element: Click on Pickup date radio button
]]></system-out>
  </testcase>
  <testcase name="step126_ClickOnCheckboxToSelectTheProduct" classname="src.in.valtech.cl.scenarios.TC_Scenario_10" time="7.195"/>
  <testcase name="step121_SelectPickupDate" classname="src.in.valtech.cl.scenarios.TC_Scenario_04" time="1.321"/>
  <testcase name="step122_ClickOnReturnItems" classname="src.in.valtech.cl.scenarios.TC_Scenario_04" time="9.292"/>
  <testcase name="step127_ClickOnAddSelProdToReturnsBtn" classname="src.in.valtech.cl.scenarios.TC_Scenario_10" time="4.396"/>
  <testcase name="step128_EnterValueInRequestedField" classname="src.in.valtech.cl.scenarios.TC_Scenario_10" time="2.166"/>
  <testcase name="step123_ClickOnAddProductButton" classname="src.in.valtech.cl.scenarios.TC_Scenario_04" time="0.709"/>
  <testcase name="step129_SelectAnyOptionFromReturnReasonDropdown" classname="src.in.valtech.cl.scenarios.TC_Scenario_10" time="1.484"/>
  <testcase name="step134_ClickOnReturnItems" classname="src.in.valtech.cl.scenarios.TC_Scenario_02" time="0.654">
    <failure message="no such element: Unable to locate element: {&quot;method&quot;:&quot;xpath&quot;,&quot;selector&quot;:&quot;//span[text()=&apos;Return Items&apos;]&quot;}&#10;  (Session info: chrome=121.0.6167.185)&#10;For documentation on this error, please visit: https://www.seleniumhq.org/exceptions/no_such_element.html&#10;Build info: version: &apos;3.141.59&apos;, revision: &apos;e82be7d358&apos;, time: &apos;2018-11-14T08:17:03&apos;&#10;System info: host: &apos;IN-PF42S2RF&apos;, ip: &apos;192.168.85.57&apos;, os.name: &apos;Windows 10&apos;, os.arch: &apos;amd64&apos;, os.version: &apos;10.0&apos;, java.version: &apos;11.0.2&apos;&#10;Driver info: org.openqa.selenium.chrome.ChromeDriver&#10;Capabilities {acceptInsecureCerts: false, browserName: chrome, browserVersion: 121.0.6167.185, chrome: {chromedriverVersion: 121.0.6167.85 (3f98d690ad7e..., userDataDir: C:\Users\CHAITR~1.BAB\AppDa...}, fedcm:accounts: true, goog:chromeOptions: {debuggerAddress: localhost:62803}, javascriptEnabled: true, networkConnectionEnabled: false, pageLoadStrategy: normal, platform: WINDOWS, platformName: WINDOWS, proxy: Proxy(), setWindowRect: true, strictFileInteractability: false, timeouts: {implicit: 0, pageLoad: 300000, script: 30000}, unhandledPromptBehavior: dismiss and notify, webauthn:extension:credBlob: true, webauthn:extension:largeBlob: true, webauthn:extension:minPinLength: true, webauthn:extension:prf: true, webauthn:virtualAuthenticators: true}&#10;Session ID: b2d6a7f6963566ac9f9c4b646b6988c7&#10;*** Element info: {Using=xpath, value=//span[text()=&apos;Return Items&apos;]}" type="org.openqa.selenium.NoSuchElementException">org.openqa.selenium.NoSuchElementException: 
no such element: Unable to locate element: {"method":"xpath","selector":"//span[text()='Return Items']"}
  (Session info: chrome=121.0.6167.185)
For documentation on this error, please visit: https://www.seleniumhq.org/exceptions/no_such_element.html
Build info: version: '3.141.59', revision: 'e82be7d358', time: '2018-11-14T08:17:03'
System info: host: 'IN-PF42S2RF', ip: '192.168.85.57', os.name: 'Windows 10', os.arch: 'amd64', os.version: '10.0', java.version: '11.0.2'
Driver info: org.openqa.selenium.chrome.ChromeDriver
Capabilities {acceptInsecureCerts: false, browserName: chrome, browserVersion: 121.0.6167.185, chrome: {chromedriverVersion: 121.0.6167.85 (3f98d690ad7e..., userDataDir: C:\Users\CHAITR~1.BAB\AppDa...}, fedcm:accounts: true, goog:chromeOptions: {debuggerAddress: localhost:62803}, javascriptEnabled: true, networkConnectionEnabled: false, pageLoadStrategy: normal, platform: WINDOWS, platformName: WINDOWS, proxy: Proxy(), setWindowRect: true, strictFileInteractability: false, timeouts: {implicit: 0, pageLoad: 300000, script: 30000}, unhandledPromptBehavior: dismiss and notify, webauthn:extension:credBlob: true, webauthn:extension:largeBlob: true, webauthn:extension:minPinLength: true, webauthn:extension:prf: true, webauthn:virtualAuthenticators: true}
Session ID: b2d6a7f6963566ac9f9c4b646b6988c7
*** Element info: {Using=xpath, value=//span[text()='Return Items']}
	at src.in.valtech.cl.scenarios.TC_Scenario_02.step134_ClickOnReturnItems(TC_Scenario_02.java:1216)
</failure>
    <system-out><![CDATA[2024-02-19 18:45:13 INFO  GUIFunctions:289 - Successfully selected value from Item Condition dropdown
]]></system-out>
  </testcase>
  <testcase name="step130_SelectOptionFromItemConditionDropdown" classname="src.in.valtech.cl.scenarios.TC_Scenario_10" time="1.382"/>
  <testcase name="step131_SelectOptionFromResolutionDropdown" classname="src.in.valtech.cl.scenarios.TC_Scenario_10" time="2.18"/>
  <testcase name="step124_ClickOnCheckboxToSelectTheProduct" classname="src.in.valtech.cl.scenarios.TC_Scenario_04" time="1.224"/>
  <testcase name="step132_ClickOnSubmitReturnsButton" classname="src.in.valtech.cl.scenarios.TC_Scenario_10" time="11.77"/>
  <testcase name="step133_VerifySuccessMsgForRMARequest" classname="src.in.valtech.cl.scenarios.TC_Scenario_10" time="0.045"/>
  <testcase name="step121_VerifiedOrderStatusInReturnsPage" classname="src.in.valtech.cl.scenarios.TC_Scenario_09" time="1.634">
    <failure message="Expected condition failed: waiting for presence of element located by: By.xpath: (//div[contains(text(),&apos;11000341326&apos;)]/../following-sibling::td//div)[4] (tried for 50 second(s) with 500 milliseconds interval)" type="org.openqa.selenium.TimeoutException">org.openqa.selenium.TimeoutException: Expected condition failed: waiting for presence of element located by: By.xpath: (//div[contains(text(),'11000341326')]/../following-sibling::td//div)[4] (tried for 50 second(s) with 500 milliseconds interval)
	at src.in.valtech.cl.scenarios.TC_Scenario_09.step121_VerifiedOrderStatusInReturnsPage(TC_Scenario_09.java:1101)
Caused by: org.openqa.selenium.NoSuchElementException: 
no such element: Unable to locate element: {"method":"xpath","selector":"(//div[contains(text(),'11000341326')]/../following-sibling::td//div)[4]"}
  (Session info: chrome=121.0.6167.185)
For documentation on this error, please visit: https://www.seleniumhq.org/exceptions/no_such_element.html
Build info: version: '3.141.59', revision: 'e82be7d358', time: '2018-11-14T08:17:03'
System info: host: 'IN-PF42S2RF', ip: '192.168.85.57', os.name: 'Windows 10', os.arch: 'amd64', os.version: '10.0', java.version: '11.0.2'
Driver info: org.openqa.selenium.chrome.ChromeDriver
Capabilities {acceptInsecureCerts: false, browserName: chrome, browserVersion: 121.0.6167.185, chrome: {chromedriverVersion: 121.0.6167.85 (3f98d690ad7e..., userDataDir: C:\Users\CHAITR~1.BAB\AppDa...}, fedcm:accounts: true, goog:chromeOptions: {debuggerAddress: localhost:62826}, javascriptEnabled: true, networkConnectionEnabled: false, pageLoadStrategy: normal, platform: WINDOWS, platformName: WINDOWS, proxy: Proxy(), setWindowRect: true, strictFileInteractability: false, timeouts: {implicit: 0, pageLoad: 300000, script: 30000}, unhandledPromptBehavior: dismiss and notify, webauthn:extension:credBlob: true, webauthn:extension:largeBlob: true, webauthn:extension:minPinLength: true, webauthn:extension:prf: true, webauthn:virtualAuthenticators: true}
Session ID: 1db9ebe95d133d23b026f51792017175
*** Element info: {Using=xpath, value=(//div[contains(text(),'11000341326')]/../following-sibling::td//div)[4]}
	at src.in.valtech.cl.scenarios.TC_Scenario_09.step121_VerifiedOrderStatusInReturnsPage(TC_Scenario_09.java:1101)
</failure>
  </testcase>
  <testcase name="step125_ClickOnAddSelProdToReturnsBtn" classname="src.in.valtech.cl.scenarios.TC_Scenario_04" time="1.539"/>
  <testcase name="step135_EnterValueInApprovedField" classname="src.in.valtech.cl.scenarios.TC_Scenario_02" time="0.104"/>
  <testcase name="step126_EnterValueInRequestedField" classname="src.in.valtech.cl.scenarios.TC_Scenario_04" time="2.05"/>
  <testcase name="step127_SelectAnyOptionFromReturnReasonDropdown" classname="src.in.valtech.cl.scenarios.TC_Scenario_04" time="2.233"/>
  <testcase name="step128_SelectOptionFromItemConditionDropdown" classname="src.in.valtech.cl.scenarios.TC_Scenario_04" time="2.164"/>
  <testcase name="step138_NavigatedIntoAdyenAndClickOnPaymentTab" classname="src.in.valtech.cl.scenarios.TC_Scenario_08" time="0.296"/>
  <testcase name="step129_SelectOptionFromResolutionDropdown" classname="src.in.valtech.cl.scenarios.TC_Scenario_04" time="1.888"/>
  <testcase name="step122_ClickonViewOptioninOrderGrid" classname="src.in.valtech.cl.scenarios.TC_Scenario_09" time="9.875">
    <failure message="no such element: Unable to locate element: {&quot;method&quot;:&quot;xpath&quot;,&quot;selector&quot;:&quot;//div[contains(text(),&apos;11000341326&apos;)]/../following-sibling::td&quot;}&#10;  (Session info: chrome=121.0.6167.185)&#10;For documentation on this error, please visit: https://www.seleniumhq.org/exceptions/no_such_element.html&#10;Build info: version: &apos;3.141.59&apos;, revision: &apos;e82be7d358&apos;, time: &apos;2018-11-14T08:17:03&apos;&#10;System info: host: &apos;IN-PF42S2RF&apos;, ip: &apos;192.168.85.57&apos;, os.name: &apos;Windows 10&apos;, os.arch: &apos;amd64&apos;, os.version: &apos;10.0&apos;, java.version: &apos;11.0.2&apos;&#10;Driver info: org.openqa.selenium.chrome.ChromeDriver&#10;Capabilities {acceptInsecureCerts: false, browserName: chrome, browserVersion: 121.0.6167.185, chrome: {chromedriverVersion: 121.0.6167.85 (3f98d690ad7e..., userDataDir: C:\Users\CHAITR~1.BAB\AppDa...}, fedcm:accounts: true, goog:chromeOptions: {debuggerAddress: localhost:62826}, javascriptEnabled: true, networkConnectionEnabled: false, pageLoadStrategy: normal, platform: WINDOWS, platformName: WINDOWS, proxy: Proxy(), setWindowRect: true, strictFileInteractability: false, timeouts: {implicit: 0, pageLoad: 300000, script: 30000}, unhandledPromptBehavior: dismiss and notify, webauthn:extension:credBlob: true, webauthn:extension:largeBlob: true, webauthn:extension:minPinLength: true, webauthn:extension:prf: true, webauthn:virtualAuthenticators: true}&#10;Session ID: 1db9ebe95d133d23b026f51792017175&#10;*** Element info: {Using=xpath, value=//div[contains(text(),&apos;11000341326&apos;)]/../following-sibling::td}" type="org.openqa.selenium.NoSuchElementException">org.openqa.selenium.NoSuchElementException: 
no such element: Unable to locate element: {"method":"xpath","selector":"//div[contains(text(),'11000341326')]/../following-sibling::td"}
  (Session info: chrome=121.0.6167.185)
For documentation on this error, please visit: https://www.seleniumhq.org/exceptions/no_such_element.html
Build info: version: '3.141.59', revision: 'e82be7d358', time: '2018-11-14T08:17:03'
System info: host: 'IN-PF42S2RF', ip: '192.168.85.57', os.name: 'Windows 10', os.arch: 'amd64', os.version: '10.0', java.version: '11.0.2'
Driver info: org.openqa.selenium.chrome.ChromeDriver
Capabilities {acceptInsecureCerts: false, browserName: chrome, browserVersion: 121.0.6167.185, chrome: {chromedriverVersion: 121.0.6167.85 (3f98d690ad7e..., userDataDir: C:\Users\CHAITR~1.BAB\AppDa...}, fedcm:accounts: true, goog:chromeOptions: {debuggerAddress: localhost:62826}, javascriptEnabled: true, networkConnectionEnabled: false, pageLoadStrategy: normal, platform: WINDOWS, platformName: WINDOWS, proxy: Proxy(), setWindowRect: true, strictFileInteractability: false, timeouts: {implicit: 0, pageLoad: 300000, script: 30000}, unhandledPromptBehavior: dismiss and notify, webauthn:extension:credBlob: true, webauthn:extension:largeBlob: true, webauthn:extension:minPinLength: true, webauthn:extension:prf: true, webauthn:virtualAuthenticators: true}
Session ID: 1db9ebe95d133d23b026f51792017175
*** Element info: {Using=xpath, value=//div[contains(text(),'11000341326')]/../following-sibling::td}
	at src.in.valtech.cl.scenarios.TC_Scenario_09.step122_ClickonViewOptioninOrderGrid(TC_Scenario_09.java:1117)
</failure>
    <system-out><![CDATA[org.openqa.selenium.NoSuchElementException: no such element: Unable to locate element: {"method":"xpath","selector":"//td[contains(text(),'RESERVED')]/..//td[@class='vuetable-td-quantity']"}
  (Session info: chrome=121.0.6167.185)
For documentation on this error, please visit: https://www.seleniumhq.org/exceptions/no_such_element.html
Build info: version: '3.141.59', revision: 'e82be7d358', time: '2018-11-14T08:17:03'
System info: host: 'IN-PF42S2RF', ip: '192.168.85.57', os.name: 'Windows 10', os.arch: 'amd64', os.version: '10.0', java.version: '11.0.2'
Driver info: org.openqa.selenium.chrome.ChromeDriver
Capabilities {acceptInsecureCerts: false, browserName: chrome, browserVersion: 121.0.6167.185, chrome: {chromedriverVersion: 121.0.6167.85 (3f98d690ad7e..., userDataDir: C:\Users\CHAITR~1.BAB\AppDa...}, fedcm:accounts: true, goog:chromeOptions: {debuggerAddress: localhost:62807}, javascriptEnabled: true, networkConnectionEnabled: false, pageLoadStrategy: normal, platform: WINDOWS, platformName: WINDOWS, proxy: Proxy(), setWindowRect: true, strictFileInteractability: false, timeouts: {implicit: 0, pageLoad: 300000, script: 30000}, unhandledPromptBehavior: dismiss and notify, webauthn:extension:credBlob: true, webauthn:extension:largeBlob: true, webauthn:extension:minPinLength: true, webauthn:extension:prf: true, webauthn:virtualAuthenticators: true}
Session ID: 3c85f9e925e27d8e12702191a2196bf0
*** Element info: {Using=xpath, value=//td[contains(text(),'RESERVED')]/..//td[@class='vuetable-td-quantity']}
2024-02-19 18:45:46 INFO  GUIFunctions:427 - Successfully clicked on element: click on Apply Filters button
2024-02-19 18:45:50 INFO  GUIFunctions:427 - Successfully clicked on element: click on Apply Filters button
]]></system-out>
  </testcase>
  <testcase name="step136_SelectApprovedOptionFromStatusDropdown" classname="src.in.valtech.cl.scenarios.TC_Scenario_02" time="1.143"/>
  <testcase name="step130_ClickOnSubmitReturnsButton" classname="src.in.valtech.cl.scenarios.TC_Scenario_04" time="1.892"/>
  <testcase name="step131_VerifySuccessMsgForRMARequest" classname="src.in.valtech.cl.scenarios.TC_Scenario_04" time="0.106"/>
  <testcase name="step132_NavigatedIntoMangetoAndClickOnSalesIcon" classname="src.in.valtech.cl.scenarios.TC_Scenario_04" time="10.313"/>
  <testcase name="step123_ClickOnReturnItems" classname="src.in.valtech.cl.scenarios.TC_Scenario_09" time="6.644">
    <failure message="no such element: Unable to locate element: {&quot;method&quot;:&quot;xpath&quot;,&quot;selector&quot;:&quot;//span[text()=&apos;Return Items&apos;]&quot;}&#10;  (Session info: chrome=121.0.6167.185)&#10;For documentation on this error, please visit: https://www.seleniumhq.org/exceptions/no_such_element.html&#10;Build info: version: &apos;3.141.59&apos;, revision: &apos;e82be7d358&apos;, time: &apos;2018-11-14T08:17:03&apos;&#10;System info: host: &apos;IN-PF42S2RF&apos;, ip: &apos;192.168.85.57&apos;, os.name: &apos;Windows 10&apos;, os.arch: &apos;amd64&apos;, os.version: &apos;10.0&apos;, java.version: &apos;11.0.2&apos;&#10;Driver info: org.openqa.selenium.chrome.ChromeDriver&#10;Capabilities {acceptInsecureCerts: false, browserName: chrome, browserVersion: 121.0.6167.185, chrome: {chromedriverVersion: 121.0.6167.85 (3f98d690ad7e..., userDataDir: C:\Users\CHAITR~1.BAB\AppDa...}, fedcm:accounts: true, goog:chromeOptions: {debuggerAddress: localhost:62826}, javascriptEnabled: true, networkConnectionEnabled: false, pageLoadStrategy: normal, platform: WINDOWS, platformName: WINDOWS, proxy: Proxy(), setWindowRect: true, strictFileInteractability: false, timeouts: {implicit: 0, pageLoad: 300000, script: 30000}, unhandledPromptBehavior: dismiss and notify, webauthn:extension:credBlob: true, webauthn:extension:largeBlob: true, webauthn:extension:minPinLength: true, webauthn:extension:prf: true, webauthn:virtualAuthenticators: true}&#10;Session ID: 1db9ebe95d133d23b026f51792017175&#10;*** Element info: {Using=xpath, value=//span[text()=&apos;Return Items&apos;]}" type="org.openqa.selenium.NoSuchElementException">org.openqa.selenium.NoSuchElementException: 
no such element: Unable to locate element: {"method":"xpath","selector":"//span[text()='Return Items']"}
  (Session info: chrome=121.0.6167.185)
For documentation on this error, please visit: https://www.seleniumhq.org/exceptions/no_such_element.html
Build info: version: '3.141.59', revision: 'e82be7d358', time: '2018-11-14T08:17:03'
System info: host: 'IN-PF42S2RF', ip: '192.168.85.57', os.name: 'Windows 10', os.arch: 'amd64', os.version: '10.0', java.version: '11.0.2'
Driver info: org.openqa.selenium.chrome.ChromeDriver
Capabilities {acceptInsecureCerts: false, browserName: chrome, browserVersion: 121.0.6167.185, chrome: {chromedriverVersion: 121.0.6167.85 (3f98d690ad7e..., userDataDir: C:\Users\CHAITR~1.BAB\AppDa...}, fedcm:accounts: true, goog:chromeOptions: {debuggerAddress: localhost:62826}, javascriptEnabled: true, networkConnectionEnabled: false, pageLoadStrategy: normal, platform: WINDOWS, platformName: WINDOWS, proxy: Proxy(), setWindowRect: true, strictFileInteractability: false, timeouts: {implicit: 0, pageLoad: 300000, script: 30000}, unhandledPromptBehavior: dismiss and notify, webauthn:extension:credBlob: true, webauthn:extension:largeBlob: true, webauthn:extension:minPinLength: true, webauthn:extension:prf: true, webauthn:virtualAuthenticators: true}
Session ID: 1db9ebe95d133d23b026f51792017175
*** Element info: {Using=xpath, value=//span[text()='Return Items']}
	at src.in.valtech.cl.scenarios.TC_Scenario_09.step123_ClickOnReturnItems(TC_Scenario_09.java:1124)
</failure>
    <system-out><![CDATA[2024-02-19 18:46:11 INFO  GUIFunctions:427 - Successfully clicked on element: click on Filters button
2024-02-19 18:46:12 INFO  GUIFunctions:427 - Successfully clicked on element: click on Filters button
]]></system-out>
  </testcase>
  <testcase name="step137_ClickOnSaveButton" classname="src.in.valtech.cl.scenarios.TC_Scenario_02" time="0.824">
    <failure message="no such element: Unable to locate element: {&quot;method&quot;:&quot;xpath&quot;,&quot;selector&quot;:&quot;//button[contains(@id,&apos;save&apos;)]&quot;}&#10;  (Session info: chrome=121.0.6167.185)&#10;For documentation on this error, please visit: https://www.seleniumhq.org/exceptions/no_such_element.html&#10;Build info: version: &apos;3.141.59&apos;, revision: &apos;e82be7d358&apos;, time: &apos;2018-11-14T08:17:03&apos;&#10;System info: host: &apos;IN-PF42S2RF&apos;, ip: &apos;192.168.85.57&apos;, os.name: &apos;Windows 10&apos;, os.arch: &apos;amd64&apos;, os.version: &apos;10.0&apos;, java.version: &apos;11.0.2&apos;&#10;Driver info: org.openqa.selenium.chrome.ChromeDriver&#10;Capabilities {acceptInsecureCerts: false, browserName: chrome, browserVersion: 121.0.6167.185, chrome: {chromedriverVersion: 121.0.6167.85 (3f98d690ad7e..., userDataDir: C:\Users\CHAITR~1.BAB\AppDa...}, fedcm:accounts: true, goog:chromeOptions: {debuggerAddress: localhost:62803}, javascriptEnabled: true, networkConnectionEnabled: false, pageLoadStrategy: normal, platform: WINDOWS, platformName: WINDOWS, proxy: Proxy(), setWindowRect: true, strictFileInteractability: false, timeouts: {implicit: 0, pageLoad: 300000, script: 30000}, unhandledPromptBehavior: dismiss and notify, webauthn:extension:credBlob: true, webauthn:extension:largeBlob: true, webauthn:extension:minPinLength: true, webauthn:extension:prf: true, webauthn:virtualAuthenticators: true}&#10;Session ID: b2d6a7f6963566ac9f9c4b646b6988c7&#10;*** Element info: {Using=xpath, value=//button[contains(@id,&apos;save&apos;)]}" type="org.openqa.selenium.NoSuchElementException">org.openqa.selenium.NoSuchElementException: 
no such element: Unable to locate element: {"method":"xpath","selector":"//button[contains(@id,'save')]"}
  (Session info: chrome=121.0.6167.185)
For documentation on this error, please visit: https://www.seleniumhq.org/exceptions/no_such_element.html
Build info: version: '3.141.59', revision: 'e82be7d358', time: '2018-11-14T08:17:03'
System info: host: 'IN-PF42S2RF', ip: '192.168.85.57', os.name: 'Windows 10', os.arch: 'amd64', os.version: '10.0', java.version: '11.0.2'
Driver info: org.openqa.selenium.chrome.ChromeDriver
Capabilities {acceptInsecureCerts: false, browserName: chrome, browserVersion: 121.0.6167.185, chrome: {chromedriverVersion: 121.0.6167.85 (3f98d690ad7e..., userDataDir: C:\Users\CHAITR~1.BAB\AppDa...}, fedcm:accounts: true, goog:chromeOptions: {debuggerAddress: localhost:62803}, javascriptEnabled: true, networkConnectionEnabled: false, pageLoadStrategy: normal, platform: WINDOWS, platformName: WINDOWS, proxy: Proxy(), setWindowRect: true, strictFileInteractability: false, timeouts: {implicit: 0, pageLoad: 300000, script: 30000}, unhandledPromptBehavior: dismiss and notify, webauthn:extension:credBlob: true, webauthn:extension:largeBlob: true, webauthn:extension:minPinLength: true, webauthn:extension:prf: true, webauthn:virtualAuthenticators: true}
Session ID: b2d6a7f6963566ac9f9c4b646b6988c7
*** Element info: {Using=xpath, value=//button[contains(@id,'save')]}
	at src.in.valtech.cl.scenarios.TC_Scenario_02.step137_ClickOnSaveButton(TC_Scenario_02.java:1231)
</failure>
    <system-out><![CDATA[2024-02-19 18:46:13 INFO  GUIFunctions:104 - Successfully clicked on element: Click on Products text from Catalog Icon
2024-02-19 18:46:14 INFO  GUIFunctions:427 - Successfully clicked on element: click on Apply Filters button
]]></system-out>
  </testcase>
  <testcase name="step139_EnterOrderIDinPaymentTab_adyen" classname="src.in.valtech.cl.scenarios.TC_Scenario_08" time="8.535"/>
  <testcase name="step133_ReturnstxtFromSalesIconClick" classname="src.in.valtech.cl.scenarios.TC_Scenario_04" time="0.486"/>
  <testcase name="step124_EnterValueInApprovedField" classname="src.in.valtech.cl.scenarios.TC_Scenario_09" time="9.969"/>
  <testcase name="step138_VerifySuccessMsgForSavedRMARequest" classname="src.in.valtech.cl.scenarios.TC_Scenario_02" time="1.082">
    <failure message="no such element: Unable to locate element: {&quot;method&quot;:&quot;xpath&quot;,&quot;selector&quot;:&quot;//div[contains(@class,&apos;message message-success success&apos;)]//div&quot;}&#10;  (Session info: chrome=121.0.6167.185)&#10;For documentation on this error, please visit: https://www.seleniumhq.org/exceptions/no_such_element.html&#10;Build info: version: &apos;3.141.59&apos;, revision: &apos;e82be7d358&apos;, time: &apos;2018-11-14T08:17:03&apos;&#10;System info: host: &apos;IN-PF42S2RF&apos;, ip: &apos;192.168.85.57&apos;, os.name: &apos;Windows 10&apos;, os.arch: &apos;amd64&apos;, os.version: &apos;10.0&apos;, java.version: &apos;11.0.2&apos;&#10;Driver info: org.openqa.selenium.chrome.ChromeDriver&#10;Capabilities {acceptInsecureCerts: false, browserName: chrome, browserVersion: 121.0.6167.185, chrome: {chromedriverVersion: 121.0.6167.85 (3f98d690ad7e..., userDataDir: C:\Users\CHAITR~1.BAB\AppDa...}, fedcm:accounts: true, goog:chromeOptions: {debuggerAddress: localhost:62803}, javascriptEnabled: true, networkConnectionEnabled: false, pageLoadStrategy: normal, platform: WINDOWS, platformName: WINDOWS, proxy: Proxy(), setWindowRect: true, strictFileInteractability: false, timeouts: {implicit: 0, pageLoad: 300000, script: 30000}, unhandledPromptBehavior: dismiss and notify, webauthn:extension:credBlob: true, webauthn:extension:largeBlob: true, webauthn:extension:minPinLength: true, webauthn:extension:prf: true, webauthn:virtualAuthenticators: true}&#10;Session ID: b2d6a7f6963566ac9f9c4b646b6988c7&#10;*** Element info: {Using=xpath, value=//div[contains(@class,&apos;message message-success success&apos;)]//div}" type="org.openqa.selenium.NoSuchElementException">org.openqa.selenium.NoSuchElementException: 
no such element: Unable to locate element: {"method":"xpath","selector":"//div[contains(@class,'message message-success success')]//div"}
  (Session info: chrome=121.0.6167.185)
For documentation on this error, please visit: https://www.seleniumhq.org/exceptions/no_such_element.html
Build info: version: '3.141.59', revision: 'e82be7d358', time: '2018-11-14T08:17:03'
System info: host: 'IN-PF42S2RF', ip: '192.168.85.57', os.name: 'Windows 10', os.arch: 'amd64', os.version: '10.0', java.version: '11.0.2'
Driver info: org.openqa.selenium.chrome.ChromeDriver
Capabilities {acceptInsecureCerts: false, browserName: chrome, browserVersion: 121.0.6167.185, chrome: {chromedriverVersion: 121.0.6167.85 (3f98d690ad7e..., userDataDir: C:\Users\CHAITR~1.BAB\AppDa...}, fedcm:accounts: true, goog:chromeOptions: {debuggerAddress: localhost:62803}, javascriptEnabled: true, networkConnectionEnabled: false, pageLoadStrategy: normal, platform: WINDOWS, platformName: WINDOWS, proxy: Proxy(), setWindowRect: true, strictFileInteractability: false, timeouts: {implicit: 0, pageLoad: 300000, script: 30000}, unhandledPromptBehavior: dismiss and notify, webauthn:extension:credBlob: true, webauthn:extension:largeBlob: true, webauthn:extension:minPinLength: true, webauthn:extension:prf: true, webauthn:virtualAuthenticators: true}
Session ID: b2d6a7f6963566ac9f9c4b646b6988c7
*** Element info: {Using=xpath, value=//div[contains(@class,'message message-success success')]//div}
	at src.in.valtech.cl.scenarios.TC_Scenario_02.step138_VerifySuccessMsgForSavedRMARequest(TC_Scenario_02.java:1236)
</failure>
    <system-out><![CDATA[2024-02-19 18:46:34 INFO  GUIFunctions:427 - Successfully clicked on element: click on Filters button
]]></system-out>
  </testcase>
  <testcase name="step140_VerifyOrderTotalAmtIN_adyen" classname="src.in.valtech.cl.scenarios.TC_Scenario_08" time="8.368">
    <failure message="no such element: Unable to locate element: {&quot;method&quot;:&quot;xpath&quot;,&quot;selector&quot;:&quot;//td[contains(text(),&apos;11000341327&apos;)]//following-sibling::td[3]&quot;}&#10;  (Session info: chrome=121.0.6167.185)&#10;For documentation on this error, please visit: https://www.seleniumhq.org/exceptions/no_such_element.html&#10;Build info: version: &apos;3.141.59&apos;, revision: &apos;e82be7d358&apos;, time: &apos;2018-11-14T08:17:03&apos;&#10;System info: host: &apos;IN-PF42S2RF&apos;, ip: &apos;192.168.85.57&apos;, os.name: &apos;Windows 10&apos;, os.arch: &apos;amd64&apos;, os.version: &apos;10.0&apos;, java.version: &apos;11.0.2&apos;&#10;Driver info: org.openqa.selenium.chrome.ChromeDriver&#10;Capabilities {acceptInsecureCerts: false, browserName: chrome, browserVersion: 121.0.6167.185, chrome: {chromedriverVersion: 121.0.6167.85 (3f98d690ad7e..., userDataDir: C:\Users\CHAITR~1.BAB\AppDa...}, fedcm:accounts: true, goog:chromeOptions: {debuggerAddress: localhost:62941}, javascriptEnabled: true, networkConnectionEnabled: false, pageLoadStrategy: normal, platform: WINDOWS, platformName: WINDOWS, proxy: Proxy(), setWindowRect: true, strictFileInteractability: false, timeouts: {implicit: 0, pageLoad: 300000, script: 30000}, unhandledPromptBehavior: dismiss and notify, webauthn:extension:credBlob: true, webauthn:extension:largeBlob: true, webauthn:extension:minPinLength: true, webauthn:extension:prf: true, webauthn:virtualAuthenticators: true}&#10;Session ID: 2aa2ccc108631a59febde80d069b4421&#10;*** Element info: {Using=xpath, value=//td[contains(text(),&apos;11000341327&apos;)]//following-sibling::td[3]}" type="org.openqa.selenium.NoSuchElementException">org.openqa.selenium.NoSuchElementException: 
no such element: Unable to locate element: {"method":"xpath","selector":"//td[contains(text(),'11000341327')]//following-sibling::td[3]"}
  (Session info: chrome=121.0.6167.185)
For documentation on this error, please visit: https://www.seleniumhq.org/exceptions/no_such_element.html
Build info: version: '3.141.59', revision: 'e82be7d358', time: '2018-11-14T08:17:03'
System info: host: 'IN-PF42S2RF', ip: '192.168.85.57', os.name: 'Windows 10', os.arch: 'amd64', os.version: '10.0', java.version: '11.0.2'
Driver info: org.openqa.selenium.chrome.ChromeDriver
Capabilities {acceptInsecureCerts: false, browserName: chrome, browserVersion: 121.0.6167.185, chrome: {chromedriverVersion: 121.0.6167.85 (3f98d690ad7e..., userDataDir: C:\Users\CHAITR~1.BAB\AppDa...}, fedcm:accounts: true, goog:chromeOptions: {debuggerAddress: localhost:62941}, javascriptEnabled: true, networkConnectionEnabled: false, pageLoadStrategy: normal, platform: WINDOWS, platformName: WINDOWS, proxy: Proxy(), setWindowRect: true, strictFileInteractability: false, timeouts: {implicit: 0, pageLoad: 300000, script: 30000}, unhandledPromptBehavior: dismiss and notify, webauthn:extension:credBlob: true, webauthn:extension:largeBlob: true, webauthn:extension:minPinLength: true, webauthn:extension:prf: true, webauthn:virtualAuthenticators: true}
Session ID: 2aa2ccc108631a59febde80d069b4421
*** Element info: {Using=xpath, value=//td[contains(text(),'11000341327')]//following-sibling::td[3]}
	at src.in.valtech.cl.scenarios.TC_Scenario_08.step140_VerifyOrderTotalAmtIN_adyen(TC_Scenario_08.java:1345)
</failure>
    <system-out><![CDATA[2024-02-19 18:46:36 INFO  GUIFunctions:427 - Successfully clicked on element: click on Filters button
2024-02-19 18:46:37 INFO  GUIFunctions:777 - Successfully Verified Returns ID & Returns Status In BO: 11000341322-Pending
2024-02-19 18:46:40 INFO  GUIFunctions:427 - Successfully clicked on element: click on Filters button
2024-02-19 18:46:42 INFO  GUIFunctions:427 - Successfully clicked on element: Successfully cleared filter
]]></system-out>
  </testcase>
  <testcase name="step139_ClickOnSalesIcon" classname="src.in.valtech.cl.scenarios.TC_Scenario_02" time="1.551"/>
  <testcase name="step136_ComparedSeleableStockInWMSAndBOBothAreSameAfterShippingTheOrder" classname="src.in.valtech.cl.scenarios.TC_Scenario_05" time="7.156"/>
  <testcase name="step125_SelectOptionFromResolutionDropdown" classname="src.in.valtech.cl.scenarios.TC_Scenario_09" time="1.505"/>
  <testcase name="step137_VerifyOrderConfirmationMailContents" classname="src.in.valtech.cl.scenarios.TC_Scenario_05" time="4.412"/>
  <testcase name="step140_ClickOrderstxtFromSalesIcon" classname="src.in.valtech.cl.scenarios.TC_Scenario_02" time="1.314"/>
  <testcase name="step138_VerifyShippingConfirmationMailContents" classname="src.in.valtech.cl.scenarios.TC_Scenario_05" time="4.675"/>
  <testcase name="step134_ClickONFiltersAndEnterOrderID" classname="src.in.valtech.cl.scenarios.TC_Scenario_04" time="6.704"/>
  <testcase name="step126_SelectApprovedOptionFromStatusDropdown" classname="src.in.valtech.cl.scenarios.TC_Scenario_09" time="7.642"/>
  <testcase name="step127_ClickOnSaveButton" classname="src.in.valtech.cl.scenarios.TC_Scenario_09" time="20.072">
    <failure message="no such element: Unable to locate element: {&quot;method&quot;:&quot;xpath&quot;,&quot;selector&quot;:&quot;//button[contains(@id,&apos;save&apos;)]&quot;}&#10;  (Session info: chrome=121.0.6167.185)&#10;For documentation on this error, please visit: https://www.seleniumhq.org/exceptions/no_such_element.html&#10;Build info: version: &apos;3.141.59&apos;, revision: &apos;e82be7d358&apos;, time: &apos;2018-11-14T08:17:03&apos;&#10;System info: host: &apos;IN-PF42S2RF&apos;, ip: &apos;192.168.85.57&apos;, os.name: &apos;Windows 10&apos;, os.arch: &apos;amd64&apos;, os.version: &apos;10.0&apos;, java.version: &apos;11.0.2&apos;&#10;Driver info: org.openqa.selenium.chrome.ChromeDriver&#10;Capabilities {acceptInsecureCerts: false, browserName: chrome, browserVersion: 121.0.6167.185, chrome: {chromedriverVersion: 121.0.6167.85 (3f98d690ad7e..., userDataDir: C:\Users\CHAITR~1.BAB\AppDa...}, fedcm:accounts: true, goog:chromeOptions: {debuggerAddress: localhost:62826}, javascriptEnabled: true, networkConnectionEnabled: false, pageLoadStrategy: normal, platform: WINDOWS, platformName: WINDOWS, proxy: Proxy(), setWindowRect: true, strictFileInteractability: false, timeouts: {implicit: 0, pageLoad: 300000, script: 30000}, unhandledPromptBehavior: dismiss and notify, webauthn:extension:credBlob: true, webauthn:extension:largeBlob: true, webauthn:extension:minPinLength: true, webauthn:extension:prf: true, webauthn:virtualAuthenticators: true}&#10;Session ID: 1db9ebe95d133d23b026f51792017175&#10;*** Element info: {Using=xpath, value=//button[contains(@id,&apos;save&apos;)]}" type="org.openqa.selenium.NoSuchElementException">org.openqa.selenium.NoSuchElementException: 
no such element: Unable to locate element: {"method":"xpath","selector":"//button[contains(@id,'save')]"}
  (Session info: chrome=121.0.6167.185)
For documentation on this error, please visit: https://www.seleniumhq.org/exceptions/no_such_element.html
Build info: version: '3.141.59', revision: 'e82be7d358', time: '2018-11-14T08:17:03'
System info: host: 'IN-PF42S2RF', ip: '192.168.85.57', os.name: 'Windows 10', os.arch: 'amd64', os.version: '10.0', java.version: '11.0.2'
Driver info: org.openqa.selenium.chrome.ChromeDriver
Capabilities {acceptInsecureCerts: false, browserName: chrome, browserVersion: 121.0.6167.185, chrome: {chromedriverVersion: 121.0.6167.85 (3f98d690ad7e..., userDataDir: C:\Users\CHAITR~1.BAB\AppDa...}, fedcm:accounts: true, goog:chromeOptions: {debuggerAddress: localhost:62826}, javascriptEnabled: true, networkConnectionEnabled: false, pageLoadStrategy: normal, platform: WINDOWS, platformName: WINDOWS, proxy: Proxy(), setWindowRect: true, strictFileInteractability: false, timeouts: {implicit: 0, pageLoad: 300000, script: 30000}, unhandledPromptBehavior: dismiss and notify, webauthn:extension:credBlob: true, webauthn:extension:largeBlob: true, webauthn:extension:minPinLength: true, webauthn:extension:prf: true, webauthn:virtualAuthenticators: true}
Session ID: 1db9ebe95d133d23b026f51792017175
*** Element info: {Using=xpath, value=//button[contains(@id,'save')]}
	at src.in.valtech.cl.scenarios.TC_Scenario_09.step127_ClickOnSaveButton(TC_Scenario_09.java:1148)
</failure>
    <system-out><![CDATA[2024-02-19 18:47:15 INFO  GUIFunctions:777 - Successfully Verified Returns ID & Returns Status In BO: 11000341322-Pending
2024-02-19 18:47:18 INFO  BackOfficePage:355 - Entered OrderID Successfully in search field: 11000341321
2024-02-19 18:47:19 INFO  GUIFunctions:427 - Successfully clicked on element: click on Filters button
2024-02-19 18:47:19 INFO  GUIFunctions:427 - Successfully clicked on element: click on Filters button
2024-02-19 18:47:19 INFO  GUIFunctions:104 - Successfully clicked on element: Click on Details Button
2024-02-19 18:47:20 INFO  GUIFunctions:427 - Successfully clicked on element: Successfully cleared filter
2024-02-19 18:47:21 INFO  GUIFunctions:649 - Successfully scroll down till Stocks Grid
2024-02-19 18:47:22 INFO  GUIFunctions:427 - Successfully clicked on element: click on Apply Filters button
2024-02-19 18:47:27 INFO  GUIFunctions:427 - Successfully clicked on element: click on Filters button
2024-02-19 18:47:30 INFO  GUIFunctions:104 - Successfully clicked on element: Click on Search Icon
2024-02-19 18:47:32 INFO  GUIFunctions:427 - Successfully clicked on element: click on Apply Filters button
2024-02-19 18:47:33 INFO  GUIFunctions:427 - Successfully clicked on element: click on Apply Filters button
org.openqa.selenium.NoSuchElementException: no such element: Unable to locate element: {"method":"xpath","selector":"//td[contains(text(),'SALEABLE')]/..//td[@class='vuetable-td-quantity']"}
  (Session info: chrome=121.0.6167.185)
For documentation on this error, please visit: https://www.seleniumhq.org/exceptions/no_such_element.html
Build info: version: '3.141.59', revision: 'e82be7d358', time: '2018-11-14T08:17:03'
System info: host: 'IN-PF42S2RF', ip: '192.168.85.57', os.name: 'Windows 10', os.arch: 'amd64', os.version: '10.0', java.version: '11.0.2'
Driver info: org.openqa.selenium.chrome.ChromeDriver
Capabilities {acceptInsecureCerts: false, browserName: chrome, browserVersion: 121.0.6167.185, chrome: {chromedriverVersion: 121.0.6167.85 (3f98d690ad7e..., userDataDir: C:\Users\CHAITR~1.BAB\AppDa...}, fedcm:accounts: true, goog:chromeOptions: {debuggerAddress: localhost:62941}, javascriptEnabled: true, networkConnectionEnabled: false, pageLoadStrategy: normal, platform: WINDOWS, platformName: WINDOWS, proxy: Proxy(), setWindowRect: true, strictFileInteractability: false, timeouts: {implicit: 0, pageLoad: 300000, script: 30000}, unhandledPromptBehavior: dismiss and notify, webauthn:extension:credBlob: true, webauthn:extension:largeBlob: true, webauthn:extension:minPinLength: true, webauthn:extension:prf: true, webauthn:virtualAuthenticators: true}
Session ID: 2aa2ccc108631a59febde80d069b4421
*** Element info: {Using=xpath, value=//td[contains(text(),'SALEABLE')]/..//td[@class='vuetable-td-quantity']}
]]></system-out>
  </testcase>
  <testcase name="step135_ClickonOrderGrid" classname="src.in.valtech.cl.scenarios.TC_Scenario_04" time="19.607"/>
  <testcase name="step128_VerifySuccessMsgForSavedRMARequest" classname="src.in.valtech.cl.scenarios.TC_Scenario_09" time="0.421">
    <failure message="no such element: Unable to locate element: {&quot;method&quot;:&quot;xpath&quot;,&quot;selector&quot;:&quot;//div[contains(@class,&apos;message message-success success&apos;)]//div&quot;}&#10;  (Session info: chrome=121.0.6167.185)&#10;For documentation on this error, please visit: https://www.seleniumhq.org/exceptions/no_such_element.html&#10;Build info: version: &apos;3.141.59&apos;, revision: &apos;e82be7d358&apos;, time: &apos;2018-11-14T08:17:03&apos;&#10;System info: host: &apos;IN-PF42S2RF&apos;, ip: &apos;192.168.85.57&apos;, os.name: &apos;Windows 10&apos;, os.arch: &apos;amd64&apos;, os.version: &apos;10.0&apos;, java.version: &apos;11.0.2&apos;&#10;Driver info: org.openqa.selenium.chrome.ChromeDriver&#10;Capabilities {acceptInsecureCerts: false, browserName: chrome, browserVersion: 121.0.6167.185, chrome: {chromedriverVersion: 121.0.6167.85 (3f98d690ad7e..., userDataDir: C:\Users\CHAITR~1.BAB\AppDa...}, fedcm:accounts: true, goog:chromeOptions: {debuggerAddress: localhost:62826}, javascriptEnabled: true, networkConnectionEnabled: false, pageLoadStrategy: normal, platform: WINDOWS, platformName: WINDOWS, proxy: Proxy(), setWindowRect: true, strictFileInteractability: false, timeouts: {implicit: 0, pageLoad: 300000, script: 30000}, unhandledPromptBehavior: dismiss and notify, webauthn:extension:credBlob: true, webauthn:extension:largeBlob: true, webauthn:extension:minPinLength: true, webauthn:extension:prf: true, webauthn:virtualAuthenticators: true}&#10;Session ID: 1db9ebe95d133d23b026f51792017175&#10;*** Element info: {Using=xpath, value=//div[contains(@class,&apos;message message-success success&apos;)]//div}" type="org.openqa.selenium.NoSuchElementException">org.openqa.selenium.NoSuchElementException: 
no such element: Unable to locate element: {"method":"xpath","selector":"//div[contains(@class,'message message-success success')]//div"}
  (Session info: chrome=121.0.6167.185)
For documentation on this error, please visit: https://www.seleniumhq.org/exceptions/no_such_element.html
Build info: version: '3.141.59', revision: 'e82be7d358', time: '2018-11-14T08:17:03'
System info: host: 'IN-PF42S2RF', ip: '192.168.85.57', os.name: 'Windows 10', os.arch: 'amd64', os.version: '10.0', java.version: '11.0.2'
Driver info: org.openqa.selenium.chrome.ChromeDriver
Capabilities {acceptInsecureCerts: false, browserName: chrome, browserVersion: 121.0.6167.185, chrome: {chromedriverVersion: 121.0.6167.85 (3f98d690ad7e..., userDataDir: C:\Users\CHAITR~1.BAB\AppDa...}, fedcm:accounts: true, goog:chromeOptions: {debuggerAddress: localhost:62826}, javascriptEnabled: true, networkConnectionEnabled: false, pageLoadStrategy: normal, platform: WINDOWS, platformName: WINDOWS, proxy: Proxy(), setWindowRect: true, strictFileInteractability: false, timeouts: {implicit: 0, pageLoad: 300000, script: 30000}, unhandledPromptBehavior: dismiss and notify, webauthn:extension:credBlob: true, webauthn:extension:largeBlob: true, webauthn:extension:minPinLength: true, webauthn:extension:prf: true, webauthn:virtualAuthenticators: true}
Session ID: 1db9ebe95d133d23b026f51792017175
*** Element info: {Using=xpath, value=//div[contains(@class,'message message-success success')]//div}
	at src.in.valtech.cl.scenarios.TC_Scenario_09.step128_VerifySuccessMsgForSavedRMARequest(TC_Scenario_09.java:1154)
</failure>
  </testcase>
  <testcase name="step136_Verify_OrderDetailsAfterCreatingRMAFromBO" classname="src.in.valtech.cl.scenarios.TC_Scenario_04" time="9.947"/>
  <testcase name="step129_ClickOnSalesIcon" classname="src.in.valtech.cl.scenarios.TC_Scenario_09" time="0.309"/>
  <testcase name="step130_ClickOrderstxtFromSalesIcon" classname="src.in.valtech.cl.scenarios.TC_Scenario_09" time="15.724"/>
  <testcase name="step141_VerifiedOrderStatusInOrdersPage" classname="src.in.valtech.cl.scenarios.TC_Scenario_02" time="1.936">
    <failure message="no such element: Unable to locate element: {&quot;method&quot;:&quot;xpath&quot;,&quot;selector&quot;:&quot;//div[contains(text(),&apos;11000341321&apos;)]/../following-sibling::td[contains(@class,&apos;status&apos;)]//div&quot;}&#10;  (Session info: chrome=121.0.6167.185)&#10;For documentation on this error, please visit: https://www.seleniumhq.org/exceptions/no_such_element.html&#10;Build info: version: &apos;3.141.59&apos;, revision: &apos;e82be7d358&apos;, time: &apos;2018-11-14T08:17:03&apos;&#10;System info: host: &apos;IN-PF42S2RF&apos;, ip: &apos;192.168.85.57&apos;, os.name: &apos;Windows 10&apos;, os.arch: &apos;amd64&apos;, os.version: &apos;10.0&apos;, java.version: &apos;11.0.2&apos;&#10;Driver info: org.openqa.selenium.chrome.ChromeDriver&#10;Capabilities {acceptInsecureCerts: false, browserName: chrome, browserVersion: 121.0.6167.185, chrome: {chromedriverVersion: 121.0.6167.85 (3f98d690ad7e..., userDataDir: C:\Users\CHAITR~1.BAB\AppDa...}, fedcm:accounts: true, goog:chromeOptions: {debuggerAddress: localhost:62803}, javascriptEnabled: true, networkConnectionEnabled: false, pageLoadStrategy: normal, platform: WINDOWS, platformName: WINDOWS, proxy: Proxy(), setWindowRect: true, strictFileInteractability: false, timeouts: {implicit: 0, pageLoad: 300000, script: 30000}, unhandledPromptBehavior: dismiss and notify, webauthn:extension:credBlob: true, webauthn:extension:largeBlob: true, webauthn:extension:minPinLength: true, webauthn:extension:prf: true, webauthn:virtualAuthenticators: true}&#10;Session ID: b2d6a7f6963566ac9f9c4b646b6988c7&#10;*** Element info: {Using=xpath, value=//div[contains(text(),&apos;11000341321&apos;)]/../following-sibling::td[contains(@class,&apos;status&apos;)]//div}" type="org.openqa.selenium.NoSuchElementException">org.openqa.selenium.NoSuchElementException: 
no such element: Unable to locate element: {"method":"xpath","selector":"//div[contains(text(),'11000341321')]/../following-sibling::td[contains(@class,'status')]//div"}
  (Session info: chrome=121.0.6167.185)
For documentation on this error, please visit: https://www.seleniumhq.org/exceptions/no_such_element.html
Build info: version: '3.141.59', revision: 'e82be7d358', time: '2018-11-14T08:17:03'
System info: host: 'IN-PF42S2RF', ip: '192.168.85.57', os.name: 'Windows 10', os.arch: 'amd64', os.version: '10.0', java.version: '11.0.2'
Driver info: org.openqa.selenium.chrome.ChromeDriver
Capabilities {acceptInsecureCerts: false, browserName: chrome, browserVersion: 121.0.6167.185, chrome: {chromedriverVersion: 121.0.6167.85 (3f98d690ad7e..., userDataDir: C:\Users\CHAITR~1.BAB\AppDa...}, fedcm:accounts: true, goog:chromeOptions: {debuggerAddress: localhost:62803}, javascriptEnabled: true, networkConnectionEnabled: false, pageLoadStrategy: normal, platform: WINDOWS, platformName: WINDOWS, proxy: Proxy(), setWindowRect: true, strictFileInteractability: false, timeouts: {implicit: 0, pageLoad: 300000, script: 30000}, unhandledPromptBehavior: dismiss and notify, webauthn:extension:credBlob: true, webauthn:extension:largeBlob: true, webauthn:extension:minPinLength: true, webauthn:extension:prf: true, webauthn:virtualAuthenticators: true}
Session ID: b2d6a7f6963566ac9f9c4b646b6988c7
*** Element info: {Using=xpath, value=//div[contains(text(),'11000341321')]/../following-sibling::td[contains(@class,'status')]//div}
	at src.in.valtech.cl.scenarios.TC_Scenario_02.step141_VerifiedOrderStatusInOrdersPage(TC_Scenario_02.java:1252)
</failure>
  </testcase>
  <testcase name="step142_ClickOnSalesIcon" classname="src.in.valtech.cl.scenarios.TC_Scenario_02" time="10.162"/>
  <testcase name="step141_ComparedSeleableStockInWMSAndBOBothAreSameAfterShippingTheOrder" classname="src.in.valtech.cl.scenarios.TC_Scenario_08" time="17.008"/>
  <testcase name="step143_ReturnstxtFromSalesIconClick" classname="src.in.valtech.cl.scenarios.TC_Scenario_02" time="4.112"/>
  <testcase name="step137_EditExistShippingAddressWithNewShippingAddressForRMA" classname="src.in.valtech.cl.scenarios.TC_Scenario_04" time="0.399"/>
  <testcase name="step138_VerifySuccessMsgForRMAAddressUpdate" classname="src.in.valtech.cl.scenarios.TC_Scenario_04" time="11.322"/>
  <testcase name="step142_VerifiedOrderStatusInReturnsPage" classname="src.in.valtech.cl.scenarios.TC_Scenario_07" time="4.351"/>
  <testcase name="step131_VerifiedOrderStatusInOrdersPage" classname="src.in.valtech.cl.scenarios.TC_Scenario_09" time="7.391">
    <failure message="expected [Shipped] but found [Waiting for credit memo]" type="java.lang.AssertionError">java.lang.AssertionError: expected [Shipped] but found [Waiting for credit memo]
	at src.in.valtech.cl.scenarios.TC_Scenario_09.step131_VerifiedOrderStatusInOrdersPage(TC_Scenario_09.java:1175)
</failure>
    <system-out><![CDATA[2024-02-19 18:49:11 INFO  GUIFunctions:427 - Successfully clicked on element: Successfully cleared filter
2024-02-19 18:49:14 INFO  GUIFunctions:427 - Successfully clicked on element: click on Filters button
2024-02-19 18:49:16 INFO  GUIFunctions:739 - Successfully Verified Order ID & Order Status In BO: 11000341326-Shipped
2024-02-19 18:49:16 INFO  GUIFunctions:104 - Successfully clicked on element: Click on orders text from Sales Icon
]]></system-out>
  </testcase>
  <testcase name="step143_ClickOnSalesIcon" classname="src.in.valtech.cl.scenarios.TC_Scenario_07" time="2.538"/>
  <testcase name="step132_ClickOnSalesIcon" classname="src.in.valtech.cl.scenarios.TC_Scenario_09" time="7.681"/>
  <testcase name="step144_ClickOrderstxtFromSalesIcon" classname="src.in.valtech.cl.scenarios.TC_Scenario_07" time="6.501"/>
  <testcase name="step133_ReturnstxtFromSalesIconClick" classname="src.in.valtech.cl.scenarios.TC_Scenario_09" time="10.749"/>
  <testcase name="step143_ClickOnOrderGridAndVerifiedOrderDetailsPage" classname="src.in.valtech.cl.scenarios.TC_Scenario_08" time="20.5"/>
  <testcase name="step144_ClickOnCreateReturnsButton" classname="src.in.valtech.cl.scenarios.TC_Scenario_08" time="7.512"/>
  <testcase name="step145_SelectPickupDate" classname="src.in.valtech.cl.scenarios.TC_Scenario_08" time="9.348"/>
  <testcase name="step145_VerifiedOrderStatusInOrdersPage" classname="src.in.valtech.cl.scenarios.TC_Scenario_07" time="8.831"/>
  <testcase name="step146_ClickOnReturnItems" classname="src.in.valtech.cl.scenarios.TC_Scenario_08" time="0.462"/>
  <testcase name="step144_VerifiedOrderStatusInReturnsPage" classname="src.in.valtech.cl.scenarios.TC_Scenario_02" time="2.959">
    <failure message="Expected condition failed: waiting for presence of element located by: By.xpath: (//div[contains(text(),&apos;11000341321&apos;)]/../following-sibling::td//div)[4] (tried for 50 second(s) with 500 milliseconds interval)" type="org.openqa.selenium.TimeoutException">org.openqa.selenium.TimeoutException: Expected condition failed: waiting for presence of element located by: By.xpath: (//div[contains(text(),'11000341321')]/../following-sibling::td//div)[4] (tried for 50 second(s) with 500 milliseconds interval)
	at src.in.valtech.cl.scenarios.TC_Scenario_02.step144_VerifiedOrderStatusInReturnsPage(TC_Scenario_02.java:1278)
Caused by: org.openqa.selenium.NoSuchElementException: 
no such element: Unable to locate element: {"method":"xpath","selector":"(//div[contains(text(),'11000341321')]/../following-sibling::td//div)[4]"}
  (Session info: chrome=121.0.6167.185)
For documentation on this error, please visit: https://www.seleniumhq.org/exceptions/no_such_element.html
Build info: version: '3.141.59', revision: 'e82be7d358', time: '2018-11-14T08:17:03'
System info: host: 'IN-PF42S2RF', ip: '192.168.85.57', os.name: 'Windows 10', os.arch: 'amd64', os.version: '10.0', java.version: '11.0.2'
Driver info: org.openqa.selenium.chrome.ChromeDriver
Capabilities {acceptInsecureCerts: false, browserName: chrome, browserVersion: 121.0.6167.185, chrome: {chromedriverVersion: 121.0.6167.85 (3f98d690ad7e..., userDataDir: C:\Users\CHAITR~1.BAB\AppDa...}, fedcm:accounts: true, goog:chromeOptions: {debuggerAddress: localhost:62803}, javascriptEnabled: true, networkConnectionEnabled: false, pageLoadStrategy: normal, platform: WINDOWS, platformName: WINDOWS, proxy: Proxy(), setWindowRect: true, strictFileInteractability: false, timeouts: {implicit: 0, pageLoad: 300000, script: 30000}, unhandledPromptBehavior: dismiss and notify, webauthn:extension:credBlob: true, webauthn:extension:largeBlob: true, webauthn:extension:minPinLength: true, webauthn:extension:prf: true, webauthn:virtualAuthenticators: true}
Session ID: b2d6a7f6963566ac9f9c4b646b6988c7
*** Element info: {Using=xpath, value=(//div[contains(text(),'11000341321')]/../following-sibling::td//div)[4]}
	at src.in.valtech.cl.scenarios.TC_Scenario_02.step144_VerifiedOrderStatusInReturnsPage(TC_Scenario_02.java:1278)
</failure>
    <system-out><![CDATA[2024-02-19 18:50:33 INFO  GUIFunctions:427 - Successfully clicked on element: click on Filters button
2024-02-19 18:50:34 INFO  GUIFunctions:427 - Successfully clicked on element: click on Filters button
]]></system-out>
  </testcase>
  <testcase name="step147_ClickOnAddProductButton" classname="src.in.valtech.cl.scenarios.TC_Scenario_08" time="3.691"/>
  <testcase name="step147_ClickOnRMALink" classname="src.in.valtech.cl.scenarios.TC_Scenario_07" time="6.923"/>
  <testcase name="step148_ClickOnCheckboxToSelectTheProduct" classname="src.in.valtech.cl.scenarios.TC_Scenario_08" time="7.574"/>
  <testcase name="step145_ClickonViewOptioninOrderGrid" classname="src.in.valtech.cl.scenarios.TC_Scenario_02" time="1.855">
    <failure message="no such element: Unable to locate element: {&quot;method&quot;:&quot;xpath&quot;,&quot;selector&quot;:&quot;//div[contains(text(),&apos;11000341321&apos;)]/../following-sibling::td&quot;}&#10;  (Session info: chrome=121.0.6167.185)&#10;For documentation on this error, please visit: https://www.seleniumhq.org/exceptions/no_such_element.html&#10;Build info: version: &apos;3.141.59&apos;, revision: &apos;e82be7d358&apos;, time: &apos;2018-11-14T08:17:03&apos;&#10;System info: host: &apos;IN-PF42S2RF&apos;, ip: &apos;192.168.85.57&apos;, os.name: &apos;Windows 10&apos;, os.arch: &apos;amd64&apos;, os.version: &apos;10.0&apos;, java.version: &apos;11.0.2&apos;&#10;Driver info: org.openqa.selenium.chrome.ChromeDriver&#10;Capabilities {acceptInsecureCerts: false, browserName: chrome, browserVersion: 121.0.6167.185, chrome: {chromedriverVersion: 121.0.6167.85 (3f98d690ad7e..., userDataDir: C:\Users\CHAITR~1.BAB\AppDa...}, fedcm:accounts: true, goog:chromeOptions: {debuggerAddress: localhost:62803}, javascriptEnabled: true, networkConnectionEnabled: false, pageLoadStrategy: normal, platform: WINDOWS, platformName: WINDOWS, proxy: Proxy(), setWindowRect: true, strictFileInteractability: false, timeouts: {implicit: 0, pageLoad: 300000, script: 30000}, unhandledPromptBehavior: dismiss and notify, webauthn:extension:credBlob: true, webauthn:extension:largeBlob: true, webauthn:extension:minPinLength: true, webauthn:extension:prf: true, webauthn:virtualAuthenticators: true}&#10;Session ID: b2d6a7f6963566ac9f9c4b646b6988c7&#10;*** Element info: {Using=xpath, value=//div[contains(text(),&apos;11000341321&apos;)]/../following-sibling::td}" type="org.openqa.selenium.NoSuchElementException">org.openqa.selenium.NoSuchElementException: 
no such element: Unable to locate element: {"method":"xpath","selector":"//div[contains(text(),'11000341321')]/../following-sibling::td"}
  (Session info: chrome=121.0.6167.185)
For documentation on this error, please visit: https://www.seleniumhq.org/exceptions/no_such_element.html
Build info: version: '3.141.59', revision: 'e82be7d358', time: '2018-11-14T08:17:03'
System info: host: 'IN-PF42S2RF', ip: '192.168.85.57', os.name: 'Windows 10', os.arch: 'amd64', os.version: '10.0', java.version: '11.0.2'
Driver info: org.openqa.selenium.chrome.ChromeDriver
Capabilities {acceptInsecureCerts: false, browserName: chrome, browserVersion: 121.0.6167.185, chrome: {chromedriverVersion: 121.0.6167.85 (3f98d690ad7e..., userDataDir: C:\Users\CHAITR~1.BAB\AppDa...}, fedcm:accounts: true, goog:chromeOptions: {debuggerAddress: localhost:62803}, javascriptEnabled: true, networkConnectionEnabled: false, pageLoadStrategy: normal, platform: WINDOWS, platformName: WINDOWS, proxy: Proxy(), setWindowRect: true, strictFileInteractability: false, timeouts: {implicit: 0, pageLoad: 300000, script: 30000}, unhandledPromptBehavior: dismiss and notify, webauthn:extension:credBlob: true, webauthn:extension:largeBlob: true, webauthn:extension:minPinLength: true, webauthn:extension:prf: true, webauthn:virtualAuthenticators: true}
Session ID: b2d6a7f6963566ac9f9c4b646b6988c7
*** Element info: {Using=xpath, value=//div[contains(text(),'11000341321')]/../following-sibling::td}
	at src.in.valtech.cl.scenarios.TC_Scenario_02.step145_ClickonViewOptioninOrderGrid(TC_Scenario_02.java:1287)
</failure>
  </testcase>
  <testcase name="step134_SearchFORRMAIDAndVerifyErrorStatus" classname="src.in.valtech.cl.scenarios.TC_Scenario_10" time="1.995"/>
  <testcase name="step135_VerifiedRMAErrorMailAndSubjectLineInCustomerGmailAccount" classname="src.in.valtech.cl.scenarios.TC_Scenario_10" time="0"/>
  <testcase name="step139_VerifiedOrderStatusInReturnsPage" classname="src.in.valtech.cl.scenarios.TC_Scenario_04" time="2.827"/>
  <testcase name="step136_VerifyOrderConfirmationMailContents" classname="src.in.valtech.cl.scenarios.TC_Scenario_10" time="3.388"/>
  <testcase name="step141_ClickOnSalesIcon" classname="src.in.valtech.cl.scenarios.TC_Scenario_04" time="10.147"/>
  <testcase name="step149_ClickOnAddSelProdToReturnsBtn" classname="src.in.valtech.cl.scenarios.TC_Scenario_08" time="3.366"/>
  <testcase name="step146_ClickOnRefundOrExchangeButton" classname="src.in.valtech.cl.scenarios.TC_Scenario_02" time="1.711">
    <failure message="no such element: Unable to locate element: {&quot;method&quot;:&quot;xpath&quot;,&quot;selector&quot;:&quot;//span[contains(text(),&apos;Refund / Exchange&apos;)]&quot;}&#10;  (Session info: chrome=121.0.6167.185)&#10;For documentation on this error, please visit: https://www.seleniumhq.org/exceptions/no_such_element.html&#10;Build info: version: &apos;3.141.59&apos;, revision: &apos;e82be7d358&apos;, time: &apos;2018-11-14T08:17:03&apos;&#10;System info: host: &apos;IN-PF42S2RF&apos;, ip: &apos;192.168.85.57&apos;, os.name: &apos;Windows 10&apos;, os.arch: &apos;amd64&apos;, os.version: &apos;10.0&apos;, java.version: &apos;11.0.2&apos;&#10;Driver info: org.openqa.selenium.chrome.ChromeDriver&#10;Capabilities {acceptInsecureCerts: false, browserName: chrome, browserVersion: 121.0.6167.185, chrome: {chromedriverVersion: 121.0.6167.85 (3f98d690ad7e..., userDataDir: C:\Users\CHAITR~1.BAB\AppDa...}, fedcm:accounts: true, goog:chromeOptions: {debuggerAddress: localhost:62803}, javascriptEnabled: true, networkConnectionEnabled: false, pageLoadStrategy: normal, platform: WINDOWS, platformName: WINDOWS, proxy: Proxy(), setWindowRect: true, strictFileInteractability: false, timeouts: {implicit: 0, pageLoad: 300000, script: 30000}, unhandledPromptBehavior: dismiss and notify, webauthn:extension:credBlob: true, webauthn:extension:largeBlob: true, webauthn:extension:minPinLength: true, webauthn:extension:prf: true, webauthn:virtualAuthenticators: true}&#10;Session ID: b2d6a7f6963566ac9f9c4b646b6988c7&#10;*** Element info: {Using=xpath, value=//span[contains(text(),&apos;Refund / Exchange&apos;)]}" type="org.openqa.selenium.NoSuchElementException">org.openqa.selenium.NoSuchElementException: 
no such element: Unable to locate element: {"method":"xpath","selector":"//span[contains(text(),'Refund / Exchange')]"}
  (Session info: chrome=121.0.6167.185)
For documentation on this error, please visit: https://www.seleniumhq.org/exceptions/no_such_element.html
Build info: version: '3.141.59', revision: 'e82be7d358', time: '2018-11-14T08:17:03'
System info: host: 'IN-PF42S2RF', ip: '192.168.85.57', os.name: 'Windows 10', os.arch: 'amd64', os.version: '10.0', java.version: '11.0.2'
Driver info: org.openqa.selenium.chrome.ChromeDriver
Capabilities {acceptInsecureCerts: false, browserName: chrome, browserVersion: 121.0.6167.185, chrome: {chromedriverVersion: 121.0.6167.85 (3f98d690ad7e..., userDataDir: C:\Users\CHAITR~1.BAB\AppDa...}, fedcm:accounts: true, goog:chromeOptions: {debuggerAddress: localhost:62803}, javascriptEnabled: true, networkConnectionEnabled: false, pageLoadStrategy: normal, platform: WINDOWS, platformName: WINDOWS, proxy: Proxy(), setWindowRect: true, strictFileInteractability: false, timeouts: {implicit: 0, pageLoad: 300000, script: 30000}, unhandledPromptBehavior: dismiss and notify, webauthn:extension:credBlob: true, webauthn:extension:largeBlob: true, webauthn:extension:minPinLength: true, webauthn:extension:prf: true, webauthn:virtualAuthenticators: true}
Session ID: b2d6a7f6963566ac9f9c4b646b6988c7
*** Element info: {Using=xpath, value=//span[contains(text(),'Refund / Exchange')]}
	at src.in.valtech.cl.scenarios.TC_Scenario_02.step146_ClickOnRefundOrExchangeButton(TC_Scenario_02.java:1293)
</failure>
  </testcase>
  <testcase name="step150_EnterValueInRequestedField" classname="src.in.valtech.cl.scenarios.TC_Scenario_08" time="2.347"/>
  <testcase name="step152_SelectAnyOptionFromReturnReasonDropdown" classname="src.in.valtech.cl.scenarios.TC_Scenario_08" time="4.376"/>
  <testcase name="step134_VerifiedOrderStatusInReturnsPage" classname="src.in.valtech.cl.scenarios.TC_Scenario_09" time="1.728">
    <failure message="Expected condition failed: waiting for presence of element located by: By.xpath: (//div[contains(text(),&apos;11000341326&apos;)]/../following-sibling::td//div)[4] (tried for 50 second(s) with 500 milliseconds interval)" type="org.openqa.selenium.TimeoutException">org.openqa.selenium.TimeoutException: Expected condition failed: waiting for presence of element located by: By.xpath: (//div[contains(text(),'11000341326')]/../following-sibling::td//div)[4] (tried for 50 second(s) with 500 milliseconds interval)
	at src.in.valtech.cl.scenarios.TC_Scenario_09.step134_VerifiedOrderStatusInReturnsPage(TC_Scenario_09.java:1196)
Caused by: org.openqa.selenium.NoSuchElementException: 
no such element: Unable to locate element: {"method":"xpath","selector":"(//div[contains(text(),'11000341326')]/../following-sibling::td//div)[4]"}
  (Session info: chrome=121.0.6167.185)
For documentation on this error, please visit: https://www.seleniumhq.org/exceptions/no_such_element.html
Build info: version: '3.141.59', revision: 'e82be7d358', time: '2018-11-14T08:17:03'
System info: host: 'IN-PF42S2RF', ip: '192.168.85.57', os.name: 'Windows 10', os.arch: 'amd64', os.version: '10.0', java.version: '11.0.2'
Driver info: org.openqa.selenium.chrome.ChromeDriver
Capabilities {acceptInsecureCerts: false, browserName: chrome, browserVersion: 121.0.6167.185, chrome: {chromedriverVersion: 121.0.6167.85 (3f98d690ad7e..., userDataDir: C:\Users\CHAITR~1.BAB\AppDa...}, fedcm:accounts: true, goog:chromeOptions: {debuggerAddress: localhost:62826}, javascriptEnabled: true, networkConnectionEnabled: false, pageLoadStrategy: normal, platform: WINDOWS, platformName: WINDOWS, proxy: Proxy(), setWindowRect: true, strictFileInteractability: false, timeouts: {implicit: 0, pageLoad: 300000, script: 30000}, unhandledPromptBehavior: dismiss and notify, webauthn:extension:credBlob: true, webauthn:extension:largeBlob: true, webauthn:extension:minPinLength: true, webauthn:extension:prf: true, webauthn:virtualAuthenticators: true}
Session ID: 1db9ebe95d133d23b026f51792017175
*** Element info: {Using=xpath, value=(//div[contains(text(),'11000341326')]/../following-sibling::td//div)[4]}
	at src.in.valtech.cl.scenarios.TC_Scenario_09.step134_VerifiedOrderStatusInReturnsPage(TC_Scenario_09.java:1196)
</failure>
    <system-out><![CDATA[2024-02-19 18:51:23 INFO  GUIFunctions:289 - Successfully selected value from Item Condition dropdown
]]></system-out>
  </testcase>
  <testcase name="step142_ClickOrderstxtFromSalesIcon" classname="src.in.valtech.cl.scenarios.TC_Scenario_04" time="0.072"/>
  <testcase name="step153_SelectOptionFromItemConditionDropdown" classname="src.in.valtech.cl.scenarios.TC_Scenario_08" time="2.45"/>
  <testcase name="step154_SelectOptionFromResolutionDropdown" classname="src.in.valtech.cl.scenarios.TC_Scenario_08" time="4.333"/>
  <testcase name="step147_ClickOnRefundButtonInNewMemoPage" classname="src.in.valtech.cl.scenarios.TC_Scenario_02" time="4.326">
    <failure message="no such element: Unable to locate element: {&quot;method&quot;:&quot;xpath&quot;,&quot;selector&quot;:&quot;//span[text()=&apos;Refund&apos;]&quot;}&#10;  (Session info: chrome=121.0.6167.185)&#10;For documentation on this error, please visit: https://www.seleniumhq.org/exceptions/no_such_element.html&#10;Build info: version: &apos;3.141.59&apos;, revision: &apos;e82be7d358&apos;, time: &apos;2018-11-14T08:17:03&apos;&#10;System info: host: &apos;IN-PF42S2RF&apos;, ip: &apos;192.168.85.57&apos;, os.name: &apos;Windows 10&apos;, os.arch: &apos;amd64&apos;, os.version: &apos;10.0&apos;, java.version: &apos;11.0.2&apos;&#10;Driver info: org.openqa.selenium.chrome.ChromeDriver&#10;Capabilities {acceptInsecureCerts: false, browserName: chrome, browserVersion: 121.0.6167.185, chrome: {chromedriverVersion: 121.0.6167.85 (3f98d690ad7e..., userDataDir: C:\Users\CHAITR~1.BAB\AppDa...}, fedcm:accounts: true, goog:chromeOptions: {debuggerAddress: localhost:62803}, javascriptEnabled: true, networkConnectionEnabled: false, pageLoadStrategy: normal, platform: WINDOWS, platformName: WINDOWS, proxy: Proxy(), setWindowRect: true, strictFileInteractability: false, timeouts: {implicit: 0, pageLoad: 300000, script: 30000}, unhandledPromptBehavior: dismiss and notify, webauthn:extension:credBlob: true, webauthn:extension:largeBlob: true, webauthn:extension:minPinLength: true, webauthn:extension:prf: true, webauthn:virtualAuthenticators: true}&#10;Session ID: b2d6a7f6963566ac9f9c4b646b6988c7&#10;*** Element info: {Using=xpath, value=//span[text()=&apos;Refund&apos;]}" type="org.openqa.selenium.NoSuchElementException">org.openqa.selenium.NoSuchElementException: 
no such element: Unable to locate element: {"method":"xpath","selector":"//span[text()='Refund']"}
  (Session info: chrome=121.0.6167.185)
For documentation on this error, please visit: https://www.seleniumhq.org/exceptions/no_such_element.html
Build info: version: '3.141.59', revision: 'e82be7d358', time: '2018-11-14T08:17:03'
System info: host: 'IN-PF42S2RF', ip: '192.168.85.57', os.name: 'Windows 10', os.arch: 'amd64', os.version: '10.0', java.version: '11.0.2'
Driver info: org.openqa.selenium.chrome.ChromeDriver
Capabilities {acceptInsecureCerts: false, browserName: chrome, browserVersion: 121.0.6167.185, chrome: {chromedriverVersion: 121.0.6167.85 (3f98d690ad7e..., userDataDir: C:\Users\CHAITR~1.BAB\AppDa...}, fedcm:accounts: true, goog:chromeOptions: {debuggerAddress: localhost:62803}, javascriptEnabled: true, networkConnectionEnabled: false, pageLoadStrategy: normal, platform: WINDOWS, platformName: WINDOWS, proxy: Proxy(), setWindowRect: true, strictFileInteractability: false, timeouts: {implicit: 0, pageLoad: 300000, script: 30000}, unhandledPromptBehavior: dismiss and notify, webauthn:extension:credBlob: true, webauthn:extension:largeBlob: true, webauthn:extension:minPinLength: true, webauthn:extension:prf: true, webauthn:virtualAuthenticators: true}
Session ID: b2d6a7f6963566ac9f9c4b646b6988c7
*** Element info: {Using=xpath, value=//span[text()='Refund']}
	at src.in.valtech.cl.scenarios.TC_Scenario_02.step147_ClickOnRefundButtonInNewMemoPage(TC_Scenario_02.java:1301)
</failure>
    <system-out><![CDATA[2024-02-19 18:51:34 INFO  GUIFunctions:427 - Successfully clicked on element: Successfully cleared filter
]]></system-out>
  </testcase>
  <testcase name="step135_ClickonViewOptioninOrderGrid" classname="src.in.valtech.cl.scenarios.TC_Scenario_09" time="8.645">
    <failure message="no such element: Unable to locate element: {&quot;method&quot;:&quot;xpath&quot;,&quot;selector&quot;:&quot;//div[contains(text(),&apos;11000341326&apos;)]/../following-sibling::td&quot;}&#10;  (Session info: chrome=121.0.6167.185)&#10;For documentation on this error, please visit: https://www.seleniumhq.org/exceptions/no_such_element.html&#10;Build info: version: &apos;3.141.59&apos;, revision: &apos;e82be7d358&apos;, time: &apos;2018-11-14T08:17:03&apos;&#10;System info: host: &apos;IN-PF42S2RF&apos;, ip: &apos;192.168.85.57&apos;, os.name: &apos;Windows 10&apos;, os.arch: &apos;amd64&apos;, os.version: &apos;10.0&apos;, java.version: &apos;11.0.2&apos;&#10;Driver info: org.openqa.selenium.chrome.ChromeDriver&#10;Capabilities {acceptInsecureCerts: false, browserName: chrome, browserVersion: 121.0.6167.185, chrome: {chromedriverVersion: 121.0.6167.85 (3f98d690ad7e..., userDataDir: C:\Users\CHAITR~1.BAB\AppDa...}, fedcm:accounts: true, goog:chromeOptions: {debuggerAddress: localhost:62826}, javascriptEnabled: true, networkConnectionEnabled: false, pageLoadStrategy: normal, platform: WINDOWS, platformName: WINDOWS, proxy: Proxy(), setWindowRect: true, strictFileInteractability: false, timeouts: {implicit: 0, pageLoad: 300000, script: 30000}, unhandledPromptBehavior: dismiss and notify, webauthn:extension:credBlob: true, webauthn:extension:largeBlob: true, webauthn:extension:minPinLength: true, webauthn:extension:prf: true, webauthn:virtualAuthenticators: true}&#10;Session ID: 1db9ebe95d133d23b026f51792017175&#10;*** Element info: {Using=xpath, value=//div[contains(text(),&apos;11000341326&apos;)]/../following-sibling::td}" type="org.openqa.selenium.NoSuchElementException">org.openqa.selenium.NoSuchElementException: 
no such element: Unable to locate element: {"method":"xpath","selector":"//div[contains(text(),'11000341326')]/../following-sibling::td"}
  (Session info: chrome=121.0.6167.185)
For documentation on this error, please visit: https://www.seleniumhq.org/exceptions/no_such_element.html
Build info: version: '3.141.59', revision: 'e82be7d358', time: '2018-11-14T08:17:03'
System info: host: 'IN-PF42S2RF', ip: '192.168.85.57', os.name: 'Windows 10', os.arch: 'amd64', os.version: '10.0', java.version: '11.0.2'
Driver info: org.openqa.selenium.chrome.ChromeDriver
Capabilities {acceptInsecureCerts: false, browserName: chrome, browserVersion: 121.0.6167.185, chrome: {chromedriverVersion: 121.0.6167.85 (3f98d690ad7e..., userDataDir: C:\Users\CHAITR~1.BAB\AppDa...}, fedcm:accounts: true, goog:chromeOptions: {debuggerAddress: localhost:62826}, javascriptEnabled: true, networkConnectionEnabled: false, pageLoadStrategy: normal, platform: WINDOWS, platformName: WINDOWS, proxy: Proxy(), setWindowRect: true, strictFileInteractability: false, timeouts: {implicit: 0, pageLoad: 300000, script: 30000}, unhandledPromptBehavior: dismiss and notify, webauthn:extension:credBlob: true, webauthn:extension:largeBlob: true, webauthn:extension:minPinLength: true, webauthn:extension:prf: true, webauthn:virtualAuthenticators: true}
Session ID: 1db9ebe95d133d23b026f51792017175
*** Element info: {Using=xpath, value=//div[contains(text(),'11000341326')]/../following-sibling::td}
	at src.in.valtech.cl.scenarios.TC_Scenario_09.step135_ClickonViewOptioninOrderGrid(TC_Scenario_09.java:1206)
</failure>
    <system-out><![CDATA[2024-02-19 18:51:36 INFO  BackOfficePage:355 - Entered OrderID Successfully in search field: 11000341325
2024-02-19 18:51:41 INFO  GUIFunctions:427 - Successfully clicked on element: click on Filters button
2024-02-19 18:51:42 INFO  GUIFunctions:427 - Successfully clicked on element: Click on Submit Returns button
]]></system-out>
  </testcase>
  <testcase name="step155_ClickOnSubmitReturnsButton" classname="src.in.valtech.cl.scenarios.TC_Scenario_08" time="4.322"/>
  <testcase name="step156_VerifySuccessMsgForRMARequest" classname="src.in.valtech.cl.scenarios.TC_Scenario_08" time="0.048"/>
  <testcase name="step148_VerifySuccessMsgForCreateCreditMemo" classname="src.in.valtech.cl.scenarios.TC_Scenario_02" time="6.827">
    <failure message="no such element: Unable to locate element: {&quot;method&quot;:&quot;xpath&quot;,&quot;selector&quot;:&quot;//div[contains(@class,&apos;message message-success success&apos;)]//div&quot;}&#10;  (Session info: chrome=121.0.6167.185)&#10;For documentation on this error, please visit: https://www.seleniumhq.org/exceptions/no_such_element.html&#10;Build info: version: &apos;3.141.59&apos;, revision: &apos;e82be7d358&apos;, time: &apos;2018-11-14T08:17:03&apos;&#10;System info: host: &apos;IN-PF42S2RF&apos;, ip: &apos;192.168.85.57&apos;, os.name: &apos;Windows 10&apos;, os.arch: &apos;amd64&apos;, os.version: &apos;10.0&apos;, java.version: &apos;11.0.2&apos;&#10;Driver info: org.openqa.selenium.chrome.ChromeDriver&#10;Capabilities {acceptInsecureCerts: false, browserName: chrome, browserVersion: 121.0.6167.185, chrome: {chromedriverVersion: 121.0.6167.85 (3f98d690ad7e..., userDataDir: C:\Users\CHAITR~1.BAB\AppDa...}, fedcm:accounts: true, goog:chromeOptions: {debuggerAddress: localhost:62803}, javascriptEnabled: true, networkConnectionEnabled: false, pageLoadStrategy: normal, platform: WINDOWS, platformName: WINDOWS, proxy: Proxy(), setWindowRect: true, strictFileInteractability: false, timeouts: {implicit: 0, pageLoad: 300000, script: 30000}, unhandledPromptBehavior: dismiss and notify, webauthn:extension:credBlob: true, webauthn:extension:largeBlob: true, webauthn:extension:minPinLength: true, webauthn:extension:prf: true, webauthn:virtualAuthenticators: true}&#10;Session ID: b2d6a7f6963566ac9f9c4b646b6988c7&#10;*** Element info: {Using=xpath, value=//div[contains(@class,&apos;message message-success success&apos;)]//div}" type="org.openqa.selenium.NoSuchElementException">org.openqa.selenium.NoSuchElementException: 
no such element: Unable to locate element: {"method":"xpath","selector":"//div[contains(@class,'message message-success success')]//div"}
  (Session info: chrome=121.0.6167.185)
For documentation on this error, please visit: https://www.seleniumhq.org/exceptions/no_such_element.html
Build info: version: '3.141.59', revision: 'e82be7d358', time: '2018-11-14T08:17:03'
System info: host: 'IN-PF42S2RF', ip: '192.168.85.57', os.name: 'Windows 10', os.arch: 'amd64', os.version: '10.0', java.version: '11.0.2'
Driver info: org.openqa.selenium.chrome.ChromeDriver
Capabilities {acceptInsecureCerts: false, browserName: chrome, browserVersion: 121.0.6167.185, chrome: {chromedriverVersion: 121.0.6167.85 (3f98d690ad7e..., userDataDir: C:\Users\CHAITR~1.BAB\AppDa...}, fedcm:accounts: true, goog:chromeOptions: {debuggerAddress: localhost:62803}, javascriptEnabled: true, networkConnectionEnabled: false, pageLoadStrategy: normal, platform: WINDOWS, platformName: WINDOWS, proxy: Proxy(), setWindowRect: true, strictFileInteractability: false, timeouts: {implicit: 0, pageLoad: 300000, script: 30000}, unhandledPromptBehavior: dismiss and notify, webauthn:extension:credBlob: true, webauthn:extension:largeBlob: true, webauthn:extension:minPinLength: true, webauthn:extension:prf: true, webauthn:virtualAuthenticators: true}
Session ID: b2d6a7f6963566ac9f9c4b646b6988c7
*** Element info: {Using=xpath, value=//div[contains(@class,'message message-success success')]//div}
	at src.in.valtech.cl.scenarios.TC_Scenario_02.step148_VerifySuccessMsgForCreateCreditMemo(TC_Scenario_02.java:1306)
</failure>
    <system-out><![CDATA[2024-02-19 18:51:55 INFO  GUIFunctions:427 - Successfully clicked on element: click on Apply Filters button
]]></system-out>
  </testcase>
  <testcase name="step136_ClickOnRefundOrExchangeButton" classname="src.in.valtech.cl.scenarios.TC_Scenario_09" time="8.646">
    <failure message="no such element: Unable to locate element: {&quot;method&quot;:&quot;xpath&quot;,&quot;selector&quot;:&quot;//span[contains(text(),&apos;Refund / Exchange&apos;)]&quot;}&#10;  (Session info: chrome=121.0.6167.185)&#10;For documentation on this error, please visit: https://www.seleniumhq.org/exceptions/no_such_element.html&#10;Build info: version: &apos;3.141.59&apos;, revision: &apos;e82be7d358&apos;, time: &apos;2018-11-14T08:17:03&apos;&#10;System info: host: &apos;IN-PF42S2RF&apos;, ip: &apos;192.168.85.57&apos;, os.name: &apos;Windows 10&apos;, os.arch: &apos;amd64&apos;, os.version: &apos;10.0&apos;, java.version: &apos;11.0.2&apos;&#10;Driver info: org.openqa.selenium.chrome.ChromeDriver&#10;Capabilities {acceptInsecureCerts: false, browserName: chrome, browserVersion: 121.0.6167.185, chrome: {chromedriverVersion: 121.0.6167.85 (3f98d690ad7e..., userDataDir: C:\Users\CHAITR~1.BAB\AppDa...}, fedcm:accounts: true, goog:chromeOptions: {debuggerAddress: localhost:62826}, javascriptEnabled: true, networkConnectionEnabled: false, pageLoadStrategy: normal, platform: WINDOWS, platformName: WINDOWS, proxy: Proxy(), setWindowRect: true, strictFileInteractability: false, timeouts: {implicit: 0, pageLoad: 300000, script: 30000}, unhandledPromptBehavior: dismiss and notify, webauthn:extension:credBlob: true, webauthn:extension:largeBlob: true, webauthn:extension:minPinLength: true, webauthn:extension:prf: true, webauthn:virtualAuthenticators: true}&#10;Session ID: 1db9ebe95d133d23b026f51792017175&#10;*** Element info: {Using=xpath, value=//span[contains(text(),&apos;Refund / Exchange&apos;)]}" type="org.openqa.selenium.NoSuchElementException">org.openqa.selenium.NoSuchElementException: 
no such element: Unable to locate element: {"method":"xpath","selector":"//span[contains(text(),'Refund / Exchange')]"}
  (Session info: chrome=121.0.6167.185)
For documentation on this error, please visit: https://www.seleniumhq.org/exceptions/no_such_element.html
Build info: version: '3.141.59', revision: 'e82be7d358', time: '2018-11-14T08:17:03'
System info: host: 'IN-PF42S2RF', ip: '192.168.85.57', os.name: 'Windows 10', os.arch: 'amd64', os.version: '10.0', java.version: '11.0.2'
Driver info: org.openqa.selenium.chrome.ChromeDriver
Capabilities {acceptInsecureCerts: false, browserName: chrome, browserVersion: 121.0.6167.185, chrome: {chromedriverVersion: 121.0.6167.85 (3f98d690ad7e..., userDataDir: C:\Users\CHAITR~1.BAB\AppDa...}, fedcm:accounts: true, goog:chromeOptions: {debuggerAddress: localhost:62826}, javascriptEnabled: true, networkConnectionEnabled: false, pageLoadStrategy: normal, platform: WINDOWS, platformName: WINDOWS, proxy: Proxy(), setWindowRect: true, strictFileInteractability: false, timeouts: {implicit: 0, pageLoad: 300000, script: 30000}, unhandledPromptBehavior: dismiss and notify, webauthn:extension:credBlob: true, webauthn:extension:largeBlob: true, webauthn:extension:minPinLength: true, webauthn:extension:prf: true, webauthn:virtualAuthenticators: true}
Session ID: 1db9ebe95d133d23b026f51792017175
*** Element info: {Using=xpath, value=//span[contains(text(),'Refund / Exchange')]}
	at src.in.valtech.cl.scenarios.TC_Scenario_09.step136_ClickOnRefundOrExchangeButton(TC_Scenario_09.java:1213)
</failure>
    <system-out><![CDATA[2024-02-19 18:51:59 INFO  GUIFunctions:427 - Successfully clicked on element: Successfully cleared filter
]]></system-out>
  </testcase>
  <testcase name="step149_ClickOnSalesIcon" classname="src.in.valtech.cl.scenarios.TC_Scenario_02" time="1.314"/>
  <testcase name="step126_ClickONFiltersAndEnterRMAID" classname="src.in.valtech.cl.scenarios.TC_Scenario_01" time="0.667"/>
  <testcase name="step128_ClickOnSalesIcon" classname="src.in.valtech.cl.scenarios.TC_Scenario_01" time="10.171"/>
  <testcase name="step143_VerifiedOrderStatusInOrdersPage" classname="src.in.valtech.cl.scenarios.TC_Scenario_04" time="4.415"/>
  <testcase name="step137_ClickOnRefundButtonInNewMemoPage" classname="src.in.valtech.cl.scenarios.TC_Scenario_09" time="3.449">
    <failure message="no such element: Unable to locate element: {&quot;method&quot;:&quot;xpath&quot;,&quot;selector&quot;:&quot;//span[text()=&apos;Refund&apos;]&quot;}&#10;  (Session info: chrome=121.0.6167.185)&#10;For documentation on this error, please visit: https://www.seleniumhq.org/exceptions/no_such_element.html&#10;Build info: version: &apos;3.141.59&apos;, revision: &apos;e82be7d358&apos;, time: &apos;2018-11-14T08:17:03&apos;&#10;System info: host: &apos;IN-PF42S2RF&apos;, ip: &apos;192.168.85.57&apos;, os.name: &apos;Windows 10&apos;, os.arch: &apos;amd64&apos;, os.version: &apos;10.0&apos;, java.version: &apos;11.0.2&apos;&#10;Driver info: org.openqa.selenium.chrome.ChromeDriver&#10;Capabilities {acceptInsecureCerts: false, browserName: chrome, browserVersion: 121.0.6167.185, chrome: {chromedriverVersion: 121.0.6167.85 (3f98d690ad7e..., userDataDir: C:\Users\CHAITR~1.BAB\AppDa...}, fedcm:accounts: true, goog:chromeOptions: {debuggerAddress: localhost:62826}, javascriptEnabled: true, networkConnectionEnabled: false, pageLoadStrategy: normal, platform: WINDOWS, platformName: WINDOWS, proxy: Proxy(), setWindowRect: true, strictFileInteractability: false, timeouts: {implicit: 0, pageLoad: 300000, script: 30000}, unhandledPromptBehavior: dismiss and notify, webauthn:extension:credBlob: true, webauthn:extension:largeBlob: true, webauthn:extension:minPinLength: true, webauthn:extension:prf: true, webauthn:virtualAuthenticators: true}&#10;Session ID: 1db9ebe95d133d23b026f51792017175&#10;*** Element info: {Using=xpath, value=//span[text()=&apos;Refund&apos;]}" type="org.openqa.selenium.NoSuchElementException">org.openqa.selenium.NoSuchElementException: 
no such element: Unable to locate element: {"method":"xpath","selector":"//span[text()='Refund']"}
  (Session info: chrome=121.0.6167.185)
For documentation on this error, please visit: https://www.seleniumhq.org/exceptions/no_such_element.html
Build info: version: '3.141.59', revision: 'e82be7d358', time: '2018-11-14T08:17:03'
System info: host: 'IN-PF42S2RF', ip: '192.168.85.57', os.name: 'Windows 10', os.arch: 'amd64', os.version: '10.0', java.version: '11.0.2'
Driver info: org.openqa.selenium.chrome.ChromeDriver
Capabilities {acceptInsecureCerts: false, browserName: chrome, browserVersion: 121.0.6167.185, chrome: {chromedriverVersion: 121.0.6167.85 (3f98d690ad7e..., userDataDir: C:\Users\CHAITR~1.BAB\AppDa...}, fedcm:accounts: true, goog:chromeOptions: {debuggerAddress: localhost:62826}, javascriptEnabled: true, networkConnectionEnabled: false, pageLoadStrategy: normal, platform: WINDOWS, platformName: WINDOWS, proxy: Proxy(), setWindowRect: true, strictFileInteractability: false, timeouts: {implicit: 0, pageLoad: 300000, script: 30000}, unhandledPromptBehavior: dismiss and notify, webauthn:extension:credBlob: true, webauthn:extension:largeBlob: true, webauthn:extension:minPinLength: true, webauthn:extension:prf: true, webauthn:virtualAuthenticators: true}
Session ID: 1db9ebe95d133d23b026f51792017175
*** Element info: {Using=xpath, value=//span[text()='Refund']}
	at src.in.valtech.cl.scenarios.TC_Scenario_09.step137_ClickOnRefundButtonInNewMemoPage(TC_Scenario_09.java:1222)
</failure>
    <system-out><![CDATA[2024-02-19 18:52:24 INFO  GUIFunctions:430 - "Unable to click on element
]]></system-out>
  </testcase>
  <testcase name="step150_ClickOrderstxtFromSalesIcon" classname="src.in.valtech.cl.scenarios.TC_Scenario_02" time="0.267"/>
  <testcase name="step129_ClickOrderstxtFromSalesIcon" classname="src.in.valtech.cl.scenarios.TC_Scenario_01" time="5.235"/>
  <testcase name="step138_VerifySuccessMsgForCreateCreditMemo" classname="src.in.valtech.cl.scenarios.TC_Scenario_09" time="14.554">
    <failure message="no such element: Unable to locate element: {&quot;method&quot;:&quot;xpath&quot;,&quot;selector&quot;:&quot;//div[contains(@class,&apos;message message-success success&apos;)]//div&quot;}&#10;  (Session info: chrome=121.0.6167.185)&#10;For documentation on this error, please visit: https://www.seleniumhq.org/exceptions/no_such_element.html&#10;Build info: version: &apos;3.141.59&apos;, revision: &apos;e82be7d358&apos;, time: &apos;2018-11-14T08:17:03&apos;&#10;System info: host: &apos;IN-PF42S2RF&apos;, ip: &apos;192.168.85.57&apos;, os.name: &apos;Windows 10&apos;, os.arch: &apos;amd64&apos;, os.version: &apos;10.0&apos;, java.version: &apos;11.0.2&apos;&#10;Driver info: org.openqa.selenium.chrome.ChromeDriver&#10;Capabilities {acceptInsecureCerts: false, browserName: chrome, browserVersion: 121.0.6167.185, chrome: {chromedriverVersion: 121.0.6167.85 (3f98d690ad7e..., userDataDir: C:\Users\CHAITR~1.BAB\AppDa...}, fedcm:accounts: true, goog:chromeOptions: {debuggerAddress: localhost:62826}, javascriptEnabled: true, networkConnectionEnabled: false, pageLoadStrategy: normal, platform: WINDOWS, platformName: WINDOWS, proxy: Proxy(), setWindowRect: true, strictFileInteractability: false, timeouts: {implicit: 0, pageLoad: 300000, script: 30000}, unhandledPromptBehavior: dismiss and notify, webauthn:extension:credBlob: true, webauthn:extension:largeBlob: true, webauthn:extension:minPinLength: true, webauthn:extension:prf: true, webauthn:virtualAuthenticators: true}&#10;Session ID: 1db9ebe95d133d23b026f51792017175&#10;*** Element info: {Using=xpath, value=//div[contains(@class,&apos;message message-success success&apos;)]//div}" type="org.openqa.selenium.NoSuchElementException">org.openqa.selenium.NoSuchElementException: 
no such element: Unable to locate element: {"method":"xpath","selector":"//div[contains(@class,'message message-success success')]//div"}
  (Session info: chrome=121.0.6167.185)
For documentation on this error, please visit: https://www.seleniumhq.org/exceptions/no_such_element.html
Build info: version: '3.141.59', revision: 'e82be7d358', time: '2018-11-14T08:17:03'
System info: host: 'IN-PF42S2RF', ip: '192.168.85.57', os.name: 'Windows 10', os.arch: 'amd64', os.version: '10.0', java.version: '11.0.2'
Driver info: org.openqa.selenium.chrome.ChromeDriver
Capabilities {acceptInsecureCerts: false, browserName: chrome, browserVersion: 121.0.6167.185, chrome: {chromedriverVersion: 121.0.6167.85 (3f98d690ad7e..., userDataDir: C:\Users\CHAITR~1.BAB\AppDa...}, fedcm:accounts: true, goog:chromeOptions: {debuggerAddress: localhost:62826}, javascriptEnabled: true, networkConnectionEnabled: false, pageLoadStrategy: normal, platform: WINDOWS, platformName: WINDOWS, proxy: Proxy(), setWindowRect: true, strictFileInteractability: false, timeouts: {implicit: 0, pageLoad: 300000, script: 30000}, unhandledPromptBehavior: dismiss and notify, webauthn:extension:credBlob: true, webauthn:extension:largeBlob: true, webauthn:extension:minPinLength: true, webauthn:extension:prf: true, webauthn:virtualAuthenticators: true}
Session ID: 1db9ebe95d133d23b026f51792017175
*** Element info: {Using=xpath, value=//div[contains(@class,'message message-success success')]//div}
	at src.in.valtech.cl.scenarios.TC_Scenario_09.step138_VerifySuccessMsgForCreateCreditMemo(TC_Scenario_09.java:1228)
</failure>
    <system-out><![CDATA[2024-02-19 18:52:40 INFO  GUIFunctions:427 - Successfully clicked on element: Successfully cleared filter
2024-02-19 18:52:41 INFO  GUIFunctions:427 - Successfully clicked on element: Successfully cleared filter
]]></system-out>
  </testcase>
  <testcase name="step144_NaviagtedIntoFOAndVerifiedOrderStatusInMyOrdersPage" classname="src.in.valtech.cl.scenarios.TC_Scenario_04" time="7.068"/>
  <testcase name="step139_ClickOnSalesIcon" classname="src.in.valtech.cl.scenarios.TC_Scenario_09" time="3.122"/>
  <testcase name="step146_ClickOnRMALink" classname="src.in.valtech.cl.scenarios.TC_Scenario_04" time="11.285"/>
  <testcase name="step140_ClickOrderstxtFromSalesIcon" classname="src.in.valtech.cl.scenarios.TC_Scenario_09" time="3.706"/>
  <testcase name="step130_VerifiedOrderStatusInOrdersPage" classname="src.in.valtech.cl.scenarios.TC_Scenario_01" time="22.06"/>
  <testcase name="step131_NaviagtedIntoFOAndVerifiedOrderStatusInMyOrdersPage" classname="src.in.valtech.cl.scenarios.TC_Scenario_01" time="23.477"/>
  <testcase name="step133_ClickOnRMALink" classname="src.in.valtech.cl.scenarios.TC_Scenario_01" time="19.409"/>
  <testcase name="step151_VerifiedOrderStatusInOrdersPage" classname="src.in.valtech.cl.scenarios.TC_Scenario_02" time="13.401">
    <failure message="no such element: Unable to locate element: {&quot;method&quot;:&quot;xpath&quot;,&quot;selector&quot;:&quot;//div[contains(text(),&apos;11000341321&apos;)]/../following-sibling::td[contains(@class,&apos;status&apos;)]//div&quot;}&#10;  (Session info: chrome=121.0.6167.185)&#10;For documentation on this error, please visit: https://www.seleniumhq.org/exceptions/no_such_element.html&#10;Build info: version: &apos;3.141.59&apos;, revision: &apos;e82be7d358&apos;, time: &apos;2018-11-14T08:17:03&apos;&#10;System info: host: &apos;IN-PF42S2RF&apos;, ip: &apos;192.168.85.57&apos;, os.name: &apos;Windows 10&apos;, os.arch: &apos;amd64&apos;, os.version: &apos;10.0&apos;, java.version: &apos;11.0.2&apos;&#10;Driver info: org.openqa.selenium.chrome.ChromeDriver&#10;Capabilities {acceptInsecureCerts: false, browserName: chrome, browserVersion: 121.0.6167.185, chrome: {chromedriverVersion: 121.0.6167.85 (3f98d690ad7e..., userDataDir: C:\Users\CHAITR~1.BAB\AppDa...}, fedcm:accounts: true, goog:chromeOptions: {debuggerAddress: localhost:62803}, javascriptEnabled: true, networkConnectionEnabled: false, pageLoadStrategy: normal, platform: WINDOWS, platformName: WINDOWS, proxy: Proxy(), setWindowRect: true, strictFileInteractability: false, timeouts: {implicit: 0, pageLoad: 300000, script: 30000}, unhandledPromptBehavior: dismiss and notify, webauthn:extension:credBlob: true, webauthn:extension:largeBlob: true, webauthn:extension:minPinLength: true, webauthn:extension:prf: true, webauthn:virtualAuthenticators: true}&#10;Session ID: b2d6a7f6963566ac9f9c4b646b6988c7&#10;*** Element info: {Using=xpath, value=//div[contains(text(),&apos;11000341321&apos;)]/../following-sibling::td[contains(@class,&apos;status&apos;)]//div}" type="org.openqa.selenium.NoSuchElementException">org.openqa.selenium.NoSuchElementException: 
no such element: Unable to locate element: {"method":"xpath","selector":"//div[contains(text(),'11000341321')]/../following-sibling::td[contains(@class,'status')]//div"}
  (Session info: chrome=121.0.6167.185)
For documentation on this error, please visit: https://www.seleniumhq.org/exceptions/no_such_element.html
Build info: version: '3.141.59', revision: 'e82be7d358', time: '2018-11-14T08:17:03'
System info: host: 'IN-PF42S2RF', ip: '192.168.85.57', os.name: 'Windows 10', os.arch: 'amd64', os.version: '10.0', java.version: '11.0.2'
Driver info: org.openqa.selenium.chrome.ChromeDriver
Capabilities {acceptInsecureCerts: false, browserName: chrome, browserVersion: 121.0.6167.185, chrome: {chromedriverVersion: 121.0.6167.85 (3f98d690ad7e..., userDataDir: C:\Users\CHAITR~1.BAB\AppDa...}, fedcm:accounts: true, goog:chromeOptions: {debuggerAddress: localhost:62803}, javascriptEnabled: true, networkConnectionEnabled: false, pageLoadStrategy: normal, platform: WINDOWS, platformName: WINDOWS, proxy: Proxy(), setWindowRect: true, strictFileInteractability: false, timeouts: {implicit: 0, pageLoad: 300000, script: 30000}, unhandledPromptBehavior: dismiss and notify, webauthn:extension:credBlob: true, webauthn:extension:largeBlob: true, webauthn:extension:minPinLength: true, webauthn:extension:prf: true, webauthn:virtualAuthenticators: true}
Session ID: b2d6a7f6963566ac9f9c4b646b6988c7
*** Element info: {Using=xpath, value=//div[contains(text(),'11000341321')]/../following-sibling::td[contains(@class,'status')]//div}
	at src.in.valtech.cl.scenarios.TC_Scenario_02.step151_VerifiedOrderStatusInOrdersPage(TC_Scenario_02.java:1329)
</failure>
    <system-out><![CDATA[2024-02-19 18:54:17 INFO  GUIFunctions:427 - Successfully clicked on element: click on Apply Filters button
2024-02-19 18:54:19 INFO  GUIFunctions:104 - Successfully clicked on element: Click on Search Icon
]]></system-out>
  </testcase>
  <testcase name="step152_ClickOnSalesIcon" classname="src.in.valtech.cl.scenarios.TC_Scenario_02" time="10.119"/>
  <testcase name="step153_ReturnstxtFromSalesIconClick" classname="src.in.valtech.cl.scenarios.TC_Scenario_02" time="21.236"/>
  <testcase name="step154_VerifiedOrderStatusInReturnsPage" classname="src.in.valtech.cl.scenarios.TC_Scenario_02" time="100.186">
    <failure message="Expected condition failed: waiting for presence of element located by: By.xpath: (//div[contains(text(),&apos;11000341321&apos;)]/../following-sibling::td//div)[4] (tried for 50 second(s) with 500 milliseconds interval)" type="org.openqa.selenium.TimeoutException">org.openqa.selenium.TimeoutException: Expected condition failed: waiting for presence of element located by: By.xpath: (//div[contains(text(),'11000341321')]/../following-sibling::td//div)[4] (tried for 50 second(s) with 500 milliseconds interval)
	at src.in.valtech.cl.scenarios.TC_Scenario_02.step154_VerifiedOrderStatusInReturnsPage(TC_Scenario_02.java:1355)
Caused by: org.openqa.selenium.NoSuchElementException: 
no such element: Unable to locate element: {"method":"xpath","selector":"(//div[contains(text(),'11000341321')]/../following-sibling::td//div)[4]"}
  (Session info: chrome=121.0.6167.185)
For documentation on this error, please visit: https://www.seleniumhq.org/exceptions/no_such_element.html
Build info: version: '3.141.59', revision: 'e82be7d358', time: '2018-11-14T08:17:03'
System info: host: 'IN-PF42S2RF', ip: '192.168.85.57', os.name: 'Windows 10', os.arch: 'amd64', os.version: '10.0', java.version: '11.0.2'
Driver info: org.openqa.selenium.chrome.ChromeDriver
Capabilities {acceptInsecureCerts: false, browserName: chrome, browserVersion: 121.0.6167.185, chrome: {chromedriverVersion: 121.0.6167.85 (3f98d690ad7e..., userDataDir: C:\Users\CHAITR~1.BAB\AppDa...}, fedcm:accounts: true, goog:chromeOptions: {debuggerAddress: localhost:62803}, javascriptEnabled: true, networkConnectionEnabled: false, pageLoadStrategy: normal, platform: WINDOWS, platformName: WINDOWS, proxy: Proxy(), setWindowRect: true, strictFileInteractability: false, timeouts: {implicit: 0, pageLoad: 300000, script: 30000}, unhandledPromptBehavior: dismiss and notify, webauthn:extension:credBlob: true, webauthn:extension:largeBlob: true, webauthn:extension:minPinLength: true, webauthn:extension:prf: true, webauthn:virtualAuthenticators: true}
Session ID: b2d6a7f6963566ac9f9c4b646b6988c7
*** Element info: {Using=xpath, value=(//div[contains(text(),'11000341321')]/../following-sibling::td//div)[4]}
	at src.in.valtech.cl.scenarios.TC_Scenario_02.step154_VerifiedOrderStatusInReturnsPage(TC_Scenario_02.java:1355)
</failure>
    <system-out><![CDATA[2024-02-19 18:55:06 INFO  GUIFunctions:427 - Successfully clicked on element: Successfully cleared filter
2024-02-19 18:55:07 INFO  GUIFunctions:777 - Successfully Verified Returns ID & Returns Status In BO: 11000341327-Pending
2024-02-19 18:55:13 INFO  GUIFunctions:427 - Successfully clicked on element: Successfully cleared filter
2024-02-19 18:55:14 INFO  GUIFunctions:427 - Successfully clicked on element: click on Filters button
2024-02-19 18:55:20 INFO  GUIFunctions:427 - Successfully clicked on element: click on Filters button
2024-02-19 18:55:27 INFO  GUIFunctions:427 - Successfully clicked on element: click on Apply Filters button
2024-02-19 18:55:33 INFO  GUIFunctions:427 - Successfully clicked on element: click on Apply Filters button
2024-02-19 18:55:40 INFO  GUIFunctions:427 - Successfully clicked on element: Successfully cleared filter
2024-02-19 18:55:45 INFO  GUIFunctions:777 - Successfully Verified Returns ID & Returns Status In BO: 11000341327-Pending
2024-02-19 18:55:47 INFO  BackOfficePage:355 - Entered OrderID Successfully in search field: 11000341326
2024-02-19 18:55:51 INFO  GUIFunctions:427 - Successfully clicked on element: Successfully cleared filter
2024-02-19 18:55:58 INFO  GUIFunctions:427 - Successfully clicked on element: click on Filters button
2024-02-19 18:55:59 INFO  GUIFunctions:104 - Successfully clicked on element: Click on Search Icon
2024-02-19 18:56:12 INFO  GUIFunctions:427 - Successfully clicked on element: click on Apply Filters button
2024-02-19 18:56:24 INFO  GUIFunctions:777 - Successfully Verified Returns ID & Returns Status In BO: 11000341327-Pending
2024-02-19 18:56:29 INFO  GUIFunctions:427 - Successfully clicked on element: Successfully cleared filter
2024-02-19 18:56:31 INFO  GUIFunctions:739 - Successfully Verified Order ID & Order Status In BO: 11000341326-Shipped
2024-02-19 18:56:36 INFO  GUIFunctions:427 - Successfully clicked on element: click on Filters button
]]></system-out>
  </testcase>
  <testcase name="step155_SwitchToFOTabAndClickOnMyAccountIcon" classname="src.in.valtech.cl.scenarios.TC_Scenario_02" time="12.089"/>
  <testcase name="step156_ClickOnMyOrdersLink" classname="src.in.valtech.cl.scenarios.TC_Scenario_02" time="8.273"/>
  <testcase name="step157_VerifiedOrderStatusInMyOrdersPage" classname="src.in.valtech.cl.scenarios.TC_Scenario_02" time="0.108">
    <failure message="expected [Refund processed] but found [Processing]" type="java.lang.AssertionError">java.lang.AssertionError: expected [Refund processed] but found [Processing]
	at src.in.valtech.cl.scenarios.TC_Scenario_02.step157_VerifiedOrderStatusInMyOrdersPage(TC_Scenario_02.java:1383)
</failure>
    <system-out><![CDATA[2024-02-19 18:57:01 INFO  GUIFunctions:612 - Successfully Verified Order ID-Order Status: 11000341321-Processing
]]></system-out>
  </testcase>
  <testcase name="step147_EnterRMAID_SearchForOrderDetails_ClickOnReceptionButton" classname="src.in.valtech.cl.scenarios.TC_Scenario_04" time="17.884"/>
  <testcase name="step148_EnterRMAID_SearchForOrderDetails_ClickOnReceptionButton" classname="src.in.valtech.cl.scenarios.TC_Scenario_07" time="1.188"/>
  <testcase name="step157_VerifiedOrderStatusInReturnsPage" classname="src.in.valtech.cl.scenarios.TC_Scenario_08" time="19.158"/>
  <testcase name="step148_ExecuteRMAProcessinWMS" classname="src.in.valtech.cl.scenarios.TC_Scenario_04" time="6.517"/>
  <testcase name="step159_ClickOnSalesIcon" classname="src.in.valtech.cl.scenarios.TC_Scenario_08" time="3.646"/>
  <testcase name="step150_NavigatedIntoMangetoAndClickOnSalesIcon" classname="src.in.valtech.cl.scenarios.TC_Scenario_04" time="8.644"/>
  <testcase name="step160_ClickOrderstxtFromSalesIcon" classname="src.in.valtech.cl.scenarios.TC_Scenario_08" time="5.137"/>
  <testcase name="step151_ClickOrderstxtFromSalesIcon" classname="src.in.valtech.cl.scenarios.TC_Scenario_04" time="9.068"/>
  <testcase name="step161_VerifiedOrderStatusInOrdersPage" classname="src.in.valtech.cl.scenarios.TC_Scenario_08" time="47.904"/>
  <testcase name="step152_VerifiedOrderStatusInOrdersPage" classname="src.in.valtech.cl.scenarios.TC_Scenario_04" time="8.834"/>
  <testcase name="step158_ComparedSeleableStockInWMSAndBOBothAreSameAfterRefundTheOrder" classname="src.in.valtech.cl.scenarios.TC_Scenario_02" time="5.679"/>
  <testcase name="step153_ClickOnSalesIcon" classname="src.in.valtech.cl.scenarios.TC_Scenario_04" time="4.456"/>
  <testcase name="step159_VerifyOrderConfirmationMailContents" classname="src.in.valtech.cl.scenarios.TC_Scenario_02" time="1.825"/>
  <testcase name="step162_NaviagtedIntoFOAndVerifiedOrderStatusInMyOrdersPage" classname="src.in.valtech.cl.scenarios.TC_Scenario_08" time="2.54"/>
  <testcase name="step149_ExecuteRMAProcessinWMS" classname="src.in.valtech.cl.scenarios.TC_Scenario_07" time="2.864"/>
  <testcase name="step160_VerifyShippingConfirmationMailContents" classname="src.in.valtech.cl.scenarios.TC_Scenario_02" time="0.423"/>
  <testcase name="step161_VerifyReturnRequestConfirmationMailContents" classname="src.in.valtech.cl.scenarios.TC_Scenario_02" time="6.069"/>
  <testcase name="step154_ReturnstxtFromSalesIconClick" classname="src.in.valtech.cl.scenarios.TC_Scenario_04" time="3.147"/>
  <testcase name="step163_ClickOnRMALink" classname="src.in.valtech.cl.scenarios.TC_Scenario_08" time="1.866"/>
  <testcase name="step162_VerifyReturnReceptionConfirmationMailContents" classname="src.in.valtech.cl.scenarios.TC_Scenario_02" time="0.875"/>
  <testcase name="step163_VerifyCreditMemoConfirmationMailContents" classname="src.in.valtech.cl.scenarios.TC_Scenario_02" time="9.028"/>
  <testcase name="step151_NavigatedIntoMangetoAndVerifiedOrderStatusInOrdersPage" classname="src.in.valtech.cl.scenarios.TC_Scenario_07" time="9.852"/>
  <testcase name="step152_ReturnstxtFromSalesIconClick" classname="src.in.valtech.cl.scenarios.TC_Scenario_07" time="16.725"/>
  <testcase name="step141_VerifiedOrderStatusInOrdersPage" classname="src.in.valtech.cl.scenarios.TC_Scenario_09" time="18.452"/>
  <testcase name="step142_GetSKUIDFromOrdersPage" classname="src.in.valtech.cl.scenarios.TC_Scenario_09" time="20.236"/>
  <testcase name="step155_VerifiedOrderStatusInReturnsPage" classname="src.in.valtech.cl.scenarios.TC_Scenario_04" time="0.032"/>
  <testcase name="step156_ClickonViewOptioninOrderGrid" classname="src.in.valtech.cl.scenarios.TC_Scenario_04" time="9.432"/>
  <testcase name="step144_ClickOnSalesIcon" classname="src.in.valtech.cl.scenarios.TC_Scenario_09" time="0.67"/>
  <testcase name="step157_ClickOnReturnItems" classname="src.in.valtech.cl.scenarios.TC_Scenario_04" time="8.628"/>
  <testcase name="step158_EnterValueInApprovedField" classname="src.in.valtech.cl.scenarios.TC_Scenario_04" time="2.157"/>
  <testcase name="step159_SelectApprovedOptionFromStatusDropdown" classname="src.in.valtech.cl.scenarios.TC_Scenario_04" time="2.197"/>
  <testcase name="step145_ReturnstxtFromSalesIconClick" classname="src.in.valtech.cl.scenarios.TC_Scenario_09" time="3.537"/>
  <testcase name="step153_VerifiedOrderStatusInReturnsPage" classname="src.in.valtech.cl.scenarios.TC_Scenario_07" time="2.774"/>
  <testcase name="step160_ClickOnSaveButton" classname="src.in.valtech.cl.scenarios.TC_Scenario_04" time="5.919"/>
  <testcase name="step161_VerifySuccessMsgForSavedRMARequest" classname="src.in.valtech.cl.scenarios.TC_Scenario_04" time="0.046"/>
  <testcase name="step154_ClickonViewOptioninOrderGrid" classname="src.in.valtech.cl.scenarios.TC_Scenario_07" time="2.897"/>
  <testcase name="step162_ClickOnSalesIcon" classname="src.in.valtech.cl.scenarios.TC_Scenario_04" time="7.264"/>
  <testcase name="step155_ClickOnReturnItems" classname="src.in.valtech.cl.scenarios.TC_Scenario_07" time="2.084"/>
  <testcase name="step156_EnterValueInApprovedField" classname="src.in.valtech.cl.scenarios.TC_Scenario_07" time="4.281"/>
  <testcase name="step157_SelectApprovedOptionFromStatusDropdown" classname="src.in.valtech.cl.scenarios.TC_Scenario_07" time="4.317"/>
  <testcase name="step163_ClickOrderstxtFromSalesIcon" classname="src.in.valtech.cl.scenarios.TC_Scenario_04" time="3.11"/>
  <testcase name="step158_ClickOnSaveButton" classname="src.in.valtech.cl.scenarios.TC_Scenario_07" time="9.39"/>
  <testcase name="step159_VerifySuccessMsgForSavedRMARequest" classname="src.in.valtech.cl.scenarios.TC_Scenario_07" time="0.047"/>
  <testcase name="step160_ClickOnSalesIcon" classname="src.in.valtech.cl.scenarios.TC_Scenario_07" time="10.126"/>
  <testcase name="step161_ClickOrderstxtFromSalesIcon" classname="src.in.valtech.cl.scenarios.TC_Scenario_07" time="13.483"/>
  <testcase name="step146_VerifiedOrderStatusInReturnsPage" classname="src.in.valtech.cl.scenarios.TC_Scenario_09" time="33.381">
    <failure message="Expected condition failed: waiting for presence of element located by: By.xpath: (//div[contains(text(),&apos;11000341326&apos;)]/../following-sibling::td//div)[4] (tried for 50 second(s) with 500 milliseconds interval)" type="org.openqa.selenium.TimeoutException">org.openqa.selenium.TimeoutException: Expected condition failed: waiting for presence of element located by: By.xpath: (//div[contains(text(),'11000341326')]/../following-sibling::td//div)[4] (tried for 50 second(s) with 500 milliseconds interval)
	at src.in.valtech.cl.scenarios.TC_Scenario_09.step146_VerifiedOrderStatusInReturnsPage(TC_Scenario_09.java:1294)
Caused by: org.openqa.selenium.NoSuchElementException: 
no such element: Unable to locate element: {"method":"xpath","selector":"(//div[contains(text(),'11000341326')]/../following-sibling::td//div)[4]"}
  (Session info: chrome=121.0.6167.185)
For documentation on this error, please visit: https://www.seleniumhq.org/exceptions/no_such_element.html
Build info: version: '3.141.59', revision: 'e82be7d358', time: '2018-11-14T08:17:03'
System info: host: 'IN-PF42S2RF', ip: '192.168.85.57', os.name: 'Windows 10', os.arch: 'amd64', os.version: '10.0', java.version: '11.0.2'
Driver info: org.openqa.selenium.chrome.ChromeDriver
Capabilities {acceptInsecureCerts: false, browserName: chrome, browserVersion: 121.0.6167.185, chrome: {chromedriverVersion: 121.0.6167.85 (3f98d690ad7e..., userDataDir: C:\Users\CHAITR~1.BAB\AppDa...}, fedcm:accounts: true, goog:chromeOptions: {debuggerAddress: localhost:62826}, javascriptEnabled: true, networkConnectionEnabled: false, pageLoadStrategy: normal, platform: WINDOWS, platformName: WINDOWS, proxy: Proxy(), setWindowRect: true, strictFileInteractability: false, timeouts: {implicit: 0, pageLoad: 300000, script: 30000}, unhandledPromptBehavior: dismiss and notify, webauthn:extension:credBlob: true, webauthn:extension:largeBlob: true, webauthn:extension:minPinLength: true, webauthn:extension:prf: true, webauthn:virtualAuthenticators: true}
Session ID: 1db9ebe95d133d23b026f51792017175
*** Element info: {Using=xpath, value=(//div[contains(text(),'11000341326')]/../following-sibling::td//div)[4]}
	at src.in.valtech.cl.scenarios.TC_Scenario_09.step146_VerifiedOrderStatusInReturnsPage(TC_Scenario_09.java:1294)
</failure>
    <system-out><![CDATA[2024-02-19 19:02:22 INFO  GUIFunctions:427 - Successfully clicked on element: Successfully cleared filter
2024-02-19 19:02:28 INFO  BackOfficePage:355 - Entered OrderID Successfully in search field: 11000341322
2024-02-19 19:02:40 INFO  GUIFunctions:739 - Successfully Verified Order ID & Order Status In BO: 11000341325-Waiting for credit memo
2024-02-19 19:02:41 INFO  GUIFunctions:104 - Successfully clicked on element: Click on Search Icon
2024-02-19 19:02:41 INFO  TC_Scenario_04:1590 - Successfully Verified Order Status in Orders Page After RMA Approved : Waiting for credit memo
2024-02-19 19:02:49 INFO  GUIFunctions:427 - Successfully clicked on element: Click on view btn for particular order
]]></system-out>
  </testcase>
  <testcase name="step164_VerifiedOrderStatusInOrdersPage" classname="src.in.valtech.cl.scenarios.TC_Scenario_04" time="7.869"/>
  <testcase name="step165_ClickOnSalesIcon" classname="src.in.valtech.cl.scenarios.TC_Scenario_04" time="10.148"/>
  <testcase name="step147_ClickonOrderGrid" classname="src.in.valtech.cl.scenarios.TC_Scenario_09" time="2.021">
    <failure message="no such element: Unable to locate element: {&quot;method&quot;:&quot;xpath&quot;,&quot;selector&quot;:&quot;//div[contains(text(),&apos;11000341326&apos;)]/../following-sibling::td&quot;}&#10;  (Session info: chrome=121.0.6167.185)&#10;For documentation on this error, please visit: https://www.seleniumhq.org/exceptions/no_such_element.html&#10;Build info: version: &apos;3.141.59&apos;, revision: &apos;e82be7d358&apos;, time: &apos;2018-11-14T08:17:03&apos;&#10;System info: host: &apos;IN-PF42S2RF&apos;, ip: &apos;192.168.85.57&apos;, os.name: &apos;Windows 10&apos;, os.arch: &apos;amd64&apos;, os.version: &apos;10.0&apos;, java.version: &apos;11.0.2&apos;&#10;Driver info: org.openqa.selenium.chrome.ChromeDriver&#10;Capabilities {acceptInsecureCerts: false, browserName: chrome, browserVersion: 121.0.6167.185, chrome: {chromedriverVersion: 121.0.6167.85 (3f98d690ad7e..., userDataDir: C:\Users\CHAITR~1.BAB\AppDa...}, fedcm:accounts: true, goog:chromeOptions: {debuggerAddress: localhost:62826}, javascriptEnabled: true, networkConnectionEnabled: false, pageLoadStrategy: normal, platform: WINDOWS, platformName: WINDOWS, proxy: Proxy(), setWindowRect: true, strictFileInteractability: false, timeouts: {implicit: 0, pageLoad: 300000, script: 30000}, unhandledPromptBehavior: dismiss and notify, webauthn:extension:credBlob: true, webauthn:extension:largeBlob: true, webauthn:extension:minPinLength: true, webauthn:extension:prf: true, webauthn:virtualAuthenticators: true}&#10;Session ID: 1db9ebe95d133d23b026f51792017175&#10;*** Element info: {Using=xpath, value=//div[contains(text(),&apos;11000341326&apos;)]/../following-sibling::td}" type="org.openqa.selenium.NoSuchElementException">org.openqa.selenium.NoSuchElementException: 
no such element: Unable to locate element: {"method":"xpath","selector":"//div[contains(text(),'11000341326')]/../following-sibling::td"}
  (Session info: chrome=121.0.6167.185)
For documentation on this error, please visit: https://www.seleniumhq.org/exceptions/no_such_element.html
Build info: version: '3.141.59', revision: 'e82be7d358', time: '2018-11-14T08:17:03'
System info: host: 'IN-PF42S2RF', ip: '192.168.85.57', os.name: 'Windows 10', os.arch: 'amd64', os.version: '10.0', java.version: '11.0.2'
Driver info: org.openqa.selenium.chrome.ChromeDriver
Capabilities {acceptInsecureCerts: false, browserName: chrome, browserVersion: 121.0.6167.185, chrome: {chromedriverVersion: 121.0.6167.85 (3f98d690ad7e..., userDataDir: C:\Users\CHAITR~1.BAB\AppDa...}, fedcm:accounts: true, goog:chromeOptions: {debuggerAddress: localhost:62826}, javascriptEnabled: true, networkConnectionEnabled: false, pageLoadStrategy: normal, platform: WINDOWS, platformName: WINDOWS, proxy: Proxy(), setWindowRect: true, strictFileInteractability: false, timeouts: {implicit: 0, pageLoad: 300000, script: 30000}, unhandledPromptBehavior: dismiss and notify, webauthn:extension:credBlob: true, webauthn:extension:largeBlob: true, webauthn:extension:minPinLength: true, webauthn:extension:prf: true, webauthn:virtualAuthenticators: true}
Session ID: 1db9ebe95d133d23b026f51792017175
*** Element info: {Using=xpath, value=//div[contains(text(),'11000341326')]/../following-sibling::td}
	at src.in.valtech.cl.scenarios.TC_Scenario_09.step147_ClickonOrderGrid(TC_Scenario_09.java:1304)
</failure>
  </testcase>
  <testcase name="step134_EnterRMAID_SearchForOrderDetails_ClickOnReceptionButton" classname="src.in.valtech.cl.scenarios.TC_Scenario_01" time="6.321"/>
  <testcase name="step166_ReturnstxtFromSalesIconClick" classname="src.in.valtech.cl.scenarios.TC_Scenario_04" time="7.463"/>
  <testcase name="step148_ClickOnRetryCreateOrderExchangeBtn" classname="src.in.valtech.cl.scenarios.TC_Scenario_09" time="8.352"/>
  <testcase name="step162_VerifiedOrderStatusInOrdersPage" classname="src.in.valtech.cl.scenarios.TC_Scenario_07" time="1.813"/>
  <testcase name="step167_VerifiedOrderStatusInReturnsPage" classname="src.in.valtech.cl.scenarios.TC_Scenario_04" time="7.381">
    <failure message="element click intercepted: Element &lt;div class=&quot;admin__form-field-control&quot;&gt;...&lt;/div&gt; is not clickable at point (620, 624). Other element would receive the click: &lt;div data-role=&quot;spinner&quot; data-component=&quot;rma_grid_index.rma_grid_index.rma_columns&quot; class=&quot;admin__data-grid-loading-mask&quot; style=&quot;&quot;&gt;...&lt;/div&gt;&#10;  (Session info: chrome=121.0.6167.185)&#10;Build info: version: &apos;3.141.59&apos;, revision: &apos;e82be7d358&apos;, time: &apos;2018-11-14T08:17:03&apos;&#10;System info: host: &apos;IN-PF42S2RF&apos;, ip: &apos;192.168.85.57&apos;, os.name: &apos;Windows 10&apos;, os.arch: &apos;amd64&apos;, os.version: &apos;10.0&apos;, java.version: &apos;11.0.2&apos;&#10;Driver info: org.openqa.selenium.chrome.ChromeDriver&#10;Capabilities {acceptInsecureCerts: false, browserName: chrome, browserVersion: 121.0.6167.185, chrome: {chromedriverVersion: 121.0.6167.85 (3f98d690ad7e..., userDataDir: C:\Users\CHAITR~1.BAB\AppDa...}, fedcm:accounts: true, goog:chromeOptions: {debuggerAddress: localhost:62754}, javascriptEnabled: true, networkConnectionEnabled: false, pageLoadStrategy: normal, platform: WINDOWS, platformName: WINDOWS, proxy: Proxy(), setWindowRect: true, strictFileInteractability: false, timeouts: {implicit: 0, pageLoad: 300000, script: 30000}, unhandledPromptBehavior: dismiss and notify, webauthn:extension:credBlob: true, webauthn:extension:largeBlob: true, webauthn:extension:minPinLength: true, webauthn:extension:prf: true, webauthn:virtualAuthenticators: true}&#10;Session ID: 3cad653692e99c49614d0518f293eecb" type="org.openqa.selenium.ElementClickInterceptedException"><![CDATA[org.openqa.selenium.ElementClickInterceptedException: 
element click intercepted: Element <div class="admin__form-field-control">...</div> is not clickable at point (620, 624). Other element would receive the click: <div data-role="spinner" data-component="rma_grid_index.rma_grid_index.rma_columns" class="admin__data-grid-loading-mask" style="">...</div>
  (Session info: chrome=121.0.6167.185)
Build info: version: '3.141.59', revision: 'e82be7d358', time: '2018-11-14T08:17:03'
System info: host: 'IN-PF42S2RF', ip: '192.168.85.57', os.name: 'Windows 10', os.arch: 'amd64', os.version: '10.0', java.version: '11.0.2'
Driver info: org.openqa.selenium.chrome.ChromeDriver
Capabilities {acceptInsecureCerts: false, browserName: chrome, browserVersion: 121.0.6167.185, chrome: {chromedriverVersion: 121.0.6167.85 (3f98d690ad7e..., userDataDir: C:\Users\CHAITR~1.BAB\AppDa...}, fedcm:accounts: true, goog:chromeOptions: {debuggerAddress: localhost:62754}, javascriptEnabled: true, networkConnectionEnabled: false, pageLoadStrategy: normal, platform: WINDOWS, platformName: WINDOWS, proxy: Proxy(), setWindowRect: true, strictFileInteractability: false, timeouts: {implicit: 0, pageLoad: 300000, script: 30000}, unhandledPromptBehavior: dismiss and notify, webauthn:extension:credBlob: true, webauthn:extension:largeBlob: true, webauthn:extension:minPinLength: true, webauthn:extension:prf: true, webauthn:virtualAuthenticators: true}
Session ID: 3cad653692e99c49614d0518f293eecb
	at src.in.valtech.cl.scenarios.TC_Scenario_04.step167_VerifiedOrderStatusInReturnsPage(TC_Scenario_04.java:1615)
]]></failure>
    <system-out><![CDATA[2024-02-19 19:03:37 INFO  GUIFunctions:427 - Successfully clicked on element: click on Filters button
]]></system-out>
  </testcase>
  <testcase name="step163_ClickOnSalesIcon" classname="src.in.valtech.cl.scenarios.TC_Scenario_07" time="2.444"/>
  <testcase name="step168_ClickonViewOptioninOrderGrid" classname="src.in.valtech.cl.scenarios.TC_Scenario_04" time="7.34"/>
  <testcase name="step149_NavigatedIntoMangetoAndClickAddPctsBySKU" classname="src.in.valtech.cl.scenarios.TC_Scenario_09" time="0.789"/>
  <testcase name="step135_ExecuteRMAProcessinWMS" classname="src.in.valtech.cl.scenarios.TC_Scenario_01" time="0.327"/>
  <testcase name="step169_ClickOnRefundOrExchangeButton" classname="src.in.valtech.cl.scenarios.TC_Scenario_04" time="7.963"/>
  <testcase name="step164_ReturnstxtFromSalesIconClick" classname="src.in.valtech.cl.scenarios.TC_Scenario_07" time="0.509"/>
  <testcase name="step137_NavigatedIntoMangetoAndVerifiedOrderStatusInOrdersPage" classname="src.in.valtech.cl.scenarios.TC_Scenario_01" time="3.767"/>
  <testcase name="step170_VerifyOrderReturnDetailsInNewMemoPage" classname="src.in.valtech.cl.scenarios.TC_Scenario_04" time="0.188"/>
  <testcase name="step150_EnterSKUIDINAddPctsBySKUFld" classname="src.in.valtech.cl.scenarios.TC_Scenario_09" time="9.384"/>
  <testcase name="step171_ClickOnRefundOfflineButtonInNewMemoPage" classname="src.in.valtech.cl.scenarios.TC_Scenario_04" time="5.298"/>
  <testcase name="step172_VerifySuccessMsgForCreateCreditMemo" classname="src.in.valtech.cl.scenarios.TC_Scenario_04" time="0.045"/>
  <testcase name="step138_ReturnstxtFromSalesIconClick" classname="src.in.valtech.cl.scenarios.TC_Scenario_01" time="2.208"/>
  <testcase name="step151_EnterQutyINAddPctsByQTYFld" classname="src.in.valtech.cl.scenarios.TC_Scenario_09" time="14.579"/>
  <testcase name="step165_VerifiedOrderStatusInReturnsPage" classname="src.in.valtech.cl.scenarios.TC_Scenario_07" time="2.522"/>
  <testcase name="step166_ClickonViewOptioninOrderGrid" classname="src.in.valtech.cl.scenarios.TC_Scenario_07" time="9.195"/>
  <testcase name="step174_NavigatedIntoAdyenAndClickOnPaymentTab" classname="src.in.valtech.cl.scenarios.TC_Scenario_04" time="8.298">
    <failure message="no such element: Unable to locate element: {&quot;method&quot;:&quot;xpath&quot;,&quot;selector&quot;:&quot;//input[@name=&apos;password&apos;]&quot;}&#10;  (Session info: chrome=121.0.6167.185)&#10;For documentation on this error, please visit: https://www.seleniumhq.org/exceptions/no_such_element.html&#10;Build info: version: &apos;3.141.59&apos;, revision: &apos;e82be7d358&apos;, time: &apos;2018-11-14T08:17:03&apos;&#10;System info: host: &apos;IN-PF42S2RF&apos;, ip: &apos;192.168.85.57&apos;, os.name: &apos;Windows 10&apos;, os.arch: &apos;amd64&apos;, os.version: &apos;10.0&apos;, java.version: &apos;11.0.2&apos;&#10;Driver info: org.openqa.selenium.chrome.ChromeDriver&#10;Capabilities {acceptInsecureCerts: false, browserName: chrome, browserVersion: 121.0.6167.185, chrome: {chromedriverVersion: 121.0.6167.85 (3f98d690ad7e..., userDataDir: C:\Users\CHAITR~1.BAB\AppDa...}, fedcm:accounts: true, goog:chromeOptions: {debuggerAddress: localhost:62754}, javascriptEnabled: true, networkConnectionEnabled: false, pageLoadStrategy: normal, platform: WINDOWS, platformName: WINDOWS, proxy: Proxy(), setWindowRect: true, strictFileInteractability: false, timeouts: {implicit: 0, pageLoad: 300000, script: 30000}, unhandledPromptBehavior: dismiss and notify, webauthn:extension:credBlob: true, webauthn:extension:largeBlob: true, webauthn:extension:minPinLength: true, webauthn:extension:prf: true, webauthn:virtualAuthenticators: true}&#10;Session ID: 3cad653692e99c49614d0518f293eecb&#10;*** Element info: {Using=xpath, value=//input[@name=&apos;password&apos;]}" type="org.openqa.selenium.NoSuchElementException">org.openqa.selenium.NoSuchElementException: 
no such element: Unable to locate element: {"method":"xpath","selector":"//input[@name='password']"}
  (Session info: chrome=121.0.6167.185)
For documentation on this error, please visit: https://www.seleniumhq.org/exceptions/no_such_element.html
Build info: version: '3.141.59', revision: 'e82be7d358', time: '2018-11-14T08:17:03'
System info: host: 'IN-PF42S2RF', ip: '192.168.85.57', os.name: 'Windows 10', os.arch: 'amd64', os.version: '10.0', java.version: '11.0.2'
Driver info: org.openqa.selenium.chrome.ChromeDriver
Capabilities {acceptInsecureCerts: false, browserName: chrome, browserVersion: 121.0.6167.185, chrome: {chromedriverVersion: 121.0.6167.85 (3f98d690ad7e..., userDataDir: C:\Users\CHAITR~1.BAB\AppDa...}, fedcm:accounts: true, goog:chromeOptions: {debuggerAddress: localhost:62754}, javascriptEnabled: true, networkConnectionEnabled: false, pageLoadStrategy: normal, platform: WINDOWS, platformName: WINDOWS, proxy: Proxy(), setWindowRect: true, strictFileInteractability: false, timeouts: {implicit: 0, pageLoad: 300000, script: 30000}, unhandledPromptBehavior: dismiss and notify, webauthn:extension:credBlob: true, webauthn:extension:largeBlob: true, webauthn:extension:minPinLength: true, webauthn:extension:prf: true, webauthn:virtualAuthenticators: true}
Session ID: 3cad653692e99c49614d0518f293eecb
*** Element info: {Using=xpath, value=//input[@name='password']}
	at src.in.valtech.cl.scenarios.TC_Scenario_04.step174_NavigatedIntoAdyenAndClickOnPaymentTab(TC_Scenario_04.java:1662)
</failure>
    <system-out><![CDATA[2024-02-19 19:04:56 INFO  GUIFunctions:427 - Successfully clicked on element: Click on Refund / Exchange Button
2024-02-19 19:04:56 INFO  GUIFunctions:104 - Successfully clicked on element: Click on Reception btn in RMA
]]></system-out>
  </testcase>
  <testcase name="step152_ClickOnAddToOrderBtn" classname="src.in.valtech.cl.scenarios.TC_Scenario_09" time="8.373"/>
  <testcase name="step167_ClickOnRefundOrExchangeButton" classname="src.in.valtech.cl.scenarios.TC_Scenario_07" time="0.549"/>
  <testcase name="step164_EnterRMAID_SearchForOrderDetails_ClickOnReceptionButton" classname="src.in.valtech.cl.scenarios.TC_Scenario_08" time="3.065"/>
  <testcase name="step168_ClickOnRefundButtonInNewMemoPage" classname="src.in.valtech.cl.scenarios.TC_Scenario_07" time="11.794"/>
  <testcase name="step169_VerifySuccessMsgForCreateCreditMemo" classname="src.in.valtech.cl.scenarios.TC_Scenario_07" time="0.059"/>
  <testcase name="step153_VerifyBillingAndShippingAddressInBO" classname="src.in.valtech.cl.scenarios.TC_Scenario_09" time="4.497">
    <failure message="no such element: Unable to locate element: {&quot;method&quot;:&quot;xpath&quot;,&quot;selector&quot;:&quot;//select[@id=&apos;order-billing_address_customer_address_id&apos;]&quot;}&#10;  (Session info: chrome=121.0.6167.185)&#10;For documentation on this error, please visit: https://www.seleniumhq.org/exceptions/no_such_element.html&#10;Build info: version: &apos;3.141.59&apos;, revision: &apos;e82be7d358&apos;, time: &apos;2018-11-14T08:17:03&apos;&#10;System info: host: &apos;IN-PF42S2RF&apos;, ip: &apos;192.168.85.57&apos;, os.name: &apos;Windows 10&apos;, os.arch: &apos;amd64&apos;, os.version: &apos;10.0&apos;, java.version: &apos;11.0.2&apos;&#10;Driver info: org.openqa.selenium.chrome.ChromeDriver&#10;Capabilities {acceptInsecureCerts: false, browserName: chrome, browserVersion: 121.0.6167.185, chrome: {chromedriverVersion: 121.0.6167.85 (3f98d690ad7e..., userDataDir: C:\Users\CHAITR~1.BAB\AppDa...}, fedcm:accounts: true, goog:chromeOptions: {debuggerAddress: localhost:62826}, javascriptEnabled: true, networkConnectionEnabled: false, pageLoadStrategy: normal, platform: WINDOWS, platformName: WINDOWS, proxy: Proxy(), setWindowRect: true, strictFileInteractability: false, timeouts: {implicit: 0, pageLoad: 300000, script: 30000}, unhandledPromptBehavior: dismiss and notify, webauthn:extension:credBlob: true, webauthn:extension:largeBlob: true, webauthn:extension:minPinLength: true, webauthn:extension:prf: true, webauthn:virtualAuthenticators: true}&#10;Session ID: 1db9ebe95d133d23b026f51792017175&#10;*** Element info: {Using=xpath, value=//select[@id=&apos;order-billing_address_customer_address_id&apos;]}" type="org.openqa.selenium.NoSuchElementException">org.openqa.selenium.NoSuchElementException: 
no such element: Unable to locate element: {"method":"xpath","selector":"//select[@id='order-billing_address_customer_address_id']"}
  (Session info: chrome=121.0.6167.185)
For documentation on this error, please visit: https://www.seleniumhq.org/exceptions/no_such_element.html
Build info: version: '3.141.59', revision: 'e82be7d358', time: '2018-11-14T08:17:03'
System info: host: 'IN-PF42S2RF', ip: '192.168.85.57', os.name: 'Windows 10', os.arch: 'amd64', os.version: '10.0', java.version: '11.0.2'
Driver info: org.openqa.selenium.chrome.ChromeDriver
Capabilities {acceptInsecureCerts: false, browserName: chrome, browserVersion: 121.0.6167.185, chrome: {chromedriverVersion: 121.0.6167.85 (3f98d690ad7e..., userDataDir: C:\Users\CHAITR~1.BAB\AppDa...}, fedcm:accounts: true, goog:chromeOptions: {debuggerAddress: localhost:62826}, javascriptEnabled: true, networkConnectionEnabled: false, pageLoadStrategy: normal, platform: WINDOWS, platformName: WINDOWS, proxy: Proxy(), setWindowRect: true, strictFileInteractability: false, timeouts: {implicit: 0, pageLoad: 300000, script: 30000}, unhandledPromptBehavior: dismiss and notify, webauthn:extension:credBlob: true, webauthn:extension:largeBlob: true, webauthn:extension:minPinLength: true, webauthn:extension:prf: true, webauthn:virtualAuthenticators: true}
Session ID: 1db9ebe95d133d23b026f51792017175
*** Element info: {Using=xpath, value=//select[@id='order-billing_address_customer_address_id']}
	at src.in.valtech.cl.scenarios.TC_Scenario_09.step153_VerifyBillingAndShippingAddressInBO(TC_Scenario_09.java:1340)
</failure>
  </testcase>
  <testcase name="step175_VerifyOrderTotalAmtIN_adyen" classname="src.in.valtech.cl.scenarios.TC_Scenario_04" time="4.554">
    <failure message="no such element: Unable to locate element: {&quot;method&quot;:&quot;xpath&quot;,&quot;selector&quot;:&quot;//td[contains(text(),&apos;11000341325&apos;)]//following-sibling::td[3]&quot;}&#10;  (Session info: chrome=121.0.6167.185)&#10;For documentation on this error, please visit: https://www.seleniumhq.org/exceptions/no_such_element.html&#10;Build info: version: &apos;3.141.59&apos;, revision: &apos;e82be7d358&apos;, time: &apos;2018-11-14T08:17:03&apos;&#10;System info: host: &apos;IN-PF42S2RF&apos;, ip: &apos;192.168.85.57&apos;, os.name: &apos;Windows 10&apos;, os.arch: &apos;amd64&apos;, os.version: &apos;10.0&apos;, java.version: &apos;11.0.2&apos;&#10;Driver info: org.openqa.selenium.chrome.ChromeDriver&#10;Capabilities {acceptInsecureCerts: false, browserName: chrome, browserVersion: 121.0.6167.185, chrome: {chromedriverVersion: 121.0.6167.85 (3f98d690ad7e..., userDataDir: C:\Users\CHAITR~1.BAB\AppDa...}, fedcm:accounts: true, goog:chromeOptions: {debuggerAddress: localhost:62754}, javascriptEnabled: true, networkConnectionEnabled: false, pageLoadStrategy: normal, platform: WINDOWS, platformName: WINDOWS, proxy: Proxy(), setWindowRect: true, strictFileInteractability: false, timeouts: {implicit: 0, pageLoad: 300000, script: 30000}, unhandledPromptBehavior: dismiss and notify, webauthn:extension:credBlob: true, webauthn:extension:largeBlob: true, webauthn:extension:minPinLength: true, webauthn:extension:prf: true, webauthn:virtualAuthenticators: true}&#10;Session ID: 3cad653692e99c49614d0518f293eecb&#10;*** Element info: {Using=xpath, value=//td[contains(text(),&apos;11000341325&apos;)]//following-sibling::td[3]}" type="org.openqa.selenium.NoSuchElementException">org.openqa.selenium.NoSuchElementException: 
no such element: Unable to locate element: {"method":"xpath","selector":"//td[contains(text(),'11000341325')]//following-sibling::td[3]"}
  (Session info: chrome=121.0.6167.185)
For documentation on this error, please visit: https://www.seleniumhq.org/exceptions/no_such_element.html
Build info: version: '3.141.59', revision: 'e82be7d358', time: '2018-11-14T08:17:03'
System info: host: 'IN-PF42S2RF', ip: '192.168.85.57', os.name: 'Windows 10', os.arch: 'amd64', os.version: '10.0', java.version: '11.0.2'
Driver info: org.openqa.selenium.chrome.ChromeDriver
Capabilities {acceptInsecureCerts: false, browserName: chrome, browserVersion: 121.0.6167.185, chrome: {chromedriverVersion: 121.0.6167.85 (3f98d690ad7e..., userDataDir: C:\Users\CHAITR~1.BAB\AppDa...}, fedcm:accounts: true, goog:chromeOptions: {debuggerAddress: localhost:62754}, javascriptEnabled: true, networkConnectionEnabled: false, pageLoadStrategy: normal, platform: WINDOWS, platformName: WINDOWS, proxy: Proxy(), setWindowRect: true, strictFileInteractability: false, timeouts: {implicit: 0, pageLoad: 300000, script: 30000}, unhandledPromptBehavior: dismiss and notify, webauthn:extension:credBlob: true, webauthn:extension:largeBlob: true, webauthn:extension:minPinLength: true, webauthn:extension:prf: true, webauthn:virtualAuthenticators: true}
Session ID: 3cad653692e99c49614d0518f293eecb
*** Element info: {Using=xpath, value=//td[contains(text(),'11000341325')]//following-sibling::td[3]}
	at src.in.valtech.cl.scenarios.TC_Scenario_04.step175_VerifyOrderTotalAmtIN_adyen(TC_Scenario_04.java:1693)
</failure>
  </testcase>
  <testcase name="step170_ClickOnSalesIcon" classname="src.in.valtech.cl.scenarios.TC_Scenario_07" time="5.46"/>
  <testcase name="step139_VerifiedOrderStatusInReturnsPage" classname="src.in.valtech.cl.scenarios.TC_Scenario_01" time="7.604"/>
  <testcase name="step171_ClickOrderstxtFromSalesIcon" classname="src.in.valtech.cl.scenarios.TC_Scenario_07" time="6.155"/>
  <testcase name="step165_ExecuteRMAProcessinWMS" classname="src.in.valtech.cl.scenarios.TC_Scenario_08" time="0.436"/>
  <testcase name="step154_ClickOnExchangePaymentRadioBtn" classname="src.in.valtech.cl.scenarios.TC_Scenario_09" time="2.36">
    <failure message="no such element: Unable to locate element: {&quot;method&quot;:&quot;xpath&quot;,&quot;selector&quot;:&quot;//label[contains(text(),&apos;Exchange Offline&apos;)]&quot;}&#10;  (Session info: chrome=121.0.6167.185)&#10;For documentation on this error, please visit: https://www.seleniumhq.org/exceptions/no_such_element.html&#10;Build info: version: &apos;3.141.59&apos;, revision: &apos;e82be7d358&apos;, time: &apos;2018-11-14T08:17:03&apos;&#10;System info: host: &apos;IN-PF42S2RF&apos;, ip: &apos;192.168.85.57&apos;, os.name: &apos;Windows 10&apos;, os.arch: &apos;amd64&apos;, os.version: &apos;10.0&apos;, java.version: &apos;11.0.2&apos;&#10;Driver info: org.openqa.selenium.chrome.ChromeDriver&#10;Capabilities {acceptInsecureCerts: false, browserName: chrome, browserVersion: 121.0.6167.185, chrome: {chromedriverVersion: 121.0.6167.85 (3f98d690ad7e..., userDataDir: C:\Users\CHAITR~1.BAB\AppDa...}, fedcm:accounts: true, goog:chromeOptions: {debuggerAddress: localhost:62826}, javascriptEnabled: true, networkConnectionEnabled: false, pageLoadStrategy: normal, platform: WINDOWS, platformName: WINDOWS, proxy: Proxy(), setWindowRect: true, strictFileInteractability: false, timeouts: {implicit: 0, pageLoad: 300000, script: 30000}, unhandledPromptBehavior: dismiss and notify, webauthn:extension:credBlob: true, webauthn:extension:largeBlob: true, webauthn:extension:minPinLength: true, webauthn:extension:prf: true, webauthn:virtualAuthenticators: true}&#10;Session ID: 1db9ebe95d133d23b026f51792017175&#10;*** Element info: {Using=xpath, value=//label[contains(text(),&apos;Exchange Offline&apos;)]}" type="org.openqa.selenium.NoSuchElementException">org.openqa.selenium.NoSuchElementException: 
no such element: Unable to locate element: {"method":"xpath","selector":"//label[contains(text(),'Exchange Offline')]"}
  (Session info: chrome=121.0.6167.185)
For documentation on this error, please visit: https://www.seleniumhq.org/exceptions/no_such_element.html
Build info: version: '3.141.59', revision: 'e82be7d358', time: '2018-11-14T08:17:03'
System info: host: 'IN-PF42S2RF', ip: '192.168.85.57', os.name: 'Windows 10', os.arch: 'amd64', os.version: '10.0', java.version: '11.0.2'
Driver info: org.openqa.selenium.chrome.ChromeDriver
Capabilities {acceptInsecureCerts: false, browserName: chrome, browserVersion: 121.0.6167.185, chrome: {chromedriverVersion: 121.0.6167.85 (3f98d690ad7e..., userDataDir: C:\Users\CHAITR~1.BAB\AppDa...}, fedcm:accounts: true, goog:chromeOptions: {debuggerAddress: localhost:62826}, javascriptEnabled: true, networkConnectionEnabled: false, pageLoadStrategy: normal, platform: WINDOWS, platformName: WINDOWS, proxy: Proxy(), setWindowRect: true, strictFileInteractability: false, timeouts: {implicit: 0, pageLoad: 300000, script: 30000}, unhandledPromptBehavior: dismiss and notify, webauthn:extension:credBlob: true, webauthn:extension:largeBlob: true, webauthn:extension:minPinLength: true, webauthn:extension:prf: true, webauthn:virtualAuthenticators: true}
Session ID: 1db9ebe95d133d23b026f51792017175
*** Element info: {Using=xpath, value=//label[contains(text(),'Exchange Offline')]}
	at src.in.valtech.cl.scenarios.TC_Scenario_09.step154_ClickOnExchangePaymentRadioBtn(TC_Scenario_09.java:1346)
</failure>
    <system-out><![CDATA[2024-02-19 19:05:39 INFO  GUIFunctions:427 - Successfully clicked on element: Click on Order Grid Row
]]></system-out>
  </testcase>
  <testcase name="step140_ClickonViewOptioninOrderGrid" classname="src.in.valtech.cl.scenarios.TC_Scenario_01" time="1.438"/>
  <testcase name="step176_NaviagtedIntoFOAndVerifiedOrderStatusInMyOrdersPage" classname="src.in.valtech.cl.scenarios.TC_Scenario_04" time="0.202"/>
  <testcase name="step167_NavigatedIntoMangetoAndClickONSalesIcon" classname="src.in.valtech.cl.scenarios.TC_Scenario_08" time="8.103"/>
  <testcase name="step141_ClickOnReturnItems" classname="src.in.valtech.cl.scenarios.TC_Scenario_01" time="1.027"/>
  <testcase name="step177_NavigatedIntoMangetoAndClickAddPctsBySKU" classname="src.in.valtech.cl.scenarios.TC_Scenario_04" time="3.108"/>
  <testcase name="step178_EnterSKUIDINAddPctsBySKUFld" classname="src.in.valtech.cl.scenarios.TC_Scenario_04" time="4.289"/>
  <testcase name="step155_Click_ShippingMethod_LinkForRefundoffline" classname="src.in.valtech.cl.scenarios.TC_Scenario_09" time="1.924">
    <failure message="no such element: Unable to locate element: {&quot;method&quot;:&quot;xpath&quot;,&quot;selector&quot;:&quot;//span[contains(text(),&apos;Get shipping methods and rates&apos;)]&quot;}&#10;  (Session info: chrome=121.0.6167.185)&#10;For documentation on this error, please visit: https://www.seleniumhq.org/exceptions/no_such_element.html&#10;Build info: version: &apos;3.141.59&apos;, revision: &apos;e82be7d358&apos;, time: &apos;2018-11-14T08:17:03&apos;&#10;System info: host: &apos;IN-PF42S2RF&apos;, ip: &apos;192.168.85.57&apos;, os.name: &apos;Windows 10&apos;, os.arch: &apos;amd64&apos;, os.version: &apos;10.0&apos;, java.version: &apos;11.0.2&apos;&#10;Driver info: org.openqa.selenium.chrome.ChromeDriver&#10;Capabilities {acceptInsecureCerts: false, browserName: chrome, browserVersion: 121.0.6167.185, chrome: {chromedriverVersion: 121.0.6167.85 (3f98d690ad7e..., userDataDir: C:\Users\CHAITR~1.BAB\AppDa...}, fedcm:accounts: true, goog:chromeOptions: {debuggerAddress: localhost:62826}, javascriptEnabled: true, networkConnectionEnabled: false, pageLoadStrategy: normal, platform: WINDOWS, platformName: WINDOWS, proxy: Proxy(), setWindowRect: true, strictFileInteractability: false, timeouts: {implicit: 0, pageLoad: 300000, script: 30000}, unhandledPromptBehavior: dismiss and notify, webauthn:extension:credBlob: true, webauthn:extension:largeBlob: true, webauthn:extension:minPinLength: true, webauthn:extension:prf: true, webauthn:virtualAuthenticators: true}&#10;Session ID: 1db9ebe95d133d23b026f51792017175&#10;*** Element info: {Using=xpath, value=//span[contains(text(),&apos;Get shipping methods and rates&apos;)]}" type="org.openqa.selenium.NoSuchElementException">org.openqa.selenium.NoSuchElementException: 
no such element: Unable to locate element: {"method":"xpath","selector":"//span[contains(text(),'Get shipping methods and rates')]"}
  (Session info: chrome=121.0.6167.185)
For documentation on this error, please visit: https://www.seleniumhq.org/exceptions/no_such_element.html
Build info: version: '3.141.59', revision: 'e82be7d358', time: '2018-11-14T08:17:03'
System info: host: 'IN-PF42S2RF', ip: '192.168.85.57', os.name: 'Windows 10', os.arch: 'amd64', os.version: '10.0', java.version: '11.0.2'
Driver info: org.openqa.selenium.chrome.ChromeDriver
Capabilities {acceptInsecureCerts: false, browserName: chrome, browserVersion: 121.0.6167.185, chrome: {chromedriverVersion: 121.0.6167.85 (3f98d690ad7e..., userDataDir: C:\Users\CHAITR~1.BAB\AppDa...}, fedcm:accounts: true, goog:chromeOptions: {debuggerAddress: localhost:62826}, javascriptEnabled: true, networkConnectionEnabled: false, pageLoadStrategy: normal, platform: WINDOWS, platformName: WINDOWS, proxy: Proxy(), setWindowRect: true, strictFileInteractability: false, timeouts: {implicit: 0, pageLoad: 300000, script: 30000}, unhandledPromptBehavior: dismiss and notify, webauthn:extension:credBlob: true, webauthn:extension:largeBlob: true, webauthn:extension:minPinLength: true, webauthn:extension:prf: true, webauthn:virtualAuthenticators: true}
Session ID: 1db9ebe95d133d23b026f51792017175
*** Element info: {Using=xpath, value=//span[contains(text(),'Get shipping methods and rates')]}
	at src.in.valtech.cl.scenarios.TC_Scenario_09.step155_Click_ShippingMethod_LinkForRefundoffline(TC_Scenario_09.java:1352)
</failure>
  </testcase>
  <testcase name="step142_EnterValueInApprovedField" classname="src.in.valtech.cl.scenarios.TC_Scenario_01" time="1.996"/>
  <testcase name="step179_EnterQutyINAddPctsByQTYFld" classname="src.in.valtech.cl.scenarios.TC_Scenario_04" time="2.544"/>
  <testcase name="step143_SelectApprovedOptionFromStatusDropdown" classname="src.in.valtech.cl.scenarios.TC_Scenario_01" time="1.838"/>
  <testcase name="step168_ReturnstxtFromSalesIconClick" classname="src.in.valtech.cl.scenarios.TC_Scenario_08" time="2.07"/>
  <testcase name="step144_ClickOnSaveButton" classname="src.in.valtech.cl.scenarios.TC_Scenario_01" time="10.526"/>
  <testcase name="step145_VerifySuccessMsgForSavedRMARequest" classname="src.in.valtech.cl.scenarios.TC_Scenario_01" time="0.074"/>
  <testcase name="step180_ClickOnAddToOrderBtn" classname="src.in.valtech.cl.scenarios.TC_Scenario_04" time="1.167"/>
  <testcase name="step181_Verify_AddressDetails_BOInRMA" classname="src.in.valtech.cl.scenarios.TC_Scenario_04" time="0.373"/>
  <testcase name="step156_Verify_ShippingMethods_RadioOptionForRefundofflineAndClickOnShippingMethod" classname="src.in.valtech.cl.scenarios.TC_Scenario_09" time="3.479">
    <failure message="no such element: Unable to locate element: {&quot;method&quot;:&quot;xpath&quot;,&quot;selector&quot;:&quot;//input[@id=&apos;s_method_owsh1_ups_11&apos;]&quot;}&#10;  (Session info: chrome=121.0.6167.185)&#10;For documentation on this error, please visit: https://www.seleniumhq.org/exceptions/no_such_element.html&#10;Build info: version: &apos;3.141.59&apos;, revision: &apos;e82be7d358&apos;, time: &apos;2018-11-14T08:17:03&apos;&#10;System info: host: &apos;IN-PF42S2RF&apos;, ip: &apos;192.168.85.57&apos;, os.name: &apos;Windows 10&apos;, os.arch: &apos;amd64&apos;, os.version: &apos;10.0&apos;, java.version: &apos;11.0.2&apos;&#10;Driver info: org.openqa.selenium.chrome.ChromeDriver&#10;Capabilities {acceptInsecureCerts: false, browserName: chrome, browserVersion: 121.0.6167.185, chrome: {chromedriverVersion: 121.0.6167.85 (3f98d690ad7e..., userDataDir: C:\Users\CHAITR~1.BAB\AppDa...}, fedcm:accounts: true, goog:chromeOptions: {debuggerAddress: localhost:62826}, javascriptEnabled: true, networkConnectionEnabled: false, pageLoadStrategy: normal, platform: WINDOWS, platformName: WINDOWS, proxy: Proxy(), setWindowRect: true, strictFileInteractability: false, timeouts: {implicit: 0, pageLoad: 300000, script: 30000}, unhandledPromptBehavior: dismiss and notify, webauthn:extension:credBlob: true, webauthn:extension:largeBlob: true, webauthn:extension:minPinLength: true, webauthn:extension:prf: true, webauthn:virtualAuthenticators: true}&#10;Session ID: 1db9ebe95d133d23b026f51792017175&#10;*** Element info: {Using=xpath, value=//input[@id=&apos;s_method_owsh1_ups_11&apos;]}" type="org.openqa.selenium.NoSuchElementException">org.openqa.selenium.NoSuchElementException: 
no such element: Unable to locate element: {"method":"xpath","selector":"//input[@id='s_method_owsh1_ups_11']"}
  (Session info: chrome=121.0.6167.185)
For documentation on this error, please visit: https://www.seleniumhq.org/exceptions/no_such_element.html
Build info: version: '3.141.59', revision: 'e82be7d358', time: '2018-11-14T08:17:03'
System info: host: 'IN-PF42S2RF', ip: '192.168.85.57', os.name: 'Windows 10', os.arch: 'amd64', os.version: '10.0', java.version: '11.0.2'
Driver info: org.openqa.selenium.chrome.ChromeDriver
Capabilities {acceptInsecureCerts: false, browserName: chrome, browserVersion: 121.0.6167.185, chrome: {chromedriverVersion: 121.0.6167.85 (3f98d690ad7e..., userDataDir: C:\Users\CHAITR~1.BAB\AppDa...}, fedcm:accounts: true, goog:chromeOptions: {debuggerAddress: localhost:62826}, javascriptEnabled: true, networkConnectionEnabled: false, pageLoadStrategy: normal, platform: WINDOWS, platformName: WINDOWS, proxy: Proxy(), setWindowRect: true, strictFileInteractability: false, timeouts: {implicit: 0, pageLoad: 300000, script: 30000}, unhandledPromptBehavior: dismiss and notify, webauthn:extension:credBlob: true, webauthn:extension:largeBlob: true, webauthn:extension:minPinLength: true, webauthn:extension:prf: true, webauthn:virtualAuthenticators: true}
Session ID: 1db9ebe95d133d23b026f51792017175
*** Element info: {Using=xpath, value=//input[@id='s_method_owsh1_ups_11']}
	at src.in.valtech.cl.scenarios.TC_Scenario_09.step156_Verify_ShippingMethods_RadioOptionForRefundofflineAndClickOnShippingMethod(TC_Scenario_09.java:1358)
</failure>
    <system-out><![CDATA[2024-02-19 19:06:21 INFO  GUIFunctions:649 - Successfully scroll down till Exchange Payment RadioBtn
]]></system-out>
  </testcase>
  <testcase name="step146_ClickOnSalesIcon" classname="src.in.valtech.cl.scenarios.TC_Scenario_01" time="4.951"/>
  <testcase name="step182_ClickOnExchangePaymentRadioBtn" classname="src.in.valtech.cl.scenarios.TC_Scenario_04" time="0.747"/>
  <testcase name="step183_Click_ShippingMethod_LinkForRefundoffline" classname="src.in.valtech.cl.scenarios.TC_Scenario_04" time="5.205"/>
  <testcase name="step147_ClickOrderstxtFromSalesIcon" classname="src.in.valtech.cl.scenarios.TC_Scenario_01" time="7.497"/>
  <testcase name="step157_Verify_OrderTotals_ForRefundoffline" classname="src.in.valtech.cl.scenarios.TC_Scenario_09" time="1.651">
    <failure message="no such element: Unable to locate element: {&quot;method&quot;:&quot;xpath&quot;,&quot;selector&quot;:&quot;//span[contains(text(),&apos;Order Totals&apos;)]&quot;}&#10;  (Session info: chrome=121.0.6167.185)&#10;For documentation on this error, please visit: https://www.seleniumhq.org/exceptions/no_such_element.html&#10;Build info: version: &apos;3.141.59&apos;, revision: &apos;e82be7d358&apos;, time: &apos;2018-11-14T08:17:03&apos;&#10;System info: host: &apos;IN-PF42S2RF&apos;, ip: &apos;192.168.85.57&apos;, os.name: &apos;Windows 10&apos;, os.arch: &apos;amd64&apos;, os.version: &apos;10.0&apos;, java.version: &apos;11.0.2&apos;&#10;Driver info: org.openqa.selenium.chrome.ChromeDriver&#10;Capabilities {acceptInsecureCerts: false, browserName: chrome, browserVersion: 121.0.6167.185, chrome: {chromedriverVersion: 121.0.6167.85 (3f98d690ad7e..., userDataDir: C:\Users\CHAITR~1.BAB\AppDa...}, fedcm:accounts: true, goog:chromeOptions: {debuggerAddress: localhost:62826}, javascriptEnabled: true, networkConnectionEnabled: false, pageLoadStrategy: normal, platform: WINDOWS, platformName: WINDOWS, proxy: Proxy(), setWindowRect: true, strictFileInteractability: false, timeouts: {implicit: 0, pageLoad: 300000, script: 30000}, unhandledPromptBehavior: dismiss and notify, webauthn:extension:credBlob: true, webauthn:extension:largeBlob: true, webauthn:extension:minPinLength: true, webauthn:extension:prf: true, webauthn:virtualAuthenticators: true}&#10;Session ID: 1db9ebe95d133d23b026f51792017175&#10;*** Element info: {Using=xpath, value=//span[contains(text(),&apos;Order Totals&apos;)]}" type="org.openqa.selenium.NoSuchElementException">org.openqa.selenium.NoSuchElementException: 
no such element: Unable to locate element: {"method":"xpath","selector":"//span[contains(text(),'Order Totals')]"}
  (Session info: chrome=121.0.6167.185)
For documentation on this error, please visit: https://www.seleniumhq.org/exceptions/no_such_element.html
Build info: version: '3.141.59', revision: 'e82be7d358', time: '2018-11-14T08:17:03'
System info: host: 'IN-PF42S2RF', ip: '192.168.85.57', os.name: 'Windows 10', os.arch: 'amd64', os.version: '10.0', java.version: '11.0.2'
Driver info: org.openqa.selenium.chrome.ChromeDriver
Capabilities {acceptInsecureCerts: false, browserName: chrome, browserVersion: 121.0.6167.185, chrome: {chromedriverVersion: 121.0.6167.85 (3f98d690ad7e..., userDataDir: C:\Users\CHAITR~1.BAB\AppDa...}, fedcm:accounts: true, goog:chromeOptions: {debuggerAddress: localhost:62826}, javascriptEnabled: true, networkConnectionEnabled: false, pageLoadStrategy: normal, platform: WINDOWS, platformName: WINDOWS, proxy: Proxy(), setWindowRect: true, strictFileInteractability: false, timeouts: {implicit: 0, pageLoad: 300000, script: 30000}, unhandledPromptBehavior: dismiss and notify, webauthn:extension:credBlob: true, webauthn:extension:largeBlob: true, webauthn:extension:minPinLength: true, webauthn:extension:prf: true, webauthn:virtualAuthenticators: true}
Session ID: 1db9ebe95d133d23b026f51792017175
*** Element info: {Using=xpath, value=//span[contains(text(),'Order Totals')]}
	at src.in.valtech.cl.scenarios.TC_Scenario_09.step157_Verify_OrderTotals_ForRefundoffline(TC_Scenario_09.java:1365)
</failure>
    <system-out><![CDATA[2024-02-19 19:06:42 INFO  GUIFunctions:427 - Successfully clicked on element: Successfully cleared filter
]]></system-out>
  </testcase>
  <testcase name="step184_Verify_ShippingMethods_RadioOptionForRefundofflineAndClickOnShippingMethod" classname="src.in.valtech.cl.scenarios.TC_Scenario_04" time="10.397"/>
  <testcase name="step185_Verify_OrderTotals_ForRefundoffline" classname="src.in.valtech.cl.scenarios.TC_Scenario_04" time="6.374"/>
  <testcase name="step158_Click_SubmitOrderForExchange_BtnForRefundoffline" classname="src.in.valtech.cl.scenarios.TC_Scenario_09" time="3.256"/>
  <testcase name="step159_Click_OKFromAlertPopupForRefundoffline" classname="src.in.valtech.cl.scenarios.TC_Scenario_09" time="0.045">
    <failure message="no such alert&#10;  (Session info: chrome=121.0.6167.185)&#10;Build info: version: &apos;3.141.59&apos;, revision: &apos;e82be7d358&apos;, time: &apos;2018-11-14T08:17:03&apos;&#10;System info: host: &apos;IN-PF42S2RF&apos;, ip: &apos;192.168.85.57&apos;, os.name: &apos;Windows 10&apos;, os.arch: &apos;amd64&apos;, os.version: &apos;10.0&apos;, java.version: &apos;11.0.2&apos;&#10;Driver info: org.openqa.selenium.chrome.ChromeDriver&#10;Capabilities {acceptInsecureCerts: false, browserName: chrome, browserVersion: 121.0.6167.185, chrome: {chromedriverVersion: 121.0.6167.85 (3f98d690ad7e..., userDataDir: C:\Users\CHAITR~1.BAB\AppDa...}, fedcm:accounts: true, goog:chromeOptions: {debuggerAddress: localhost:62826}, javascriptEnabled: true, networkConnectionEnabled: false, pageLoadStrategy: normal, platform: WINDOWS, platformName: WINDOWS, proxy: Proxy(), setWindowRect: true, strictFileInteractability: false, timeouts: {implicit: 0, pageLoad: 300000, script: 30000}, unhandledPromptBehavior: dismiss and notify, webauthn:extension:credBlob: true, webauthn:extension:largeBlob: true, webauthn:extension:minPinLength: true, webauthn:extension:prf: true, webauthn:virtualAuthenticators: true}&#10;Session ID: 1db9ebe95d133d23b026f51792017175" type="org.openqa.selenium.NoAlertPresentException">org.openqa.selenium.NoAlertPresentException: 
no such alert
  (Session info: chrome=121.0.6167.185)
Build info: version: '3.141.59', revision: 'e82be7d358', time: '2018-11-14T08:17:03'
System info: host: 'IN-PF42S2RF', ip: '192.168.85.57', os.name: 'Windows 10', os.arch: 'amd64', os.version: '10.0', java.version: '11.0.2'
Driver info: org.openqa.selenium.chrome.ChromeDriver
Capabilities {acceptInsecureCerts: false, browserName: chrome, browserVersion: 121.0.6167.185, chrome: {chromedriverVersion: 121.0.6167.85 (3f98d690ad7e..., userDataDir: C:\Users\CHAITR~1.BAB\AppDa...}, fedcm:accounts: true, goog:chromeOptions: {debuggerAddress: localhost:62826}, javascriptEnabled: true, networkConnectionEnabled: false, pageLoadStrategy: normal, platform: WINDOWS, platformName: WINDOWS, proxy: Proxy(), setWindowRect: true, strictFileInteractability: false, timeouts: {implicit: 0, pageLoad: 300000, script: 30000}, unhandledPromptBehavior: dismiss and notify, webauthn:extension:credBlob: true, webauthn:extension:largeBlob: true, webauthn:extension:minPinLength: true, webauthn:extension:prf: true, webauthn:virtualAuthenticators: true}
Session ID: 1db9ebe95d133d23b026f51792017175
	at src.in.valtech.cl.scenarios.TC_Scenario_09.step159_Click_OKFromAlertPopupForRefundoffline(TC_Scenario_09.java:1377)
</failure>
    <system-err><![CDATA[Feb 19, 2024 7:07:03 PM org.openqa.selenium.remote.ErrorCodes toStatus
INFO: HTTP Status: '404' -> incorrect JSON status mapping for 'no such alert' (400 expected)
]]></system-err>
  </testcase>
  <testcase name="step186_Click_SubmitOrderForExchange_BtnForRefundoffline" classname="src.in.valtech.cl.scenarios.TC_Scenario_04" time="6.701"/>
  <testcase name="step169_VerifiedOrderStatusInReturnsPage" classname="src.in.valtech.cl.scenarios.TC_Scenario_08" time="5.02"/>
  <testcase name="step187_Click_OKFromAlertPopupForRefundoffline" classname="src.in.valtech.cl.scenarios.TC_Scenario_04" time="5.069"/>
  <testcase name="step188_VerifySuccessMsgForCreatedOrderForRMAOfflineRequest" classname="src.in.valtech.cl.scenarios.TC_Scenario_04" time="0.079"/>
  <testcase name="step189_VerifyCreatedOrderInRMAOfflineWithNewVal" classname="src.in.valtech.cl.scenarios.TC_Scenario_04" time="2.154"/>
  <testcase name="step160_VerifySuccessMsgForCreatedOrderForRMAOfflineRequest" classname="src.in.valtech.cl.scenarios.TC_Scenario_09" time="1.002">
    <failure message="no such element: Unable to locate element: {&quot;method&quot;:&quot;xpath&quot;,&quot;selector&quot;:&quot;//div[@class=&apos;message message-success success&apos;]&quot;}&#10;  (Session info: chrome=121.0.6167.185)&#10;For documentation on this error, please visit: https://www.seleniumhq.org/exceptions/no_such_element.html&#10;Build info: version: &apos;3.141.59&apos;, revision: &apos;e82be7d358&apos;, time: &apos;2018-11-14T08:17:03&apos;&#10;System info: host: &apos;IN-PF42S2RF&apos;, ip: &apos;192.168.85.57&apos;, os.name: &apos;Windows 10&apos;, os.arch: &apos;amd64&apos;, os.version: &apos;10.0&apos;, java.version: &apos;11.0.2&apos;&#10;Driver info: org.openqa.selenium.chrome.ChromeDriver&#10;Capabilities {acceptInsecureCerts: false, browserName: chrome, browserVersion: 121.0.6167.185, chrome: {chromedriverVersion: 121.0.6167.85 (3f98d690ad7e..., userDataDir: C:\Users\CHAITR~1.BAB\AppDa...}, fedcm:accounts: true, goog:chromeOptions: {debuggerAddress: localhost:62826}, javascriptEnabled: true, networkConnectionEnabled: false, pageLoadStrategy: normal, platform: WINDOWS, platformName: WINDOWS, proxy: Proxy(), setWindowRect: true, strictFileInteractability: false, timeouts: {implicit: 0, pageLoad: 300000, script: 30000}, unhandledPromptBehavior: dismiss and notify, webauthn:extension:credBlob: true, webauthn:extension:largeBlob: true, webauthn:extension:minPinLength: true, webauthn:extension:prf: true, webauthn:virtualAuthenticators: true}&#10;Session ID: 1db9ebe95d133d23b026f51792017175&#10;*** Element info: {Using=xpath, value=//div[@class=&apos;message message-success success&apos;]}" type="org.openqa.selenium.NoSuchElementException">org.openqa.selenium.NoSuchElementException: 
no such element: Unable to locate element: {"method":"xpath","selector":"//div[@class='message message-success success']"}
  (Session info: chrome=121.0.6167.185)
For documentation on this error, please visit: https://www.seleniumhq.org/exceptions/no_such_element.html
Build info: version: '3.141.59', revision: 'e82be7d358', time: '2018-11-14T08:17:03'
System info: host: 'IN-PF42S2RF', ip: '192.168.85.57', os.name: 'Windows 10', os.arch: 'amd64', os.version: '10.0', java.version: '11.0.2'
Driver info: org.openqa.selenium.chrome.ChromeDriver
Capabilities {acceptInsecureCerts: false, browserName: chrome, browserVersion: 121.0.6167.185, chrome: {chromedriverVersion: 121.0.6167.85 (3f98d690ad7e..., userDataDir: C:\Users\CHAITR~1.BAB\AppDa...}, fedcm:accounts: true, goog:chromeOptions: {debuggerAddress: localhost:62826}, javascriptEnabled: true, networkConnectionEnabled: false, pageLoadStrategy: normal, platform: WINDOWS, platformName: WINDOWS, proxy: Proxy(), setWindowRect: true, strictFileInteractability: false, timeouts: {implicit: 0, pageLoad: 300000, script: 30000}, unhandledPromptBehavior: dismiss and notify, webauthn:extension:credBlob: true, webauthn:extension:largeBlob: true, webauthn:extension:minPinLength: true, webauthn:extension:prf: true, webauthn:virtualAuthenticators: true}
Session ID: 1db9ebe95d133d23b026f51792017175
*** Element info: {Using=xpath, value=//div[@class='message message-success success']}
	at src.in.valtech.cl.scenarios.TC_Scenario_09.step160_VerifySuccessMsgForCreatedOrderForRMAOfflineRequest(TC_Scenario_09.java:1383)
</failure>
  </testcase>
  <testcase name="step170_ClickonViewOptioninOrderGrid" classname="src.in.valtech.cl.scenarios.TC_Scenario_08" time="0.307"/>
  <testcase name="step161_VerifyCreatedOrderInRMAOfflineWithNewVal" classname="src.in.valtech.cl.scenarios.TC_Scenario_09" time="1.881"/>
  <testcase name="step171_ClickOnReturnItems" classname="src.in.valtech.cl.scenarios.TC_Scenario_08" time="7.456"/>
  <testcase name="step172_EnterValueInApprovedField" classname="src.in.valtech.cl.scenarios.TC_Scenario_08" time="4.261"/>
  <testcase name="step173_SelectApprovedOptionFromStatusDropdown" classname="src.in.valtech.cl.scenarios.TC_Scenario_08" time="0.122"/>
  <testcase name="step174_SelectRejectedOptionFromStatusDropdown" classname="src.in.valtech.cl.scenarios.TC_Scenario_08" time="0.126"/>
  <testcase name="step148_VerifiedOrderStatusInOrdersPage" classname="src.in.valtech.cl.scenarios.TC_Scenario_01" time="5.201"/>
  <testcase name="step162_RefreshAndVerifyOrderStatusInOrdersPage" classname="src.in.valtech.cl.scenarios.TC_Scenario_09" time="2.876">
    <failure message="no such element: Unable to locate element: {&quot;method&quot;:&quot;xpath&quot;,&quot;selector&quot;:&quot;//button[@id=&apos;back&apos;]&quot;}&#10;  (Session info: chrome=121.0.6167.185)&#10;For documentation on this error, please visit: https://www.seleniumhq.org/exceptions/no_such_element.html&#10;Build info: version: &apos;3.141.59&apos;, revision: &apos;e82be7d358&apos;, time: &apos;2018-11-14T08:17:03&apos;&#10;System info: host: &apos;IN-PF42S2RF&apos;, ip: &apos;192.168.85.57&apos;, os.name: &apos;Windows 10&apos;, os.arch: &apos;amd64&apos;, os.version: &apos;10.0&apos;, java.version: &apos;11.0.2&apos;&#10;Driver info: org.openqa.selenium.chrome.ChromeDriver&#10;Capabilities {acceptInsecureCerts: false, browserName: chrome, browserVersion: 121.0.6167.185, chrome: {chromedriverVersion: 121.0.6167.85 (3f98d690ad7e..., userDataDir: C:\Users\CHAITR~1.BAB\AppDa...}, fedcm:accounts: true, goog:chromeOptions: {debuggerAddress: localhost:62826}, javascriptEnabled: true, networkConnectionEnabled: false, pageLoadStrategy: normal, platform: WINDOWS, platformName: WINDOWS, proxy: Proxy(), setWindowRect: true, strictFileInteractability: false, timeouts: {implicit: 0, pageLoad: 300000, script: 30000}, unhandledPromptBehavior: dismiss and notify, webauthn:extension:credBlob: true, webauthn:extension:largeBlob: true, webauthn:extension:minPinLength: true, webauthn:extension:prf: true, webauthn:virtualAuthenticators: true}&#10;Session ID: 1db9ebe95d133d23b026f51792017175&#10;*** Element info: {Using=xpath, value=//button[@id=&apos;back&apos;]}" type="org.openqa.selenium.NoSuchElementException">org.openqa.selenium.NoSuchElementException: 
no such element: Unable to locate element: {"method":"xpath","selector":"//button[@id='back']"}
  (Session info: chrome=121.0.6167.185)
For documentation on this error, please visit: https://www.seleniumhq.org/exceptions/no_such_element.html
Build info: version: '3.141.59', revision: 'e82be7d358', time: '2018-11-14T08:17:03'
System info: host: 'IN-PF42S2RF', ip: '192.168.85.57', os.name: 'Windows 10', os.arch: 'amd64', os.version: '10.0', java.version: '11.0.2'
Driver info: org.openqa.selenium.chrome.ChromeDriver
Capabilities {acceptInsecureCerts: false, browserName: chrome, browserVersion: 121.0.6167.185, chrome: {chromedriverVersion: 121.0.6167.85 (3f98d690ad7e..., userDataDir: C:\Users\CHAITR~1.BAB\AppDa...}, fedcm:accounts: true, goog:chromeOptions: {debuggerAddress: localhost:62826}, javascriptEnabled: true, networkConnectionEnabled: false, pageLoadStrategy: normal, platform: WINDOWS, platformName: WINDOWS, proxy: Proxy(), setWindowRect: true, strictFileInteractability: false, timeouts: {implicit: 0, pageLoad: 300000, script: 30000}, unhandledPromptBehavior: dismiss and notify, webauthn:extension:credBlob: true, webauthn:extension:largeBlob: true, webauthn:extension:minPinLength: true, webauthn:extension:prf: true, webauthn:virtualAuthenticators: true}
Session ID: 1db9ebe95d133d23b026f51792017175
*** Element info: {Using=xpath, value=//button[@id='back']}
	at src.in.valtech.cl.scenarios.TC_Scenario_09.step162_RefreshAndVerifyOrderStatusInOrdersPage(TC_Scenario_09.java:1395)
</failure>
  </testcase>
  <testcase name="step163_SwitchToFOTabAndClickOnMyAccountIcon" classname="src.in.valtech.cl.scenarios.TC_Scenario_09" time="3.253">
    <failure message="element click intercepted: Element is not clickable at point (1418, -33)&#10;  (Session info: chrome=121.0.6167.185)&#10;Build info: version: &apos;3.141.59&apos;, revision: &apos;e82be7d358&apos;, time: &apos;2018-11-14T08:17:03&apos;&#10;System info: host: &apos;IN-PF42S2RF&apos;, ip: &apos;192.168.85.57&apos;, os.name: &apos;Windows 10&apos;, os.arch: &apos;amd64&apos;, os.version: &apos;10.0&apos;, java.version: &apos;11.0.2&apos;&#10;Driver info: org.openqa.selenium.chrome.ChromeDriver&#10;Capabilities {acceptInsecureCerts: false, browserName: chrome, browserVersion: 121.0.6167.185, chrome: {chromedriverVersion: 121.0.6167.85 (3f98d690ad7e..., userDataDir: C:\Users\CHAITR~1.BAB\AppDa...}, fedcm:accounts: true, goog:chromeOptions: {debuggerAddress: localhost:62826}, javascriptEnabled: true, networkConnectionEnabled: false, pageLoadStrategy: normal, platform: WINDOWS, platformName: WINDOWS, proxy: Proxy(), setWindowRect: true, strictFileInteractability: false, timeouts: {implicit: 0, pageLoad: 300000, script: 30000}, unhandledPromptBehavior: dismiss and notify, webauthn:extension:credBlob: true, webauthn:extension:largeBlob: true, webauthn:extension:minPinLength: true, webauthn:extension:prf: true, webauthn:virtualAuthenticators: true}&#10;Session ID: 1db9ebe95d133d23b026f51792017175" type="org.openqa.selenium.ElementClickInterceptedException">org.openqa.selenium.ElementClickInterceptedException: 
element click intercepted: Element is not clickable at point (1418, -33)
  (Session info: chrome=121.0.6167.185)
Build info: version: '3.141.59', revision: 'e82be7d358', time: '2018-11-14T08:17:03'
System info: host: 'IN-PF42S2RF', ip: '192.168.85.57', os.name: 'Windows 10', os.arch: 'amd64', os.version: '10.0', java.version: '11.0.2'
Driver info: org.openqa.selenium.chrome.ChromeDriver
Capabilities {acceptInsecureCerts: false, browserName: chrome, browserVersion: 121.0.6167.185, chrome: {chromedriverVersion: 121.0.6167.85 (3f98d690ad7e..., userDataDir: C:\Users\CHAITR~1.BAB\AppDa...}, fedcm:accounts: true, goog:chromeOptions: {debuggerAddress: localhost:62826}, javascriptEnabled: true, networkConnectionEnabled: false, pageLoadStrategy: normal, platform: WINDOWS, platformName: WINDOWS, proxy: Proxy(), setWindowRect: true, strictFileInteractability: false, timeouts: {implicit: 0, pageLoad: 300000, script: 30000}, unhandledPromptBehavior: dismiss and notify, webauthn:extension:credBlob: true, webauthn:extension:largeBlob: true, webauthn:extension:minPinLength: true, webauthn:extension:prf: true, webauthn:virtualAuthenticators: true}
Session ID: 1db9ebe95d133d23b026f51792017175
	at src.in.valtech.cl.scenarios.TC_Scenario_09.step163_SwitchToFOTabAndClickOnMyAccountIcon(TC_Scenario_09.java:1423)
</failure>
  </testcase>
  <testcase name="step175_ClickOnSaveButton" classname="src.in.valtech.cl.scenarios.TC_Scenario_08" time="2.076"/>
  <testcase name="step176_VerifySuccessMsgForSavedRMARequest" classname="src.in.valtech.cl.scenarios.TC_Scenario_08" time="0.062"/>
  <testcase name="step149_ClickOnSalesIcon" classname="src.in.valtech.cl.scenarios.TC_Scenario_01" time="1.508"/>
  <testcase name="step177_ClickOnSalesIcon" classname="src.in.valtech.cl.scenarios.TC_Scenario_08" time="8.649"/>
  <testcase name="step164_ClickOnMyOrdersLink" classname="src.in.valtech.cl.scenarios.TC_Scenario_09" time="8.536"/>
  <testcase name="step150_ReturnstxtFromSalesIconClick" classname="src.in.valtech.cl.scenarios.TC_Scenario_01" time="0.694"/>
  <testcase name="step172_VerifiedOrderStatusInOrdersPage" classname="src.in.valtech.cl.scenarios.TC_Scenario_07" time="2.073"/>
  <testcase name="step178_ClickOrderstxtFromSalesIcon" classname="src.in.valtech.cl.scenarios.TC_Scenario_08" time="3.581"/>
  <testcase name="step173_ClickOnSalesIcon" classname="src.in.valtech.cl.scenarios.TC_Scenario_07" time="6.708"/>
  <testcase name="step174_ReturnstxtFromSalesIconClick" classname="src.in.valtech.cl.scenarios.TC_Scenario_07" time="19.596"/>
  <testcase name="step151_VerifiedOrderStatusInReturnsPage" classname="src.in.valtech.cl.scenarios.TC_Scenario_01" time="11.719"/>
  <testcase name="step165_VerifiedOrderStatusInMyOrdersPageAfterExchangeCompleted" classname="src.in.valtech.cl.scenarios.TC_Scenario_09" time="1.815"/>
  <testcase name="step152_ClickonViewOptioninOrderGrid" classname="src.in.valtech.cl.scenarios.TC_Scenario_01" time="13.196"/>
  <testcase name="step179_VerifiedOrderStatusInOrdersPage" classname="src.in.valtech.cl.scenarios.TC_Scenario_08" time="5.861"/>
  <testcase name="step153_ClickOnRefundOrExchangeButton" classname="src.in.valtech.cl.scenarios.TC_Scenario_01" time="3.669"/>
  <testcase name="step175_VerifiedOrderStatusInReturnsPage" classname="src.in.valtech.cl.scenarios.TC_Scenario_07" time="2.929"/>
  <testcase name="step190_RefreshAndVerifyOrderStatusInOrdersPage" classname="src.in.valtech.cl.scenarios.TC_Scenario_04" time="2.423">
    <failure message="no such element: Unable to locate element: {&quot;method&quot;:&quot;xpath&quot;,&quot;selector&quot;:&quot;//div[contains(text(),&apos;eturns&apos;)]/../following-sibling::td[contains(@class,&apos;status&apos;)]//div&quot;}&#10;  (Session info: chrome=121.0.6167.185)&#10;For documentation on this error, please visit: https://www.seleniumhq.org/exceptions/no_such_element.html&#10;Build info: version: &apos;3.141.59&apos;, revision: &apos;e82be7d358&apos;, time: &apos;2018-11-14T08:17:03&apos;&#10;System info: host: &apos;IN-PF42S2RF&apos;, ip: &apos;192.168.85.57&apos;, os.name: &apos;Windows 10&apos;, os.arch: &apos;amd64&apos;, os.version: &apos;10.0&apos;, java.version: &apos;11.0.2&apos;&#10;Driver info: org.openqa.selenium.chrome.ChromeDriver&#10;Capabilities {acceptInsecureCerts: false, browserName: chrome, browserVersion: 121.0.6167.185, chrome: {chromedriverVersion: 121.0.6167.85 (3f98d690ad7e..., userDataDir: C:\Users\CHAITR~1.BAB\AppDa...}, fedcm:accounts: true, goog:chromeOptions: {debuggerAddress: localhost:62754}, javascriptEnabled: true, networkConnectionEnabled: false, pageLoadStrategy: normal, platform: WINDOWS, platformName: WINDOWS, proxy: Proxy(), setWindowRect: true, strictFileInteractability: false, timeouts: {implicit: 0, pageLoad: 300000, script: 30000}, unhandledPromptBehavior: dismiss and notify, webauthn:extension:credBlob: true, webauthn:extension:largeBlob: true, webauthn:extension:minPinLength: true, webauthn:extension:prf: true, webauthn:virtualAuthenticators: true}&#10;Session ID: 3cad653692e99c49614d0518f293eecb&#10;*** Element info: {Using=xpath, value=//div[contains(text(),&apos;eturns&apos;)]/../following-sibling::td[contains(@class,&apos;status&apos;)]//div}" type="org.openqa.selenium.NoSuchElementException">org.openqa.selenium.NoSuchElementException: 
no such element: Unable to locate element: {"method":"xpath","selector":"//div[contains(text(),'eturns')]/../following-sibling::td[contains(@class,'status')]//div"}
  (Session info: chrome=121.0.6167.185)
For documentation on this error, please visit: https://www.seleniumhq.org/exceptions/no_such_element.html
Build info: version: '3.141.59', revision: 'e82be7d358', time: '2018-11-14T08:17:03'
System info: host: 'IN-PF42S2RF', ip: '192.168.85.57', os.name: 'Windows 10', os.arch: 'amd64', os.version: '10.0', java.version: '11.0.2'
Driver info: org.openqa.selenium.chrome.ChromeDriver
Capabilities {acceptInsecureCerts: false, browserName: chrome, browserVersion: 121.0.6167.185, chrome: {chromedriverVersion: 121.0.6167.85 (3f98d690ad7e..., userDataDir: C:\Users\CHAITR~1.BAB\AppDa...}, fedcm:accounts: true, goog:chromeOptions: {debuggerAddress: localhost:62754}, javascriptEnabled: true, networkConnectionEnabled: false, pageLoadStrategy: normal, platform: WINDOWS, platformName: WINDOWS, proxy: Proxy(), setWindowRect: true, strictFileInteractability: false, timeouts: {implicit: 0, pageLoad: 300000, script: 30000}, unhandledPromptBehavior: dismiss and notify, webauthn:extension:credBlob: true, webauthn:extension:largeBlob: true, webauthn:extension:minPinLength: true, webauthn:extension:prf: true, webauthn:virtualAuthenticators: true}
Session ID: 3cad653692e99c49614d0518f293eecb
*** Element info: {Using=xpath, value=//div[contains(text(),'eturns')]/../following-sibling::td[contains(@class,'status')]//div}
	at src.in.valtech.cl.scenarios.TC_Scenario_04.step190_RefreshAndVerifyOrderStatusInOrdersPage(TC_Scenario_04.java:1802)
</failure>
    <system-out><![CDATA[2024-02-19 19:09:23 INFO  GUIFunctions:104 - Successfully clicked on element: Click on Products submenu
2024-02-19 19:09:24 INFO  GUIFunctions:427 - Successfully clicked on element: Click on update quantity btn 
]]></system-out>
  </testcase>
  <testcase name="step180_ClickOnSalesIcon" classname="src.in.valtech.cl.scenarios.TC_Scenario_08" time="0.973"/>
  <testcase name="step154_ClearQuntAndClickOnUpdateQTY_CreditMemo" classname="src.in.valtech.cl.scenarios.TC_Scenario_01" time="0.632"/>
  <testcase name="step191_SwitchToFOTabAndClickOnMyAccountIcon" classname="src.in.valtech.cl.scenarios.TC_Scenario_04" time="0.582"/>
  <testcase name="step176_SwitchToFOTabAndClickOnMyAccountIcon" classname="src.in.valtech.cl.scenarios.TC_Scenario_07" time="12.149"/>
  <testcase name="step192_ClickOnMyOrdersLink" classname="src.in.valtech.cl.scenarios.TC_Scenario_04" time="1.381"/>
  <testcase name="step155_EnterShippingFeeAndClickOnUpdate_CreditMemo" classname="src.in.valtech.cl.scenarios.TC_Scenario_01" time="1.269"/>
  <testcase name="step181_ReturnstxtFromSalesIconClick" classname="src.in.valtech.cl.scenarios.TC_Scenario_08" time="3.614"/>
  <testcase name="step156_ClickOnRefundButtonInNewMemoPage" classname="src.in.valtech.cl.scenarios.TC_Scenario_01" time="13.54"/>
  <testcase name="step193_VerifiedOrderStatusInMyOrdersPage" classname="src.in.valtech.cl.scenarios.TC_Scenario_04" time="1.677">
    <failure message="no such element: Unable to locate element: {&quot;method&quot;:&quot;xpath&quot;,&quot;selector&quot;:&quot;//*[contains(text(),&apos;eturns&apos;)]/..//p[contains(@class, &apos;status&apos;)]&quot;}&#10;  (Session info: chrome=121.0.6167.185)&#10;For documentation on this error, please visit: https://www.seleniumhq.org/exceptions/no_such_element.html&#10;Build info: version: &apos;3.141.59&apos;, revision: &apos;e82be7d358&apos;, time: &apos;2018-11-14T08:17:03&apos;&#10;System info: host: &apos;IN-PF42S2RF&apos;, ip: &apos;192.168.85.57&apos;, os.name: &apos;Windows 10&apos;, os.arch: &apos;amd64&apos;, os.version: &apos;10.0&apos;, java.version: &apos;11.0.2&apos;&#10;Driver info: org.openqa.selenium.chrome.ChromeDriver&#10;Capabilities {acceptInsecureCerts: false, browserName: chrome, browserVersion: 121.0.6167.185, chrome: {chromedriverVersion: 121.0.6167.85 (3f98d690ad7e..., userDataDir: C:\Users\CHAITR~1.BAB\AppDa...}, fedcm:accounts: true, goog:chromeOptions: {debuggerAddress: localhost:62754}, javascriptEnabled: true, networkConnectionEnabled: false, pageLoadStrategy: normal, platform: WINDOWS, platformName: WINDOWS, proxy: Proxy(), setWindowRect: true, strictFileInteractability: false, timeouts: {implicit: 0, pageLoad: 300000, script: 30000}, unhandledPromptBehavior: dismiss and notify, webauthn:extension:credBlob: true, webauthn:extension:largeBlob: true, webauthn:extension:minPinLength: true, webauthn:extension:prf: true, webauthn:virtualAuthenticators: true}&#10;Session ID: 3cad653692e99c49614d0518f293eecb&#10;*** Element info: {Using=xpath, value=//*[contains(text(),&apos;eturns&apos;)]/..//p[contains(@class, &apos;status&apos;)]}" type="org.openqa.selenium.NoSuchElementException">org.openqa.selenium.NoSuchElementException: 
no such element: Unable to locate element: {"method":"xpath","selector":"//*[contains(text(),'eturns')]/..//p[contains(@class, 'status')]"}
  (Session info: chrome=121.0.6167.185)
For documentation on this error, please visit: https://www.seleniumhq.org/exceptions/no_such_element.html
Build info: version: '3.141.59', revision: 'e82be7d358', time: '2018-11-14T08:17:03'
System info: host: 'IN-PF42S2RF', ip: '192.168.85.57', os.name: 'Windows 10', os.arch: 'amd64', os.version: '10.0', java.version: '11.0.2'
Driver info: org.openqa.selenium.chrome.ChromeDriver
Capabilities {acceptInsecureCerts: false, browserName: chrome, browserVersion: 121.0.6167.185, chrome: {chromedriverVersion: 121.0.6167.85 (3f98d690ad7e..., userDataDir: C:\Users\CHAITR~1.BAB\AppDa...}, fedcm:accounts: true, goog:chromeOptions: {debuggerAddress: localhost:62754}, javascriptEnabled: true, networkConnectionEnabled: false, pageLoadStrategy: normal, platform: WINDOWS, platformName: WINDOWS, proxy: Proxy(), setWindowRect: true, strictFileInteractability: false, timeouts: {implicit: 0, pageLoad: 300000, script: 30000}, unhandledPromptBehavior: dismiss and notify, webauthn:extension:credBlob: true, webauthn:extension:largeBlob: true, webauthn:extension:minPinLength: true, webauthn:extension:prf: true, webauthn:virtualAuthenticators: true}
Session ID: 3cad653692e99c49614d0518f293eecb
*** Element info: {Using=xpath, value=//*[contains(text(),'eturns')]/..//p[contains(@class, 'status')]}
	at src.in.valtech.cl.scenarios.TC_Scenario_04.step193_VerifiedOrderStatusInMyOrdersPage(TC_Scenario_04.java:1831)
</failure>
  </testcase>
  <testcase name="step157_VerifySuccessMsgForCreateCreditMemo" classname="src.in.valtech.cl.scenarios.TC_Scenario_01" time="3.285"/>
  <testcase name="step158_ClickOnSalesIcon" classname="src.in.valtech.cl.scenarios.TC_Scenario_01" time="10.391"/>
  <testcase name="step177_ClickOnMyOrdersLink" classname="src.in.valtech.cl.scenarios.TC_Scenario_07" time="1.809"/>
  <testcase name="step178_VerifiedOrderStatusInMyOrdersPage" classname="src.in.valtech.cl.scenarios.TC_Scenario_07" time="0.092"/>
  <testcase name="step182_VerifiedOrderStatusInReturnsPage" classname="src.in.valtech.cl.scenarios.TC_Scenario_08" time="7.496"/>
  <testcase name="step159_ClickOrderstxtFromSalesIcon" classname="src.in.valtech.cl.scenarios.TC_Scenario_01" time="4.788"/>
  <testcase name="step183_ClickonViewOptioninOrderGrid" classname="src.in.valtech.cl.scenarios.TC_Scenario_08" time="5.519"/>
  <testcase name="step184_ClickOnRefundOrExchangeButton" classname="src.in.valtech.cl.scenarios.TC_Scenario_08" time="14.977"/>
  <testcase name="step185_ClickOnRefundButtonInNewMemoPage" classname="src.in.valtech.cl.scenarios.TC_Scenario_08" time="21.513"/>
  <testcase name="step186_VerifySuccessMsgForCreateCreditMemo" classname="src.in.valtech.cl.scenarios.TC_Scenario_08" time="0.056"/>
  <testcase name="step195_NavigatedIntoAdyenAndClickOnPaymentTab" classname="src.in.valtech.cl.scenarios.TC_Scenario_04" time="7.988"/>
  <testcase name="step187_ClickOnSalesIcon" classname="src.in.valtech.cl.scenarios.TC_Scenario_08" time="2.192"/>
  <testcase name="step188_ClickOrderstxtFromSalesIcon" classname="src.in.valtech.cl.scenarios.TC_Scenario_08" time="14.863"/>
  <testcase name="step196_VerifyOrderTotalAmtIN_adyen" classname="src.in.valtech.cl.scenarios.TC_Scenario_04" time="3.021">
    <failure message="no such element: Unable to locate element: {&quot;method&quot;:&quot;xpath&quot;,&quot;selector&quot;:&quot;//td[contains(text(),&apos;11000341325&apos;)]//following-sibling::td[3]&quot;}&#10;  (Session info: chrome=121.0.6167.185)&#10;For documentation on this error, please visit: https://www.seleniumhq.org/exceptions/no_such_element.html&#10;Build info: version: &apos;3.141.59&apos;, revision: &apos;e82be7d358&apos;, time: &apos;2018-11-14T08:17:03&apos;&#10;System info: host: &apos;IN-PF42S2RF&apos;, ip: &apos;192.168.85.57&apos;, os.name: &apos;Windows 10&apos;, os.arch: &apos;amd64&apos;, os.version: &apos;10.0&apos;, java.version: &apos;11.0.2&apos;&#10;Driver info: org.openqa.selenium.chrome.ChromeDriver&#10;Capabilities {acceptInsecureCerts: false, browserName: chrome, browserVersion: 121.0.6167.185, chrome: {chromedriverVersion: 121.0.6167.85 (3f98d690ad7e..., userDataDir: C:\Users\CHAITR~1.BAB\AppDa...}, fedcm:accounts: true, goog:chromeOptions: {debuggerAddress: localhost:62754}, javascriptEnabled: true, networkConnectionEnabled: false, pageLoadStrategy: normal, platform: WINDOWS, platformName: WINDOWS, proxy: Proxy(), setWindowRect: true, strictFileInteractability: false, timeouts: {implicit: 0, pageLoad: 300000, script: 30000}, unhandledPromptBehavior: dismiss and notify, webauthn:extension:credBlob: true, webauthn:extension:largeBlob: true, webauthn:extension:minPinLength: true, webauthn:extension:prf: true, webauthn:virtualAuthenticators: true}&#10;Session ID: 3cad653692e99c49614d0518f293eecb&#10;*** Element info: {Using=xpath, value=//td[contains(text(),&apos;11000341325&apos;)]//following-sibling::td[3]}" type="org.openqa.selenium.NoSuchElementException">org.openqa.selenium.NoSuchElementException: 
no such element: Unable to locate element: {"method":"xpath","selector":"//td[contains(text(),'11000341325')]//following-sibling::td[3]"}
  (Session info: chrome=121.0.6167.185)
For documentation on this error, please visit: https://www.seleniumhq.org/exceptions/no_such_element.html
Build info: version: '3.141.59', revision: 'e82be7d358', time: '2018-11-14T08:17:03'
System info: host: 'IN-PF42S2RF', ip: '192.168.85.57', os.name: 'Windows 10', os.arch: 'amd64', os.version: '10.0', java.version: '11.0.2'
Driver info: org.openqa.selenium.chrome.ChromeDriver
Capabilities {acceptInsecureCerts: false, browserName: chrome, browserVersion: 121.0.6167.185, chrome: {chromedriverVersion: 121.0.6167.85 (3f98d690ad7e..., userDataDir: C:\Users\CHAITR~1.BAB\AppDa...}, fedcm:accounts: true, goog:chromeOptions: {debuggerAddress: localhost:62754}, javascriptEnabled: true, networkConnectionEnabled: false, pageLoadStrategy: normal, platform: WINDOWS, platformName: WINDOWS, proxy: Proxy(), setWindowRect: true, strictFileInteractability: false, timeouts: {implicit: 0, pageLoad: 300000, script: 30000}, unhandledPromptBehavior: dismiss and notify, webauthn:extension:credBlob: true, webauthn:extension:largeBlob: true, webauthn:extension:minPinLength: true, webauthn:extension:prf: true, webauthn:virtualAuthenticators: true}
Session ID: 3cad653692e99c49614d0518f293eecb
*** Element info: {Using=xpath, value=//td[contains(text(),'11000341325')]//following-sibling::td[3]}
	at src.in.valtech.cl.scenarios.TC_Scenario_04.step196_VerifyOrderTotalAmtIN_adyen(TC_Scenario_04.java:1858)
</failure>
    <system-out><![CDATA[2024-02-19 19:11:39 INFO  GUIFunctions:104 - Successfully clicked on element: Click on Catalog Icon
]]></system-out>
  </testcase>
  <testcase name="step166_ComparedSeleableStockInWMSAndBOBothAreSameAfterRefundTheOrder" classname="src.in.valtech.cl.scenarios.TC_Scenario_09" time="11.403"/>
  <testcase name="step160_VerifiedOrderStatusInOrdersPage" classname="src.in.valtech.cl.scenarios.TC_Scenario_01" time="5.226"/>
  <testcase name="step169_VerifyOrderConfirmationMailContents" classname="src.in.valtech.cl.scenarios.TC_Scenario_09" time="1.098"/>
  <testcase name="step170_VerifyShippingConfirmationMailContents" classname="src.in.valtech.cl.scenarios.TC_Scenario_09" time="5.82"/>
  <testcase name="step161_ClickOnSalesIcon" classname="src.in.valtech.cl.scenarios.TC_Scenario_01" time="3.326"/>
  <testcase name="step171_VerifyReturnRequestConfirmationMailContents" classname="src.in.valtech.cl.scenarios.TC_Scenario_09" time="2.561"/>
  <testcase name="step172_VerifyReturnReceptionConfirmationMailContents" classname="src.in.valtech.cl.scenarios.TC_Scenario_09" time="5.773"/>
  <testcase name="step173_VerifyCreditMemoConfirmationMailContents" classname="src.in.valtech.cl.scenarios.TC_Scenario_09" time="5.824"/>
  <testcase name="step162_ReturnstxtFromSalesIconClick" classname="src.in.valtech.cl.scenarios.TC_Scenario_01" time="2.755"/>
  <testcase name="step174_VerifyOrderConfirmationMailContentsForExchangeOrder" classname="src.in.valtech.cl.scenarios.TC_Scenario_09" time="3.141"/>
  <testcase name="step179_ComparedSeleableStockInWMSAndBOBothAreSameAfterRefundTheOrder" classname="src.in.valtech.cl.scenarios.TC_Scenario_07" time="7.587"/>
  <testcase name="step180_VerifyOrderConfirmationMailContents" classname="src.in.valtech.cl.scenarios.TC_Scenario_07" time="5.844"/>
  <testcase name="step181_VerifyShippingConfirmationMailContents" classname="src.in.valtech.cl.scenarios.TC_Scenario_07" time="5.993"/>
  <testcase name="step197_VerifyOrderRMAStatusIN_adyen" classname="src.in.valtech.cl.scenarios.TC_Scenario_04" time="3.013">
    <failure message="Expected condition failed: waiting for presence of element located by: By.xpath: //td[contains(text(),&apos;11000341325&apos;)]//following-sibling::td[5] (tried for 50 second(s) with 500 milliseconds interval)" type="org.openqa.selenium.TimeoutException">org.openqa.selenium.TimeoutException: Expected condition failed: waiting for presence of element located by: By.xpath: //td[contains(text(),'11000341325')]//following-sibling::td[5] (tried for 50 second(s) with 500 milliseconds interval)
	at src.in.valtech.cl.scenarios.TC_Scenario_04.step197_VerifyOrderRMAStatusIN_adyen(TC_Scenario_04.java:1865)
Caused by: org.openqa.selenium.NoSuchElementException: 
no such element: Unable to locate element: {"method":"xpath","selector":"//td[contains(text(),'11000341325')]//following-sibling::td[5]"}
  (Session info: chrome=121.0.6167.185)
For documentation on this error, please visit: https://www.seleniumhq.org/exceptions/no_such_element.html
Build info: version: '3.141.59', revision: 'e82be7d358', time: '2018-11-14T08:17:03'
System info: host: 'IN-PF42S2RF', ip: '192.168.85.57', os.name: 'Windows 10', os.arch: 'amd64', os.version: '10.0', java.version: '11.0.2'
Driver info: org.openqa.selenium.chrome.ChromeDriver
Capabilities {acceptInsecureCerts: false, browserName: chrome, browserVersion: 121.0.6167.185, chrome: {chromedriverVersion: 121.0.6167.85 (3f98d690ad7e..., userDataDir: C:\Users\CHAITR~1.BAB\AppDa...}, fedcm:accounts: true, goog:chromeOptions: {debuggerAddress: localhost:62754}, javascriptEnabled: true, networkConnectionEnabled: false, pageLoadStrategy: normal, platform: WINDOWS, platformName: WINDOWS, proxy: Proxy(), setWindowRect: true, strictFileInteractability: false, timeouts: {implicit: 0, pageLoad: 300000, script: 30000}, unhandledPromptBehavior: dismiss and notify, webauthn:extension:credBlob: true, webauthn:extension:largeBlob: true, webauthn:extension:minPinLength: true, webauthn:extension:prf: true, webauthn:virtualAuthenticators: true}
Session ID: 3cad653692e99c49614d0518f293eecb
*** Element info: {Using=xpath, value=//td[contains(text(),'11000341325')]//following-sibling::td[5]}
	at src.in.valtech.cl.scenarios.TC_Scenario_04.step197_VerifyOrderRMAStatusIN_adyen(TC_Scenario_04.java:1865)
</failure>
    <system-out><![CDATA[***READING MAILBOX...
]]></system-out>
  </testcase>
  <testcase name="step182_VerifyReturnRequestConfirmationMailContents" classname="src.in.valtech.cl.scenarios.TC_Scenario_07" time="2.571"/>
  <testcase name="step183_VerifyReturnReceptionConfirmationMailContents" classname="src.in.valtech.cl.scenarios.TC_Scenario_07" time="5.773"/>
  <testcase name="step184_VerifyCreditMemoConfirmationMailContents" classname="src.in.valtech.cl.scenarios.TC_Scenario_07" time="5.765"/>
  <testcase name="step163_VerifiedOrderStatusInReturnsPage" classname="src.in.valtech.cl.scenarios.TC_Scenario_01" time="12.054"/>
  <testcase name="step164_SwitchToFOTabAndClickOnMyAccountIcon" classname="src.in.valtech.cl.scenarios.TC_Scenario_01" time="2.163"/>
  <testcase name="step165_ClickOnMyOrdersLink" classname="src.in.valtech.cl.scenarios.TC_Scenario_01" time="16.489"/>
  <testcase name="step189_VerifiedOrderStatusInOrdersPage" classname="src.in.valtech.cl.scenarios.TC_Scenario_08" time="36.657"/>
  <testcase name="step190_ClickOnSalesIcon" classname="src.in.valtech.cl.scenarios.TC_Scenario_08" time="10.152"/>
  <testcase name="step191_ReturnstxtFromSalesIconClick" classname="src.in.valtech.cl.scenarios.TC_Scenario_08" time="16.203"/>
  <testcase name="step198_ComparedSeleableStockInWMSAndBOBothAreSameAfterRefundTheOrder" classname="src.in.valtech.cl.scenarios.TC_Scenario_04" time="22.266"/>
  <testcase name="step199_VerifyOrderConfirmationMailContents" classname="src.in.valtech.cl.scenarios.TC_Scenario_04" time="6.918"/>
  <testcase name="step200_VerifyShippingConfirmationMailContents" classname="src.in.valtech.cl.scenarios.TC_Scenario_04" time="5.726"/>
  <testcase name="step192_VerifiedOrderStatusInReturnsPage" classname="src.in.valtech.cl.scenarios.TC_Scenario_08" time="3.317"/>
  <testcase name="step201_VerifyReturnRequestConfirmationMailContents" classname="src.in.valtech.cl.scenarios.TC_Scenario_04" time="2.509"/>
  <testcase name="step202_VerifyReturnReceptionConfirmationMailContents" classname="src.in.valtech.cl.scenarios.TC_Scenario_04" time="5.737"/>
  <testcase name="step203_VerifyCreditMemoConfirmationMailContents" classname="src.in.valtech.cl.scenarios.TC_Scenario_04" time="6.195"/>
  <testcase name="step204_VerifyOrderConfirmationMailContentsForExchangeOrder" classname="src.in.valtech.cl.scenarios.TC_Scenario_04" time="6.587"/>
  <testcase name="step194_NavigatedIntoAdyenAndClickOnPaymentTab" classname="src.in.valtech.cl.scenarios.TC_Scenario_08" time="63.09"/>
  <testcase name="step166_VerifiedOrderStatusInMyOrdersPage" classname="src.in.valtech.cl.scenarios.TC_Scenario_01" time="13.515"/>
  <testcase name="step195_VerifyOrderTotalAmtIN_adyen" classname="src.in.valtech.cl.scenarios.TC_Scenario_08" time="6.536">
    <failure message="no such element: Unable to locate element: {&quot;method&quot;:&quot;xpath&quot;,&quot;selector&quot;:&quot;//td[contains(text(),&apos;11000341327&apos;)]//following-sibling::td[3]&quot;}&#10;  (Session info: chrome=121.0.6167.185)&#10;For documentation on this error, please visit: https://www.seleniumhq.org/exceptions/no_such_element.html&#10;Build info: version: &apos;3.141.59&apos;, revision: &apos;e82be7d358&apos;, time: &apos;2018-11-14T08:17:03&apos;&#10;System info: host: &apos;IN-PF42S2RF&apos;, ip: &apos;192.168.85.57&apos;, os.name: &apos;Windows 10&apos;, os.arch: &apos;amd64&apos;, os.version: &apos;10.0&apos;, java.version: &apos;11.0.2&apos;&#10;Driver info: org.openqa.selenium.chrome.ChromeDriver&#10;Capabilities {acceptInsecureCerts: false, browserName: chrome, browserVersion: 121.0.6167.185, chrome: {chromedriverVersion: 121.0.6167.85 (3f98d690ad7e..., userDataDir: C:\Users\CHAITR~1.BAB\AppDa...}, fedcm:accounts: true, goog:chromeOptions: {debuggerAddress: localhost:62941}, javascriptEnabled: true, networkConnectionEnabled: false, pageLoadStrategy: normal, platform: WINDOWS, platformName: WINDOWS, proxy: Proxy(), setWindowRect: true, strictFileInteractability: false, timeouts: {implicit: 0, pageLoad: 300000, script: 30000}, unhandledPromptBehavior: dismiss and notify, webauthn:extension:credBlob: true, webauthn:extension:largeBlob: true, webauthn:extension:minPinLength: true, webauthn:extension:prf: true, webauthn:virtualAuthenticators: true}&#10;Session ID: 2aa2ccc108631a59febde80d069b4421&#10;*** Element info: {Using=xpath, value=//td[contains(text(),&apos;11000341327&apos;)]//following-sibling::td[3]}" type="org.openqa.selenium.NoSuchElementException">org.openqa.selenium.NoSuchElementException: 
no such element: Unable to locate element: {"method":"xpath","selector":"//td[contains(text(),'11000341327')]//following-sibling::td[3]"}
  (Session info: chrome=121.0.6167.185)
For documentation on this error, please visit: https://www.seleniumhq.org/exceptions/no_such_element.html
Build info: version: '3.141.59', revision: 'e82be7d358', time: '2018-11-14T08:17:03'
System info: host: 'IN-PF42S2RF', ip: '192.168.85.57', os.name: 'Windows 10', os.arch: 'amd64', os.version: '10.0', java.version: '11.0.2'
Driver info: org.openqa.selenium.chrome.ChromeDriver
Capabilities {acceptInsecureCerts: false, browserName: chrome, browserVersion: 121.0.6167.185, chrome: {chromedriverVersion: 121.0.6167.85 (3f98d690ad7e..., userDataDir: C:\Users\CHAITR~1.BAB\AppDa...}, fedcm:accounts: true, goog:chromeOptions: {debuggerAddress: localhost:62941}, javascriptEnabled: true, networkConnectionEnabled: false, pageLoadStrategy: normal, platform: WINDOWS, platformName: WINDOWS, proxy: Proxy(), setWindowRect: true, strictFileInteractability: false, timeouts: {implicit: 0, pageLoad: 300000, script: 30000}, unhandledPromptBehavior: dismiss and notify, webauthn:extension:credBlob: true, webauthn:extension:largeBlob: true, webauthn:extension:minPinLength: true, webauthn:extension:prf: true, webauthn:virtualAuthenticators: true}
Session ID: 2aa2ccc108631a59febde80d069b4421
*** Element info: {Using=xpath, value=//td[contains(text(),'11000341327')]//following-sibling::td[3]}
	at src.in.valtech.cl.scenarios.TC_Scenario_08.step195_VerifyOrderTotalAmtIN_adyen(TC_Scenario_08.java:1799)
</failure>
  </testcase>
  <testcase name="step196_SwitchToFOTabAndClickOnMyAccountIcon" classname="src.in.valtech.cl.scenarios.TC_Scenario_08" time="2.177"/>
  <testcase name="step197_ClickOnMyOrdersLink" classname="src.in.valtech.cl.scenarios.TC_Scenario_08" time="13.966"/>
  <testcase name="step168_NavigatedIntoAdyenAndClickOnPaymentTab" classname="src.in.valtech.cl.scenarios.TC_Scenario_01" time="12.755">
    <failure message="no such element: Unable to locate element: {&quot;method&quot;:&quot;xpath&quot;,&quot;selector&quot;:&quot;//input[@name=&apos;password&apos;]&quot;}&#10;  (Session info: chrome=121.0.6167.185)&#10;For documentation on this error, please visit: https://www.seleniumhq.org/exceptions/no_such_element.html&#10;Build info: version: &apos;3.141.59&apos;, revision: &apos;e82be7d358&apos;, time: &apos;2018-11-14T08:17:03&apos;&#10;System info: host: &apos;IN-PF42S2RF&apos;, ip: &apos;192.168.85.57&apos;, os.name: &apos;Windows 10&apos;, os.arch: &apos;amd64&apos;, os.version: &apos;10.0&apos;, java.version: &apos;11.0.2&apos;&#10;Driver info: org.openqa.selenium.chrome.ChromeDriver&#10;Capabilities {acceptInsecureCerts: false, browserName: chrome, browserVersion: 121.0.6167.185, chrome: {chromedriverVersion: 121.0.6167.85 (3f98d690ad7e..., userDataDir: C:\Users\CHAITR~1.BAB\AppDa...}, fedcm:accounts: true, goog:chromeOptions: {debuggerAddress: localhost:62752}, javascriptEnabled: true, networkConnectionEnabled: false, pageLoadStrategy: normal, platform: WINDOWS, platformName: WINDOWS, proxy: Proxy(), setWindowRect: true, strictFileInteractability: false, timeouts: {implicit: 0, pageLoad: 300000, script: 30000}, unhandledPromptBehavior: dismiss and notify, webauthn:extension:credBlob: true, webauthn:extension:largeBlob: true, webauthn:extension:minPinLength: true, webauthn:extension:prf: true, webauthn:virtualAuthenticators: true}&#10;Session ID: 6ff4f6cd8652b306de1b02bc9eee5892&#10;*** Element info: {Using=xpath, value=//input[@name=&apos;password&apos;]}" type="org.openqa.selenium.NoSuchElementException">org.openqa.selenium.NoSuchElementException: 
no such element: Unable to locate element: {"method":"xpath","selector":"//input[@name='password']"}
  (Session info: chrome=121.0.6167.185)
For documentation on this error, please visit: https://www.seleniumhq.org/exceptions/no_such_element.html
Build info: version: '3.141.59', revision: 'e82be7d358', time: '2018-11-14T08:17:03'
System info: host: 'IN-PF42S2RF', ip: '192.168.85.57', os.name: 'Windows 10', os.arch: 'amd64', os.version: '10.0', java.version: '11.0.2'
Driver info: org.openqa.selenium.chrome.ChromeDriver
Capabilities {acceptInsecureCerts: false, browserName: chrome, browserVersion: 121.0.6167.185, chrome: {chromedriverVersion: 121.0.6167.85 (3f98d690ad7e..., userDataDir: C:\Users\CHAITR~1.BAB\AppDa...}, fedcm:accounts: true, goog:chromeOptions: {debuggerAddress: localhost:62752}, javascriptEnabled: true, networkConnectionEnabled: false, pageLoadStrategy: normal, platform: WINDOWS, platformName: WINDOWS, proxy: Proxy(), setWindowRect: true, strictFileInteractability: false, timeouts: {implicit: 0, pageLoad: 300000, script: 30000}, unhandledPromptBehavior: dismiss and notify, webauthn:extension:credBlob: true, webauthn:extension:largeBlob: true, webauthn:extension:minPinLength: true, webauthn:extension:prf: true, webauthn:virtualAuthenticators: true}
Session ID: 6ff4f6cd8652b306de1b02bc9eee5892
*** Element info: {Using=xpath, value=//input[@name='password']}
	at src.in.valtech.cl.scenarios.TC_Scenario_01.step168_NavigatedIntoAdyenAndClickOnPaymentTab(TC_Scenario_01.java:1606)
</failure>
  </testcase>
  <testcase name="step198_VerifiedOrderStatusInMyOrdersPage" classname="src.in.valtech.cl.scenarios.TC_Scenario_08" time="31.255"/>
  <testcase name="step199_ClickOnSignOutBtn" classname="src.in.valtech.cl.scenarios.TC_Scenario_08" time="9.48"/>
  <testcase name="step169_EnterOrderIDinPaymentTab_adyen" classname="src.in.valtech.cl.scenarios.TC_Scenario_01" time="1.429"/>
  <testcase name="step200_VerifySignOutMsg" classname="src.in.valtech.cl.scenarios.TC_Scenario_08" time="5.756"/>
  <testcase name="step201_VerifyUserIsInHomepage" classname="src.in.valtech.cl.scenarios.TC_Scenario_08" time="0.044"/>
  <testcase name="step170_VerifyOrderTotalAmtIN_adyen" classname="src.in.valtech.cl.scenarios.TC_Scenario_01" time="14.296">
    <failure message="no such element: Unable to locate element: {&quot;method&quot;:&quot;xpath&quot;,&quot;selector&quot;:&quot;//td[contains(text(),&apos;11000341323&apos;)]//following-sibling::td[3]&quot;}&#10;  (Session info: chrome=121.0.6167.185)&#10;For documentation on this error, please visit: https://www.seleniumhq.org/exceptions/no_such_element.html&#10;Build info: version: &apos;3.141.59&apos;, revision: &apos;e82be7d358&apos;, time: &apos;2018-11-14T08:17:03&apos;&#10;System info: host: &apos;IN-PF42S2RF&apos;, ip: &apos;192.168.85.57&apos;, os.name: &apos;Windows 10&apos;, os.arch: &apos;amd64&apos;, os.version: &apos;10.0&apos;, java.version: &apos;11.0.2&apos;&#10;Driver info: org.openqa.selenium.chrome.ChromeDriver&#10;Capabilities {acceptInsecureCerts: false, browserName: chrome, browserVersion: 121.0.6167.185, chrome: {chromedriverVersion: 121.0.6167.85 (3f98d690ad7e..., userDataDir: C:\Users\CHAITR~1.BAB\AppDa...}, fedcm:accounts: true, goog:chromeOptions: {debuggerAddress: localhost:62752}, javascriptEnabled: true, networkConnectionEnabled: false, pageLoadStrategy: normal, platform: WINDOWS, platformName: WINDOWS, proxy: Proxy(), setWindowRect: true, strictFileInteractability: false, timeouts: {implicit: 0, pageLoad: 300000, script: 30000}, unhandledPromptBehavior: dismiss and notify, webauthn:extension:credBlob: true, webauthn:extension:largeBlob: true, webauthn:extension:minPinLength: true, webauthn:extension:prf: true, webauthn:virtualAuthenticators: true}&#10;Session ID: 6ff4f6cd8652b306de1b02bc9eee5892&#10;*** Element info: {Using=xpath, value=//td[contains(text(),&apos;11000341323&apos;)]//following-sibling::td[3]}" type="org.openqa.selenium.NoSuchElementException">org.openqa.selenium.NoSuchElementException: 
no such element: Unable to locate element: {"method":"xpath","selector":"//td[contains(text(),'11000341323')]//following-sibling::td[3]"}
  (Session info: chrome=121.0.6167.185)
For documentation on this error, please visit: https://www.seleniumhq.org/exceptions/no_such_element.html
Build info: version: '3.141.59', revision: 'e82be7d358', time: '2018-11-14T08:17:03'
System info: host: 'IN-PF42S2RF', ip: '192.168.85.57', os.name: 'Windows 10', os.arch: 'amd64', os.version: '10.0', java.version: '11.0.2'
Driver info: org.openqa.selenium.chrome.ChromeDriver
Capabilities {acceptInsecureCerts: false, browserName: chrome, browserVersion: 121.0.6167.185, chrome: {chromedriverVersion: 121.0.6167.85 (3f98d690ad7e..., userDataDir: C:\Users\CHAITR~1.BAB\AppDa...}, fedcm:accounts: true, goog:chromeOptions: {debuggerAddress: localhost:62752}, javascriptEnabled: true, networkConnectionEnabled: false, pageLoadStrategy: normal, platform: WINDOWS, platformName: WINDOWS, proxy: Proxy(), setWindowRect: true, strictFileInteractability: false, timeouts: {implicit: 0, pageLoad: 300000, script: 30000}, unhandledPromptBehavior: dismiss and notify, webauthn:extension:credBlob: true, webauthn:extension:largeBlob: true, webauthn:extension:minPinLength: true, webauthn:extension:prf: true, webauthn:virtualAuthenticators: true}
Session ID: 6ff4f6cd8652b306de1b02bc9eee5892
*** Element info: {Using=xpath, value=//td[contains(text(),'11000341323')]//following-sibling::td[3]}
	at src.in.valtech.cl.scenarios.TC_Scenario_01.step170_VerifyOrderTotalAmtIN_adyen(TC_Scenario_01.java:1642)
</failure>
  </testcase>
  <testcase name="step171_VerifyOrderRMAStatusIN_adyen" classname="src.in.valtech.cl.scenarios.TC_Scenario_01" time="66.255">
    <failure message="Expected condition failed: waiting for presence of element located by: By.xpath: //td[contains(text(),&apos;11000341323&apos;)]//following-sibling::td[5] (tried for 50 second(s) with 500 milliseconds interval)" type="org.openqa.selenium.TimeoutException">org.openqa.selenium.TimeoutException: Expected condition failed: waiting for presence of element located by: By.xpath: //td[contains(text(),'11000341323')]//following-sibling::td[5] (tried for 50 second(s) with 500 milliseconds interval)
	at src.in.valtech.cl.scenarios.TC_Scenario_01.step171_VerifyOrderRMAStatusIN_adyen(TC_Scenario_01.java:1649)
Caused by: org.openqa.selenium.NoSuchElementException: 
no such element: Unable to locate element: {"method":"xpath","selector":"//td[contains(text(),'11000341323')]//following-sibling::td[5]"}
  (Session info: chrome=121.0.6167.185)
For documentation on this error, please visit: https://www.seleniumhq.org/exceptions/no_such_element.html
Build info: version: '3.141.59', revision: 'e82be7d358', time: '2018-11-14T08:17:03'
System info: host: 'IN-PF42S2RF', ip: '192.168.85.57', os.name: 'Windows 10', os.arch: 'amd64', os.version: '10.0', java.version: '11.0.2'
Driver info: org.openqa.selenium.chrome.ChromeDriver
Capabilities {acceptInsecureCerts: false, browserName: chrome, browserVersion: 121.0.6167.185, chrome: {chromedriverVersion: 121.0.6167.85 (3f98d690ad7e..., userDataDir: C:\Users\CHAITR~1.BAB\AppDa...}, fedcm:accounts: true, goog:chromeOptions: {debuggerAddress: localhost:62752}, javascriptEnabled: true, networkConnectionEnabled: false, pageLoadStrategy: normal, platform: WINDOWS, platformName: WINDOWS, proxy: Proxy(), setWindowRect: true, strictFileInteractability: false, timeouts: {implicit: 0, pageLoad: 300000, script: 30000}, unhandledPromptBehavior: dismiss and notify, webauthn:extension:credBlob: true, webauthn:extension:largeBlob: true, webauthn:extension:minPinLength: true, webauthn:extension:prf: true, webauthn:virtualAuthenticators: true}
Session ID: 6ff4f6cd8652b306de1b02bc9eee5892
*** Element info: {Using=xpath, value=//td[contains(text(),'11000341323')]//following-sibling::td[5]}
	at src.in.valtech.cl.scenarios.TC_Scenario_01.step171_VerifyOrderRMAStatusIN_adyen(TC_Scenario_01.java:1649)
</failure>
    <system-out><![CDATA[2024-02-19 19:18:15 INFO  GUIFunctions:132 - Successfully Mouse Over On Mouseover on Datalist menu 
2024-02-19 19:18:25 INFO  GUIFunctions:104 - Successfully clicked on element: Click on Products submenu
2024-02-19 19:18:35 INFO  GUIFunctions:104 - Successfully clicked on element: Click on Details Button
org.openqa.selenium.NoSuchElementException: no such element: Unable to locate element: {"method":"xpath","selector":"//td[contains(text(),'SALEABLE')]/..//td[@class='vuetable-td-quantity']"}
  (Session info: chrome=121.0.6167.185)
For documentation on this error, please visit: https://www.seleniumhq.org/exceptions/no_such_element.html
Build info: version: '3.141.59', revision: 'e82be7d358', time: '2018-11-14T08:17:03'
System info: host: 'IN-PF42S2RF', ip: '192.168.85.57', os.name: 'Windows 10', os.arch: 'amd64', os.version: '10.0', java.version: '11.0.2'
Driver info: org.openqa.selenium.chrome.ChromeDriver
Capabilities {acceptInsecureCerts: false, browserName: chrome, browserVersion: 121.0.6167.185, chrome: {chromedriverVersion: 121.0.6167.85 (3f98d690ad7e..., userDataDir: C:\Users\CHAITR~1.BAB\AppDa...}, fedcm:accounts: true, goog:chromeOptions: {debuggerAddress: localhost:62941}, javascriptEnabled: true, networkConnectionEnabled: false, pageLoadStrategy: normal, platform: WINDOWS, platformName: WINDOWS, proxy: Proxy(), setWindowRect: true, strictFileInteractability: false, timeouts: {implicit: 0, pageLoad: 300000, script: 30000}, unhandledPromptBehavior: dismiss and notify, webauthn:extension:credBlob: true, webauthn:extension:largeBlob: true, webauthn:extension:minPinLength: true, webauthn:extension:prf: true, webauthn:virtualAuthenticators: true}
Session ID: 2aa2ccc108631a59febde80d069b4421
*** Element info: {Using=xpath, value=//td[contains(text(),'SALEABLE')]/..//td[@class='vuetable-td-quantity']}
org.openqa.selenium.NoSuchElementException: no such element: Unable to locate element: {"method":"xpath","selector":"//td[contains(text(),'RESERVED')]/..//td[@class='vuetable-td-quantity']"}
  (Session info: chrome=121.0.6167.185)
For documentation on this error, please visit: https://www.seleniumhq.org/exceptions/no_such_element.html
Build info: version: '3.141.59', revision: 'e82be7d358', time: '2018-11-14T08:17:03'
System info: host: 'IN-PF42S2RF', ip: '192.168.85.57', os.name: 'Windows 10', os.arch: 'amd64', os.version: '10.0', java.version: '11.0.2'
Driver info: org.openqa.selenium.chrome.ChromeDriver
Capabilities {acceptInsecureCerts: false, browserName: chrome, browserVersion: 121.0.6167.185, chrome: {chromedriverVersion: 121.0.6167.85 (3f98d690ad7e..., userDataDir: C:\Users\CHAITR~1.BAB\AppDa...}, fedcm:accounts: true, goog:chromeOptions: {debuggerAddress: localhost:62941}, javascriptEnabled: true, networkConnectionEnabled: false, pageLoadStrategy: normal, platform: WINDOWS, platformName: WINDOWS, proxy: Proxy(), setWindowRect: true, strictFileInteractability: false, timeouts: {implicit: 0, pageLoad: 300000, script: 30000}, unhandledPromptBehavior: dismiss and notify, webauthn:extension:credBlob: true, webauthn:extension:largeBlob: true, webauthn:extension:minPinLength: true, webauthn:extension:prf: true, webauthn:virtualAuthenticators: true}
Session ID: 2aa2ccc108631a59febde80d069b4421
*** Element info: {Using=xpath, value=//td[contains(text(),'RESERVED')]/..//td[@class='vuetable-td-quantity']}
2024-02-19 19:19:09 INFO  GUIFunctions:104 - Successfully clicked on element: Click on Catalog Icon
]]></system-out>
  </testcase>
  <testcase name="step202_ComparedSeleableStockInWMSAndBOBothAreSameAfterRefundTheOrder" classname="src.in.valtech.cl.scenarios.TC_Scenario_08" time="40.546"/>
  <testcase name="step203_VerifyAccountCreationConfirmationMailContents" classname="src.in.valtech.cl.scenarios.TC_Scenario_08" time="6.423"/>
  <testcase name="step204_VerifyOrderConfirmationMailContents" classname="src.in.valtech.cl.scenarios.TC_Scenario_08" time="6.357"/>
  <testcase name="step205_VerifyShippingConfirmationMailContents" classname="src.in.valtech.cl.scenarios.TC_Scenario_08" time="6.546"/>
  <testcase name="step206_VerifyReturnRequestConfirmationMailContents" classname="src.in.valtech.cl.scenarios.TC_Scenario_08" time="6.134"/>
  <testcase name="step207_VerifyReturnReceptionConfirmationMailContents" classname="src.in.valtech.cl.scenarios.TC_Scenario_08" time="5.937"/>
  <testcase name="step208_VerifyCreditMemoConfirmationMailContents" classname="src.in.valtech.cl.scenarios.TC_Scenario_08" time="5.749"/>
  <testcase name="step209_VerifyOrderConfirmationMailContentsForExchangeOrder" classname="src.in.valtech.cl.scenarios.TC_Scenario_08" time="6.828"/>
  <testcase name="step172_ComparedSeleableStockInWMSAndBOBothAreSameAfterRefundTheOrder" classname="src.in.valtech.cl.scenarios.TC_Scenario_01" time="51.702"/>
  <testcase name="step173_VerifiedOrderConfirmationMailAndSubjectLineInCustomerGmailAccount" classname="src.in.valtech.cl.scenarios.TC_Scenario_01" time="6.951"/>
  <testcase name="step174_VerifyShippingConfirmationMailContents" classname="src.in.valtech.cl.scenarios.TC_Scenario_01" time="6.862"/>
  <testcase name="step175_VerifyReturnRequestConfirmationMailContents" classname="src.in.valtech.cl.scenarios.TC_Scenario_01" time="6.132"/>
  <testcase name="step176_VerifyReturnReceptionConfirmationMailContents" classname="src.in.valtech.cl.scenarios.TC_Scenario_01" time="6.556"/>
  <testcase name="step177_VerifyCreditMemoConfirmationMailContents" classname="src.in.valtech.cl.scenarios.TC_Scenario_01" time="6.479"/>
</testsuite>